#! /c/Source/iverilog-install/bin/vvp
:ivl_version "12.0 (devel)" "(s20150603-1110-g18392a46)";
:ivl_delay_selection "TYPICAL";
:vpi_time_precision + 0;
:vpi_module "C:\iverilog\lib\ivl\system.vpi";
:vpi_module "C:\iverilog\lib\ivl\vhdl_sys.vpi";
:vpi_module "C:\iverilog\lib\ivl\vhdl_textio.vpi";
:vpi_module "C:\iverilog\lib\ivl\v2005_math.vpi";
:vpi_module "C:\iverilog\lib\ivl\va_math.vpi";
S_00000233dd183df0 .scope module, "ANdecoder_tb" "ANdecoder_tb" 2 5;
 .timescale 0 0;
v00000233dd1f87a0_0 .var "ANe", 11 0;
v00000233dd1f78a0_0 .net "Nc", 7 0, L_00000233dd2109c0;  1 drivers
S_00000233dd183f80 .scope module, "D0" "ANdecoder" 2 9, 3 7 0, S_00000233dd183df0;
 .timescale 0 0;
    .port_info 0 /INPUT 12 "ANe";
    .port_info 1 /OUTPUT 8 "Nc";
L_00000233dd168140 .functor NOT 1, L_00000233dd1f6f40, C4<0>, C4<0>, C4<0>;
L_00000233dd168290 .functor NOT 1, L_00000233dd1f88e0, C4<0>, C4<0>, C4<0>;
L_00000233dd168300 .functor NOT 1, L_00000233dd1f6d60, C4<0>, C4<0>, C4<0>;
L_00000233dd698c40 .functor NOT 1, L_00000233dd1f6ea0, C4<0>, C4<0>, C4<0>;
L_00000233dd698d20 .functor AND 1, L_00000233dd1f71c0, L_00000233dd1f6fe0, L_00000233dd1f7bc0, L_00000233dd20df40;
L_00000233dd698bd0 .functor AND 1, L_00000233dd20d860, L_00000233dd20cfa0, L_00000233dd20d040, L_00000233dd20e440;
L_00000233dd6988c0 .functor AND 1, L_00000233dd20d540, L_00000233dd20e620, L_00000233dd20d180, L_00000233dd20d9a0;
L_00000233dd698cb0 .functor AND 1, L_00000233dd20dfe0, L_00000233dd20e080, L_00000233dd20e1c0, L_00000233dd20dd60;
L_00000233dd698a80 .functor AND 1, L_00000233dd20e6c0, L_00000233dd20e4e0, L_00000233dd20e260, L_00000233dd20e8a0;
L_00000233dd698fc0 .functor AND 1, L_00000233dd20e120, L_00000233dd20e760, L_00000233dd20e580, L_00000233dd20d900;
L_00000233dd698d90 .functor AND 1, L_00000233dd20d4a0, L_00000233dd20e300, L_00000233dd20e3a0, L_00000233dd20d5e0;
L_00000233dd6982a0 .functor AND 1, L_00000233dd20d0e0, L_00000233dd20e800, L_00000233dd20de00, L_00000233dd20e9e0;
L_00000233dd698e70 .functor AND 1, L_00000233dd20d400, L_00000233dd20dcc0, L_00000233dd20d680, L_00000233dd20dc20;
L_00000233dd698770 .functor AND 1, L_00000233dd20e940, L_00000233dd20d220, L_00000233dd20ea80, L_00000233dd20d2c0;
L_00000233dd698230 .functor AND 1, L_00000233dd20da40, L_00000233dd20eb20, L_00000233dd20ebc0, L_00000233dd20d360;
L_00000233dd6980e0 .functor AND 1, L_00000233dd20d7c0, L_00000233dd20dea0, L_00000233dd20dae0, L_00000233dd20db80;
L_00000233dd698310 .functor NOT 1, L_00000233dd20cd20, C4<0>, C4<0>, C4<0>;
L_00000233dd698540 .functor NOT 1, L_00000233dd20cdc0, C4<0>, C4<0>, C4<0>;
L_00000233dd6987e0 .functor NOT 1, L_00000233dd20ce60, C4<0>, C4<0>, C4<0>;
L_00000233dd698ee0 .functor NOT 1, L_00000233dd20cf00, C4<0>, C4<0>, C4<0>;
L_00000233dd6985b0 .functor NOT 1, L_00000233dd20ff20, C4<0>, C4<0>, C4<0>;
L_00000233dd698850 .functor NOT 1, L_00000233dd210740, C4<0>, C4<0>, C4<0>;
L_00000233dd698f50 .functor NOT 1, L_00000233dd210ec0, C4<0>, C4<0>, C4<0>;
L_00000233dd698150 .functor NOT 1, L_00000233dd2106a0, C4<0>, C4<0>, C4<0>;
L_00000233dd6981c0 .functor NOT 1, L_00000233dd210100, C4<0>, C4<0>, C4<0>;
L_00000233dd698930 .functor NOT 1, L_00000233dd210f60, C4<0>, C4<0>, C4<0>;
L_00000233dd698690 .functor NOT 1, L_00000233dd2113c0, C4<0>, C4<0>, C4<0>;
L_00000233dd698a10 .functor NOT 1, L_00000233dd2107e0, C4<0>, C4<0>, C4<0>;
L_00000233dd698380 .functor AND 1, L_00000233dd211820, L_00000233dd211aa0, C4<1>, C4<1>;
L_00000233dd6983f0 .functor AND 1, L_00000233dd211000, L_00000233dd211280, C4<1>, C4<1>;
L_00000233dd698b60 .functor AND 1, L_00000233dd2111e0, L_00000233dd2101a0, C4<1>, C4<1>;
L_00000233dd6984d0 .functor AND 1, L_00000233dd210880, L_00000233dd2115a0, C4<1>, C4<1>;
L_00000233dd698460 .functor AND 1, L_00000233dd211640, L_00000233dd211320, C4<1>, C4<1>;
L_00000233dd698620 .functor AND 1, L_00000233dd211960, L_00000233dd210060, C4<1>, C4<1>;
L_00000233dd698af0 .functor AND 1, L_00000233dd210380, L_00000233dd210920, C4<1>, C4<1>;
L_00000233dd698700 .functor AND 1, L_00000233dd2104c0, L_00000233dd210240, C4<1>, C4<1>;
L_00000233dd2134d0 .functor AND 1, L_00000233dd211460, L_00000233dd2116e0, C4<1>, C4<1>;
L_00000233dd213bd0 .functor AND 1, L_00000233dd211780, L_00000233dd2118c0, C4<1>, C4<1>;
L_00000233dd2135b0 .functor AND 1, L_00000233dd211a00, L_00000233dd2102e0, C4<1>, C4<1>;
L_00000233dd213930 .functor AND 1, L_00000233dd210560, L_00000233dd2110a0, C4<1>, C4<1>;
v00000233dd191470_0 .net "ANc", 11 0, L_00000233dd210ce0;  1 drivers
v00000233dd1915b0_0 .net "ANe", 11 0, v00000233dd1f87a0_0;  1 drivers
v00000233dd191650_0 .net "Nc", 7 0, L_00000233dd2109c0;  alias, 1 drivers
v00000233dd190110_0 .net *"_ivl_0", 31 0, L_00000233dd1f7940;  1 drivers
v00000233dd1902f0_0 .net *"_ivl_10", 0 0, L_00000233dd168140;  1 drivers
v00000233dd171510_0 .net *"_ivl_100", 0 0, L_00000233dd20d0e0;  1 drivers
v00000233dd1f3d30_0 .net *"_ivl_102", 0 0, L_00000233dd20e800;  1 drivers
v00000233dd1f3510_0 .net *"_ivl_104", 0 0, L_00000233dd20de00;  1 drivers
v00000233dd1f3470_0 .net *"_ivl_106", 0 0, L_00000233dd20e9e0;  1 drivers
v00000233dd1f3330_0 .net *"_ivl_107", 0 0, L_00000233dd698e70;  1 drivers
v00000233dd1f3b50_0 .net *"_ivl_110", 0 0, L_00000233dd20d400;  1 drivers
v00000233dd1f4690_0 .net *"_ivl_112", 0 0, L_00000233dd20dcc0;  1 drivers
v00000233dd1f38d0_0 .net *"_ivl_114", 0 0, L_00000233dd20d680;  1 drivers
v00000233dd1f2a70_0 .net *"_ivl_116", 0 0, L_00000233dd20dc20;  1 drivers
v00000233dd1f2bb0_0 .net *"_ivl_117", 0 0, L_00000233dd698770;  1 drivers
v00000233dd1f3a10_0 .net *"_ivl_120", 0 0, L_00000233dd20e940;  1 drivers
v00000233dd1f3fb0_0 .net *"_ivl_122", 0 0, L_00000233dd20d220;  1 drivers
v00000233dd1f31f0_0 .net *"_ivl_124", 0 0, L_00000233dd20ea80;  1 drivers
v00000233dd1f4730_0 .net *"_ivl_126", 0 0, L_00000233dd20d2c0;  1 drivers
v00000233dd1f2c50_0 .net *"_ivl_127", 0 0, L_00000233dd698230;  1 drivers
v00000233dd1f2d90_0 .net *"_ivl_13", 0 0, L_00000233dd1f6f40;  1 drivers
v00000233dd1f3ab0_0 .net *"_ivl_130", 0 0, L_00000233dd20da40;  1 drivers
v00000233dd1f3970_0 .net *"_ivl_132", 0 0, L_00000233dd20eb20;  1 drivers
v00000233dd1f3f10_0 .net *"_ivl_134", 0 0, L_00000233dd20ebc0;  1 drivers
v00000233dd1f3290_0 .net *"_ivl_136", 0 0, L_00000233dd20d360;  1 drivers
v00000233dd1f3bf0_0 .net *"_ivl_137", 0 0, L_00000233dd6980e0;  1 drivers
v00000233dd1f2890_0 .net *"_ivl_14", 0 0, L_00000233dd168290;  1 drivers
v00000233dd1f3c90_0 .net *"_ivl_141", 0 0, L_00000233dd20d7c0;  1 drivers
v00000233dd1f3dd0_0 .net *"_ivl_143", 0 0, L_00000233dd20dea0;  1 drivers
v00000233dd1f45f0_0 .net *"_ivl_145", 0 0, L_00000233dd20dae0;  1 drivers
v00000233dd1f33d0_0 .net *"_ivl_147", 0 0, L_00000233dd20db80;  1 drivers
v00000233dd1f2cf0_0 .net *"_ivl_148", 0 0, L_00000233dd698310;  1 drivers
v00000233dd1f2930_0 .net *"_ivl_151", 0 0, L_00000233dd20cd20;  1 drivers
v00000233dd1f2ed0_0 .net *"_ivl_152", 0 0, L_00000233dd698540;  1 drivers
v00000233dd1f3150_0 .net *"_ivl_155", 0 0, L_00000233dd20cdc0;  1 drivers
v00000233dd1f35b0_0 .net *"_ivl_156", 0 0, L_00000233dd6987e0;  1 drivers
v00000233dd1f3e70_0 .net *"_ivl_159", 0 0, L_00000233dd20ce60;  1 drivers
v00000233dd1f2e30_0 .net *"_ivl_160", 0 0, L_00000233dd698ee0;  1 drivers
v00000233dd1f2f70_0 .net *"_ivl_163", 0 0, L_00000233dd20cf00;  1 drivers
v00000233dd1f4370_0 .net *"_ivl_164", 0 0, L_00000233dd6985b0;  1 drivers
v00000233dd1f4230_0 .net *"_ivl_167", 0 0, L_00000233dd20ff20;  1 drivers
v00000233dd1f40f0_0 .net *"_ivl_168", 0 0, L_00000233dd698850;  1 drivers
v00000233dd1f3010_0 .net *"_ivl_17", 0 0, L_00000233dd1f88e0;  1 drivers
v00000233dd1f4050_0 .net *"_ivl_171", 0 0, L_00000233dd210740;  1 drivers
v00000233dd1f4190_0 .net *"_ivl_172", 0 0, L_00000233dd698f50;  1 drivers
v00000233dd1f29d0_0 .net *"_ivl_175", 0 0, L_00000233dd210ec0;  1 drivers
v00000233dd1f3650_0 .net *"_ivl_176", 0 0, L_00000233dd698150;  1 drivers
v00000233dd1f4550_0 .net *"_ivl_179", 0 0, L_00000233dd2106a0;  1 drivers
v00000233dd1f36f0_0 .net *"_ivl_18", 0 0, L_00000233dd168300;  1 drivers
v00000233dd1f3790_0 .net *"_ivl_180", 0 0, L_00000233dd6981c0;  1 drivers
v00000233dd1f42d0_0 .net *"_ivl_183", 0 0, L_00000233dd210100;  1 drivers
v00000233dd1f2b10_0 .net *"_ivl_184", 0 0, L_00000233dd698930;  1 drivers
v00000233dd1f3830_0 .net *"_ivl_187", 0 0, L_00000233dd210f60;  1 drivers
v00000233dd1f30b0_0 .net *"_ivl_188", 0 0, L_00000233dd698690;  1 drivers
v00000233dd1f4410_0 .net *"_ivl_191", 0 0, L_00000233dd2113c0;  1 drivers
v00000233dd1f44b0_0 .net *"_ivl_192", 0 0, L_00000233dd698a10;  1 drivers
v00000233dd1f55c0_0 .net *"_ivl_196", 0 0, L_00000233dd2107e0;  1 drivers
v00000233dd1f64c0_0 .net *"_ivl_197", 0 0, L_00000233dd698380;  1 drivers
v00000233dd1f6420_0 .net *"_ivl_200", 0 0, L_00000233dd211820;  1 drivers
v00000233dd1f4bc0_0 .net *"_ivl_202", 0 0, L_00000233dd211aa0;  1 drivers
v00000233dd1f5b60_0 .net *"_ivl_203", 0 0, L_00000233dd6983f0;  1 drivers
v00000233dd1f50c0_0 .net *"_ivl_206", 0 0, L_00000233dd211000;  1 drivers
v00000233dd1f6100_0 .net *"_ivl_208", 0 0, L_00000233dd211280;  1 drivers
v00000233dd1f5d40_0 .net *"_ivl_209", 0 0, L_00000233dd698b60;  1 drivers
v00000233dd1f4da0_0 .net *"_ivl_21", 0 0, L_00000233dd1f6d60;  1 drivers
v00000233dd1f4d00_0 .net *"_ivl_212", 0 0, L_00000233dd2111e0;  1 drivers
v00000233dd1f5c00_0 .net *"_ivl_214", 0 0, L_00000233dd2101a0;  1 drivers
v00000233dd1f5480_0 .net *"_ivl_215", 0 0, L_00000233dd6984d0;  1 drivers
v00000233dd1f5020_0 .net *"_ivl_218", 0 0, L_00000233dd210880;  1 drivers
v00000233dd1f5fc0_0 .net *"_ivl_22", 0 0, L_00000233dd698c40;  1 drivers
v00000233dd1f6240_0 .net *"_ivl_220", 0 0, L_00000233dd2115a0;  1 drivers
v00000233dd1f6560_0 .net *"_ivl_221", 0 0, L_00000233dd698460;  1 drivers
v00000233dd1f58e0_0 .net *"_ivl_224", 0 0, L_00000233dd211640;  1 drivers
v00000233dd1f4e40_0 .net *"_ivl_226", 0 0, L_00000233dd211320;  1 drivers
v00000233dd1f5ca0_0 .net *"_ivl_227", 0 0, L_00000233dd698620;  1 drivers
v00000233dd1f5ac0_0 .net *"_ivl_230", 0 0, L_00000233dd211960;  1 drivers
v00000233dd1f5de0_0 .net *"_ivl_232", 0 0, L_00000233dd210060;  1 drivers
v00000233dd1f5700_0 .net *"_ivl_233", 0 0, L_00000233dd698af0;  1 drivers
v00000233dd1f5660_0 .net *"_ivl_236", 0 0, L_00000233dd210380;  1 drivers
v00000233dd1f4ee0_0 .net *"_ivl_238", 0 0, L_00000233dd210920;  1 drivers
v00000233dd1f4b20_0 .net *"_ivl_239", 0 0, L_00000233dd698700;  1 drivers
v00000233dd1f53e0_0 .net *"_ivl_242", 0 0, L_00000233dd2104c0;  1 drivers
v00000233dd1f4c60_0 .net *"_ivl_244", 0 0, L_00000233dd210240;  1 drivers
v00000233dd1f57a0_0 .net *"_ivl_245", 0 0, L_00000233dd2134d0;  1 drivers
v00000233dd1f5840_0 .net *"_ivl_248", 0 0, L_00000233dd211460;  1 drivers
v00000233dd1f5160_0 .net *"_ivl_250", 0 0, L_00000233dd2116e0;  1 drivers
v00000233dd1f5980_0 .net *"_ivl_251", 0 0, L_00000233dd213bd0;  1 drivers
v00000233dd1f5520_0 .net *"_ivl_254", 0 0, L_00000233dd211780;  1 drivers
v00000233dd1f4f80_0 .net *"_ivl_256", 0 0, L_00000233dd2118c0;  1 drivers
v00000233dd1f52a0_0 .net *"_ivl_257", 0 0, L_00000233dd2135b0;  1 drivers
v00000233dd1f5200_0 .net *"_ivl_26", 0 0, L_00000233dd1f6ea0;  1 drivers
v00000233dd1f5340_0 .net *"_ivl_260", 0 0, L_00000233dd211a00;  1 drivers
v00000233dd1f5e80_0 .net *"_ivl_262", 0 0, L_00000233dd2102e0;  1 drivers
v00000233dd1f66a0_0 .net *"_ivl_263", 0 0, L_00000233dd213930;  1 drivers
v00000233dd1f5a20_0 .net *"_ivl_267", 0 0, L_00000233dd210560;  1 drivers
v00000233dd1f4a80_0 .net *"_ivl_269", 0 0, L_00000233dd2110a0;  1 drivers
v00000233dd1f5f20_0 .net *"_ivl_27", 0 0, L_00000233dd698d20;  1 drivers
v00000233dd1f6060_0 .net *"_ivl_270", 31 0, L_00000233dd211b40;  1 drivers
L_00000233dd650118 .functor BUFT 1, C4<00000000000000000000>, C4<0>, C4<0>, C4<0>;
v00000233dd1f61a0_0 .net *"_ivl_273", 19 0, L_00000233dd650118;  1 drivers
L_00000233dd650160 .functor BUFT 1, C4<00000000000000000000000000001101>, C4<0>, C4<0>, C4<0>;
v00000233dd1f62e0_0 .net/2u *"_ivl_274", 31 0, L_00000233dd650160;  1 drivers
v00000233dd1f6740_0 .net *"_ivl_276", 31 0, L_00000233dd210420;  1 drivers
L_00000233dd650088 .functor BUFT 1, C4<00000000000000000000>, C4<0>, C4<0>, C4<0>;
v00000233dd1f6380_0 .net *"_ivl_3", 19 0, L_00000233dd650088;  1 drivers
v00000233dd1f6600_0 .net *"_ivl_30", 0 0, L_00000233dd1f71c0;  1 drivers
v00000233dd1f48a0_0 .net *"_ivl_32", 0 0, L_00000233dd1f6fe0;  1 drivers
v00000233dd1f4940_0 .net *"_ivl_34", 0 0, L_00000233dd1f7bc0;  1 drivers
v00000233dd1f49e0_0 .net *"_ivl_36", 0 0, L_00000233dd20df40;  1 drivers
v00000233dd1f8a20_0 .net *"_ivl_37", 0 0, L_00000233dd698bd0;  1 drivers
L_00000233dd6500d0 .functor BUFT 1, C4<00000000000000000000000000001101>, C4<0>, C4<0>, C4<0>;
v00000233dd1f7c60_0 .net/2u *"_ivl_4", 31 0, L_00000233dd6500d0;  1 drivers
v00000233dd1f8ac0_0 .net *"_ivl_40", 0 0, L_00000233dd20d860;  1 drivers
v00000233dd1f7e40_0 .net *"_ivl_42", 0 0, L_00000233dd20cfa0;  1 drivers
v00000233dd1f7440_0 .net *"_ivl_44", 0 0, L_00000233dd20d040;  1 drivers
v00000233dd1f8160_0 .net *"_ivl_46", 0 0, L_00000233dd20e440;  1 drivers
v00000233dd1f7d00_0 .net *"_ivl_47", 0 0, L_00000233dd6988c0;  1 drivers
v00000233dd1f74e0_0 .net *"_ivl_50", 0 0, L_00000233dd20d540;  1 drivers
v00000233dd1f7760_0 .net *"_ivl_52", 0 0, L_00000233dd20e620;  1 drivers
v00000233dd1f8020_0 .net *"_ivl_54", 0 0, L_00000233dd20d180;  1 drivers
v00000233dd1f7ee0_0 .net *"_ivl_56", 0 0, L_00000233dd20d9a0;  1 drivers
v00000233dd1f7da0_0 .net *"_ivl_57", 0 0, L_00000233dd698cb0;  1 drivers
v00000233dd1f8340_0 .net *"_ivl_6", 31 0, L_00000233dd1f8840;  1 drivers
v00000233dd1f7620_0 .net *"_ivl_60", 0 0, L_00000233dd20dfe0;  1 drivers
v00000233dd1f6e00_0 .net *"_ivl_62", 0 0, L_00000233dd20e080;  1 drivers
v00000233dd1f8660_0 .net *"_ivl_64", 0 0, L_00000233dd20e1c0;  1 drivers
v00000233dd1f7f80_0 .net *"_ivl_66", 0 0, L_00000233dd20dd60;  1 drivers
v00000233dd1f80c0_0 .net *"_ivl_67", 0 0, L_00000233dd698a80;  1 drivers
v00000233dd1f8980_0 .net *"_ivl_70", 0 0, L_00000233dd20e6c0;  1 drivers
v00000233dd1f76c0_0 .net *"_ivl_72", 0 0, L_00000233dd20e4e0;  1 drivers
v00000233dd1f7080_0 .net *"_ivl_74", 0 0, L_00000233dd20e260;  1 drivers
v00000233dd1f8200_0 .net *"_ivl_76", 0 0, L_00000233dd20e8a0;  1 drivers
v00000233dd1f8b60_0 .net *"_ivl_77", 0 0, L_00000233dd698fc0;  1 drivers
v00000233dd1f7260_0 .net *"_ivl_80", 0 0, L_00000233dd20e120;  1 drivers
v00000233dd1f8520_0 .net *"_ivl_82", 0 0, L_00000233dd20e760;  1 drivers
v00000233dd1f82a0_0 .net *"_ivl_84", 0 0, L_00000233dd20e580;  1 drivers
v00000233dd1f7b20_0 .net *"_ivl_86", 0 0, L_00000233dd20d900;  1 drivers
v00000233dd1f6cc0_0 .net *"_ivl_87", 0 0, L_00000233dd698d90;  1 drivers
v00000233dd1f83e0_0 .net *"_ivl_90", 0 0, L_00000233dd20d4a0;  1 drivers
v00000233dd1f8480_0 .net *"_ivl_92", 0 0, L_00000233dd20e300;  1 drivers
v00000233dd1f7300_0 .net *"_ivl_94", 0 0, L_00000233dd20e3a0;  1 drivers
v00000233dd1f7800_0 .net *"_ivl_96", 0 0, L_00000233dd20d5e0;  1 drivers
v00000233dd1f73a0_0 .net *"_ivl_97", 0 0, L_00000233dd6982a0;  1 drivers
v00000233dd1f79e0_0 .net "error_bit", 11 0, L_00000233dd20d720;  1 drivers
v00000233dd1f8700_0 .net "mod_tri", 3 0, L_00000233dd1f7120;  1 drivers
v00000233dd1f85c0_0 .net "not_error_bit", 11 0, L_00000233dd211500;  1 drivers
v00000233dd1f7580_0 .net "not_mod_tri", 3 0, L_00000233dd1f7a80;  1 drivers
L_00000233dd1f7940 .concat [ 12 20 0 0], v00000233dd1f87a0_0, L_00000233dd650088;
L_00000233dd1f8840 .arith/mod 32, L_00000233dd1f7940, L_00000233dd6500d0;
L_00000233dd1f7120 .part L_00000233dd1f8840, 0, 4;
L_00000233dd1f6f40 .part L_00000233dd1f7120, 0, 1;
L_00000233dd1f88e0 .part L_00000233dd1f7120, 1, 1;
L_00000233dd1f6d60 .part L_00000233dd1f7120, 2, 1;
L_00000233dd1f7a80 .concat8 [ 1 1 1 1], L_00000233dd168140, L_00000233dd168290, L_00000233dd168300, L_00000233dd698c40;
L_00000233dd1f6ea0 .part L_00000233dd1f7120, 3, 1;
L_00000233dd1f71c0 .part L_00000233dd1f7120, 0, 1;
L_00000233dd1f6fe0 .part L_00000233dd1f7a80, 1, 1;
L_00000233dd1f7bc0 .part L_00000233dd1f7a80, 2, 1;
L_00000233dd20df40 .part L_00000233dd1f7a80, 3, 1;
L_00000233dd20d860 .part L_00000233dd1f7a80, 0, 1;
L_00000233dd20cfa0 .part L_00000233dd1f7120, 1, 1;
L_00000233dd20d040 .part L_00000233dd1f7a80, 2, 1;
L_00000233dd20e440 .part L_00000233dd1f7a80, 3, 1;
L_00000233dd20d540 .part L_00000233dd1f7120, 0, 1;
L_00000233dd20e620 .part L_00000233dd1f7120, 1, 1;
L_00000233dd20d180 .part L_00000233dd1f7a80, 2, 1;
L_00000233dd20d9a0 .part L_00000233dd1f7a80, 3, 1;
L_00000233dd20dfe0 .part L_00000233dd1f7a80, 0, 1;
L_00000233dd20e080 .part L_00000233dd1f7a80, 1, 1;
L_00000233dd20e1c0 .part L_00000233dd1f7120, 2, 1;
L_00000233dd20dd60 .part L_00000233dd1f7a80, 3, 1;
L_00000233dd20e6c0 .part L_00000233dd1f7120, 0, 1;
L_00000233dd20e4e0 .part L_00000233dd1f7a80, 1, 1;
L_00000233dd20e260 .part L_00000233dd1f7120, 2, 1;
L_00000233dd20e8a0 .part L_00000233dd1f7a80, 3, 1;
L_00000233dd20e120 .part L_00000233dd1f7a80, 0, 1;
L_00000233dd20e760 .part L_00000233dd1f7120, 1, 1;
L_00000233dd20e580 .part L_00000233dd1f7120, 2, 1;
L_00000233dd20d900 .part L_00000233dd1f7a80, 3, 1;
L_00000233dd20d4a0 .part L_00000233dd1f7120, 0, 1;
L_00000233dd20e300 .part L_00000233dd1f7120, 1, 1;
L_00000233dd20e3a0 .part L_00000233dd1f7120, 2, 1;
L_00000233dd20d5e0 .part L_00000233dd1f7a80, 3, 1;
L_00000233dd20d0e0 .part L_00000233dd1f7a80, 0, 1;
L_00000233dd20e800 .part L_00000233dd1f7a80, 1, 1;
L_00000233dd20de00 .part L_00000233dd1f7a80, 2, 1;
L_00000233dd20e9e0 .part L_00000233dd1f7120, 3, 1;
L_00000233dd20d400 .part L_00000233dd1f7120, 0, 1;
L_00000233dd20dcc0 .part L_00000233dd1f7a80, 1, 1;
L_00000233dd20d680 .part L_00000233dd1f7a80, 2, 1;
L_00000233dd20dc20 .part L_00000233dd1f7120, 3, 1;
L_00000233dd20e940 .part L_00000233dd1f7a80, 0, 1;
L_00000233dd20d220 .part L_00000233dd1f7120, 1, 1;
L_00000233dd20ea80 .part L_00000233dd1f7a80, 2, 1;
L_00000233dd20d2c0 .part L_00000233dd1f7120, 3, 1;
L_00000233dd20da40 .part L_00000233dd1f7120, 0, 1;
L_00000233dd20eb20 .part L_00000233dd1f7120, 1, 1;
L_00000233dd20ebc0 .part L_00000233dd1f7a80, 2, 1;
L_00000233dd20d360 .part L_00000233dd1f7120, 3, 1;
LS_00000233dd20d720_0_0 .concat8 [ 1 1 1 1], L_00000233dd698d20, L_00000233dd698bd0, L_00000233dd698cb0, L_00000233dd6982a0;
LS_00000233dd20d720_0_4 .concat8 [ 1 1 1 1], L_00000233dd6988c0, L_00000233dd698fc0, L_00000233dd6980e0, L_00000233dd698230;
LS_00000233dd20d720_0_8 .concat8 [ 1 1 1 1], L_00000233dd698e70, L_00000233dd698a80, L_00000233dd698770, L_00000233dd698d90;
L_00000233dd20d720 .concat8 [ 4 4 4 0], LS_00000233dd20d720_0_0, LS_00000233dd20d720_0_4, LS_00000233dd20d720_0_8;
L_00000233dd20d7c0 .part L_00000233dd1f7a80, 0, 1;
L_00000233dd20dea0 .part L_00000233dd1f7a80, 1, 1;
L_00000233dd20dae0 .part L_00000233dd1f7120, 2, 1;
L_00000233dd20db80 .part L_00000233dd1f7120, 3, 1;
L_00000233dd20cd20 .part L_00000233dd20d720, 0, 1;
L_00000233dd20cdc0 .part L_00000233dd20d720, 1, 1;
L_00000233dd20ce60 .part L_00000233dd20d720, 2, 1;
L_00000233dd20cf00 .part L_00000233dd20d720, 3, 1;
L_00000233dd20ff20 .part L_00000233dd20d720, 4, 1;
L_00000233dd210740 .part L_00000233dd20d720, 5, 1;
L_00000233dd210ec0 .part L_00000233dd20d720, 6, 1;
L_00000233dd2106a0 .part L_00000233dd20d720, 7, 1;
L_00000233dd210100 .part L_00000233dd20d720, 8, 1;
L_00000233dd210f60 .part L_00000233dd20d720, 9, 1;
L_00000233dd2113c0 .part L_00000233dd20d720, 10, 1;
LS_00000233dd211500_0_0 .concat8 [ 1 1 1 1], L_00000233dd698310, L_00000233dd698540, L_00000233dd6987e0, L_00000233dd698ee0;
LS_00000233dd211500_0_4 .concat8 [ 1 1 1 1], L_00000233dd6985b0, L_00000233dd698850, L_00000233dd698f50, L_00000233dd698150;
LS_00000233dd211500_0_8 .concat8 [ 1 1 1 1], L_00000233dd6981c0, L_00000233dd698930, L_00000233dd698690, L_00000233dd698a10;
L_00000233dd211500 .concat8 [ 4 4 4 0], LS_00000233dd211500_0_0, LS_00000233dd211500_0_4, LS_00000233dd211500_0_8;
L_00000233dd2107e0 .part L_00000233dd20d720, 11, 1;
L_00000233dd211820 .part L_00000233dd211500, 0, 1;
L_00000233dd211aa0 .part v00000233dd1f87a0_0, 0, 1;
L_00000233dd211000 .part L_00000233dd211500, 1, 1;
L_00000233dd211280 .part v00000233dd1f87a0_0, 1, 1;
L_00000233dd2111e0 .part L_00000233dd211500, 2, 1;
L_00000233dd2101a0 .part v00000233dd1f87a0_0, 2, 1;
L_00000233dd210880 .part L_00000233dd211500, 3, 1;
L_00000233dd2115a0 .part v00000233dd1f87a0_0, 3, 1;
L_00000233dd211640 .part L_00000233dd211500, 4, 1;
L_00000233dd211320 .part v00000233dd1f87a0_0, 4, 1;
L_00000233dd211960 .part L_00000233dd211500, 5, 1;
L_00000233dd210060 .part v00000233dd1f87a0_0, 5, 1;
L_00000233dd210380 .part L_00000233dd211500, 6, 1;
L_00000233dd210920 .part v00000233dd1f87a0_0, 6, 1;
L_00000233dd2104c0 .part L_00000233dd211500, 7, 1;
L_00000233dd210240 .part v00000233dd1f87a0_0, 7, 1;
L_00000233dd211460 .part L_00000233dd211500, 8, 1;
L_00000233dd2116e0 .part v00000233dd1f87a0_0, 8, 1;
L_00000233dd211780 .part L_00000233dd211500, 9, 1;
L_00000233dd2118c0 .part v00000233dd1f87a0_0, 9, 1;
L_00000233dd211a00 .part L_00000233dd211500, 10, 1;
L_00000233dd2102e0 .part v00000233dd1f87a0_0, 10, 1;
LS_00000233dd210ce0_0_0 .concat8 [ 1 1 1 1], L_00000233dd698380, L_00000233dd6983f0, L_00000233dd698b60, L_00000233dd6984d0;
LS_00000233dd210ce0_0_4 .concat8 [ 1 1 1 1], L_00000233dd698460, L_00000233dd698620, L_00000233dd698af0, L_00000233dd698700;
LS_00000233dd210ce0_0_8 .concat8 [ 1 1 1 1], L_00000233dd2134d0, L_00000233dd213bd0, L_00000233dd2135b0, L_00000233dd213930;
L_00000233dd210ce0 .concat8 [ 4 4 4 0], LS_00000233dd210ce0_0_0, LS_00000233dd210ce0_0_4, LS_00000233dd210ce0_0_8;
L_00000233dd210560 .part L_00000233dd211500, 11, 1;
L_00000233dd2110a0 .part v00000233dd1f87a0_0, 11, 1;
L_00000233dd211b40 .concat [ 12 20 0 0], L_00000233dd210ce0, L_00000233dd650118;
L_00000233dd210420 .arith/div 32, L_00000233dd211b40, L_00000233dd650160;
L_00000233dd2109c0 .part L_00000233dd210420, 0, 8;
    .scope S_00000233dd183df0;
T_0 ;
    %vpi_call 2 11 "$dumpfile", "./files/Uni_LH_20221007_0943/A13N11.vcd" {0 0 0};
    %vpi_call 2 12 "$dumpvars", 32'sb00000000000000000000000000000000, S_00000233dd183df0 {0 0 0};
    %pushi/vec4 0, 0, 12;
    %store/vec4 v00000233dd1f87a0_0, 0, 12;
    %pushi/vec4 159, 0, 12;
    %store/vec4 v00000233dd1f87a0_0, 0, 12;
    %delay 10, 0;
    %pushi/vec4 175, 0, 12;
    %store/vec4 v00000233dd1f87a0_0, 0, 12;
    %delay 10, 0;
    %pushi/vec4 207, 0, 12;
    %store/vec4 v00000233dd1f87a0_0, 0, 12;
    %delay 10, 0;
    %pushi/vec4 399, 0, 12;
    %store/vec4 v00000233dd1f87a0_0, 0, 12;
    %delay 10, 0;
    %pushi/vec4 655, 0, 12;
    %store/vec4 v00000233dd1f87a0_0, 0, 12;
    %delay 10, 0;
    %pushi/vec4 1167, 0, 12;
    %store/vec4 v00000233dd1f87a0_0, 0, 12;
    %delay 10, 0;
    %pushi/vec4 2191, 0, 12;
    %store/vec4 v00000233dd1f87a0_0, 0, 12;
    %delay 10, 0;
    %vpi_call 2 23 "$finish" {0 0 0};
    %end;
    .thread T_0;
# The file index is used to find the file name in the following table.
:file_names 4;
    "N/A";
    "<interactive>";
    "./files/Uni_LH_20221007_0943/ANdecoder_Uni_LH_13_tb_for_N_11.v";
    "./files/Uni_LH_20221007_0943/ANdecoder_Uni_LH_13_for_N_11.v";
