#! /c/Source/iverilog-install/bin/vvp
:ivl_version "12.0 (devel)" "(s20150603-1110-g18392a46)";
:ivl_delay_selection "TYPICAL";
:vpi_time_precision + 0;
:vpi_module "C:\iverilog\lib\ivl\system.vpi";
:vpi_module "C:\iverilog\lib\ivl\vhdl_sys.vpi";
:vpi_module "C:\iverilog\lib\ivl\vhdl_textio.vpi";
:vpi_module "C:\iverilog\lib\ivl\v2005_math.vpi";
:vpi_module "C:\iverilog\lib\ivl\va_math.vpi";
S_0000014d73440180 .scope module, "ANdecoder_tb" "ANdecoder_tb" 2 5;
 .timescale 0 0;
v0000014d738246a0_0 .var "ANe", 27 0;
v0000014d73824740_0 .net "Nc", 22 0, L_0000014d7388aca0;  1 drivers
S_0000014d73440310 .scope module, "D0" "ANdecoder" 2 9, 3 7 0, S_0000014d73440180;
 .timescale 0 0;
    .port_info 0 /INPUT 28 "ANe";
    .port_info 1 /OUTPUT 23 "Nc";
L_0000014d73472fa0 .functor NOT 1, L_0000014d73824ba0, C4<0>, C4<0>, C4<0>;
L_0000014d73473630 .functor NOT 1, L_0000014d73825f00, C4<0>, C4<0>, C4<0>;
L_0000014d73473b00 .functor NOT 1, L_0000014d73824ce0, C4<0>, C4<0>, C4<0>;
L_0000014d73473b70 .functor NOT 1, L_0000014d73826040, C4<0>, C4<0>, C4<0>;
L_0000014d73472f30 .functor NOT 1, L_0000014d73826220, C4<0>, C4<0>, C4<0>;
L_0000014d73473be0/0/0 .functor AND 1, L_0000014d738262c0, L_0000014d73826360, L_0000014d738264a0, L_0000014d73826540;
L_0000014d73473be0/0/4 .functor AND 1, L_0000014d738265e0, C4<1>, C4<1>, C4<1>;
L_0000014d73473be0 .functor AND 1, L_0000014d73473be0/0/0, L_0000014d73473be0/0/4, C4<1>, C4<1>;
L_0000014d734736a0/0/0 .functor AND 1, L_0000014d73881140, L_0000014d73882220, L_0000014d73882d60, L_0000014d738829a0;
L_0000014d734736a0/0/4 .functor AND 1, L_0000014d738831c0, C4<1>, C4<1>, C4<1>;
L_0000014d734736a0 .functor AND 1, L_0000014d734736a0/0/0, L_0000014d734736a0/0/4, C4<1>, C4<1>;
L_0000014d73473710/0/0 .functor AND 1, L_0000014d73881f00, L_0000014d73882a40, L_0000014d73881d20, L_0000014d73881460;
L_0000014d73473710/0/4 .functor AND 1, L_0000014d738822c0, C4<1>, C4<1>, C4<1>;
L_0000014d73473710 .functor AND 1, L_0000014d73473710/0/0, L_0000014d73473710/0/4, C4<1>, C4<1>;
L_0000014d734738d0/0/0 .functor AND 1, L_0000014d73881aa0, L_0000014d73881b40, L_0000014d73881be0, L_0000014d73881280;
L_0000014d734738d0/0/4 .functor AND 1, L_0000014d73881500, C4<1>, C4<1>, C4<1>;
L_0000014d734738d0 .functor AND 1, L_0000014d734738d0/0/0, L_0000014d734738d0/0/4, C4<1>, C4<1>;
L_0000014d73472e50/0/0 .functor AND 1, L_0000014d73881c80, L_0000014d73883580, L_0000014d73881dc0, L_0000014d73883760;
L_0000014d73472e50/0/4 .functor AND 1, L_0000014d73881640, C4<1>, C4<1>, C4<1>;
L_0000014d73472e50 .functor AND 1, L_0000014d73472e50/0/0, L_0000014d73472e50/0/4, C4<1>, C4<1>;
L_0000014d734739b0/0/0 .functor AND 1, L_0000014d73881a00, L_0000014d738820e0, L_0000014d738816e0, L_0000014d738833a0;
L_0000014d734739b0/0/4 .functor AND 1, L_0000014d738825e0, C4<1>, C4<1>, C4<1>;
L_0000014d734739b0 .functor AND 1, L_0000014d734739b0/0/0, L_0000014d734739b0/0/4, C4<1>, C4<1>;
L_0000014d73473a20/0/0 .functor AND 1, L_0000014d73882cc0, L_0000014d73882e00, L_0000014d73882180, L_0000014d73881320;
L_0000014d73473a20/0/4 .functor AND 1, L_0000014d73882400, C4<1>, C4<1>, C4<1>;
L_0000014d73473a20 .functor AND 1, L_0000014d73473a20/0/0, L_0000014d73473a20/0/4, C4<1>, C4<1>;
L_0000014d73473c50/0/0 .functor AND 1, L_0000014d73882720, L_0000014d738834e0, L_0000014d73881780, L_0000014d73882ae0;
L_0000014d73473c50/0/4 .functor AND 1, L_0000014d738815a0, C4<1>, C4<1>, C4<1>;
L_0000014d73473c50 .functor AND 1, L_0000014d73473c50/0/0, L_0000014d73473c50/0/4, C4<1>, C4<1>;
L_0000014d734731d0/0/0 .functor AND 1, L_0000014d738811e0, L_0000014d73881e60, L_0000014d73881fa0, L_0000014d73882360;
L_0000014d734731d0/0/4 .functor AND 1, L_0000014d738824a0, C4<1>, C4<1>, C4<1>;
L_0000014d734731d0 .functor AND 1, L_0000014d734731d0/0/0, L_0000014d734731d0/0/4, C4<1>, C4<1>;
L_0000014d73472de0/0/0 .functor AND 1, L_0000014d738813c0, L_0000014d73882540, L_0000014d73882680, L_0000014d73882f40;
L_0000014d73472de0/0/4 .functor AND 1, L_0000014d73882b80, C4<1>, C4<1>, C4<1>;
L_0000014d73472de0 .functor AND 1, L_0000014d73472de0/0/0, L_0000014d73472de0/0/4, C4<1>, C4<1>;
L_0000014d73472ec0/0/0 .functor AND 1, L_0000014d73882ea0, L_0000014d73883120, L_0000014d73882040, L_0000014d73881820;
L_0000014d73472ec0/0/4 .functor AND 1, L_0000014d738827c0, C4<1>, C4<1>, C4<1>;
L_0000014d73472ec0 .functor AND 1, L_0000014d73472ec0/0/0, L_0000014d73472ec0/0/4, C4<1>, C4<1>;
L_0000014d734730f0/0/0 .functor AND 1, L_0000014d73882c20, L_0000014d73882860, L_0000014d73882fe0, L_0000014d73883440;
L_0000014d734730f0/0/4 .functor AND 1, L_0000014d73882900, C4<1>, C4<1>, C4<1>;
L_0000014d734730f0 .functor AND 1, L_0000014d734730f0/0/0, L_0000014d734730f0/0/4, C4<1>, C4<1>;
L_0000014d73473160/0/0 .functor AND 1, L_0000014d73883080, L_0000014d73881960, L_0000014d73883260, L_0000014d73883300;
L_0000014d73473160/0/4 .functor AND 1, L_0000014d73883620, C4<1>, C4<1>, C4<1>;
L_0000014d73473160 .functor AND 1, L_0000014d73473160/0/0, L_0000014d73473160/0/4, C4<1>, C4<1>;
L_0000014d738869a0/0/0 .functor AND 1, L_0000014d738818c0, L_0000014d73883800, L_0000014d738838a0, L_0000014d738839e0;
L_0000014d738869a0/0/4 .functor AND 1, L_0000014d73884200, C4<1>, C4<1>, C4<1>;
L_0000014d738869a0 .functor AND 1, L_0000014d738869a0/0/0, L_0000014d738869a0/0/4, C4<1>, C4<1>;
L_0000014d73886e00/0/0 .functor AND 1, L_0000014d738836c0, L_0000014d73884700, L_0000014d73883da0, L_0000014d73884fc0;
L_0000014d73886e00/0/4 .functor AND 1, L_0000014d73883b20, C4<1>, C4<1>, C4<1>;
L_0000014d73886e00 .functor AND 1, L_0000014d73886e00/0/0, L_0000014d73886e00/0/4, C4<1>, C4<1>;
L_0000014d73886380/0/0 .functor AND 1, L_0000014d73884b60, L_0000014d738842a0, L_0000014d73883bc0, L_0000014d738847a0;
L_0000014d73886380/0/4 .functor AND 1, L_0000014d73884340, C4<1>, C4<1>, C4<1>;
L_0000014d73886380 .functor AND 1, L_0000014d73886380/0/0, L_0000014d73886380/0/4, C4<1>, C4<1>;
L_0000014d73886b60/0/0 .functor AND 1, L_0000014d73883940, L_0000014d73883c60, L_0000014d73883e40, L_0000014d73884660;
L_0000014d73886b60/0/4 .functor AND 1, L_0000014d73884840, C4<1>, C4<1>, C4<1>;
L_0000014d73886b60 .functor AND 1, L_0000014d73886b60/0/0, L_0000014d73886b60/0/4, C4<1>, C4<1>;
L_0000014d73886700/0/0 .functor AND 1, L_0000014d738848e0, L_0000014d73883ee0, L_0000014d73884d40, L_0000014d738843e0;
L_0000014d73886700/0/4 .functor AND 1, L_0000014d73883a80, C4<1>, C4<1>, C4<1>;
L_0000014d73886700 .functor AND 1, L_0000014d73886700/0/0, L_0000014d73886700/0/4, C4<1>, C4<1>;
L_0000014d738864d0/0/0 .functor AND 1, L_0000014d73884480, L_0000014d73884520, L_0000014d738845c0, L_0000014d73884980;
L_0000014d738864d0/0/4 .functor AND 1, L_0000014d73884a20, C4<1>, C4<1>, C4<1>;
L_0000014d738864d0 .functor AND 1, L_0000014d738864d0/0/0, L_0000014d738864d0/0/4, C4<1>, C4<1>;
L_0000014d738861c0/0/0 .functor AND 1, L_0000014d73884ac0, L_0000014d73884c00, L_0000014d73884e80, L_0000014d73884ca0;
L_0000014d738861c0/0/4 .functor AND 1, L_0000014d73884de0, C4<1>, C4<1>, C4<1>;
L_0000014d738861c0 .functor AND 1, L_0000014d738861c0/0/0, L_0000014d738861c0/0/4, C4<1>, C4<1>;
L_0000014d73886770/0/0 .functor AND 1, L_0000014d73883f80, L_0000014d73884f20, L_0000014d73883d00, L_0000014d73884020;
L_0000014d73886770/0/4 .functor AND 1, L_0000014d738840c0, C4<1>, C4<1>, C4<1>;
L_0000014d73886770 .functor AND 1, L_0000014d73886770/0/0, L_0000014d73886770/0/4, C4<1>, C4<1>;
L_0000014d738867e0/0/0 .functor AND 1, L_0000014d73884160, L_0000014d73888360, L_0000014d738893a0, L_0000014d73888400;
L_0000014d738867e0/0/4 .functor AND 1, L_0000014d73889260, C4<1>, C4<1>, C4<1>;
L_0000014d738867e0 .functor AND 1, L_0000014d738867e0/0/0, L_0000014d738867e0/0/4, C4<1>, C4<1>;
L_0000014d73886150/0/0 .functor AND 1, L_0000014d738885e0, L_0000014d7388a480, L_0000014d7388a160, L_0000014d73889760;
L_0000014d73886150/0/4 .functor AND 1, L_0000014d7388a520, C4<1>, C4<1>, C4<1>;
L_0000014d73886150 .functor AND 1, L_0000014d73886150/0/0, L_0000014d73886150/0/4, C4<1>, C4<1>;
L_0000014d73886460/0/0 .functor AND 1, L_0000014d73888ea0, L_0000014d738899e0, L_0000014d73888680, L_0000014d73888f40;
L_0000014d73886460/0/4 .functor AND 1, L_0000014d738884a0, C4<1>, C4<1>, C4<1>;
L_0000014d73886460 .functor AND 1, L_0000014d73886460/0/0, L_0000014d73886460/0/4, C4<1>, C4<1>;
L_0000014d73886bd0/0/0 .functor AND 1, L_0000014d73889c60, L_0000014d738894e0, L_0000014d7388a700, L_0000014d73889580;
L_0000014d73886bd0/0/4 .functor AND 1, L_0000014d73888540, C4<1>, C4<1>, C4<1>;
L_0000014d73886bd0 .functor AND 1, L_0000014d73886bd0/0/0, L_0000014d73886bd0/0/4, C4<1>, C4<1>;
L_0000014d738868c0/0/0 .functor AND 1, L_0000014d73889a80, L_0000014d7388a5c0, L_0000014d73888fe0, L_0000014d73889800;
L_0000014d738868c0/0/4 .functor AND 1, L_0000014d73889bc0, C4<1>, C4<1>, C4<1>;
L_0000014d738868c0 .functor AND 1, L_0000014d738868c0/0/0, L_0000014d738868c0/0/4, C4<1>, C4<1>;
L_0000014d73886d20/0/0 .functor AND 1, L_0000014d73889440, L_0000014d7388a660, L_0000014d73889620, L_0000014d73888a40;
L_0000014d73886d20/0/4 .functor AND 1, L_0000014d7388a8e0, C4<1>, C4<1>, C4<1>;
L_0000014d73886d20 .functor AND 1, L_0000014d73886d20/0/0, L_0000014d73886d20/0/4, C4<1>, C4<1>;
L_0000014d73886a10/0/0 .functor AND 1, L_0000014d73889080, L_0000014d738896c0, L_0000014d738889a0, L_0000014d738898a0;
L_0000014d73886a10/0/4 .functor AND 1, L_0000014d73889b20, C4<1>, C4<1>, C4<1>;
L_0000014d73886a10 .functor AND 1, L_0000014d73886a10/0/0, L_0000014d73886a10/0/4, C4<1>, C4<1>;
L_0000014d73886930 .functor OR 1, L_0000014d73889120, L_0000014d738891c0, C4<0>, C4<0>;
L_0000014d73886c40 .functor OR 1, L_0000014d7388a340, L_0000014d7388a2a0, C4<0>, C4<0>;
L_0000014d73886a80 .functor OR 1, L_0000014d73889da0, L_0000014d73889e40, C4<0>, C4<0>;
L_0000014d73886fc0 .functor OR 1, L_0000014d73888ae0, L_0000014d73889ee0, C4<0>, C4<0>;
L_0000014d73886e70 .functor OR 1, L_0000014d73889300, L_0000014d73889940, C4<0>, C4<0>;
L_0000014d73887030 .functor OR 1, L_0000014d73889f80, L_0000014d7388a200, C4<0>, C4<0>;
L_0000014d73886690 .functor OR 1, L_0000014d73888720, L_0000014d73888c20, C4<0>, C4<0>;
L_0000014d73886ee0 .functor OR 1, L_0000014d738887c0, L_0000014d7388a020, C4<0>, C4<0>;
L_0000014d738862a0 .functor OR 1, L_0000014d73888cc0, L_0000014d7388a0c0, C4<0>, C4<0>;
L_0000014d73886af0 .functor OR 1, L_0000014d7388a3e0, L_0000014d7388a7a0, C4<0>, C4<0>;
L_0000014d738863f0 .functor OR 1, L_0000014d7388a840, L_0000014d738882c0, C4<0>, C4<0>;
L_0000014d73886850 .functor OR 1, L_0000014d73888180, L_0000014d73888220, C4<0>, C4<0>;
L_0000014d73886f50 .functor OR 1, L_0000014d73888b80, L_0000014d73888860, C4<0>, C4<0>;
L_0000014d73886540 .functor OR 1, L_0000014d73888900, L_0000014d73888d60, C4<0>, C4<0>;
L_0000014d73886cb0 .functor OR 1, L_0000014d73888e00, L_0000014d7388b7e0, C4<0>, C4<0>;
L_0000014d738865b0 .functor OR 1, L_0000014d7388b060, L_0000014d7388aac0, C4<0>, C4<0>;
L_0000014d73886d90 .functor OR 1, L_0000014d7388b6a0, L_0000014d7388b100, C4<0>, C4<0>;
L_0000014d73886620 .functor OR 1, L_0000014d7388bf60, L_0000014d7388bec0, C4<0>, C4<0>;
L_0000014d73886230 .functor OR 1, L_0000014d7388b380, L_0000014d7388b560, C4<0>, C4<0>;
L_0000014d73886310 .functor OR 1, L_0000014d7388be20, L_0000014d7388afc0, C4<0>, C4<0>;
L_0000014d73892480 .functor OR 1, L_0000014d7388b1a0, L_0000014d7388ab60, C4<0>, C4<0>;
L_0000014d738924f0 .functor OR 1, L_0000014d7388b420, L_0000014d7388b600, C4<0>, C4<0>;
L_0000014d73892560 .functor OR 1, L_0000014d7388c000, L_0000014d7388b740, C4<0>, C4<0>;
L_0000014d73891f40 .functor OR 1, L_0000014d7388aa20, L_0000014d7388b2e0, C4<0>, C4<0>;
L_0000014d738917d0 .functor OR 1, L_0000014d7388ba60, L_0000014d7388a980, C4<0>, C4<0>;
L_0000014d73892170 .functor OR 1, L_0000014d7388b880, L_0000014d7388ac00, C4<0>, C4<0>;
L_0000014d73891a70 .functor OR 1, L_0000014d7388b240, L_0000014d7388bc40, C4<0>, C4<0>;
L_0000014d73891ca0 .functor OR 1, L_0000014d7388b920, L_0000014d7388ade0, C4<0>, C4<0>;
v0000014d73475290_0 .net "ANc", 27 0, L_0000014d7388bb00;  1 drivers
v0000014d734756f0_0 .net "ANe", 27 0, v0000014d738246a0_0;  1 drivers
v0000014d73473f30_0 .net "Nc", 22 0, L_0000014d7388aca0;  alias, 1 drivers
v0000014d73475790_0 .net *"_ivl_0", 31 0, L_0000014d73824b00;  1 drivers
v0000014d73474bb0_0 .net *"_ivl_10", 0 0, L_0000014d73472fa0;  1 drivers
v0000014d73473e90_0 .net *"_ivl_100", 0 0, L_0000014d738833a0;  1 drivers
v0000014d73475830_0 .net *"_ivl_102", 0 0, L_0000014d738825e0;  1 drivers
v0000014d734751f0_0 .net *"_ivl_103", 0 0, L_0000014d73473a20;  1 drivers
v0000014d73475bf0_0 .net *"_ivl_106", 0 0, L_0000014d73882cc0;  1 drivers
v0000014d73474cf0_0 .net *"_ivl_108", 0 0, L_0000014d73882e00;  1 drivers
v0000014d73474f70_0 .net *"_ivl_110", 0 0, L_0000014d73882180;  1 drivers
v0000014d73474930_0 .net *"_ivl_112", 0 0, L_0000014d73881320;  1 drivers
v0000014d73475010_0 .net *"_ivl_114", 0 0, L_0000014d73882400;  1 drivers
v0000014d73475c90_0 .net *"_ivl_115", 0 0, L_0000014d73473c50;  1 drivers
v0000014d73475330_0 .net *"_ivl_118", 0 0, L_0000014d73882720;  1 drivers
v0000014d734753d0_0 .net *"_ivl_120", 0 0, L_0000014d738834e0;  1 drivers
v0000014d734758d0_0 .net *"_ivl_122", 0 0, L_0000014d73881780;  1 drivers
v0000014d73475970_0 .net *"_ivl_124", 0 0, L_0000014d73882ae0;  1 drivers
v0000014d73475a10_0 .net *"_ivl_126", 0 0, L_0000014d738815a0;  1 drivers
v0000014d73473fd0_0 .net *"_ivl_127", 0 0, L_0000014d734731d0;  1 drivers
v0000014d734741b0_0 .net *"_ivl_13", 0 0, L_0000014d73824ba0;  1 drivers
v0000014d7346c090_0 .net *"_ivl_130", 0 0, L_0000014d738811e0;  1 drivers
v0000014d7346ce50_0 .net *"_ivl_132", 0 0, L_0000014d73881e60;  1 drivers
v0000014d7346cbd0_0 .net *"_ivl_134", 0 0, L_0000014d73881fa0;  1 drivers
v0000014d7346b230_0 .net *"_ivl_136", 0 0, L_0000014d73882360;  1 drivers
v0000014d7346c4f0_0 .net *"_ivl_138", 0 0, L_0000014d738824a0;  1 drivers
v0000014d7346bb90_0 .net *"_ivl_139", 0 0, L_0000014d73472de0;  1 drivers
v0000014d7346bd70_0 .net *"_ivl_14", 0 0, L_0000014d73473630;  1 drivers
v0000014d7346b550_0 .net *"_ivl_142", 0 0, L_0000014d738813c0;  1 drivers
v0000014d7346b730_0 .net *"_ivl_144", 0 0, L_0000014d73882540;  1 drivers
v0000014d7346b9b0_0 .net *"_ivl_146", 0 0, L_0000014d73882680;  1 drivers
v0000014d7346baf0_0 .net *"_ivl_148", 0 0, L_0000014d73882f40;  1 drivers
v0000014d7346c1d0_0 .net *"_ivl_150", 0 0, L_0000014d73882b80;  1 drivers
v0000014d7345de20_0 .net *"_ivl_151", 0 0, L_0000014d73472ec0;  1 drivers
v0000014d7345cfc0_0 .net *"_ivl_154", 0 0, L_0000014d73882ea0;  1 drivers
v0000014d7344e1e0_0 .net *"_ivl_156", 0 0, L_0000014d73883120;  1 drivers
v0000014d7344d740_0 .net *"_ivl_158", 0 0, L_0000014d73882040;  1 drivers
v0000014d7341de10_0 .net *"_ivl_160", 0 0, L_0000014d73881820;  1 drivers
v0000014d7341e6d0_0 .net *"_ivl_162", 0 0, L_0000014d738827c0;  1 drivers
v0000014d73416000_0 .net *"_ivl_163", 0 0, L_0000014d734730f0;  1 drivers
v0000014d73448580_0 .net *"_ivl_166", 0 0, L_0000014d73882c20;  1 drivers
v0000014d734da7f0_0 .net *"_ivl_168", 0 0, L_0000014d73882860;  1 drivers
v0000014d734da2f0_0 .net *"_ivl_17", 0 0, L_0000014d73825f00;  1 drivers
v0000014d734da1b0_0 .net *"_ivl_170", 0 0, L_0000014d73882fe0;  1 drivers
v0000014d734dba10_0 .net *"_ivl_172", 0 0, L_0000014d73883440;  1 drivers
v0000014d734da930_0 .net *"_ivl_174", 0 0, L_0000014d73882900;  1 drivers
v0000014d734da890_0 .net *"_ivl_175", 0 0, L_0000014d73473160;  1 drivers
v0000014d734db470_0 .net *"_ivl_178", 0 0, L_0000014d73883080;  1 drivers
v0000014d734dbe70_0 .net *"_ivl_18", 0 0, L_0000014d73473b00;  1 drivers
v0000014d734da9d0_0 .net *"_ivl_180", 0 0, L_0000014d73881960;  1 drivers
v0000014d734dab10_0 .net *"_ivl_182", 0 0, L_0000014d73883260;  1 drivers
v0000014d734daa70_0 .net *"_ivl_184", 0 0, L_0000014d73883300;  1 drivers
v0000014d734db510_0 .net *"_ivl_186", 0 0, L_0000014d73883620;  1 drivers
v0000014d734dac50_0 .net *"_ivl_187", 0 0, L_0000014d738869a0;  1 drivers
v0000014d734dad90_0 .net *"_ivl_190", 0 0, L_0000014d738818c0;  1 drivers
v0000014d734db0b0_0 .net *"_ivl_192", 0 0, L_0000014d73883800;  1 drivers
v0000014d734dbf10_0 .net *"_ivl_194", 0 0, L_0000014d738838a0;  1 drivers
v0000014d734da4d0_0 .net *"_ivl_196", 0 0, L_0000014d738839e0;  1 drivers
v0000014d734da250_0 .net *"_ivl_198", 0 0, L_0000014d73884200;  1 drivers
v0000014d734db290_0 .net *"_ivl_199", 0 0, L_0000014d73886e00;  1 drivers
v0000014d734dacf0_0 .net *"_ivl_202", 0 0, L_0000014d738836c0;  1 drivers
v0000014d734db5b0_0 .net *"_ivl_204", 0 0, L_0000014d73884700;  1 drivers
v0000014d734dabb0_0 .net *"_ivl_206", 0 0, L_0000014d73883da0;  1 drivers
v0000014d734dbd30_0 .net *"_ivl_208", 0 0, L_0000014d73884fc0;  1 drivers
v0000014d734db8d0_0 .net *"_ivl_21", 0 0, L_0000014d73824ce0;  1 drivers
v0000014d734db150_0 .net *"_ivl_210", 0 0, L_0000014d73883b20;  1 drivers
v0000014d734da070_0 .net *"_ivl_211", 0 0, L_0000014d73886380;  1 drivers
v0000014d734db650_0 .net *"_ivl_214", 0 0, L_0000014d73884b60;  1 drivers
v0000014d734dae30_0 .net *"_ivl_216", 0 0, L_0000014d738842a0;  1 drivers
v0000014d734da110_0 .net *"_ivl_218", 0 0, L_0000014d73883bc0;  1 drivers
v0000014d734da430_0 .net *"_ivl_22", 0 0, L_0000014d73473b70;  1 drivers
v0000014d734da750_0 .net *"_ivl_220", 0 0, L_0000014d738847a0;  1 drivers
v0000014d734db1f0_0 .net *"_ivl_222", 0 0, L_0000014d73884340;  1 drivers
v0000014d734da570_0 .net *"_ivl_223", 0 0, L_0000014d73886b60;  1 drivers
v0000014d734dbb50_0 .net *"_ivl_226", 0 0, L_0000014d73883940;  1 drivers
v0000014d734da390_0 .net *"_ivl_228", 0 0, L_0000014d73883c60;  1 drivers
v0000014d734db330_0 .net *"_ivl_230", 0 0, L_0000014d73883e40;  1 drivers
v0000014d734daed0_0 .net *"_ivl_232", 0 0, L_0000014d73884660;  1 drivers
v0000014d734db6f0_0 .net *"_ivl_234", 0 0, L_0000014d73884840;  1 drivers
v0000014d734daf70_0 .net *"_ivl_235", 0 0, L_0000014d73886700;  1 drivers
v0000014d734db790_0 .net *"_ivl_238", 0 0, L_0000014d738848e0;  1 drivers
v0000014d734db830_0 .net *"_ivl_240", 0 0, L_0000014d73883ee0;  1 drivers
v0000014d734db010_0 .net *"_ivl_242", 0 0, L_0000014d73884d40;  1 drivers
v0000014d734da610_0 .net *"_ivl_244", 0 0, L_0000014d738843e0;  1 drivers
v0000014d734da6b0_0 .net *"_ivl_246", 0 0, L_0000014d73883a80;  1 drivers
v0000014d734db3d0_0 .net *"_ivl_247", 0 0, L_0000014d738864d0;  1 drivers
v0000014d734dbab0_0 .net *"_ivl_25", 0 0, L_0000014d73826040;  1 drivers
v0000014d734db970_0 .net *"_ivl_250", 0 0, L_0000014d73884480;  1 drivers
v0000014d734dbbf0_0 .net *"_ivl_252", 0 0, L_0000014d73884520;  1 drivers
v0000014d734dbdd0_0 .net *"_ivl_254", 0 0, L_0000014d738845c0;  1 drivers
v0000014d734dbc90_0 .net *"_ivl_256", 0 0, L_0000014d73884980;  1 drivers
v0000014d738203f0_0 .net *"_ivl_258", 0 0, L_0000014d73884a20;  1 drivers
v0000014d73821d90_0 .net *"_ivl_259", 0 0, L_0000014d738861c0;  1 drivers
v0000014d738211b0_0 .net *"_ivl_26", 0 0, L_0000014d73472f30;  1 drivers
v0000014d73821ed0_0 .net *"_ivl_262", 0 0, L_0000014d73884ac0;  1 drivers
v0000014d738214d0_0 .net *"_ivl_264", 0 0, L_0000014d73884c00;  1 drivers
v0000014d73820850_0 .net *"_ivl_266", 0 0, L_0000014d73884e80;  1 drivers
v0000014d73820ad0_0 .net *"_ivl_268", 0 0, L_0000014d73884ca0;  1 drivers
v0000014d738219d0_0 .net *"_ivl_270", 0 0, L_0000014d73884de0;  1 drivers
v0000014d73820a30_0 .net *"_ivl_271", 0 0, L_0000014d73886770;  1 drivers
v0000014d73820df0_0 .net *"_ivl_274", 0 0, L_0000014d73883f80;  1 drivers
v0000014d73820f30_0 .net *"_ivl_276", 0 0, L_0000014d73884f20;  1 drivers
v0000014d73820e90_0 .net *"_ivl_278", 0 0, L_0000014d73883d00;  1 drivers
v0000014d73821570_0 .net *"_ivl_280", 0 0, L_0000014d73884020;  1 drivers
v0000014d738208f0_0 .net *"_ivl_282", 0 0, L_0000014d738840c0;  1 drivers
v0000014d73820fd0_0 .net *"_ivl_283", 0 0, L_0000014d738867e0;  1 drivers
v0000014d73821070_0 .net *"_ivl_286", 0 0, L_0000014d73884160;  1 drivers
v0000014d73821110_0 .net *"_ivl_288", 0 0, L_0000014d73888360;  1 drivers
v0000014d73820530_0 .net *"_ivl_290", 0 0, L_0000014d738893a0;  1 drivers
v0000014d73821390_0 .net *"_ivl_292", 0 0, L_0000014d73888400;  1 drivers
v0000014d73821a70_0 .net *"_ivl_294", 0 0, L_0000014d73889260;  1 drivers
v0000014d73821250_0 .net *"_ivl_295", 0 0, L_0000014d73886150;  1 drivers
v0000014d738217f0_0 .net *"_ivl_298", 0 0, L_0000014d738885e0;  1 drivers
L_0000014d738280b8 .functor BUFT 1, C4<0000>, C4<0>, C4<0>, C4<0>;
v0000014d73820210_0 .net *"_ivl_3", 3 0, L_0000014d738280b8;  1 drivers
v0000014d73820170_0 .net *"_ivl_30", 0 0, L_0000014d73826220;  1 drivers
v0000014d738212f0_0 .net *"_ivl_300", 0 0, L_0000014d7388a480;  1 drivers
v0000014d738200d0_0 .net *"_ivl_302", 0 0, L_0000014d7388a160;  1 drivers
v0000014d73820990_0 .net *"_ivl_304", 0 0, L_0000014d73889760;  1 drivers
v0000014d73821610_0 .net *"_ivl_306", 0 0, L_0000014d7388a520;  1 drivers
v0000014d73821890_0 .net *"_ivl_307", 0 0, L_0000014d73886460;  1 drivers
v0000014d73821930_0 .net *"_ivl_31", 0 0, L_0000014d73473be0;  1 drivers
v0000014d73821430_0 .net *"_ivl_310", 0 0, L_0000014d73888ea0;  1 drivers
v0000014d738216b0_0 .net *"_ivl_312", 0 0, L_0000014d738899e0;  1 drivers
v0000014d73821750_0 .net *"_ivl_314", 0 0, L_0000014d73888680;  1 drivers
v0000014d738207b0_0 .net *"_ivl_316", 0 0, L_0000014d73888f40;  1 drivers
v0000014d73821b10_0 .net *"_ivl_318", 0 0, L_0000014d738884a0;  1 drivers
v0000014d73821f70_0 .net *"_ivl_319", 0 0, L_0000014d73886bd0;  1 drivers
v0000014d73821bb0_0 .net *"_ivl_322", 0 0, L_0000014d73889c60;  1 drivers
v0000014d738205d0_0 .net *"_ivl_324", 0 0, L_0000014d738894e0;  1 drivers
v0000014d73821c50_0 .net *"_ivl_326", 0 0, L_0000014d7388a700;  1 drivers
v0000014d73821cf0_0 .net *"_ivl_328", 0 0, L_0000014d73889580;  1 drivers
v0000014d73821e30_0 .net *"_ivl_330", 0 0, L_0000014d73888540;  1 drivers
v0000014d73820d50_0 .net *"_ivl_331", 0 0, L_0000014d738868c0;  1 drivers
v0000014d738202b0_0 .net *"_ivl_334", 0 0, L_0000014d73889a80;  1 drivers
v0000014d73820350_0 .net *"_ivl_336", 0 0, L_0000014d7388a5c0;  1 drivers
v0000014d73820490_0 .net *"_ivl_338", 0 0, L_0000014d73888fe0;  1 drivers
v0000014d73820670_0 .net *"_ivl_34", 0 0, L_0000014d738262c0;  1 drivers
v0000014d73820710_0 .net *"_ivl_340", 0 0, L_0000014d73889800;  1 drivers
v0000014d73820b70_0 .net *"_ivl_342", 0 0, L_0000014d73889bc0;  1 drivers
v0000014d73820c10_0 .net *"_ivl_343", 0 0, L_0000014d73886d20;  1 drivers
v0000014d73820cb0_0 .net *"_ivl_346", 0 0, L_0000014d73889440;  1 drivers
v0000014d73823080_0 .net *"_ivl_348", 0 0, L_0000014d7388a660;  1 drivers
v0000014d73823300_0 .net *"_ivl_350", 0 0, L_0000014d73889620;  1 drivers
v0000014d73822d60_0 .net *"_ivl_352", 0 0, L_0000014d73888a40;  1 drivers
v0000014d73822cc0_0 .net *"_ivl_354", 0 0, L_0000014d7388a8e0;  1 drivers
v0000014d73823c60_0 .net *"_ivl_355", 0 0, L_0000014d73886a10;  1 drivers
v0000014d73822540_0 .net *"_ivl_359", 0 0, L_0000014d73889080;  1 drivers
v0000014d73823440_0 .net *"_ivl_36", 0 0, L_0000014d73826360;  1 drivers
v0000014d73823ee0_0 .net *"_ivl_361", 0 0, L_0000014d738896c0;  1 drivers
v0000014d73822e00_0 .net *"_ivl_363", 0 0, L_0000014d738889a0;  1 drivers
v0000014d73823760_0 .net *"_ivl_365", 0 0, L_0000014d738898a0;  1 drivers
v0000014d73823620_0 .net *"_ivl_367", 0 0, L_0000014d73889b20;  1 drivers
v0000014d738227c0_0 .net *"_ivl_368", 0 0, L_0000014d73886930;  1 drivers
v0000014d73822860_0 .net *"_ivl_371", 0 0, L_0000014d73889120;  1 drivers
v0000014d73822fe0_0 .net *"_ivl_373", 0 0, L_0000014d738891c0;  1 drivers
v0000014d73823120_0 .net *"_ivl_374", 0 0, L_0000014d73886c40;  1 drivers
v0000014d73822ea0_0 .net *"_ivl_377", 0 0, L_0000014d7388a340;  1 drivers
v0000014d738225e0_0 .net *"_ivl_379", 0 0, L_0000014d7388a2a0;  1 drivers
v0000014d738233a0_0 .net *"_ivl_38", 0 0, L_0000014d738264a0;  1 drivers
v0000014d738239e0_0 .net *"_ivl_380", 0 0, L_0000014d73886a80;  1 drivers
v0000014d73823260_0 .net *"_ivl_383", 0 0, L_0000014d73889da0;  1 drivers
v0000014d73823800_0 .net *"_ivl_385", 0 0, L_0000014d73889e40;  1 drivers
v0000014d73822220_0 .net *"_ivl_386", 0 0, L_0000014d73886fc0;  1 drivers
v0000014d73822180_0 .net *"_ivl_389", 0 0, L_0000014d73888ae0;  1 drivers
v0000014d738231c0_0 .net *"_ivl_391", 0 0, L_0000014d73889ee0;  1 drivers
v0000014d738220e0_0 .net *"_ivl_392", 0 0, L_0000014d73886e70;  1 drivers
v0000014d73822900_0 .net *"_ivl_395", 0 0, L_0000014d73889300;  1 drivers
v0000014d73823580_0 .net *"_ivl_397", 0 0, L_0000014d73889940;  1 drivers
v0000014d738238a0_0 .net *"_ivl_398", 0 0, L_0000014d73887030;  1 drivers
L_0000014d73828100 .functor BUFT 1, C4<00000000000000000000000000011101>, C4<0>, C4<0>, C4<0>;
v0000014d73823940_0 .net/2u *"_ivl_4", 31 0, L_0000014d73828100;  1 drivers
v0000014d73822f40_0 .net *"_ivl_40", 0 0, L_0000014d73826540;  1 drivers
v0000014d738234e0_0 .net *"_ivl_401", 0 0, L_0000014d73889f80;  1 drivers
v0000014d738236c0_0 .net *"_ivl_403", 0 0, L_0000014d7388a200;  1 drivers
v0000014d738229a0_0 .net *"_ivl_404", 0 0, L_0000014d73886690;  1 drivers
v0000014d73823a80_0 .net *"_ivl_407", 0 0, L_0000014d73888720;  1 drivers
v0000014d73823f80_0 .net *"_ivl_409", 0 0, L_0000014d73888c20;  1 drivers
v0000014d73823b20_0 .net *"_ivl_410", 0 0, L_0000014d73886ee0;  1 drivers
v0000014d73822680_0 .net *"_ivl_413", 0 0, L_0000014d738887c0;  1 drivers
v0000014d73823bc0_0 .net *"_ivl_415", 0 0, L_0000014d7388a020;  1 drivers
v0000014d73823d00_0 .net *"_ivl_416", 0 0, L_0000014d738862a0;  1 drivers
v0000014d73823da0_0 .net *"_ivl_419", 0 0, L_0000014d73888cc0;  1 drivers
v0000014d73823e40_0 .net *"_ivl_42", 0 0, L_0000014d738265e0;  1 drivers
v0000014d738222c0_0 .net *"_ivl_421", 0 0, L_0000014d7388a0c0;  1 drivers
v0000014d73822360_0 .net *"_ivl_422", 0 0, L_0000014d73886af0;  1 drivers
v0000014d73822400_0 .net *"_ivl_425", 0 0, L_0000014d7388a3e0;  1 drivers
v0000014d738224a0_0 .net *"_ivl_427", 0 0, L_0000014d7388a7a0;  1 drivers
v0000014d73822720_0 .net *"_ivl_428", 0 0, L_0000014d738863f0;  1 drivers
v0000014d73822a40_0 .net *"_ivl_43", 0 0, L_0000014d734736a0;  1 drivers
v0000014d73822ae0_0 .net *"_ivl_431", 0 0, L_0000014d7388a840;  1 drivers
v0000014d73822b80_0 .net *"_ivl_433", 0 0, L_0000014d738882c0;  1 drivers
v0000014d73822c20_0 .net *"_ivl_434", 0 0, L_0000014d73886850;  1 drivers
v0000014d73827580_0 .net *"_ivl_437", 0 0, L_0000014d73888180;  1 drivers
v0000014d73827260_0 .net *"_ivl_439", 0 0, L_0000014d73888220;  1 drivers
v0000014d738271c0_0 .net *"_ivl_440", 0 0, L_0000014d73886f50;  1 drivers
v0000014d73827da0_0 .net *"_ivl_443", 0 0, L_0000014d73888b80;  1 drivers
v0000014d73826c20_0 .net *"_ivl_445", 0 0, L_0000014d73888860;  1 drivers
v0000014d73827760_0 .net *"_ivl_446", 0 0, L_0000014d73886540;  1 drivers
v0000014d73827ee0_0 .net *"_ivl_449", 0 0, L_0000014d73888900;  1 drivers
v0000014d73827300_0 .net *"_ivl_451", 0 0, L_0000014d73888d60;  1 drivers
v0000014d738279e0_0 .net *"_ivl_452", 0 0, L_0000014d73886cb0;  1 drivers
v0000014d738278a0_0 .net *"_ivl_455", 0 0, L_0000014d73888e00;  1 drivers
v0000014d73826e00_0 .net *"_ivl_457", 0 0, L_0000014d7388b7e0;  1 drivers
v0000014d738276c0_0 .net *"_ivl_458", 0 0, L_0000014d738865b0;  1 drivers
v0000014d73826ea0_0 .net *"_ivl_46", 0 0, L_0000014d73881140;  1 drivers
v0000014d73826ae0_0 .net *"_ivl_461", 0 0, L_0000014d7388b060;  1 drivers
v0000014d738269a0_0 .net *"_ivl_463", 0 0, L_0000014d7388aac0;  1 drivers
v0000014d73827bc0_0 .net *"_ivl_464", 0 0, L_0000014d73886d90;  1 drivers
v0000014d73826f40_0 .net *"_ivl_467", 0 0, L_0000014d7388b6a0;  1 drivers
v0000014d73826fe0_0 .net *"_ivl_469", 0 0, L_0000014d7388b100;  1 drivers
v0000014d73827800_0 .net *"_ivl_470", 0 0, L_0000014d73886620;  1 drivers
v0000014d73827f80_0 .net *"_ivl_473", 0 0, L_0000014d7388bf60;  1 drivers
v0000014d73827080_0 .net *"_ivl_475", 0 0, L_0000014d7388bec0;  1 drivers
v0000014d73827120_0 .net *"_ivl_476", 0 0, L_0000014d73886230;  1 drivers
v0000014d738273a0_0 .net *"_ivl_479", 0 0, L_0000014d7388b380;  1 drivers
v0000014d73827940_0 .net *"_ivl_48", 0 0, L_0000014d73882220;  1 drivers
v0000014d73827440_0 .net *"_ivl_481", 0 0, L_0000014d7388b560;  1 drivers
v0000014d738274e0_0 .net *"_ivl_482", 0 0, L_0000014d73886310;  1 drivers
v0000014d73827620_0 .net *"_ivl_485", 0 0, L_0000014d7388be20;  1 drivers
v0000014d73826900_0 .net *"_ivl_487", 0 0, L_0000014d7388afc0;  1 drivers
v0000014d73826d60_0 .net *"_ivl_488", 0 0, L_0000014d73892480;  1 drivers
v0000014d73826b80_0 .net *"_ivl_491", 0 0, L_0000014d7388b1a0;  1 drivers
v0000014d73827a80_0 .net *"_ivl_493", 0 0, L_0000014d7388ab60;  1 drivers
v0000014d73827b20_0 .net *"_ivl_494", 0 0, L_0000014d738924f0;  1 drivers
v0000014d73827c60_0 .net *"_ivl_497", 0 0, L_0000014d7388b420;  1 drivers
v0000014d73827d00_0 .net *"_ivl_499", 0 0, L_0000014d7388b600;  1 drivers
v0000014d73826cc0_0 .net *"_ivl_50", 0 0, L_0000014d73882d60;  1 drivers
v0000014d73826a40_0 .net *"_ivl_500", 0 0, L_0000014d73892560;  1 drivers
v0000014d73827e40_0 .net *"_ivl_503", 0 0, L_0000014d7388c000;  1 drivers
v0000014d73826720_0 .net *"_ivl_505", 0 0, L_0000014d7388b740;  1 drivers
v0000014d73825aa0_0 .net *"_ivl_506", 0 0, L_0000014d73891f40;  1 drivers
v0000014d73824a60_0 .net *"_ivl_509", 0 0, L_0000014d7388aa20;  1 drivers
v0000014d73824e20_0 .net *"_ivl_511", 0 0, L_0000014d7388b2e0;  1 drivers
v0000014d738260e0_0 .net *"_ivl_512", 0 0, L_0000014d738917d0;  1 drivers
v0000014d73824d80_0 .net *"_ivl_515", 0 0, L_0000014d7388ba60;  1 drivers
v0000014d738251e0_0 .net *"_ivl_517", 0 0, L_0000014d7388a980;  1 drivers
v0000014d73825320_0 .net *"_ivl_518", 0 0, L_0000014d73892170;  1 drivers
v0000014d73825280_0 .net *"_ivl_52", 0 0, L_0000014d738829a0;  1 drivers
v0000014d73825be0_0 .net *"_ivl_521", 0 0, L_0000014d7388b880;  1 drivers
v0000014d73824ec0_0 .net *"_ivl_523", 0 0, L_0000014d7388ac00;  1 drivers
v0000014d738253c0_0 .net *"_ivl_524", 0 0, L_0000014d73891a70;  1 drivers
v0000014d738256e0_0 .net *"_ivl_527", 0 0, L_0000014d7388b240;  1 drivers
v0000014d73825140_0 .net *"_ivl_529", 0 0, L_0000014d7388bc40;  1 drivers
v0000014d73826860_0 .net *"_ivl_530", 0 0, L_0000014d73891ca0;  1 drivers
v0000014d73825c80_0 .net *"_ivl_534", 0 0, L_0000014d7388b920;  1 drivers
v0000014d73825820_0 .net *"_ivl_536", 0 0, L_0000014d7388ade0;  1 drivers
v0000014d73826400_0 .net *"_ivl_537", 31 0, L_0000014d7388b9c0;  1 drivers
v0000014d738247e0_0 .net *"_ivl_54", 0 0, L_0000014d738831c0;  1 drivers
L_0000014d73828148 .functor BUFT 1, C4<0000>, C4<0>, C4<0>, C4<0>;
v0000014d73824100_0 .net *"_ivl_540", 3 0, L_0000014d73828148;  1 drivers
L_0000014d73828190 .functor BUFT 1, C4<00000000000000000000000000011101>, C4<0>, C4<0>, C4<0>;
v0000014d73825460_0 .net/2u *"_ivl_541", 31 0, L_0000014d73828190;  1 drivers
v0000014d73824880_0 .net *"_ivl_543", 31 0, L_0000014d7388bba0;  1 drivers
v0000014d738241a0_0 .net *"_ivl_55", 0 0, L_0000014d73473710;  1 drivers
v0000014d73824920_0 .net *"_ivl_58", 0 0, L_0000014d73881f00;  1 drivers
v0000014d73825500_0 .net *"_ivl_6", 31 0, L_0000014d73825fa0;  1 drivers
v0000014d738267c0_0 .net *"_ivl_60", 0 0, L_0000014d73882a40;  1 drivers
v0000014d73824560_0 .net *"_ivl_62", 0 0, L_0000014d73881d20;  1 drivers
v0000014d738255a0_0 .net *"_ivl_64", 0 0, L_0000014d73881460;  1 drivers
v0000014d73824240_0 .net *"_ivl_66", 0 0, L_0000014d738822c0;  1 drivers
v0000014d73825640_0 .net *"_ivl_67", 0 0, L_0000014d734738d0;  1 drivers
v0000014d738242e0_0 .net *"_ivl_70", 0 0, L_0000014d73881aa0;  1 drivers
v0000014d73825a00_0 .net *"_ivl_72", 0 0, L_0000014d73881b40;  1 drivers
v0000014d738249c0_0 .net *"_ivl_74", 0 0, L_0000014d73881be0;  1 drivers
v0000014d73825780_0 .net *"_ivl_76", 0 0, L_0000014d73881280;  1 drivers
v0000014d73825d20_0 .net *"_ivl_78", 0 0, L_0000014d73881500;  1 drivers
v0000014d73824380_0 .net *"_ivl_79", 0 0, L_0000014d73472e50;  1 drivers
v0000014d73824420_0 .net *"_ivl_82", 0 0, L_0000014d73881c80;  1 drivers
v0000014d738244c0_0 .net *"_ivl_84", 0 0, L_0000014d73883580;  1 drivers
v0000014d738258c0_0 .net *"_ivl_86", 0 0, L_0000014d73881dc0;  1 drivers
v0000014d73825b40_0 .net *"_ivl_88", 0 0, L_0000014d73883760;  1 drivers
v0000014d73826180_0 .net *"_ivl_90", 0 0, L_0000014d73881640;  1 drivers
v0000014d73826680_0 .net *"_ivl_91", 0 0, L_0000014d734739b0;  1 drivers
v0000014d73825dc0_0 .net *"_ivl_94", 0 0, L_0000014d73881a00;  1 drivers
v0000014d73824f60_0 .net *"_ivl_96", 0 0, L_0000014d738820e0;  1 drivers
v0000014d73825000_0 .net *"_ivl_98", 0 0, L_0000014d738816e0;  1 drivers
v0000014d73824600_0 .net "error_bit", 27 0, L_0000014d73889d00;  1 drivers
v0000014d73825e60_0 .net "mod_tri", 4 0, L_0000014d73824c40;  1 drivers
v0000014d73825960_0 .net "not_mod_tri", 4 0, L_0000014d738250a0;  1 drivers
L_0000014d73824b00 .concat [ 28 4 0 0], v0000014d738246a0_0, L_0000014d738280b8;
L_0000014d73825fa0 .arith/mod 32, L_0000014d73824b00, L_0000014d73828100;
L_0000014d73824c40 .part L_0000014d73825fa0, 0, 5;
L_0000014d73824ba0 .part L_0000014d73824c40, 0, 1;
L_0000014d73825f00 .part L_0000014d73824c40, 1, 1;
L_0000014d73824ce0 .part L_0000014d73824c40, 2, 1;
L_0000014d73826040 .part L_0000014d73824c40, 3, 1;
LS_0000014d738250a0_0_0 .concat8 [ 1 1 1 1], L_0000014d73472fa0, L_0000014d73473630, L_0000014d73473b00, L_0000014d73473b70;
LS_0000014d738250a0_0_4 .concat8 [ 1 0 0 0], L_0000014d73472f30;
L_0000014d738250a0 .concat8 [ 4 1 0 0], LS_0000014d738250a0_0_0, LS_0000014d738250a0_0_4;
L_0000014d73826220 .part L_0000014d73824c40, 4, 1;
L_0000014d738262c0 .part L_0000014d73824c40, 0, 1;
L_0000014d73826360 .part L_0000014d738250a0, 1, 1;
L_0000014d738264a0 .part L_0000014d738250a0, 2, 1;
L_0000014d73826540 .part L_0000014d738250a0, 3, 1;
L_0000014d738265e0 .part L_0000014d738250a0, 4, 1;
L_0000014d73881140 .part L_0000014d738250a0, 0, 1;
L_0000014d73882220 .part L_0000014d73824c40, 1, 1;
L_0000014d73882d60 .part L_0000014d738250a0, 2, 1;
L_0000014d738829a0 .part L_0000014d738250a0, 3, 1;
L_0000014d738831c0 .part L_0000014d738250a0, 4, 1;
L_0000014d73881f00 .part L_0000014d73824c40, 0, 1;
L_0000014d73882a40 .part L_0000014d73824c40, 1, 1;
L_0000014d73881d20 .part L_0000014d738250a0, 2, 1;
L_0000014d73881460 .part L_0000014d738250a0, 3, 1;
L_0000014d738822c0 .part L_0000014d738250a0, 4, 1;
L_0000014d73881aa0 .part L_0000014d738250a0, 0, 1;
L_0000014d73881b40 .part L_0000014d738250a0, 1, 1;
L_0000014d73881be0 .part L_0000014d73824c40, 2, 1;
L_0000014d73881280 .part L_0000014d738250a0, 3, 1;
L_0000014d73881500 .part L_0000014d738250a0, 4, 1;
L_0000014d73881c80 .part L_0000014d73824c40, 0, 1;
L_0000014d73883580 .part L_0000014d738250a0, 1, 1;
L_0000014d73881dc0 .part L_0000014d73824c40, 2, 1;
L_0000014d73883760 .part L_0000014d738250a0, 3, 1;
L_0000014d73881640 .part L_0000014d738250a0, 4, 1;
L_0000014d73881a00 .part L_0000014d738250a0, 0, 1;
L_0000014d738820e0 .part L_0000014d73824c40, 1, 1;
L_0000014d738816e0 .part L_0000014d73824c40, 2, 1;
L_0000014d738833a0 .part L_0000014d738250a0, 3, 1;
L_0000014d738825e0 .part L_0000014d738250a0, 4, 1;
L_0000014d73882cc0 .part L_0000014d73824c40, 0, 1;
L_0000014d73882e00 .part L_0000014d73824c40, 1, 1;
L_0000014d73882180 .part L_0000014d73824c40, 2, 1;
L_0000014d73881320 .part L_0000014d738250a0, 3, 1;
L_0000014d73882400 .part L_0000014d738250a0, 4, 1;
L_0000014d73882720 .part L_0000014d738250a0, 0, 1;
L_0000014d738834e0 .part L_0000014d738250a0, 1, 1;
L_0000014d73881780 .part L_0000014d738250a0, 2, 1;
L_0000014d73882ae0 .part L_0000014d73824c40, 3, 1;
L_0000014d738815a0 .part L_0000014d738250a0, 4, 1;
L_0000014d738811e0 .part L_0000014d73824c40, 0, 1;
L_0000014d73881e60 .part L_0000014d738250a0, 1, 1;
L_0000014d73881fa0 .part L_0000014d738250a0, 2, 1;
L_0000014d73882360 .part L_0000014d73824c40, 3, 1;
L_0000014d738824a0 .part L_0000014d738250a0, 4, 1;
L_0000014d738813c0 .part L_0000014d738250a0, 0, 1;
L_0000014d73882540 .part L_0000014d73824c40, 1, 1;
L_0000014d73882680 .part L_0000014d738250a0, 2, 1;
L_0000014d73882f40 .part L_0000014d73824c40, 3, 1;
L_0000014d73882b80 .part L_0000014d738250a0, 4, 1;
L_0000014d73882ea0 .part L_0000014d73824c40, 0, 1;
L_0000014d73883120 .part L_0000014d73824c40, 1, 1;
L_0000014d73882040 .part L_0000014d738250a0, 2, 1;
L_0000014d73881820 .part L_0000014d73824c40, 3, 1;
L_0000014d738827c0 .part L_0000014d738250a0, 4, 1;
L_0000014d73882c20 .part L_0000014d738250a0, 0, 1;
L_0000014d73882860 .part L_0000014d738250a0, 1, 1;
L_0000014d73882fe0 .part L_0000014d73824c40, 2, 1;
L_0000014d73883440 .part L_0000014d73824c40, 3, 1;
L_0000014d73882900 .part L_0000014d738250a0, 4, 1;
L_0000014d73883080 .part L_0000014d73824c40, 0, 1;
L_0000014d73881960 .part L_0000014d738250a0, 1, 1;
L_0000014d73883260 .part L_0000014d73824c40, 2, 1;
L_0000014d73883300 .part L_0000014d73824c40, 3, 1;
L_0000014d73883620 .part L_0000014d738250a0, 4, 1;
L_0000014d738818c0 .part L_0000014d738250a0, 0, 1;
L_0000014d73883800 .part L_0000014d73824c40, 1, 1;
L_0000014d738838a0 .part L_0000014d73824c40, 2, 1;
L_0000014d738839e0 .part L_0000014d73824c40, 3, 1;
L_0000014d73884200 .part L_0000014d738250a0, 4, 1;
L_0000014d738836c0 .part L_0000014d73824c40, 0, 1;
L_0000014d73884700 .part L_0000014d73824c40, 1, 1;
L_0000014d73883da0 .part L_0000014d73824c40, 2, 1;
L_0000014d73884fc0 .part L_0000014d73824c40, 3, 1;
L_0000014d73883b20 .part L_0000014d738250a0, 4, 1;
L_0000014d73884b60 .part L_0000014d738250a0, 0, 1;
L_0000014d738842a0 .part L_0000014d738250a0, 1, 1;
L_0000014d73883bc0 .part L_0000014d738250a0, 2, 1;
L_0000014d738847a0 .part L_0000014d738250a0, 3, 1;
L_0000014d73884340 .part L_0000014d73824c40, 4, 1;
L_0000014d73883940 .part L_0000014d73824c40, 0, 1;
L_0000014d73883c60 .part L_0000014d738250a0, 1, 1;
L_0000014d73883e40 .part L_0000014d738250a0, 2, 1;
L_0000014d73884660 .part L_0000014d738250a0, 3, 1;
L_0000014d73884840 .part L_0000014d73824c40, 4, 1;
L_0000014d738848e0 .part L_0000014d738250a0, 0, 1;
L_0000014d73883ee0 .part L_0000014d73824c40, 1, 1;
L_0000014d73884d40 .part L_0000014d738250a0, 2, 1;
L_0000014d738843e0 .part L_0000014d738250a0, 3, 1;
L_0000014d73883a80 .part L_0000014d73824c40, 4, 1;
L_0000014d73884480 .part L_0000014d73824c40, 0, 1;
L_0000014d73884520 .part L_0000014d73824c40, 1, 1;
L_0000014d738845c0 .part L_0000014d738250a0, 2, 1;
L_0000014d73884980 .part L_0000014d738250a0, 3, 1;
L_0000014d73884a20 .part L_0000014d73824c40, 4, 1;
L_0000014d73884ac0 .part L_0000014d738250a0, 0, 1;
L_0000014d73884c00 .part L_0000014d738250a0, 1, 1;
L_0000014d73884e80 .part L_0000014d73824c40, 2, 1;
L_0000014d73884ca0 .part L_0000014d738250a0, 3, 1;
L_0000014d73884de0 .part L_0000014d73824c40, 4, 1;
L_0000014d73883f80 .part L_0000014d73824c40, 0, 1;
L_0000014d73884f20 .part L_0000014d738250a0, 1, 1;
L_0000014d73883d00 .part L_0000014d73824c40, 2, 1;
L_0000014d73884020 .part L_0000014d738250a0, 3, 1;
L_0000014d738840c0 .part L_0000014d73824c40, 4, 1;
L_0000014d73884160 .part L_0000014d738250a0, 0, 1;
L_0000014d73888360 .part L_0000014d73824c40, 1, 1;
L_0000014d738893a0 .part L_0000014d73824c40, 2, 1;
L_0000014d73888400 .part L_0000014d738250a0, 3, 1;
L_0000014d73889260 .part L_0000014d73824c40, 4, 1;
L_0000014d738885e0 .part L_0000014d73824c40, 0, 1;
L_0000014d7388a480 .part L_0000014d73824c40, 1, 1;
L_0000014d7388a160 .part L_0000014d73824c40, 2, 1;
L_0000014d73889760 .part L_0000014d738250a0, 3, 1;
L_0000014d7388a520 .part L_0000014d73824c40, 4, 1;
L_0000014d73888ea0 .part L_0000014d738250a0, 0, 1;
L_0000014d738899e0 .part L_0000014d738250a0, 1, 1;
L_0000014d73888680 .part L_0000014d738250a0, 2, 1;
L_0000014d73888f40 .part L_0000014d73824c40, 3, 1;
L_0000014d738884a0 .part L_0000014d73824c40, 4, 1;
L_0000014d73889c60 .part L_0000014d73824c40, 0, 1;
L_0000014d738894e0 .part L_0000014d738250a0, 1, 1;
L_0000014d7388a700 .part L_0000014d738250a0, 2, 1;
L_0000014d73889580 .part L_0000014d73824c40, 3, 1;
L_0000014d73888540 .part L_0000014d73824c40, 4, 1;
L_0000014d73889a80 .part L_0000014d738250a0, 0, 1;
L_0000014d7388a5c0 .part L_0000014d73824c40, 1, 1;
L_0000014d73888fe0 .part L_0000014d738250a0, 2, 1;
L_0000014d73889800 .part L_0000014d73824c40, 3, 1;
L_0000014d73889bc0 .part L_0000014d73824c40, 4, 1;
L_0000014d73889440 .part L_0000014d73824c40, 0, 1;
L_0000014d7388a660 .part L_0000014d73824c40, 1, 1;
L_0000014d73889620 .part L_0000014d738250a0, 2, 1;
L_0000014d73888a40 .part L_0000014d73824c40, 3, 1;
L_0000014d7388a8e0 .part L_0000014d73824c40, 4, 1;
LS_0000014d73889d00_0_0 .concat8 [ 1 1 1 1], L_0000014d73886a10, L_0000014d73886d20, L_0000014d73886bd0, L_0000014d73886770;
LS_0000014d73889d00_0_4 .concat8 [ 1 1 1 1], L_0000014d73473160, L_0000014d738868c0, L_0000014d73886150, L_0000014d73886b60;
LS_0000014d73889d00_0_8 .concat8 [ 1 1 1 1], L_0000014d73472e50, L_0000014d73472de0, L_0000014d738861c0, L_0000014d73472ec0;
LS_0000014d73889d00_0_12 .concat8 [ 1 1 1 1], L_0000014d738867e0, L_0000014d73886e00, L_0000014d73473be0, L_0000014d734736a0;
LS_0000014d73889d00_0_16 .concat8 [ 1 1 1 1], L_0000014d734738d0, L_0000014d73473c50, L_0000014d73886380, L_0000014d73473710;
LS_0000014d73889d00_0_20 .concat8 [ 1 1 1 1], L_0000014d734739b0, L_0000014d734730f0, L_0000014d73886460, L_0000014d738864d0;
LS_0000014d73889d00_0_24 .concat8 [ 1 1 1 1], L_0000014d734731d0, L_0000014d73886700, L_0000014d73473a20, L_0000014d738869a0;
LS_0000014d73889d00_1_0 .concat8 [ 4 4 4 4], LS_0000014d73889d00_0_0, LS_0000014d73889d00_0_4, LS_0000014d73889d00_0_8, LS_0000014d73889d00_0_12;
LS_0000014d73889d00_1_4 .concat8 [ 4 4 4 0], LS_0000014d73889d00_0_16, LS_0000014d73889d00_0_20, LS_0000014d73889d00_0_24;
L_0000014d73889d00 .concat8 [ 16 12 0 0], LS_0000014d73889d00_1_0, LS_0000014d73889d00_1_4;
L_0000014d73889080 .part L_0000014d738250a0, 0, 1;
L_0000014d738896c0 .part L_0000014d738250a0, 1, 1;
L_0000014d738889a0 .part L_0000014d73824c40, 2, 1;
L_0000014d738898a0 .part L_0000014d73824c40, 3, 1;
L_0000014d73889b20 .part L_0000014d73824c40, 4, 1;
L_0000014d73889120 .part L_0000014d73889d00, 0, 1;
L_0000014d738891c0 .part v0000014d738246a0_0, 0, 1;
L_0000014d7388a340 .part L_0000014d73889d00, 1, 1;
L_0000014d7388a2a0 .part v0000014d738246a0_0, 1, 1;
L_0000014d73889da0 .part L_0000014d73889d00, 2, 1;
L_0000014d73889e40 .part v0000014d738246a0_0, 2, 1;
L_0000014d73888ae0 .part L_0000014d73889d00, 3, 1;
L_0000014d73889ee0 .part v0000014d738246a0_0, 3, 1;
L_0000014d73889300 .part L_0000014d73889d00, 4, 1;
L_0000014d73889940 .part v0000014d738246a0_0, 4, 1;
L_0000014d73889f80 .part L_0000014d73889d00, 5, 1;
L_0000014d7388a200 .part v0000014d738246a0_0, 5, 1;
L_0000014d73888720 .part L_0000014d73889d00, 6, 1;
L_0000014d73888c20 .part v0000014d738246a0_0, 6, 1;
L_0000014d738887c0 .part L_0000014d73889d00, 7, 1;
L_0000014d7388a020 .part v0000014d738246a0_0, 7, 1;
L_0000014d73888cc0 .part L_0000014d73889d00, 8, 1;
L_0000014d7388a0c0 .part v0000014d738246a0_0, 8, 1;
L_0000014d7388a3e0 .part L_0000014d73889d00, 9, 1;
L_0000014d7388a7a0 .part v0000014d738246a0_0, 9, 1;
L_0000014d7388a840 .part L_0000014d73889d00, 10, 1;
L_0000014d738882c0 .part v0000014d738246a0_0, 10, 1;
L_0000014d73888180 .part L_0000014d73889d00, 11, 1;
L_0000014d73888220 .part v0000014d738246a0_0, 11, 1;
L_0000014d73888b80 .part L_0000014d73889d00, 12, 1;
L_0000014d73888860 .part v0000014d738246a0_0, 12, 1;
L_0000014d73888900 .part L_0000014d73889d00, 13, 1;
L_0000014d73888d60 .part v0000014d738246a0_0, 13, 1;
L_0000014d73888e00 .part L_0000014d73889d00, 14, 1;
L_0000014d7388b7e0 .part v0000014d738246a0_0, 14, 1;
L_0000014d7388b060 .part L_0000014d73889d00, 15, 1;
L_0000014d7388aac0 .part v0000014d738246a0_0, 15, 1;
L_0000014d7388b6a0 .part L_0000014d73889d00, 16, 1;
L_0000014d7388b100 .part v0000014d738246a0_0, 16, 1;
L_0000014d7388bf60 .part L_0000014d73889d00, 17, 1;
L_0000014d7388bec0 .part v0000014d738246a0_0, 17, 1;
L_0000014d7388b380 .part L_0000014d73889d00, 18, 1;
L_0000014d7388b560 .part v0000014d738246a0_0, 18, 1;
L_0000014d7388be20 .part L_0000014d73889d00, 19, 1;
L_0000014d7388afc0 .part v0000014d738246a0_0, 19, 1;
L_0000014d7388b1a0 .part L_0000014d73889d00, 20, 1;
L_0000014d7388ab60 .part v0000014d738246a0_0, 20, 1;
L_0000014d7388b420 .part L_0000014d73889d00, 21, 1;
L_0000014d7388b600 .part v0000014d738246a0_0, 21, 1;
L_0000014d7388c000 .part L_0000014d73889d00, 22, 1;
L_0000014d7388b740 .part v0000014d738246a0_0, 22, 1;
L_0000014d7388aa20 .part L_0000014d73889d00, 23, 1;
L_0000014d7388b2e0 .part v0000014d738246a0_0, 23, 1;
L_0000014d7388ba60 .part L_0000014d73889d00, 24, 1;
L_0000014d7388a980 .part v0000014d738246a0_0, 24, 1;
L_0000014d7388b880 .part L_0000014d73889d00, 25, 1;
L_0000014d7388ac00 .part v0000014d738246a0_0, 25, 1;
L_0000014d7388b240 .part L_0000014d73889d00, 26, 1;
L_0000014d7388bc40 .part v0000014d738246a0_0, 26, 1;
LS_0000014d7388bb00_0_0 .concat8 [ 1 1 1 1], L_0000014d73886930, L_0000014d73886c40, L_0000014d73886a80, L_0000014d73886fc0;
LS_0000014d7388bb00_0_4 .concat8 [ 1 1 1 1], L_0000014d73886e70, L_0000014d73887030, L_0000014d73886690, L_0000014d73886ee0;
LS_0000014d7388bb00_0_8 .concat8 [ 1 1 1 1], L_0000014d738862a0, L_0000014d73886af0, L_0000014d738863f0, L_0000014d73886850;
LS_0000014d7388bb00_0_12 .concat8 [ 1 1 1 1], L_0000014d73886f50, L_0000014d73886540, L_0000014d73886cb0, L_0000014d738865b0;
LS_0000014d7388bb00_0_16 .concat8 [ 1 1 1 1], L_0000014d73886d90, L_0000014d73886620, L_0000014d73886230, L_0000014d73886310;
LS_0000014d7388bb00_0_20 .concat8 [ 1 1 1 1], L_0000014d73892480, L_0000014d738924f0, L_0000014d73892560, L_0000014d73891f40;
LS_0000014d7388bb00_0_24 .concat8 [ 1 1 1 1], L_0000014d738917d0, L_0000014d73892170, L_0000014d73891a70, L_0000014d73891ca0;
LS_0000014d7388bb00_1_0 .concat8 [ 4 4 4 4], LS_0000014d7388bb00_0_0, LS_0000014d7388bb00_0_4, LS_0000014d7388bb00_0_8, LS_0000014d7388bb00_0_12;
LS_0000014d7388bb00_1_4 .concat8 [ 4 4 4 0], LS_0000014d7388bb00_0_16, LS_0000014d7388bb00_0_20, LS_0000014d7388bb00_0_24;
L_0000014d7388bb00 .concat8 [ 16 12 0 0], LS_0000014d7388bb00_1_0, LS_0000014d7388bb00_1_4;
L_0000014d7388b920 .part L_0000014d73889d00, 27, 1;
L_0000014d7388ade0 .part v0000014d738246a0_0, 27, 1;
L_0000014d7388b9c0 .concat [ 28 4 0 0], L_0000014d7388bb00, L_0000014d73828148;
L_0000014d7388bba0 .arith/div 32, L_0000014d7388b9c0, L_0000014d73828190;
L_0000014d7388aca0 .part L_0000014d7388bba0, 0, 23;
    .scope S_0000014d73440180;
T_0 ;
    %vpi_call 2 11 "$dumpfile", "./files/Uni_HL_20221007_1058/A29N23234.vcd" {0 0 0};
    %vpi_call 2 12 "$dumpvars", 32'sb00000000000000000000000000000000, S_0000014d73440180 {0 0 0};
    %pushi/vec4 0, 0, 28;
    %store/vec4 v0000014d738246a0_0, 0, 28;
    %pushi/vec4 673784, 0, 28;
    %store/vec4 v0000014d738246a0_0, 0, 28;
    %delay 10, 0;
    %pushi/vec4 673778, 0, 28;
    %store/vec4 v0000014d738246a0_0, 0, 28;
    %delay 10, 0;
    %pushi/vec4 673770, 0, 28;
    %store/vec4 v0000014d738246a0_0, 0, 28;
    %delay 10, 0;
    %pushi/vec4 673754, 0, 28;
    %store/vec4 v0000014d738246a0_0, 0, 28;
    %delay 10, 0;
    %pushi/vec4 673722, 0, 28;
    %store/vec4 v0000014d738246a0_0, 0, 28;
    %delay 10, 0;
    %pushi/vec4 673658, 0, 28;
    %store/vec4 v0000014d738246a0_0, 0, 28;
    %delay 10, 0;
    %pushi/vec4 673530, 0, 28;
    %store/vec4 v0000014d738246a0_0, 0, 28;
    %delay 10, 0;
    %pushi/vec4 673274, 0, 28;
    %store/vec4 v0000014d738246a0_0, 0, 28;
    %delay 10, 0;
    %pushi/vec4 672762, 0, 28;
    %store/vec4 v0000014d738246a0_0, 0, 28;
    %delay 10, 0;
    %pushi/vec4 657402, 0, 28;
    %store/vec4 v0000014d738246a0_0, 0, 28;
    %delay 10, 0;
    %pushi/vec4 542714, 0, 28;
    %store/vec4 v0000014d738246a0_0, 0, 28;
    %delay 10, 0;
    %pushi/vec4 149498, 0, 28;
    %store/vec4 v0000014d738246a0_0, 0, 28;
    %delay 10, 0;
    %vpi_call 2 28 "$finish" {0 0 0};
    %end;
    .thread T_0;
# The file index is used to find the file name in the following table.
:file_names 4;
    "N/A";
    "<interactive>";
    "./files/Uni_HL_20221007_1058/ANdecoder_Uni_HL_29_tb_for_N_23234.v";
    "./files/Uni_HL_20221007_1058/ANdecoder_Uni_HL_29_for_N_23234.v";
