#! /c/Source/iverilog-install/bin/vvp
:ivl_version "12.0 (devel)" "(s20150603-1110-g18392a46)";
:ivl_delay_selection "TYPICAL";
:vpi_time_precision + 0;
:vpi_module "C:\iverilog\lib\ivl\system.vpi";
:vpi_module "C:\iverilog\lib\ivl\vhdl_sys.vpi";
:vpi_module "C:\iverilog\lib\ivl\vhdl_textio.vpi";
:vpi_module "C:\iverilog\lib\ivl\v2005_math.vpi";
:vpi_module "C:\iverilog\lib\ivl\va_math.vpi";
S_000001c7f05ba3f0 .scope module, "ANdecoder_tb" "ANdecoder_tb" 2 5;
 .timescale 0 0;
v000001c7f061f170_0 .var "ANe", 8 0;
v000001c7f061f350_0 .net "Nc", 3 0, L_000001c7f0636570;  1 drivers
S_000001c7f05ba580 .scope module, "D0" "ANdecoder" 2 9, 3 7 0, S_000001c7f05ba3f0;
 .timescale 0 0;
    .port_info 0 /INPUT 9 "ANe";
    .port_info 1 /OUTPUT 4 "Nc";
L_000001c7f05b8900 .functor NOT 1, L_000001c7f061f670, C4<0>, C4<0>, C4<0>;
L_000001c7f05b8c80 .functor NOT 1, L_000001c7f061f850, C4<0>, C4<0>, C4<0>;
L_000001c7f05b8970 .functor NOT 1, L_000001c7f06201b0, C4<0>, C4<0>, C4<0>;
L_000001c7f05b8c10 .functor NOT 1, L_000001c7f0620390, C4<0>, C4<0>, C4<0>;
L_000001c7f05b8f90 .functor NOT 1, L_000001c7f0620890, C4<0>, C4<0>, C4<0>;
L_000001c7f05b8ba0/0/0 .functor AND 1, L_000001c7f061fa30, L_000001c7f061fb70, L_000001c7f0620750, L_000001c7f0620430;
L_000001c7f05b8ba0/0/4 .functor AND 1, L_000001c7f06204d0, C4<1>, C4<1>, C4<1>;
L_000001c7f05b8ba0 .functor AND 1, L_000001c7f05b8ba0/0/0, L_000001c7f05b8ba0/0/4, C4<1>, C4<1>;
L_000001c7f05b93f0/0/0 .functor AND 1, L_000001c7f06207f0, L_000001c7f06209d0, L_000001c7f0620a70, L_000001c7f06329f0;
L_000001c7f05b93f0/0/4 .functor AND 1, L_000001c7f0631af0, C4<1>, C4<1>, C4<1>;
L_000001c7f05b93f0 .functor AND 1, L_000001c7f05b93f0/0/0, L_000001c7f05b93f0/0/4, C4<1>, C4<1>;
L_000001c7f05b91c0/0/0 .functor AND 1, L_000001c7f06314b0, L_000001c7f0631d70, L_000001c7f0631a50, L_000001c7f06312d0;
L_000001c7f05b91c0/0/4 .functor AND 1, L_000001c7f0632c70, C4<1>, C4<1>, C4<1>;
L_000001c7f05b91c0 .functor AND 1, L_000001c7f05b91c0/0/0, L_000001c7f05b91c0/0/4, C4<1>, C4<1>;
L_000001c7f05b87b0/0/0 .functor AND 1, L_000001c7f0632310, L_000001c7f0631f50, L_000001c7f06315f0, L_000001c7f0631e10;
L_000001c7f05b87b0/0/4 .functor AND 1, L_000001c7f06328b0, C4<1>, C4<1>, C4<1>;
L_000001c7f05b87b0 .functor AND 1, L_000001c7f05b87b0/0/0, L_000001c7f05b87b0/0/4, C4<1>, C4<1>;
L_000001c7f05b9460/0/0 .functor AND 1, L_000001c7f0632ef0, L_000001c7f0632e50, L_000001c7f0632950, L_000001c7f0631b90;
L_000001c7f05b9460/0/4 .functor AND 1, L_000001c7f0631c30, C4<1>, C4<1>, C4<1>;
L_000001c7f05b9460 .functor AND 1, L_000001c7f05b9460/0/0, L_000001c7f05b9460/0/4, C4<1>, C4<1>;
L_000001c7f05b90e0/0/0 .functor AND 1, L_000001c7f06326d0, L_000001c7f06323b0, L_000001c7f0632130, L_000001c7f0631550;
L_000001c7f05b90e0/0/4 .functor AND 1, L_000001c7f0631cd0, C4<1>, C4<1>, C4<1>;
L_000001c7f05b90e0 .functor AND 1, L_000001c7f05b90e0/0/0, L_000001c7f05b90e0/0/4, C4<1>, C4<1>;
L_000001c7f05b92a0/0/0 .functor AND 1, L_000001c7f0632b30, L_000001c7f0632a90, L_000001c7f0632bd0, L_000001c7f06324f0;
L_000001c7f05b92a0/0/4 .functor AND 1, L_000001c7f0631730, C4<1>, C4<1>, C4<1>;
L_000001c7f05b92a0 .functor AND 1, L_000001c7f05b92a0/0/0, L_000001c7f05b92a0/0/4, C4<1>, C4<1>;
L_000001c7f05b8dd0/0/0 .functor AND 1, L_000001c7f0631eb0, L_000001c7f0631ff0, L_000001c7f0631370, L_000001c7f0632090;
L_000001c7f05b8dd0/0/4 .functor AND 1, L_000001c7f0632f90, C4<1>, C4<1>, C4<1>;
L_000001c7f05b8dd0 .functor AND 1, L_000001c7f05b8dd0/0/0, L_000001c7f05b8dd0/0/4, C4<1>, C4<1>;
L_000001c7f05b9230/0/0 .functor AND 1, L_000001c7f0631190, L_000001c7f0632d10, L_000001c7f06321d0, L_000001c7f0632270;
L_000001c7f05b9230/0/4 .functor AND 1, L_000001c7f0632450, C4<1>, C4<1>, C4<1>;
L_000001c7f05b9230 .functor AND 1, L_000001c7f05b9230/0/0, L_000001c7f05b9230/0/4, C4<1>, C4<1>;
L_000001c7f05b94d0/0/0 .functor AND 1, L_000001c7f0631410, L_000001c7f0632db0, L_000001c7f0631910, L_000001c7f0631690;
L_000001c7f05b94d0/0/4 .functor AND 1, L_000001c7f0632590, C4<1>, C4<1>, C4<1>;
L_000001c7f05b94d0 .functor AND 1, L_000001c7f05b94d0/0/0, L_000001c7f05b94d0/0/4, C4<1>, C4<1>;
L_000001c7f05b8740/0/0 .functor AND 1, L_000001c7f0632630, L_000001c7f0632770, L_000001c7f0632810, L_000001c7f06310f0;
L_000001c7f05b8740/0/4 .functor AND 1, L_000001c7f0631230, C4<1>, C4<1>, C4<1>;
L_000001c7f05b8740 .functor AND 1, L_000001c7f05b8740/0/0, L_000001c7f05b8740/0/4, C4<1>, C4<1>;
L_000001c7f05b8d60/0/0 .functor AND 1, L_000001c7f06317d0, L_000001c7f0631870, L_000001c7f06319b0, L_000001c7f0633730;
L_000001c7f05b8d60/0/4 .functor AND 1, L_000001c7f0633870, C4<1>, C4<1>, C4<1>;
L_000001c7f05b8d60 .functor AND 1, L_000001c7f05b8d60/0/0, L_000001c7f05b8d60/0/4, C4<1>, C4<1>;
L_000001c7f05b9380/0/0 .functor AND 1, L_000001c7f0633d70, L_000001c7f06348b0, L_000001c7f0635df0, L_000001c7f0634ef0;
L_000001c7f05b9380/0/4 .functor AND 1, L_000001c7f0635710, C4<1>, C4<1>, C4<1>;
L_000001c7f05b9380 .functor AND 1, L_000001c7f05b9380/0/0, L_000001c7f05b9380/0/4, C4<1>, C4<1>;
L_000001c7f05b9540/0/0 .functor AND 1, L_000001c7f0634950, L_000001c7f0635670, L_000001c7f0633b90, L_000001c7f0634d10;
L_000001c7f05b9540/0/4 .functor AND 1, L_000001c7f0634590, C4<1>, C4<1>, C4<1>;
L_000001c7f05b9540 .functor AND 1, L_000001c7f05b9540/0/0, L_000001c7f05b9540/0/4, C4<1>, C4<1>;
L_000001c7f05b8e40/0/0 .functor AND 1, L_000001c7f0635d50, L_000001c7f0635cb0, L_000001c7f0635e90, L_000001c7f06353f0;
L_000001c7f05b8e40/0/4 .functor AND 1, L_000001c7f0633a50, C4<1>, C4<1>, C4<1>;
L_000001c7f05b8e40 .functor AND 1, L_000001c7f05b8e40/0/0, L_000001c7f05b8e40/0/4, C4<1>, C4<1>;
L_000001c7f05b8f20/0/0 .functor AND 1, L_000001c7f06344f0, L_000001c7f0633910, L_000001c7f06339b0, L_000001c7f0633e10;
L_000001c7f05b8f20/0/4 .functor AND 1, L_000001c7f06349f0, C4<1>, C4<1>, C4<1>;
L_000001c7f05b8f20 .functor AND 1, L_000001c7f05b8f20/0/0, L_000001c7f05b8f20/0/4, C4<1>, C4<1>;
L_000001c7f05b95b0/0/0 .functor AND 1, L_000001c7f06350d0, L_000001c7f06358f0, L_000001c7f0633eb0, L_000001c7f0634a90;
L_000001c7f05b95b0/0/4 .functor AND 1, L_000001c7f06357b0, C4<1>, C4<1>, C4<1>;
L_000001c7f05b95b0 .functor AND 1, L_000001c7f05b95b0/0/0, L_000001c7f05b95b0/0/4, C4<1>, C4<1>;
L_000001c7f05b9070/0/0 .functor AND 1, L_000001c7f0634c70, L_000001c7f0635990, L_000001c7f0635850, L_000001c7f0634450;
L_000001c7f05b9070/0/4 .functor AND 1, L_000001c7f0635490, C4<1>, C4<1>, C4<1>;
L_000001c7f05b9070 .functor AND 1, L_000001c7f05b9070/0/0, L_000001c7f05b9070/0/4, C4<1>, C4<1>;
L_000001c7f05b9150 .functor OR 1, L_000001c7f0633af0, L_000001c7f0635c10, C4<0>, C4<0>;
L_000001c7f05b9310 .functor OR 1, L_000001c7f0635ad0, L_000001c7f0635530, C4<0>, C4<0>;
L_000001c7f05b86d0 .functor OR 1, L_000001c7f0634b30, L_000001c7f0634630, C4<0>, C4<0>;
L_000001c7f05b8820 .functor OR 1, L_000001c7f06355d0, L_000001c7f0635b70, C4<0>, C4<0>;
L_000001c7f05b8890 .functor OR 1, L_000001c7f0634bd0, L_000001c7f06337d0, C4<0>, C4<0>;
L_000001c7f06391c0 .functor OR 1, L_000001c7f06346d0, L_000001c7f0635170, C4<0>, C4<0>;
L_000001c7f0639150 .functor OR 1, L_000001c7f0634130, L_000001c7f0635350, C4<0>, C4<0>;
L_000001c7f0639380 .functor OR 1, L_000001c7f0634e50, L_000001c7f0634770, C4<0>, C4<0>;
L_000001c7f0639770 .functor OR 1, L_000001c7f0633c30, L_000001c7f0633ff0, C4<0>, C4<0>;
L_000001c7f0639930 .functor XOR 1, L_000001c7f06343b0, L_000001c7f0635030, C4<0>, C4<0>;
L_000001c7f0638ba0 .functor XOR 1, L_000001c7f0633cd0, L_000001c7f0634810, C4<0>, C4<0>;
L_000001c7f06397e0 .functor XOR 1, L_000001c7f0635a30, L_000001c7f0635210, C4<0>, C4<0>;
L_000001c7f0639070 .functor XOR 1, L_000001c7f0633f50, L_000001c7f0634090, C4<0>, C4<0>;
L_000001c7f06393f0 .functor XOR 1, L_000001c7f06341d0, L_000001c7f0634270, C4<0>, C4<0>;
L_000001c7f0638d60 .functor XOR 1, L_000001c7f06352b0, L_000001c7f0637290, C4<0>, C4<0>;
L_000001c7f0639230 .functor XOR 1, L_000001c7f0636d90, L_000001c7f0636890, C4<0>, C4<0>;
L_000001c7f06399a0 .functor XOR 1, L_000001c7f0637150, L_000001c7f0636750, C4<0>, C4<0>;
L_000001c7f0639690 .functor XOR 1, L_000001c7f0637010, L_000001c7f0637510, C4<0>, C4<0>;
v000001c7f05b17d0_0 .net "ANc", 8 0, L_000001c7f0635fd0;  1 drivers
v000001c7f05b1910_0 .net "ANe", 8 0, v000001c7f061f170_0;  1 drivers
v000001c7f057fd90_0 .net "Nc", 3 0, L_000001c7f0636570;  alias, 1 drivers
v000001c7f057ee90_0 .net *"_ivl_0", 31 0, L_000001c7f0620110;  1 drivers
v000001c7f059f8b0_0 .net *"_ivl_10", 0 0, L_000001c7f05b8900;  1 drivers
v000001c7f0576ef0_0 .net *"_ivl_100", 0 0, L_000001c7f0631550;  1 drivers
v000001c7f0618120_0 .net *"_ivl_102", 0 0, L_000001c7f0631cd0;  1 drivers
v000001c7f06192a0_0 .net *"_ivl_103", 0 0, L_000001c7f05b92a0;  1 drivers
v000001c7f0618bc0_0 .net *"_ivl_106", 0 0, L_000001c7f0632b30;  1 drivers
v000001c7f0618940_0 .net *"_ivl_108", 0 0, L_000001c7f0632a90;  1 drivers
v000001c7f0618c60_0 .net *"_ivl_110", 0 0, L_000001c7f0632bd0;  1 drivers
v000001c7f06189e0_0 .net *"_ivl_112", 0 0, L_000001c7f06324f0;  1 drivers
v000001c7f0618440_0 .net *"_ivl_114", 0 0, L_000001c7f0631730;  1 drivers
v000001c7f0618da0_0 .net *"_ivl_115", 0 0, L_000001c7f05b8dd0;  1 drivers
v000001c7f0619c00_0 .net *"_ivl_118", 0 0, L_000001c7f0631eb0;  1 drivers
v000001c7f06193e0_0 .net *"_ivl_120", 0 0, L_000001c7f0631ff0;  1 drivers
v000001c7f0618f80_0 .net *"_ivl_122", 0 0, L_000001c7f0631370;  1 drivers
v000001c7f06184e0_0 .net *"_ivl_124", 0 0, L_000001c7f0632090;  1 drivers
v000001c7f0618260_0 .net *"_ivl_126", 0 0, L_000001c7f0632f90;  1 drivers
v000001c7f0619480_0 .net *"_ivl_127", 0 0, L_000001c7f05b9230;  1 drivers
v000001c7f0619200_0 .net *"_ivl_13", 0 0, L_000001c7f061f670;  1 drivers
v000001c7f0619520_0 .net *"_ivl_130", 0 0, L_000001c7f0631190;  1 drivers
v000001c7f0618d00_0 .net *"_ivl_132", 0 0, L_000001c7f0632d10;  1 drivers
v000001c7f0618580_0 .net *"_ivl_134", 0 0, L_000001c7f06321d0;  1 drivers
v000001c7f0618e40_0 .net *"_ivl_136", 0 0, L_000001c7f0632270;  1 drivers
v000001c7f0618ee0_0 .net *"_ivl_138", 0 0, L_000001c7f0632450;  1 drivers
v000001c7f0619160_0 .net *"_ivl_139", 0 0, L_000001c7f05b94d0;  1 drivers
v000001c7f0619ca0_0 .net *"_ivl_14", 0 0, L_000001c7f05b8c80;  1 drivers
v000001c7f0619700_0 .net *"_ivl_142", 0 0, L_000001c7f0631410;  1 drivers
v000001c7f0619a20_0 .net *"_ivl_144", 0 0, L_000001c7f0632db0;  1 drivers
v000001c7f0619d40_0 .net *"_ivl_146", 0 0, L_000001c7f0631910;  1 drivers
v000001c7f0618a80_0 .net *"_ivl_148", 0 0, L_000001c7f0631690;  1 drivers
v000001c7f0618620_0 .net *"_ivl_150", 0 0, L_000001c7f0632590;  1 drivers
v000001c7f0619340_0 .net *"_ivl_151", 0 0, L_000001c7f05b8740;  1 drivers
v000001c7f0619de0_0 .net *"_ivl_154", 0 0, L_000001c7f0632630;  1 drivers
v000001c7f0619e80_0 .net *"_ivl_156", 0 0, L_000001c7f0632770;  1 drivers
v000001c7f0619ac0_0 .net *"_ivl_158", 0 0, L_000001c7f0632810;  1 drivers
v000001c7f0619f20_0 .net *"_ivl_160", 0 0, L_000001c7f06310f0;  1 drivers
v000001c7f0619b60_0 .net *"_ivl_162", 0 0, L_000001c7f0631230;  1 drivers
v000001c7f0618b20_0 .net *"_ivl_163", 0 0, L_000001c7f05b8d60;  1 drivers
v000001c7f0619020_0 .net *"_ivl_166", 0 0, L_000001c7f06317d0;  1 drivers
v000001c7f06197a0_0 .net *"_ivl_168", 0 0, L_000001c7f0631870;  1 drivers
v000001c7f0619660_0 .net *"_ivl_17", 0 0, L_000001c7f061f850;  1 drivers
v000001c7f06190c0_0 .net *"_ivl_170", 0 0, L_000001c7f06319b0;  1 drivers
v000001c7f0618080_0 .net *"_ivl_172", 0 0, L_000001c7f0633730;  1 drivers
v000001c7f06195c0_0 .net *"_ivl_174", 0 0, L_000001c7f0633870;  1 drivers
v000001c7f0619980_0 .net *"_ivl_175", 0 0, L_000001c7f05b9380;  1 drivers
v000001c7f0619840_0 .net *"_ivl_178", 0 0, L_000001c7f0633d70;  1 drivers
v000001c7f06183a0_0 .net *"_ivl_18", 0 0, L_000001c7f05b8970;  1 drivers
v000001c7f06198e0_0 .net *"_ivl_180", 0 0, L_000001c7f06348b0;  1 drivers
v000001c7f06186c0_0 .net *"_ivl_182", 0 0, L_000001c7f0635df0;  1 drivers
v000001c7f06181c0_0 .net *"_ivl_184", 0 0, L_000001c7f0634ef0;  1 drivers
v000001c7f0618300_0 .net *"_ivl_186", 0 0, L_000001c7f0635710;  1 drivers
v000001c7f0618760_0 .net *"_ivl_187", 0 0, L_000001c7f05b9540;  1 drivers
v000001c7f0618800_0 .net *"_ivl_190", 0 0, L_000001c7f0634950;  1 drivers
v000001c7f06188a0_0 .net *"_ivl_192", 0 0, L_000001c7f0635670;  1 drivers
v000001c7f061a810_0 .net *"_ivl_194", 0 0, L_000001c7f0633b90;  1 drivers
v000001c7f061a8b0_0 .net *"_ivl_196", 0 0, L_000001c7f0634d10;  1 drivers
v000001c7f061b8f0_0 .net *"_ivl_198", 0 0, L_000001c7f0634590;  1 drivers
v000001c7f061b3f0_0 .net *"_ivl_199", 0 0, L_000001c7f05b8e40;  1 drivers
v000001c7f061bd50_0 .net *"_ivl_202", 0 0, L_000001c7f0635d50;  1 drivers
v000001c7f061b850_0 .net *"_ivl_204", 0 0, L_000001c7f0635cb0;  1 drivers
v000001c7f061a130_0 .net *"_ivl_206", 0 0, L_000001c7f0635e90;  1 drivers
v000001c7f061ac70_0 .net *"_ivl_208", 0 0, L_000001c7f06353f0;  1 drivers
v000001c7f061bad0_0 .net *"_ivl_21", 0 0, L_000001c7f06201b0;  1 drivers
v000001c7f061b490_0 .net *"_ivl_210", 0 0, L_000001c7f0633a50;  1 drivers
v000001c7f061b530_0 .net *"_ivl_211", 0 0, L_000001c7f05b8f20;  1 drivers
v000001c7f061aa90_0 .net *"_ivl_214", 0 0, L_000001c7f06344f0;  1 drivers
v000001c7f061a6d0_0 .net *"_ivl_216", 0 0, L_000001c7f0633910;  1 drivers
v000001c7f061af90_0 .net *"_ivl_218", 0 0, L_000001c7f06339b0;  1 drivers
v000001c7f061a450_0 .net *"_ivl_22", 0 0, L_000001c7f05b8c10;  1 drivers
v000001c7f061b990_0 .net *"_ivl_220", 0 0, L_000001c7f0633e10;  1 drivers
v000001c7f061a270_0 .net *"_ivl_222", 0 0, L_000001c7f06349f0;  1 drivers
v000001c7f061a770_0 .net *"_ivl_223", 0 0, L_000001c7f05b95b0;  1 drivers
v000001c7f061b7b0_0 .net *"_ivl_226", 0 0, L_000001c7f06350d0;  1 drivers
v000001c7f061a950_0 .net *"_ivl_228", 0 0, L_000001c7f06358f0;  1 drivers
v000001c7f061bb70_0 .net *"_ivl_230", 0 0, L_000001c7f0633eb0;  1 drivers
v000001c7f061ba30_0 .net *"_ivl_232", 0 0, L_000001c7f0634a90;  1 drivers
v000001c7f061ae50_0 .net *"_ivl_234", 0 0, L_000001c7f06357b0;  1 drivers
v000001c7f061aef0_0 .net *"_ivl_235", 0 0, L_000001c7f05b9070;  1 drivers
v000001c7f061bc10_0 .net *"_ivl_239", 0 0, L_000001c7f0634c70;  1 drivers
v000001c7f061bcb0_0 .net *"_ivl_241", 0 0, L_000001c7f0635990;  1 drivers
v000001c7f061b030_0 .net *"_ivl_243", 0 0, L_000001c7f0635850;  1 drivers
v000001c7f061a9f0_0 .net *"_ivl_245", 0 0, L_000001c7f0634450;  1 drivers
v000001c7f061ab30_0 .net *"_ivl_247", 0 0, L_000001c7f0635490;  1 drivers
v000001c7f061a3b0_0 .net *"_ivl_248", 0 0, L_000001c7f05b9150;  1 drivers
v000001c7f061a1d0_0 .net *"_ivl_25", 0 0, L_000001c7f0620390;  1 drivers
v000001c7f061bdf0_0 .net *"_ivl_251", 0 0, L_000001c7f0633af0;  1 drivers
v000001c7f061a310_0 .net *"_ivl_253", 0 0, L_000001c7f0635c10;  1 drivers
v000001c7f061abd0_0 .net *"_ivl_254", 0 0, L_000001c7f05b9310;  1 drivers
v000001c7f061adb0_0 .net *"_ivl_257", 0 0, L_000001c7f0635ad0;  1 drivers
v000001c7f061be90_0 .net *"_ivl_259", 0 0, L_000001c7f0635530;  1 drivers
v000001c7f061ad10_0 .net *"_ivl_26", 0 0, L_000001c7f05b8f90;  1 drivers
v000001c7f061bf30_0 .net *"_ivl_260", 0 0, L_000001c7f05b86d0;  1 drivers
v000001c7f061b0d0_0 .net *"_ivl_263", 0 0, L_000001c7f0634b30;  1 drivers
v000001c7f061b710_0 .net *"_ivl_265", 0 0, L_000001c7f0634630;  1 drivers
v000001c7f061b170_0 .net *"_ivl_266", 0 0, L_000001c7f05b8820;  1 drivers
v000001c7f061a590_0 .net *"_ivl_269", 0 0, L_000001c7f06355d0;  1 drivers
v000001c7f061a090_0 .net *"_ivl_271", 0 0, L_000001c7f0635b70;  1 drivers
v000001c7f061b210_0 .net *"_ivl_272", 0 0, L_000001c7f05b8890;  1 drivers
v000001c7f061b5d0_0 .net *"_ivl_275", 0 0, L_000001c7f0634bd0;  1 drivers
v000001c7f061b2b0_0 .net *"_ivl_277", 0 0, L_000001c7f06337d0;  1 drivers
v000001c7f061a4f0_0 .net *"_ivl_278", 0 0, L_000001c7f06391c0;  1 drivers
v000001c7f061a630_0 .net *"_ivl_281", 0 0, L_000001c7f06346d0;  1 drivers
v000001c7f061b350_0 .net *"_ivl_283", 0 0, L_000001c7f0635170;  1 drivers
v000001c7f061b670_0 .net *"_ivl_284", 0 0, L_000001c7f0639150;  1 drivers
v000001c7f061cdb0_0 .net *"_ivl_287", 0 0, L_000001c7f0634130;  1 drivers
v000001c7f061e110_0 .net *"_ivl_289", 0 0, L_000001c7f0635350;  1 drivers
v000001c7f061d170_0 .net *"_ivl_290", 0 0, L_000001c7f0639380;  1 drivers
v000001c7f061d3f0_0 .net *"_ivl_293", 0 0, L_000001c7f0634e50;  1 drivers
v000001c7f061d210_0 .net *"_ivl_295", 0 0, L_000001c7f0634770;  1 drivers
v000001c7f061cc70_0 .net *"_ivl_296", 0 0, L_000001c7f0639770;  1 drivers
L_000001c7f09f0088 .functor BUFT 1, C4<00000000000000000000000>, C4<0>, C4<0>, C4<0>;
v000001c7f061d5d0_0 .net *"_ivl_3", 22 0, L_000001c7f09f0088;  1 drivers
v000001c7f061e430_0 .net *"_ivl_30", 0 0, L_000001c7f0620890;  1 drivers
v000001c7f061dc10_0 .net *"_ivl_300", 0 0, L_000001c7f0633c30;  1 drivers
v000001c7f061d7b0_0 .net *"_ivl_302", 0 0, L_000001c7f0633ff0;  1 drivers
v000001c7f061cd10_0 .net *"_ivl_303", 0 0, L_000001c7f0639930;  1 drivers
v000001c7f061ca90_0 .net *"_ivl_306", 0 0, L_000001c7f06343b0;  1 drivers
v000001c7f061dcb0_0 .net *"_ivl_308", 0 0, L_000001c7f0635030;  1 drivers
v000001c7f061da30_0 .net *"_ivl_309", 0 0, L_000001c7f0638ba0;  1 drivers
v000001c7f061dd50_0 .net *"_ivl_31", 0 0, L_000001c7f05b8ba0;  1 drivers
v000001c7f061d530_0 .net *"_ivl_312", 0 0, L_000001c7f0633cd0;  1 drivers
v000001c7f061ce50_0 .net *"_ivl_314", 0 0, L_000001c7f0634810;  1 drivers
v000001c7f061d670_0 .net *"_ivl_315", 0 0, L_000001c7f06397e0;  1 drivers
v000001c7f061d710_0 .net *"_ivl_318", 0 0, L_000001c7f0635a30;  1 drivers
v000001c7f061d990_0 .net *"_ivl_320", 0 0, L_000001c7f0635210;  1 drivers
v000001c7f061e4d0_0 .net *"_ivl_321", 0 0, L_000001c7f0639070;  1 drivers
v000001c7f061df30_0 .net *"_ivl_324", 0 0, L_000001c7f0633f50;  1 drivers
v000001c7f061e250_0 .net *"_ivl_326", 0 0, L_000001c7f0634090;  1 drivers
v000001c7f061e570_0 .net *"_ivl_327", 0 0, L_000001c7f06393f0;  1 drivers
v000001c7f061d2b0_0 .net *"_ivl_330", 0 0, L_000001c7f06341d0;  1 drivers
v000001c7f061cef0_0 .net *"_ivl_332", 0 0, L_000001c7f0634270;  1 drivers
v000001c7f061dad0_0 .net *"_ivl_333", 0 0, L_000001c7f0638d60;  1 drivers
v000001c7f061e610_0 .net *"_ivl_336", 0 0, L_000001c7f06352b0;  1 drivers
v000001c7f061e6b0_0 .net *"_ivl_338", 0 0, L_000001c7f0637290;  1 drivers
v000001c7f061e2f0_0 .net *"_ivl_339", 0 0, L_000001c7f0639230;  1 drivers
v000001c7f061e750_0 .net *"_ivl_34", 0 0, L_000001c7f061fa30;  1 drivers
v000001c7f061d350_0 .net *"_ivl_342", 0 0, L_000001c7f0636d90;  1 drivers
v000001c7f061d850_0 .net *"_ivl_344", 0 0, L_000001c7f0636890;  1 drivers
v000001c7f061cb30_0 .net *"_ivl_345", 0 0, L_000001c7f06399a0;  1 drivers
v000001c7f061d8f0_0 .net *"_ivl_348", 0 0, L_000001c7f0637150;  1 drivers
v000001c7f061de90_0 .net *"_ivl_350", 0 0, L_000001c7f0636750;  1 drivers
v000001c7f061db70_0 .net *"_ivl_351", 0 0, L_000001c7f0639690;  1 drivers
v000001c7f061d490_0 .net *"_ivl_355", 0 0, L_000001c7f0637010;  1 drivers
v000001c7f061ddf0_0 .net *"_ivl_357", 0 0, L_000001c7f0637510;  1 drivers
v000001c7f061dfd0_0 .net *"_ivl_358", 31 0, L_000001c7f0636070;  1 drivers
v000001c7f061d0d0_0 .net *"_ivl_36", 0 0, L_000001c7f061fb70;  1 drivers
L_000001c7f09f0118 .functor BUFT 1, C4<00000000000000000000000>, C4<0>, C4<0>, C4<0>;
v000001c7f061e070_0 .net *"_ivl_361", 22 0, L_000001c7f09f0118;  1 drivers
L_000001c7f09f0160 .functor BUFT 1, C4<00000000000000000000000000010011>, C4<0>, C4<0>, C4<0>;
v000001c7f061e1b0_0 .net/2u *"_ivl_362", 31 0, L_000001c7f09f0160;  1 drivers
v000001c7f061c8b0_0 .net *"_ivl_364", 31 0, L_000001c7f0636430;  1 drivers
v000001c7f061e390_0 .net *"_ivl_38", 0 0, L_000001c7f0620750;  1 drivers
L_000001c7f09f00d0 .functor BUFT 1, C4<00000000000000000000000000010011>, C4<0>, C4<0>, C4<0>;
v000001c7f061c950_0 .net/2u *"_ivl_4", 31 0, L_000001c7f09f00d0;  1 drivers
v000001c7f061c9f0_0 .net *"_ivl_40", 0 0, L_000001c7f0620430;  1 drivers
v000001c7f061cbd0_0 .net *"_ivl_42", 0 0, L_000001c7f06204d0;  1 drivers
v000001c7f061cf90_0 .net *"_ivl_43", 0 0, L_000001c7f05b93f0;  1 drivers
v000001c7f061d030_0 .net *"_ivl_46", 0 0, L_000001c7f06207f0;  1 drivers
v000001c7f0620930_0 .net *"_ivl_48", 0 0, L_000001c7f06209d0;  1 drivers
v000001c7f061fcb0_0 .net *"_ivl_50", 0 0, L_000001c7f0620a70;  1 drivers
v000001c7f0620250_0 .net *"_ivl_52", 0 0, L_000001c7f06329f0;  1 drivers
v000001c7f061f2b0_0 .net *"_ivl_54", 0 0, L_000001c7f0631af0;  1 drivers
v000001c7f061fc10_0 .net *"_ivl_55", 0 0, L_000001c7f05b91c0;  1 drivers
v000001c7f061f3f0_0 .net *"_ivl_58", 0 0, L_000001c7f06314b0;  1 drivers
v000001c7f0620b10_0 .net *"_ivl_6", 31 0, L_000001c7f061f530;  1 drivers
v000001c7f061f710_0 .net *"_ivl_60", 0 0, L_000001c7f0631d70;  1 drivers
v000001c7f061f490_0 .net *"_ivl_62", 0 0, L_000001c7f0631a50;  1 drivers
v000001c7f061fe90_0 .net *"_ivl_64", 0 0, L_000001c7f06312d0;  1 drivers
v000001c7f0620e30_0 .net *"_ivl_66", 0 0, L_000001c7f0632c70;  1 drivers
v000001c7f061f990_0 .net *"_ivl_67", 0 0, L_000001c7f05b87b0;  1 drivers
v000001c7f061ff30_0 .net *"_ivl_70", 0 0, L_000001c7f0632310;  1 drivers
v000001c7f0620c50_0 .net *"_ivl_72", 0 0, L_000001c7f0631f50;  1 drivers
v000001c7f0620f70_0 .net *"_ivl_74", 0 0, L_000001c7f06315f0;  1 drivers
v000001c7f061fad0_0 .net *"_ivl_76", 0 0, L_000001c7f0631e10;  1 drivers
v000001c7f0620bb0_0 .net *"_ivl_78", 0 0, L_000001c7f06328b0;  1 drivers
v000001c7f061f5d0_0 .net *"_ivl_79", 0 0, L_000001c7f05b9460;  1 drivers
v000001c7f0620cf0_0 .net *"_ivl_82", 0 0, L_000001c7f0632ef0;  1 drivers
v000001c7f061fd50_0 .net *"_ivl_84", 0 0, L_000001c7f0632e50;  1 drivers
v000001c7f061fdf0_0 .net *"_ivl_86", 0 0, L_000001c7f0632950;  1 drivers
v000001c7f0620d90_0 .net *"_ivl_88", 0 0, L_000001c7f0631b90;  1 drivers
v000001c7f0620570_0 .net *"_ivl_90", 0 0, L_000001c7f0631c30;  1 drivers
v000001c7f061ffd0_0 .net *"_ivl_91", 0 0, L_000001c7f05b90e0;  1 drivers
v000001c7f0620ed0_0 .net *"_ivl_94", 0 0, L_000001c7f06326d0;  1 drivers
v000001c7f06202f0_0 .net *"_ivl_96", 0 0, L_000001c7f06323b0;  1 drivers
v000001c7f0620610_0 .net *"_ivl_98", 0 0, L_000001c7f0632130;  1 drivers
v000001c7f061f0d0_0 .net "and_out", 17 0, L_000001c7f0634310;  1 drivers
v000001c7f061f210_0 .net "error_bit", 8 0, L_000001c7f0634f90;  1 drivers
v000001c7f0620070_0 .net "mod_tri", 4 0, L_000001c7f061f7b0;  1 drivers
v000001c7f06206b0_0 .net "not_mod_tri", 4 0, L_000001c7f061f8f0;  1 drivers
L_000001c7f0620110 .concat [ 9 23 0 0], v000001c7f061f170_0, L_000001c7f09f0088;
L_000001c7f061f530 .arith/mod 32, L_000001c7f0620110, L_000001c7f09f00d0;
L_000001c7f061f7b0 .part L_000001c7f061f530, 0, 5;
L_000001c7f061f670 .part L_000001c7f061f7b0, 0, 1;
L_000001c7f061f850 .part L_000001c7f061f7b0, 1, 1;
L_000001c7f06201b0 .part L_000001c7f061f7b0, 2, 1;
L_000001c7f0620390 .part L_000001c7f061f7b0, 3, 1;
LS_000001c7f061f8f0_0_0 .concat8 [ 1 1 1 1], L_000001c7f05b8900, L_000001c7f05b8c80, L_000001c7f05b8970, L_000001c7f05b8c10;
LS_000001c7f061f8f0_0_4 .concat8 [ 1 0 0 0], L_000001c7f05b8f90;
L_000001c7f061f8f0 .concat8 [ 4 1 0 0], LS_000001c7f061f8f0_0_0, LS_000001c7f061f8f0_0_4;
L_000001c7f0620890 .part L_000001c7f061f7b0, 4, 1;
L_000001c7f061fa30 .part L_000001c7f061f7b0, 0, 1;
L_000001c7f061fb70 .part L_000001c7f061f8f0, 1, 1;
L_000001c7f0620750 .part L_000001c7f061f8f0, 2, 1;
L_000001c7f0620430 .part L_000001c7f061f8f0, 3, 1;
L_000001c7f06204d0 .part L_000001c7f061f8f0, 4, 1;
L_000001c7f06207f0 .part L_000001c7f061f8f0, 0, 1;
L_000001c7f06209d0 .part L_000001c7f061f7b0, 1, 1;
L_000001c7f0620a70 .part L_000001c7f061f8f0, 2, 1;
L_000001c7f06329f0 .part L_000001c7f061f8f0, 3, 1;
L_000001c7f0631af0 .part L_000001c7f061f8f0, 4, 1;
L_000001c7f06314b0 .part L_000001c7f061f7b0, 0, 1;
L_000001c7f0631d70 .part L_000001c7f061f7b0, 1, 1;
L_000001c7f0631a50 .part L_000001c7f061f8f0, 2, 1;
L_000001c7f06312d0 .part L_000001c7f061f8f0, 3, 1;
L_000001c7f0632c70 .part L_000001c7f061f8f0, 4, 1;
L_000001c7f0632310 .part L_000001c7f061f8f0, 0, 1;
L_000001c7f0631f50 .part L_000001c7f061f8f0, 1, 1;
L_000001c7f06315f0 .part L_000001c7f061f7b0, 2, 1;
L_000001c7f0631e10 .part L_000001c7f061f8f0, 3, 1;
L_000001c7f06328b0 .part L_000001c7f061f8f0, 4, 1;
L_000001c7f0632ef0 .part L_000001c7f061f7b0, 0, 1;
L_000001c7f0632e50 .part L_000001c7f061f8f0, 1, 1;
L_000001c7f0632950 .part L_000001c7f061f7b0, 2, 1;
L_000001c7f0631b90 .part L_000001c7f061f8f0, 3, 1;
L_000001c7f0631c30 .part L_000001c7f061f8f0, 4, 1;
L_000001c7f06326d0 .part L_000001c7f061f8f0, 0, 1;
L_000001c7f06323b0 .part L_000001c7f061f7b0, 1, 1;
L_000001c7f0632130 .part L_000001c7f061f7b0, 2, 1;
L_000001c7f0631550 .part L_000001c7f061f8f0, 3, 1;
L_000001c7f0631cd0 .part L_000001c7f061f8f0, 4, 1;
L_000001c7f0632b30 .part L_000001c7f061f7b0, 0, 1;
L_000001c7f0632a90 .part L_000001c7f061f7b0, 1, 1;
L_000001c7f0632bd0 .part L_000001c7f061f7b0, 2, 1;
L_000001c7f06324f0 .part L_000001c7f061f8f0, 3, 1;
L_000001c7f0631730 .part L_000001c7f061f8f0, 4, 1;
L_000001c7f0631eb0 .part L_000001c7f061f8f0, 0, 1;
L_000001c7f0631ff0 .part L_000001c7f061f8f0, 1, 1;
L_000001c7f0631370 .part L_000001c7f061f8f0, 2, 1;
L_000001c7f0632090 .part L_000001c7f061f7b0, 3, 1;
L_000001c7f0632f90 .part L_000001c7f061f8f0, 4, 1;
L_000001c7f0631190 .part L_000001c7f061f7b0, 0, 1;
L_000001c7f0632d10 .part L_000001c7f061f8f0, 1, 1;
L_000001c7f06321d0 .part L_000001c7f061f8f0, 2, 1;
L_000001c7f0632270 .part L_000001c7f061f7b0, 3, 1;
L_000001c7f0632450 .part L_000001c7f061f8f0, 4, 1;
L_000001c7f0631410 .part L_000001c7f061f8f0, 0, 1;
L_000001c7f0632db0 .part L_000001c7f061f7b0, 1, 1;
L_000001c7f0631910 .part L_000001c7f061f8f0, 2, 1;
L_000001c7f0631690 .part L_000001c7f061f7b0, 3, 1;
L_000001c7f0632590 .part L_000001c7f061f8f0, 4, 1;
L_000001c7f0632630 .part L_000001c7f061f7b0, 0, 1;
L_000001c7f0632770 .part L_000001c7f061f7b0, 1, 1;
L_000001c7f0632810 .part L_000001c7f061f8f0, 2, 1;
L_000001c7f06310f0 .part L_000001c7f061f7b0, 3, 1;
L_000001c7f0631230 .part L_000001c7f061f8f0, 4, 1;
L_000001c7f06317d0 .part L_000001c7f061f8f0, 0, 1;
L_000001c7f0631870 .part L_000001c7f061f8f0, 1, 1;
L_000001c7f06319b0 .part L_000001c7f061f7b0, 2, 1;
L_000001c7f0633730 .part L_000001c7f061f7b0, 3, 1;
L_000001c7f0633870 .part L_000001c7f061f8f0, 4, 1;
L_000001c7f0633d70 .part L_000001c7f061f7b0, 0, 1;
L_000001c7f06348b0 .part L_000001c7f061f8f0, 1, 1;
L_000001c7f0635df0 .part L_000001c7f061f7b0, 2, 1;
L_000001c7f0634ef0 .part L_000001c7f061f7b0, 3, 1;
L_000001c7f0635710 .part L_000001c7f061f8f0, 4, 1;
L_000001c7f0634950 .part L_000001c7f061f8f0, 0, 1;
L_000001c7f0635670 .part L_000001c7f061f7b0, 1, 1;
L_000001c7f0633b90 .part L_000001c7f061f7b0, 2, 1;
L_000001c7f0634d10 .part L_000001c7f061f7b0, 3, 1;
L_000001c7f0634590 .part L_000001c7f061f8f0, 4, 1;
L_000001c7f0635d50 .part L_000001c7f061f7b0, 0, 1;
L_000001c7f0635cb0 .part L_000001c7f061f7b0, 1, 1;
L_000001c7f0635e90 .part L_000001c7f061f7b0, 2, 1;
L_000001c7f06353f0 .part L_000001c7f061f7b0, 3, 1;
L_000001c7f0633a50 .part L_000001c7f061f8f0, 4, 1;
L_000001c7f06344f0 .part L_000001c7f061f8f0, 0, 1;
L_000001c7f0633910 .part L_000001c7f061f8f0, 1, 1;
L_000001c7f06339b0 .part L_000001c7f061f8f0, 2, 1;
L_000001c7f0633e10 .part L_000001c7f061f8f0, 3, 1;
L_000001c7f06349f0 .part L_000001c7f061f7b0, 4, 1;
L_000001c7f06350d0 .part L_000001c7f061f7b0, 0, 1;
L_000001c7f06358f0 .part L_000001c7f061f8f0, 1, 1;
L_000001c7f0633eb0 .part L_000001c7f061f8f0, 2, 1;
L_000001c7f0634a90 .part L_000001c7f061f8f0, 3, 1;
L_000001c7f06357b0 .part L_000001c7f061f7b0, 4, 1;
LS_000001c7f0634310_0_0 .concat8 [ 1 1 1 1], L_000001c7f05b8ba0, L_000001c7f05b93f0, L_000001c7f05b91c0, L_000001c7f05b87b0;
LS_000001c7f0634310_0_4 .concat8 [ 1 1 1 1], L_000001c7f05b9460, L_000001c7f05b90e0, L_000001c7f05b92a0, L_000001c7f05b8dd0;
LS_000001c7f0634310_0_8 .concat8 [ 1 1 1 1], L_000001c7f05b9230, L_000001c7f05b94d0, L_000001c7f05b8740, L_000001c7f05b8d60;
LS_000001c7f0634310_0_12 .concat8 [ 1 1 1 1], L_000001c7f05b9380, L_000001c7f05b9540, L_000001c7f05b8e40, L_000001c7f05b8f20;
LS_000001c7f0634310_0_16 .concat8 [ 1 1 0 0], L_000001c7f05b95b0, L_000001c7f05b9070;
LS_000001c7f0634310_1_0 .concat8 [ 4 4 4 4], LS_000001c7f0634310_0_0, LS_000001c7f0634310_0_4, LS_000001c7f0634310_0_8, LS_000001c7f0634310_0_12;
LS_000001c7f0634310_1_4 .concat8 [ 2 0 0 0], LS_000001c7f0634310_0_16;
L_000001c7f0634310 .concat8 [ 16 2 0 0], LS_000001c7f0634310_1_0, LS_000001c7f0634310_1_4;
L_000001c7f0634c70 .part L_000001c7f061f8f0, 0, 1;
L_000001c7f0635990 .part L_000001c7f061f7b0, 1, 1;
L_000001c7f0635850 .part L_000001c7f061f8f0, 2, 1;
L_000001c7f0634450 .part L_000001c7f061f8f0, 3, 1;
L_000001c7f0635490 .part L_000001c7f061f7b0, 4, 1;
L_000001c7f0633af0 .part L_000001c7f0634310, 0, 1;
L_000001c7f0635c10 .part L_000001c7f0634310, 17, 1;
L_000001c7f0635ad0 .part L_000001c7f0634310, 1, 1;
L_000001c7f0635530 .part L_000001c7f0634310, 16, 1;
L_000001c7f0634b30 .part L_000001c7f0634310, 3, 1;
L_000001c7f0634630 .part L_000001c7f0634310, 14, 1;
L_000001c7f06355d0 .part L_000001c7f0634310, 7, 1;
L_000001c7f0635b70 .part L_000001c7f0634310, 10, 1;
L_000001c7f0634bd0 .part L_000001c7f0634310, 2, 1;
L_000001c7f06337d0 .part L_000001c7f0634310, 15, 1;
L_000001c7f06346d0 .part L_000001c7f0634310, 5, 1;
L_000001c7f0635170 .part L_000001c7f0634310, 12, 1;
L_000001c7f0634130 .part L_000001c7f0634310, 6, 1;
L_000001c7f0635350 .part L_000001c7f0634310, 11, 1;
L_000001c7f0634e50 .part L_000001c7f0634310, 4, 1;
L_000001c7f0634770 .part L_000001c7f0634310, 13, 1;
LS_000001c7f0634f90_0_0 .concat8 [ 1 1 1 1], L_000001c7f05b9150, L_000001c7f05b9310, L_000001c7f05b86d0, L_000001c7f05b8820;
LS_000001c7f0634f90_0_4 .concat8 [ 1 1 1 1], L_000001c7f05b8890, L_000001c7f06391c0, L_000001c7f0639150, L_000001c7f0639380;
LS_000001c7f0634f90_0_8 .concat8 [ 1 0 0 0], L_000001c7f0639770;
L_000001c7f0634f90 .concat8 [ 4 4 1 0], LS_000001c7f0634f90_0_0, LS_000001c7f0634f90_0_4, LS_000001c7f0634f90_0_8;
L_000001c7f0633c30 .part L_000001c7f0634310, 8, 1;
L_000001c7f0633ff0 .part L_000001c7f0634310, 9, 1;
L_000001c7f06343b0 .part L_000001c7f0634f90, 0, 1;
L_000001c7f0635030 .part v000001c7f061f170_0, 0, 1;
L_000001c7f0633cd0 .part L_000001c7f0634f90, 1, 1;
L_000001c7f0634810 .part v000001c7f061f170_0, 1, 1;
L_000001c7f0635a30 .part L_000001c7f0634f90, 2, 1;
L_000001c7f0635210 .part v000001c7f061f170_0, 2, 1;
L_000001c7f0633f50 .part L_000001c7f0634f90, 3, 1;
L_000001c7f0634090 .part v000001c7f061f170_0, 3, 1;
L_000001c7f06341d0 .part L_000001c7f0634f90, 4, 1;
L_000001c7f0634270 .part v000001c7f061f170_0, 4, 1;
L_000001c7f06352b0 .part L_000001c7f0634f90, 5, 1;
L_000001c7f0637290 .part v000001c7f061f170_0, 5, 1;
L_000001c7f0636d90 .part L_000001c7f0634f90, 6, 1;
L_000001c7f0636890 .part v000001c7f061f170_0, 6, 1;
L_000001c7f0637150 .part L_000001c7f0634f90, 7, 1;
L_000001c7f0636750 .part v000001c7f061f170_0, 7, 1;
LS_000001c7f0635fd0_0_0 .concat8 [ 1 1 1 1], L_000001c7f0639930, L_000001c7f0638ba0, L_000001c7f06397e0, L_000001c7f0639070;
LS_000001c7f0635fd0_0_4 .concat8 [ 1 1 1 1], L_000001c7f06393f0, L_000001c7f0638d60, L_000001c7f0639230, L_000001c7f06399a0;
LS_000001c7f0635fd0_0_8 .concat8 [ 1 0 0 0], L_000001c7f0639690;
L_000001c7f0635fd0 .concat8 [ 4 4 1 0], LS_000001c7f0635fd0_0_0, LS_000001c7f0635fd0_0_4, LS_000001c7f0635fd0_0_8;
L_000001c7f0637010 .part L_000001c7f0634f90, 8, 1;
L_000001c7f0637510 .part v000001c7f061f170_0, 8, 1;
L_000001c7f0636070 .concat [ 9 23 0 0], L_000001c7f0635fd0, L_000001c7f09f0118;
L_000001c7f0636430 .arith/div 32, L_000001c7f0636070, L_000001c7f09f0160;
L_000001c7f0636570 .part L_000001c7f0636430, 0, 4;
    .scope S_000001c7f05ba3f0;
T_0 ;
    %vpi_call 2 11 "$dumpfile", "./files/BER_20221006_1611/A19N11.vcd" {0 0 0};
    %vpi_call 2 12 "$dumpvars", 32'sb00000000000000000000000000000000, S_000001c7f05ba3f0 {0 0 0};
    %pushi/vec4 211, 0, 9;
    %store/vec4 v000001c7f061f170_0, 0, 9;
    %delay 10, 0;
    %pushi/vec4 213, 0, 9;
    %store/vec4 v000001c7f061f170_0, 0, 9;
    %delay 10, 0;
    %pushi/vec4 217, 0, 9;
    %store/vec4 v000001c7f061f170_0, 0, 9;
    %delay 10, 0;
    %pushi/vec4 241, 0, 9;
    %store/vec4 v000001c7f061f170_0, 0, 9;
    %delay 10, 0;
    %pushi/vec4 465, 0, 9;
    %store/vec4 v000001c7f061f170_0, 0, 9;
    %delay 10, 0;
    %pushi/vec4 208, 0, 9;
    %store/vec4 v000001c7f061f170_0, 0, 9;
    %delay 10, 0;
    %pushi/vec4 193, 0, 9;
    %store/vec4 v000001c7f061f170_0, 0, 9;
    %delay 10, 0;
    %pushi/vec4 145, 0, 9;
    %store/vec4 v000001c7f061f170_0, 0, 9;
    %delay 10, 0;
    %pushi/vec4 81, 0, 9;
    %store/vec4 v000001c7f061f170_0, 0, 9;
    %delay 10, 0;
    %vpi_call 2 23 "$finish" {0 0 0};
    %end;
    .thread T_0;
# The file index is used to find the file name in the following table.
:file_names 4;
    "N/A";
    "<interactive>";
    "./files/BER_20221006_1611/ANdecoder_BER_19_tb_for_N_11.v";
    "./files/BER_20221006_1611/ANdecoder_BER_19_for_N_11.v";
