#! /c/Source/iverilog-install/bin/vvp
:ivl_version "12.0 (devel)" "(s20150603-1110-g18392a46)";
:ivl_delay_selection "TYPICAL";
:vpi_time_precision + 0;
:vpi_module "C:\iverilog\lib\ivl\system.vpi";
:vpi_module "C:\iverilog\lib\ivl\vhdl_sys.vpi";
:vpi_module "C:\iverilog\lib\ivl\vhdl_textio.vpi";
:vpi_module "C:\iverilog\lib\ivl\v2005_math.vpi";
:vpi_module "C:\iverilog\lib\ivl\va_math.vpi";
S_00000137d312f460 .scope module, "ANdecoder_tb" "ANdecoder_tb" 2 5;
 .timescale 0 0;
v00000137d319e5c0_0 .var "ANe", 11 0;
v00000137d319f380_0 .net "Nc", 7 0, L_00000137d31b05e0;  1 drivers
S_00000137d312f5f0 .scope module, "D0" "ANdecoder" 2 9, 3 7 0, S_00000137d312f460;
 .timescale 0 0;
    .port_info 0 /INPUT 12 "ANe";
    .port_info 1 /OUTPUT 8 "Nc";
L_00000137d313a230 .functor NOT 1, L_00000137d319e840, C4<0>, C4<0>, C4<0>;
L_00000137d313a3f0 .functor NOT 1, L_00000137d319e980, C4<0>, C4<0>, C4<0>;
L_00000137d313a000 .functor NOT 1, L_00000137d319e480, C4<0>, C4<0>, C4<0>;
L_00000137d313a460 .functor NOT 1, L_00000137d319f740, C4<0>, C4<0>, C4<0>;
L_00000137d313a070 .functor AND 1, L_00000137d319f420, L_00000137d319f7e0, L_00000137d319f4c0, L_00000137d319f1a0;
L_00000137d31b2300 .functor AND 1, L_00000137d319ea20, L_00000137d319f560, L_00000137d319e020, L_00000137d319f920;
L_00000137d31b2b50 .functor AND 1, L_00000137d319e700, L_00000137d319f600, L_00000137d319fc40, L_00000137d319e340;
L_00000137d31b2990 .functor AND 1, L_00000137d319fba0, L_00000137d319f880, L_00000137d319f6a0, L_00000137d319df80;
L_00000137d31b24c0 .functor AND 1, L_00000137d319e160, L_00000137d319e200, L_00000137d319f9c0, L_00000137d319e660;
L_00000137d31b2a70 .functor AND 1, L_00000137d319fa60, L_00000137d319e0c0, L_00000137d319e8e0, L_00000137d319fce0;
L_00000137d31b1f10 .functor AND 1, L_00000137d319fd80, L_00000137d319e520, L_00000137d319eac0, L_00000137d319eb60;
L_00000137d31b25a0 .functor AND 1, L_00000137d319ec00, L_00000137d319eca0, L_00000137d319ed40, L_00000137d319ede0;
L_00000137d31b2bc0 .functor AND 1, L_00000137d319ee80, L_00000137d319ef20, L_00000137d319efc0, L_00000137d319f060;
L_00000137d31b27d0 .functor AND 1, L_00000137d31b0ea0, L_00000137d31affa0, L_00000137d31b14e0, L_00000137d31b0220;
L_00000137d31b2450 .functor AND 1, L_00000137d31b07c0, L_00000137d31b0900, L_00000137d31b1c60, L_00000137d31b0e00;
L_00000137d31b1ff0 .functor AND 1, L_00000137d31b0f40, L_00000137d31b1da0, L_00000137d31b09a0, L_00000137d31aff00;
L_00000137d31b2220 .functor OR 1, L_00000137d31b0c20, L_00000137d31b1620, C4<0>, C4<0>;
L_00000137d31b2140 .functor OR 1, L_00000137d31b1440, L_00000137d31b00e0, C4<0>, C4<0>;
L_00000137d31b2840 .functor OR 1, L_00000137d31b0fe0, L_00000137d31b0b80, C4<0>, C4<0>;
L_00000137d31b2370 .functor OR 1, L_00000137d31b0180, L_00000137d31b0ae0, C4<0>, C4<0>;
L_00000137d31b2530 .functor OR 1, L_00000137d31b1260, L_00000137d31b0d60, C4<0>, C4<0>;
L_00000137d31b2290 .functor OR 1, L_00000137d31b0a40, L_00000137d31b0040, C4<0>, C4<0>;
L_00000137d31b23e0 .functor OR 1, L_00000137d31b02c0, L_00000137d31b1080, C4<0>, C4<0>;
L_00000137d31b2610 .functor OR 1, L_00000137d31b0540, L_00000137d31b04a0, C4<0>, C4<0>;
L_00000137d31b2060 .functor OR 1, L_00000137d31b0cc0, L_00000137d31b1580, C4<0>, C4<0>;
L_00000137d31b2c30 .functor OR 1, L_00000137d31b1120, L_00000137d31b16c0, C4<0>, C4<0>;
L_00000137d31b2ae0 .functor OR 1, L_00000137d31b0360, L_00000137d31b11c0, C4<0>, C4<0>;
L_00000137d31b2680 .functor OR 1, L_00000137d31b1300, L_00000137d31b1800, C4<0>, C4<0>;
v00000137d311a4c0_0 .net "ANc", 11 0, L_00000137d31b1760;  1 drivers
v00000137d3135930_0 .net "ANe", 11 0, v00000137d319e5c0_0;  1 drivers
v00000137d3136a10_0 .net "Nc", 7 0, L_00000137d31b05e0;  alias, 1 drivers
v00000137d31363d0_0 .net *"_ivl_0", 31 0, L_00000137d319fb00;  1 drivers
v00000137d3136dd0_0 .net *"_ivl_10", 0 0, L_00000137d313a230;  1 drivers
v00000137d3135430_0 .net *"_ivl_100", 0 0, L_00000137d319ec00;  1 drivers
v00000137d3136510_0 .net *"_ivl_102", 0 0, L_00000137d319eca0;  1 drivers
v00000137d3135c50_0 .net *"_ivl_104", 0 0, L_00000137d319ed40;  1 drivers
v00000137d3136650_0 .net *"_ivl_106", 0 0, L_00000137d319ede0;  1 drivers
v00000137d3134fd0_0 .net *"_ivl_107", 0 0, L_00000137d31b2bc0;  1 drivers
v00000137d3135070_0 .net *"_ivl_110", 0 0, L_00000137d319ee80;  1 drivers
v00000137d3135110_0 .net *"_ivl_112", 0 0, L_00000137d319ef20;  1 drivers
v00000137d3115150_0 .net *"_ivl_114", 0 0, L_00000137d319efc0;  1 drivers
v00000137d3114f70_0 .net *"_ivl_116", 0 0, L_00000137d319f060;  1 drivers
v00000137d3191760_0 .net *"_ivl_117", 0 0, L_00000137d31b27d0;  1 drivers
v00000137d3191a80_0 .net *"_ivl_120", 0 0, L_00000137d31b0ea0;  1 drivers
v00000137d31914e0_0 .net *"_ivl_122", 0 0, L_00000137d31affa0;  1 drivers
v00000137d3192200_0 .net *"_ivl_124", 0 0, L_00000137d31b14e0;  1 drivers
v00000137d3192f20_0 .net *"_ivl_126", 0 0, L_00000137d31b0220;  1 drivers
v00000137d3191f80_0 .net *"_ivl_127", 0 0, L_00000137d31b2450;  1 drivers
v00000137d3192020_0 .net *"_ivl_13", 0 0, L_00000137d319e840;  1 drivers
v00000137d3191260_0 .net *"_ivl_130", 0 0, L_00000137d31b07c0;  1 drivers
v00000137d3191300_0 .net *"_ivl_132", 0 0, L_00000137d31b0900;  1 drivers
v00000137d3191940_0 .net *"_ivl_134", 0 0, L_00000137d31b1c60;  1 drivers
v00000137d3191080_0 .net *"_ivl_136", 0 0, L_00000137d31b0e00;  1 drivers
v00000137d31923e0_0 .net *"_ivl_137", 0 0, L_00000137d31b1ff0;  1 drivers
v00000137d3191e40_0 .net *"_ivl_14", 0 0, L_00000137d313a3f0;  1 drivers
v00000137d3192340_0 .net *"_ivl_141", 0 0, L_00000137d31b0f40;  1 drivers
v00000137d31928e0_0 .net *"_ivl_143", 0 0, L_00000137d31b1da0;  1 drivers
v00000137d3191580_0 .net *"_ivl_145", 0 0, L_00000137d31b09a0;  1 drivers
v00000137d3191620_0 .net *"_ivl_147", 0 0, L_00000137d31aff00;  1 drivers
v00000137d3192840_0 .net *"_ivl_148", 0 0, L_00000137d31b2220;  1 drivers
v00000137d3192c00_0 .net *"_ivl_151", 0 0, L_00000137d31b0c20;  1 drivers
v00000137d3192d40_0 .net *"_ivl_153", 0 0, L_00000137d31b1620;  1 drivers
v00000137d3191c60_0 .net *"_ivl_154", 0 0, L_00000137d31b2140;  1 drivers
v00000137d31916c0_0 .net *"_ivl_157", 0 0, L_00000137d31b1440;  1 drivers
v00000137d3192480_0 .net *"_ivl_159", 0 0, L_00000137d31b00e0;  1 drivers
v00000137d3191800_0 .net *"_ivl_160", 0 0, L_00000137d31b2840;  1 drivers
v00000137d31927a0_0 .net *"_ivl_163", 0 0, L_00000137d31b0fe0;  1 drivers
v00000137d3192980_0 .net *"_ivl_165", 0 0, L_00000137d31b0b80;  1 drivers
v00000137d3191b20_0 .net *"_ivl_166", 0 0, L_00000137d31b2370;  1 drivers
v00000137d3192520_0 .net *"_ivl_169", 0 0, L_00000137d31b0180;  1 drivers
v00000137d31918a0_0 .net *"_ivl_17", 0 0, L_00000137d319e980;  1 drivers
v00000137d3192a20_0 .net *"_ivl_171", 0 0, L_00000137d31b0ae0;  1 drivers
v00000137d31919e0_0 .net *"_ivl_172", 0 0, L_00000137d31b2530;  1 drivers
v00000137d31913a0_0 .net *"_ivl_175", 0 0, L_00000137d31b1260;  1 drivers
v00000137d31911c0_0 .net *"_ivl_177", 0 0, L_00000137d31b0d60;  1 drivers
v00000137d3192ca0_0 .net *"_ivl_178", 0 0, L_00000137d31b2290;  1 drivers
v00000137d3191ee0_0 .net *"_ivl_18", 0 0, L_00000137d313a000;  1 drivers
v00000137d31920c0_0 .net *"_ivl_181", 0 0, L_00000137d31b0a40;  1 drivers
v00000137d3191bc0_0 .net *"_ivl_183", 0 0, L_00000137d31b0040;  1 drivers
v00000137d3192700_0 .net *"_ivl_184", 0 0, L_00000137d31b23e0;  1 drivers
v00000137d3191d00_0 .net *"_ivl_187", 0 0, L_00000137d31b02c0;  1 drivers
v00000137d3191440_0 .net *"_ivl_189", 0 0, L_00000137d31b1080;  1 drivers
v00000137d3192160_0 .net *"_ivl_190", 0 0, L_00000137d31b2610;  1 drivers
v00000137d3191da0_0 .net *"_ivl_193", 0 0, L_00000137d31b0540;  1 drivers
v00000137d3192ac0_0 .net *"_ivl_195", 0 0, L_00000137d31b04a0;  1 drivers
v00000137d3192e80_0 .net *"_ivl_196", 0 0, L_00000137d31b2060;  1 drivers
v00000137d31922a0_0 .net *"_ivl_199", 0 0, L_00000137d31b0cc0;  1 drivers
v00000137d31925c0_0 .net *"_ivl_201", 0 0, L_00000137d31b1580;  1 drivers
v00000137d3192de0_0 .net *"_ivl_202", 0 0, L_00000137d31b2c30;  1 drivers
v00000137d3191120_0 .net *"_ivl_205", 0 0, L_00000137d31b1120;  1 drivers
v00000137d3192660_0 .net *"_ivl_207", 0 0, L_00000137d31b16c0;  1 drivers
v00000137d3192b60_0 .net *"_ivl_208", 0 0, L_00000137d31b2ae0;  1 drivers
v00000137d319bcb0_0 .net *"_ivl_21", 0 0, L_00000137d319e480;  1 drivers
v00000137d319b8f0_0 .net *"_ivl_211", 0 0, L_00000137d31b0360;  1 drivers
v00000137d319d0b0_0 .net *"_ivl_213", 0 0, L_00000137d31b11c0;  1 drivers
v00000137d319b350_0 .net *"_ivl_214", 0 0, L_00000137d31b2680;  1 drivers
v00000137d319bfd0_0 .net *"_ivl_218", 0 0, L_00000137d31b1300;  1 drivers
v00000137d319bb70_0 .net *"_ivl_22", 0 0, L_00000137d313a460;  1 drivers
v00000137d319bc10_0 .net *"_ivl_220", 0 0, L_00000137d31b1800;  1 drivers
v00000137d319cb10_0 .net *"_ivl_221", 31 0, L_00000137d31b0400;  1 drivers
L_00000137d3520118 .functor BUFT 1, C4<00000000000000000000>, C4<0>, C4<0>, C4<0>;
v00000137d319b990_0 .net *"_ivl_224", 19 0, L_00000137d3520118;  1 drivers
L_00000137d3520160 .functor BUFT 1, C4<00000000000000000000000000001101>, C4<0>, C4<0>, C4<0>;
v00000137d319bd50_0 .net/2u *"_ivl_225", 31 0, L_00000137d3520160;  1 drivers
v00000137d319c250_0 .net *"_ivl_227", 31 0, L_00000137d31b13a0;  1 drivers
v00000137d319c9d0_0 .net *"_ivl_26", 0 0, L_00000137d319f740;  1 drivers
v00000137d319b3f0_0 .net *"_ivl_27", 0 0, L_00000137d313a070;  1 drivers
L_00000137d3520088 .functor BUFT 1, C4<00000000000000000000>, C4<0>, C4<0>, C4<0>;
v00000137d319c6b0_0 .net *"_ivl_3", 19 0, L_00000137d3520088;  1 drivers
v00000137d319b670_0 .net *"_ivl_30", 0 0, L_00000137d319f420;  1 drivers
v00000137d319ca70_0 .net *"_ivl_32", 0 0, L_00000137d319f7e0;  1 drivers
v00000137d319c070_0 .net *"_ivl_34", 0 0, L_00000137d319f4c0;  1 drivers
v00000137d319b710_0 .net *"_ivl_36", 0 0, L_00000137d319f1a0;  1 drivers
v00000137d319bdf0_0 .net *"_ivl_37", 0 0, L_00000137d31b2300;  1 drivers
L_00000137d35200d0 .functor BUFT 1, C4<00000000000000000000000000001101>, C4<0>, C4<0>, C4<0>;
v00000137d319be90_0 .net/2u *"_ivl_4", 31 0, L_00000137d35200d0;  1 drivers
v00000137d319c4d0_0 .net *"_ivl_40", 0 0, L_00000137d319ea20;  1 drivers
v00000137d319b490_0 .net *"_ivl_42", 0 0, L_00000137d319f560;  1 drivers
v00000137d319c570_0 .net *"_ivl_44", 0 0, L_00000137d319e020;  1 drivers
v00000137d319c610_0 .net *"_ivl_46", 0 0, L_00000137d319f920;  1 drivers
v00000137d319bf30_0 .net *"_ivl_47", 0 0, L_00000137d31b2b50;  1 drivers
v00000137d319cbb0_0 .net *"_ivl_50", 0 0, L_00000137d319e700;  1 drivers
v00000137d319b850_0 .net *"_ivl_52", 0 0, L_00000137d319f600;  1 drivers
v00000137d319b530_0 .net *"_ivl_54", 0 0, L_00000137d319fc40;  1 drivers
v00000137d319c430_0 .net *"_ivl_56", 0 0, L_00000137d319e340;  1 drivers
v00000137d319d010_0 .net *"_ivl_57", 0 0, L_00000137d31b2990;  1 drivers
v00000137d319b5d0_0 .net *"_ivl_6", 31 0, L_00000137d319e3e0;  1 drivers
v00000137d319c110_0 .net *"_ivl_60", 0 0, L_00000137d319fba0;  1 drivers
v00000137d319d150_0 .net *"_ivl_62", 0 0, L_00000137d319f880;  1 drivers
v00000137d319c890_0 .net *"_ivl_64", 0 0, L_00000137d319f6a0;  1 drivers
v00000137d319cc50_0 .net *"_ivl_66", 0 0, L_00000137d319df80;  1 drivers
v00000137d319c1b0_0 .net *"_ivl_67", 0 0, L_00000137d31b24c0;  1 drivers
v00000137d319b7b0_0 .net *"_ivl_70", 0 0, L_00000137d319e160;  1 drivers
v00000137d319c2f0_0 .net *"_ivl_72", 0 0, L_00000137d319e200;  1 drivers
v00000137d319c390_0 .net *"_ivl_74", 0 0, L_00000137d319f9c0;  1 drivers
v00000137d319cf70_0 .net *"_ivl_76", 0 0, L_00000137d319e660;  1 drivers
v00000137d319b2b0_0 .net *"_ivl_77", 0 0, L_00000137d31b2a70;  1 drivers
v00000137d319c750_0 .net *"_ivl_80", 0 0, L_00000137d319fa60;  1 drivers
v00000137d319cd90_0 .net *"_ivl_82", 0 0, L_00000137d319e0c0;  1 drivers
v00000137d319c7f0_0 .net *"_ivl_84", 0 0, L_00000137d319e8e0;  1 drivers
v00000137d319ba30_0 .net *"_ivl_86", 0 0, L_00000137d319fce0;  1 drivers
v00000137d319bad0_0 .net *"_ivl_87", 0 0, L_00000137d31b1f10;  1 drivers
v00000137d319ccf0_0 .net *"_ivl_90", 0 0, L_00000137d319fd80;  1 drivers
v00000137d319c930_0 .net *"_ivl_92", 0 0, L_00000137d319e520;  1 drivers
v00000137d319ce30_0 .net *"_ivl_94", 0 0, L_00000137d319eac0;  1 drivers
v00000137d319ced0_0 .net *"_ivl_96", 0 0, L_00000137d319eb60;  1 drivers
v00000137d319f100_0 .net *"_ivl_97", 0 0, L_00000137d31b25a0;  1 drivers
v00000137d319e7a0_0 .net "error_bit", 11 0, L_00000137d31b0860;  1 drivers
v00000137d319e2a0_0 .net "mod_tri", 3 0, L_00000137d319f240;  1 drivers
v00000137d319f2e0_0 .net "not_mod_tri", 3 0, L_00000137d319dee0;  1 drivers
L_00000137d319fb00 .concat [ 12 20 0 0], v00000137d319e5c0_0, L_00000137d3520088;
L_00000137d319e3e0 .arith/mod 32, L_00000137d319fb00, L_00000137d35200d0;
L_00000137d319f240 .part L_00000137d319e3e0, 0, 4;
L_00000137d319e840 .part L_00000137d319f240, 0, 1;
L_00000137d319e980 .part L_00000137d319f240, 1, 1;
L_00000137d319e480 .part L_00000137d319f240, 2, 1;
L_00000137d319dee0 .concat8 [ 1 1 1 1], L_00000137d313a230, L_00000137d313a3f0, L_00000137d313a000, L_00000137d313a460;
L_00000137d319f740 .part L_00000137d319f240, 3, 1;
L_00000137d319f420 .part L_00000137d319f240, 0, 1;
L_00000137d319f7e0 .part L_00000137d319dee0, 1, 1;
L_00000137d319f4c0 .part L_00000137d319dee0, 2, 1;
L_00000137d319f1a0 .part L_00000137d319dee0, 3, 1;
L_00000137d319ea20 .part L_00000137d319dee0, 0, 1;
L_00000137d319f560 .part L_00000137d319f240, 1, 1;
L_00000137d319e020 .part L_00000137d319dee0, 2, 1;
L_00000137d319f920 .part L_00000137d319dee0, 3, 1;
L_00000137d319e700 .part L_00000137d319f240, 0, 1;
L_00000137d319f600 .part L_00000137d319f240, 1, 1;
L_00000137d319fc40 .part L_00000137d319dee0, 2, 1;
L_00000137d319e340 .part L_00000137d319dee0, 3, 1;
L_00000137d319fba0 .part L_00000137d319dee0, 0, 1;
L_00000137d319f880 .part L_00000137d319dee0, 1, 1;
L_00000137d319f6a0 .part L_00000137d319f240, 2, 1;
L_00000137d319df80 .part L_00000137d319dee0, 3, 1;
L_00000137d319e160 .part L_00000137d319f240, 0, 1;
L_00000137d319e200 .part L_00000137d319dee0, 1, 1;
L_00000137d319f9c0 .part L_00000137d319f240, 2, 1;
L_00000137d319e660 .part L_00000137d319dee0, 3, 1;
L_00000137d319fa60 .part L_00000137d319dee0, 0, 1;
L_00000137d319e0c0 .part L_00000137d319f240, 1, 1;
L_00000137d319e8e0 .part L_00000137d319f240, 2, 1;
L_00000137d319fce0 .part L_00000137d319dee0, 3, 1;
L_00000137d319fd80 .part L_00000137d319f240, 0, 1;
L_00000137d319e520 .part L_00000137d319f240, 1, 1;
L_00000137d319eac0 .part L_00000137d319f240, 2, 1;
L_00000137d319eb60 .part L_00000137d319dee0, 3, 1;
L_00000137d319ec00 .part L_00000137d319dee0, 0, 1;
L_00000137d319eca0 .part L_00000137d319dee0, 1, 1;
L_00000137d319ed40 .part L_00000137d319dee0, 2, 1;
L_00000137d319ede0 .part L_00000137d319f240, 3, 1;
L_00000137d319ee80 .part L_00000137d319f240, 0, 1;
L_00000137d319ef20 .part L_00000137d319dee0, 1, 1;
L_00000137d319efc0 .part L_00000137d319dee0, 2, 1;
L_00000137d319f060 .part L_00000137d319f240, 3, 1;
L_00000137d31b0ea0 .part L_00000137d319dee0, 0, 1;
L_00000137d31affa0 .part L_00000137d319f240, 1, 1;
L_00000137d31b14e0 .part L_00000137d319dee0, 2, 1;
L_00000137d31b0220 .part L_00000137d319f240, 3, 1;
L_00000137d31b07c0 .part L_00000137d319f240, 0, 1;
L_00000137d31b0900 .part L_00000137d319f240, 1, 1;
L_00000137d31b1c60 .part L_00000137d319dee0, 2, 1;
L_00000137d31b0e00 .part L_00000137d319f240, 3, 1;
LS_00000137d31b0860_0_0 .concat8 [ 1 1 1 1], L_00000137d31b1ff0, L_00000137d31b2450, L_00000137d31b2bc0, L_00000137d31b24c0;
LS_00000137d31b0860_0_4 .concat8 [ 1 1 1 1], L_00000137d31b27d0, L_00000137d31b1f10, L_00000137d313a070, L_00000137d31b2300;
LS_00000137d31b0860_0_8 .concat8 [ 1 1 1 1], L_00000137d31b2990, L_00000137d31b25a0, L_00000137d31b2b50, L_00000137d31b2a70;
L_00000137d31b0860 .concat8 [ 4 4 4 0], LS_00000137d31b0860_0_0, LS_00000137d31b0860_0_4, LS_00000137d31b0860_0_8;
L_00000137d31b0f40 .part L_00000137d319dee0, 0, 1;
L_00000137d31b1da0 .part L_00000137d319dee0, 1, 1;
L_00000137d31b09a0 .part L_00000137d319f240, 2, 1;
L_00000137d31aff00 .part L_00000137d319f240, 3, 1;
L_00000137d31b0c20 .part L_00000137d31b0860, 0, 1;
L_00000137d31b1620 .part v00000137d319e5c0_0, 0, 1;
L_00000137d31b1440 .part L_00000137d31b0860, 1, 1;
L_00000137d31b00e0 .part v00000137d319e5c0_0, 1, 1;
L_00000137d31b0fe0 .part L_00000137d31b0860, 2, 1;
L_00000137d31b0b80 .part v00000137d319e5c0_0, 2, 1;
L_00000137d31b0180 .part L_00000137d31b0860, 3, 1;
L_00000137d31b0ae0 .part v00000137d319e5c0_0, 3, 1;
L_00000137d31b1260 .part L_00000137d31b0860, 4, 1;
L_00000137d31b0d60 .part v00000137d319e5c0_0, 4, 1;
L_00000137d31b0a40 .part L_00000137d31b0860, 5, 1;
L_00000137d31b0040 .part v00000137d319e5c0_0, 5, 1;
L_00000137d31b02c0 .part L_00000137d31b0860, 6, 1;
L_00000137d31b1080 .part v00000137d319e5c0_0, 6, 1;
L_00000137d31b0540 .part L_00000137d31b0860, 7, 1;
L_00000137d31b04a0 .part v00000137d319e5c0_0, 7, 1;
L_00000137d31b0cc0 .part L_00000137d31b0860, 8, 1;
L_00000137d31b1580 .part v00000137d319e5c0_0, 8, 1;
L_00000137d31b1120 .part L_00000137d31b0860, 9, 1;
L_00000137d31b16c0 .part v00000137d319e5c0_0, 9, 1;
L_00000137d31b0360 .part L_00000137d31b0860, 10, 1;
L_00000137d31b11c0 .part v00000137d319e5c0_0, 10, 1;
LS_00000137d31b1760_0_0 .concat8 [ 1 1 1 1], L_00000137d31b2220, L_00000137d31b2140, L_00000137d31b2840, L_00000137d31b2370;
LS_00000137d31b1760_0_4 .concat8 [ 1 1 1 1], L_00000137d31b2530, L_00000137d31b2290, L_00000137d31b23e0, L_00000137d31b2610;
LS_00000137d31b1760_0_8 .concat8 [ 1 1 1 1], L_00000137d31b2060, L_00000137d31b2c30, L_00000137d31b2ae0, L_00000137d31b2680;
L_00000137d31b1760 .concat8 [ 4 4 4 0], LS_00000137d31b1760_0_0, LS_00000137d31b1760_0_4, LS_00000137d31b1760_0_8;
L_00000137d31b1300 .part L_00000137d31b0860, 11, 1;
L_00000137d31b1800 .part v00000137d319e5c0_0, 11, 1;
L_00000137d31b0400 .concat [ 12 20 0 0], L_00000137d31b1760, L_00000137d3520118;
L_00000137d31b13a0 .arith/div 32, L_00000137d31b0400, L_00000137d3520160;
L_00000137d31b05e0 .part L_00000137d31b13a0, 0, 8;
    .scope S_00000137d312f460;
T_0 ;
    %vpi_call 2 11 "$dumpfile", "./files/Uni_HL_20221007_0944/A13N11.vcd" {0 0 0};
    %vpi_call 2 12 "$dumpvars", 32'sb00000000000000000000000000000000, S_00000137d312f460 {0 0 0};
    %pushi/vec4 0, 0, 12;
    %store/vec4 v00000137d319e5c0_0, 0, 12;
    %pushi/vec4 142, 0, 12;
    %store/vec4 v00000137d319e5c0_0, 0, 12;
    %delay 10, 0;
    %pushi/vec4 141, 0, 12;
    %store/vec4 v00000137d319e5c0_0, 0, 12;
    %delay 10, 0;
    %pushi/vec4 139, 0, 12;
    %store/vec4 v00000137d319e5c0_0, 0, 12;
    %delay 10, 0;
    %pushi/vec4 135, 0, 12;
    %store/vec4 v00000137d319e5c0_0, 0, 12;
    %delay 10, 0;
    %pushi/vec4 15, 0, 12;
    %store/vec4 v00000137d319e5c0_0, 0, 12;
    %delay 10, 0;
    %vpi_call 2 21 "$finish" {0 0 0};
    %end;
    .thread T_0;
# The file index is used to find the file name in the following table.
:file_names 4;
    "N/A";
    "<interactive>";
    "./files/Uni_HL_20221007_0944/ANdecoder_Uni_HL_13_tb_for_N_11.v";
    "./files/Uni_HL_20221007_0944/ANdecoder_Uni_HL_13_for_N_11.v";
