#! /c/Source/iverilog-install/bin/vvp
:ivl_version "12.0 (devel)" "(s20150603-1110-g18392a46)";
:ivl_delay_selection "TYPICAL";
:vpi_time_precision + 0;
:vpi_module "C:\iverilog\lib\ivl\system.vpi";
:vpi_module "C:\iverilog\lib\ivl\vhdl_sys.vpi";
:vpi_module "C:\iverilog\lib\ivl\vhdl_textio.vpi";
:vpi_module "C:\iverilog\lib\ivl\v2005_math.vpi";
:vpi_module "C:\iverilog\lib\ivl\va_math.vpi";
S_000002e07cce2150 .scope module, "ANdecoder_tb" "ANdecoder_tb" 2 5;
 .timescale 0 0;
v000002e07d1d27f0_0 .var "ANe", 27 0;
v000002e07d1d3510_0 .net "Nc", 22 0, L_000002e07d23eb40;  1 drivers
S_000002e07cce22e0 .scope module, "D0" "ANdecoder" 2 9, 3 7 0, S_000002e07cce2150;
 .timescale 0 0;
    .port_info 0 /INPUT 28 "ANe";
    .port_info 1 /OUTPUT 23 "Nc";
L_000002e07cd30d30 .functor NOT 1, L_000002e07d1d2930, C4<0>, C4<0>, C4<0>;
L_000002e07cd30da0 .functor NOT 1, L_000002e07d1d4870, C4<0>, C4<0>, C4<0>;
L_000002e07cd30e10 .functor NOT 1, L_000002e07d1d3290, C4<0>, C4<0>, C4<0>;
L_000002e07cd30e80 .functor NOT 1, L_000002e07d1d3650, C4<0>, C4<0>, C4<0>;
L_000002e07cd6df10 .functor NOT 1, L_000002e07d1d38d0, C4<0>, C4<0>, C4<0>;
L_000002e07cd6df80/0/0 .functor AND 1, L_000002e07d1d2570, L_000002e07d1d47d0, L_000002e07d1d4370, L_000002e07d1d2cf0;
L_000002e07cd6df80/0/4 .functor AND 1, L_000002e07d1d3150, C4<1>, C4<1>, C4<1>;
L_000002e07cd6df80 .functor AND 1, L_000002e07cd6df80/0/0, L_000002e07cd6df80/0/4, C4<1>, C4<1>;
L_000002e07cd6e530/0/0 .functor AND 1, L_000002e07d1d4910, L_000002e07d1d3d30, L_000002e07d1d4550, L_000002e07d1d26b0;
L_000002e07cd6e530/0/4 .functor AND 1, L_000002e07d1d4c30, C4<1>, C4<1>, C4<1>;
L_000002e07cd6e530 .functor AND 1, L_000002e07cd6e530/0/0, L_000002e07cd6e530/0/4, C4<1>, C4<1>;
L_000002e07cd6ec30/0/0 .functor AND 1, L_000002e07d1d31f0, L_000002e07d1d3330, L_000002e07d1d3c90, L_000002e07d1d3ab0;
L_000002e07cd6ec30/0/4 .functor AND 1, L_000002e07d1d44b0, C4<1>, C4<1>, C4<1>;
L_000002e07cd6ec30 .functor AND 1, L_000002e07cd6ec30/0/0, L_000002e07cd6ec30/0/4, C4<1>, C4<1>;
L_000002e07cd6e3e0/0/0 .functor AND 1, L_000002e07d1d4a50, L_000002e07d1d4410, L_000002e07d1d3e70, L_000002e07d1d2890;
L_000002e07cd6e3e0/0/4 .functor AND 1, L_000002e07d1d2750, C4<1>, C4<1>, C4<1>;
L_000002e07cd6e3e0 .functor AND 1, L_000002e07cd6e3e0/0/0, L_000002e07cd6e3e0/0/4, C4<1>, C4<1>;
L_000002e07cd6e610/0/0 .functor AND 1, L_000002e07d1d4730, L_000002e07d1d49b0, L_000002e07d1d4af0, L_000002e07d1d4b90;
L_000002e07cd6e610/0/4 .functor AND 1, L_000002e07d1d36f0, C4<1>, C4<1>, C4<1>;
L_000002e07cd6e610 .functor AND 1, L_000002e07cd6e610/0/0, L_000002e07cd6e610/0/4, C4<1>, C4<1>;
L_000002e07cd6ea70/0/0 .functor AND 1, L_000002e07d1d29d0, L_000002e07d1d3970, L_000002e07d1d3b50, L_000002e07d1d3bf0;
L_000002e07cd6ea70/0/4 .functor AND 1, L_000002e07d1d3830, C4<1>, C4<1>, C4<1>;
L_000002e07cd6ea70 .functor AND 1, L_000002e07cd6ea70/0/0, L_000002e07cd6ea70/0/4, C4<1>, C4<1>;
L_000002e07cd6eca0/0/0 .functor AND 1, L_000002e07d1d2a70, L_000002e07d1d4230, L_000002e07d1d3f10, L_000002e07d1d24d0;
L_000002e07cd6eca0/0/4 .functor AND 1, L_000002e07d1d2610, C4<1>, C4<1>, C4<1>;
L_000002e07cd6eca0 .functor AND 1, L_000002e07cd6eca0/0/0, L_000002e07cd6eca0/0/4, C4<1>, C4<1>;
L_000002e07cd6e680/0/0 .functor AND 1, L_000002e07d1d2b10, L_000002e07d1d2bb0, L_000002e07d1d2c50, L_000002e07d1d2d90;
L_000002e07cd6e680/0/4 .functor AND 1, L_000002e07d1d45f0, C4<1>, C4<1>, C4<1>;
L_000002e07cd6e680 .functor AND 1, L_000002e07cd6e680/0/0, L_000002e07cd6e680/0/4, C4<1>, C4<1>;
L_000002e07cd6e0d0/0/0 .functor AND 1, L_000002e07d1d2e30, L_000002e07d1d3fb0, L_000002e07d1d2ed0, L_000002e07d1d2f70;
L_000002e07cd6e0d0/0/4 .functor AND 1, L_000002e07d1d3470, C4<1>, C4<1>, C4<1>;
L_000002e07cd6e0d0 .functor AND 1, L_000002e07cd6e0d0/0/0, L_000002e07cd6e0d0/0/4, C4<1>, C4<1>;
L_000002e07cd6dea0/0/0 .functor AND 1, L_000002e07d1d3010, L_000002e07d1d4050, L_000002e07d1d30b0, L_000002e07d1d35b0;
L_000002e07cd6dea0/0/4 .functor AND 1, L_000002e07d1d42d0, C4<1>, C4<1>, C4<1>;
L_000002e07cd6dea0 .functor AND 1, L_000002e07cd6dea0/0/0, L_000002e07cd6dea0/0/4, C4<1>, C4<1>;
L_000002e07cd6eae0/0/0 .functor AND 1, L_000002e07d1d72f0, L_000002e07d1d6d50, L_000002e07d1d4ff0, L_000002e07d1d5a90;
L_000002e07cd6eae0/0/4 .functor AND 1, L_000002e07d1d5090, C4<1>, C4<1>, C4<1>;
L_000002e07cd6eae0 .functor AND 1, L_000002e07cd6eae0/0/0, L_000002e07cd6eae0/0/4, C4<1>, C4<1>;
L_000002e07cd6e920/0/0 .functor AND 1, L_000002e07d1d7110, L_000002e07d1d6e90, L_000002e07d1d5e50, L_000002e07d1d63f0;
L_000002e07cd6e920/0/4 .functor AND 1, L_000002e07d1d5770, C4<1>, C4<1>, C4<1>;
L_000002e07cd6e920 .functor AND 1, L_000002e07cd6e920/0/0, L_000002e07cd6e920/0/4, C4<1>, C4<1>;
L_000002e07cd6dff0/0/0 .functor AND 1, L_000002e07d1d67b0, L_000002e07d1d5450, L_000002e07d1d6670, L_000002e07d1d62b0;
L_000002e07cd6dff0/0/4 .functor AND 1, L_000002e07d1d65d0, C4<1>, C4<1>, C4<1>;
L_000002e07cd6dff0 .functor AND 1, L_000002e07cd6dff0/0/0, L_000002e07cd6dff0/0/4, C4<1>, C4<1>;
L_000002e07cd6e6f0/0/0 .functor AND 1, L_000002e07d1d6530, L_000002e07d1d5d10, L_000002e07d1d4cd0, L_000002e07d1d68f0;
L_000002e07cd6e6f0/0/4 .functor AND 1, L_000002e07d1d71b0, C4<1>, C4<1>, C4<1>;
L_000002e07cd6e6f0 .functor AND 1, L_000002e07cd6e6f0/0/0, L_000002e07cd6e6f0/0/4, C4<1>, C4<1>;
L_000002e07cd6ed10/0/0 .functor AND 1, L_000002e07d1d6850, L_000002e07d1d5ef0, L_000002e07d1d6b70, L_000002e07d1d4e10;
L_000002e07cd6ed10/0/4 .functor AND 1, L_000002e07d1d7390, C4<1>, C4<1>, C4<1>;
L_000002e07cd6ed10 .functor AND 1, L_000002e07cd6ed10/0/0, L_000002e07cd6ed10/0/4, C4<1>, C4<1>;
L_000002e07cd6eb50/0/0 .functor AND 1, L_000002e07d1d5270, L_000002e07d1d5810, L_000002e07d1d6030, L_000002e07d1d6990;
L_000002e07cd6eb50/0/4 .functor AND 1, L_000002e07d1d6350, C4<1>, C4<1>, C4<1>;
L_000002e07cd6eb50 .functor AND 1, L_000002e07cd6eb50/0/0, L_000002e07cd6eb50/0/4, C4<1>, C4<1>;
L_000002e07cd6e5a0/0/0 .functor AND 1, L_000002e07d1d4d70, L_000002e07d1d6710, L_000002e07d1d5b30, L_000002e07d1d6a30;
L_000002e07cd6e5a0/0/4 .functor AND 1, L_000002e07d1d54f0, C4<1>, C4<1>, C4<1>;
L_000002e07cd6e5a0 .functor AND 1, L_000002e07cd6e5a0/0/0, L_000002e07cd6e5a0/0/4, C4<1>, C4<1>;
L_000002e07cd6ea00/0/0 .functor AND 1, L_000002e07d1d6ad0, L_000002e07d1d6490, L_000002e07d1d6c10, L_000002e07d1d6cb0;
L_000002e07cd6ea00/0/4 .functor AND 1, L_000002e07d1d5db0, C4<1>, C4<1>, C4<1>;
L_000002e07cd6ea00 .functor AND 1, L_000002e07cd6ea00/0/0, L_000002e07cd6ea00/0/4, C4<1>, C4<1>;
L_000002e07cd6e060/0/0 .functor AND 1, L_000002e07d1d4eb0, L_000002e07d1d6df0, L_000002e07d1d6f30, L_000002e07d1d6fd0;
L_000002e07cd6e060/0/4 .functor AND 1, L_000002e07d1d5f90, C4<1>, C4<1>, C4<1>;
L_000002e07cd6e060 .functor AND 1, L_000002e07cd6e060/0/0, L_000002e07cd6e060/0/4, C4<1>, C4<1>;
L_000002e07cd6ed80/0/0 .functor AND 1, L_000002e07d1d7070, L_000002e07d1d5130, L_000002e07d1d4f50, L_000002e07d1d5310;
L_000002e07cd6ed80/0/4 .functor AND 1, L_000002e07d1d58b0, C4<1>, C4<1>, C4<1>;
L_000002e07cd6ed80 .functor AND 1, L_000002e07cd6ed80/0/0, L_000002e07cd6ed80/0/4, C4<1>, C4<1>;
L_000002e07cd6e840/0/0 .functor AND 1, L_000002e07d1d51d0, L_000002e07d1d7250, L_000002e07d1d53b0, L_000002e07d1d7430;
L_000002e07cd6e840/0/4 .functor AND 1, L_000002e07d1d5590, C4<1>, C4<1>, C4<1>;
L_000002e07cd6e840 .functor AND 1, L_000002e07cd6e840/0/0, L_000002e07cd6e840/0/4, C4<1>, C4<1>;
L_000002e07cd6e7d0/0/0 .functor AND 1, L_000002e07d1d5630, L_000002e07d1d56d0, L_000002e07d1d5950, L_000002e07d1d59f0;
L_000002e07cd6e7d0/0/4 .functor AND 1, L_000002e07d1d5bd0, C4<1>, C4<1>, C4<1>;
L_000002e07cd6e7d0 .functor AND 1, L_000002e07cd6e7d0/0/0, L_000002e07cd6e7d0/0/4, C4<1>, C4<1>;
L_000002e07cd6e8b0/0/0 .functor AND 1, L_000002e07d1d5c70, L_000002e07d1d60d0, L_000002e07d1d6170, L_000002e07d1d6210;
L_000002e07cd6e8b0/0/4 .functor AND 1, L_000002e07d1d7570, C4<1>, C4<1>, C4<1>;
L_000002e07cd6e8b0 .functor AND 1, L_000002e07cd6e8b0/0/0, L_000002e07cd6e8b0/0/4, C4<1>, C4<1>;
L_000002e07cd6e760/0/0 .functor AND 1, L_000002e07d1d76b0, L_000002e07d1d74d0, L_000002e07d1d79d0, L_000002e07d1d7a70;
L_000002e07cd6e760/0/4 .functor AND 1, L_000002e07d1d7b10, C4<1>, C4<1>, C4<1>;
L_000002e07cd6e760 .functor AND 1, L_000002e07cd6e760/0/0, L_000002e07cd6e760/0/4, C4<1>, C4<1>;
L_000002e07cd6e990/0/0 .functor AND 1, L_000002e07d1d7bb0, L_000002e07d1d7890, L_000002e07d1d7610, L_000002e07d1d7750;
L_000002e07cd6e990/0/4 .functor AND 1, L_000002e07d1d77f0, C4<1>, C4<1>, C4<1>;
L_000002e07cd6e990 .functor AND 1, L_000002e07cd6e990/0/0, L_000002e07cd6e990/0/4, C4<1>, C4<1>;
L_000002e07cd6e140/0/0 .functor AND 1, L_000002e07d1d7930, L_000002e07d1d0950, L_000002e07d1d1e90, L_000002e07d1d21b0;
L_000002e07cd6e140/0/4 .functor AND 1, L_000002e07d1d0310, C4<1>, C4<1>, C4<1>;
L_000002e07cd6e140 .functor AND 1, L_000002e07cd6e140/0/0, L_000002e07cd6e140/0/4, C4<1>, C4<1>;
L_000002e07cd6e290/0/0 .functor AND 1, L_000002e07d1d1c10, L_000002e07d1d1210, L_000002e07d1d0270, L_000002e07d1d09f0;
L_000002e07cd6e290/0/4 .functor AND 1, L_000002e07d1d03b0, C4<1>, C4<1>, C4<1>;
L_000002e07cd6e290 .functor AND 1, L_000002e07cd6e290/0/0, L_000002e07cd6e290/0/4, C4<1>, C4<1>;
L_000002e07cd6e1b0/0/0 .functor AND 1, L_000002e07d1d12b0, L_000002e07d1d15d0, L_000002e07d1d1670, L_000002e07d1d0d10;
L_000002e07cd6e1b0/0/4 .functor AND 1, L_000002e07d1cfff0, C4<1>, C4<1>, C4<1>;
L_000002e07cd6e1b0 .functor AND 1, L_000002e07cd6e1b0/0/0, L_000002e07cd6e1b0/0/4, C4<1>, C4<1>;
L_000002e07cd6ebc0 .functor NOT 1, L_000002e07d1d2110, C4<0>, C4<0>, C4<0>;
L_000002e07cd6e220 .functor NOT 1, L_000002e07d1cfcd0, C4<0>, C4<0>, C4<0>;
L_000002e07cd6e300 .functor NOT 1, L_000002e07d1d0a90, C4<0>, C4<0>, C4<0>;
L_000002e07cd6e370 .functor NOT 1, L_000002e07d1d1710, C4<0>, C4<0>, C4<0>;
L_000002e07cd6e450 .functor NOT 1, L_000002e07d1d1850, C4<0>, C4<0>, C4<0>;
L_000002e07cd6e4c0 .functor NOT 1, L_000002e07d1d1b70, C4<0>, C4<0>, C4<0>;
L_000002e07d234c40 .functor NOT 1, L_000002e07d1d0630, C4<0>, C4<0>, C4<0>;
L_000002e07d2350a0 .functor NOT 1, L_000002e07d1d0c70, C4<0>, C4<0>, C4<0>;
L_000002e07d2355e0 .functor NOT 1, L_000002e07d1d2250, C4<0>, C4<0>, C4<0>;
L_000002e07d235650 .functor NOT 1, L_000002e07d1d1cb0, C4<0>, C4<0>, C4<0>;
L_000002e07d234930 .functor NOT 1, L_000002e07d1d0b30, C4<0>, C4<0>, C4<0>;
L_000002e07d2353b0 .functor NOT 1, L_000002e07d1cff50, C4<0>, C4<0>, C4<0>;
L_000002e07d235340 .functor NOT 1, L_000002e07d1d1ad0, C4<0>, C4<0>, C4<0>;
L_000002e07d235490 .functor NOT 1, L_000002e07d1d1490, C4<0>, C4<0>, C4<0>;
L_000002e07d235110 .functor NOT 1, L_000002e07d1d18f0, C4<0>, C4<0>, C4<0>;
L_000002e07d235180 .functor NOT 1, L_000002e07d1d2390, C4<0>, C4<0>, C4<0>;
L_000002e07d2351f0 .functor NOT 1, L_000002e07d1d1530, C4<0>, C4<0>, C4<0>;
L_000002e07d2357a0 .functor NOT 1, L_000002e07d1d17b0, C4<0>, C4<0>, C4<0>;
L_000002e07d2356c0 .functor NOT 1, L_000002e07d1d0450, C4<0>, C4<0>, C4<0>;
L_000002e07d234d20 .functor NOT 1, L_000002e07d1d1fd0, C4<0>, C4<0>, C4<0>;
L_000002e07d234fc0 .functor NOT 1, L_000002e07d1d1f30, C4<0>, C4<0>, C4<0>;
L_000002e07d235420 .functor NOT 1, L_000002e07d1d2070, C4<0>, C4<0>, C4<0>;
L_000002e07d235810 .functor NOT 1, L_000002e07d1d1d50, C4<0>, C4<0>, C4<0>;
L_000002e07d234e00 .functor NOT 1, L_000002e07d1d22f0, C4<0>, C4<0>, C4<0>;
L_000002e07d235500 .functor NOT 1, L_000002e07d1d0db0, C4<0>, C4<0>, C4<0>;
L_000002e07d234e70 .functor NOT 1, L_000002e07d1d0590, C4<0>, C4<0>, C4<0>;
L_000002e07d235260 .functor NOT 1, L_000002e07d1d1990, C4<0>, C4<0>, C4<0>;
L_000002e07d2352d0 .functor NOT 1, L_000002e07d1d06d0, C4<0>, C4<0>, C4<0>;
L_000002e07d234a10 .functor AND 1, L_000002e07d1d1350, L_000002e07d1d1170, C4<1>, C4<1>;
L_000002e07d235730 .functor AND 1, L_000002e07d1d2430, L_000002e07d1d0090, C4<1>, C4<1>;
L_000002e07d235030 .functor AND 1, L_000002e07d1d0ef0, L_000002e07d1d1df0, C4<1>, C4<1>;
L_000002e07d234a80 .functor AND 1, L_000002e07d1cfd70, L_000002e07d1cfe10, C4<1>, C4<1>;
L_000002e07d234f50 .functor AND 1, L_000002e07d1cfeb0, L_000002e07d1d0130, C4<1>, C4<1>;
L_000002e07d235570 .functor AND 1, L_000002e07d1d01d0, L_000002e07d1d0770, C4<1>, C4<1>;
L_000002e07d2349a0 .functor AND 1, L_000002e07d1d0810, L_000002e07d1d08b0, C4<1>, C4<1>;
L_000002e07d234af0 .functor AND 1, L_000002e07d1d0bd0, L_000002e07d1d0e50, C4<1>, C4<1>;
L_000002e07d234b60 .functor AND 1, L_000002e07d1d0f90, L_000002e07d1d1030, C4<1>, C4<1>;
L_000002e07d234bd0 .functor AND 1, L_000002e07d1d10d0, L_000002e07d1d13f0, C4<1>, C4<1>;
L_000002e07d234cb0 .functor AND 1, L_000002e07d23b9e0, L_000002e07d23b120, C4<1>, C4<1>;
L_000002e07d234d90 .functor AND 1, L_000002e07d23ba80, L_000002e07d23cca0, C4<1>, C4<1>;
L_000002e07d234ee0 .functor AND 1, L_000002e07d23afe0, L_000002e07d23b6c0, C4<1>, C4<1>;
L_000002e07d243710 .functor AND 1, L_000002e07d23b760, L_000002e07d23acc0, C4<1>, C4<1>;
L_000002e07d2438d0 .functor AND 1, L_000002e07d23cd40, L_000002e07d23c8e0, C4<1>, C4<1>;
L_000002e07d243c50 .functor AND 1, L_000002e07d23cb60, L_000002e07d23bb20, C4<1>, C4<1>;
L_000002e07d243da0 .functor AND 1, L_000002e07d23ce80, L_000002e07d23d1a0, C4<1>, C4<1>;
L_000002e07d243940 .functor AND 1, L_000002e07d23cfc0, L_000002e07d23b800, C4<1>, C4<1>;
L_000002e07d243e10 .functor AND 1, L_000002e07d23c480, L_000002e07d23b1c0, C4<1>, C4<1>;
L_000002e07d2434e0 .functor AND 1, L_000002e07d23ca20, L_000002e07d23c020, C4<1>, C4<1>;
L_000002e07d243390 .functor AND 1, L_000002e07d23c840, L_000002e07d23d240, C4<1>, C4<1>;
L_000002e07d2437f0 .functor AND 1, L_000002e07d23cac0, L_000002e07d23b8a0, C4<1>, C4<1>;
L_000002e07d243a90 .functor AND 1, L_000002e07d23bbc0, L_000002e07d23cde0, C4<1>, C4<1>;
L_000002e07d243b00 .functor AND 1, L_000002e07d23b300, L_000002e07d23be40, C4<1>, C4<1>;
L_000002e07d243fd0 .functor AND 1, L_000002e07d23cc00, L_000002e07d23c980, C4<1>, C4<1>;
L_000002e07d243b70 .functor AND 1, L_000002e07d23bc60, L_000002e07d23ae00, C4<1>, C4<1>;
L_000002e07d2435c0 .functor AND 1, L_000002e07d23b3a0, L_000002e07d23c160, C4<1>, C4<1>;
L_000002e07d243240 .functor AND 1, L_000002e07d23aae0, L_000002e07d23c700, C4<1>, C4<1>;
L_000002e07d243ef0 .functor OR 1, L_000002e07d23ab80, L_000002e07d23af40, C4<0>, C4<0>;
L_000002e07d243be0 .functor OR 1, L_000002e07d23cf20, L_000002e07d23ac20, C4<0>, C4<0>;
L_000002e07d243320 .functor OR 1, L_000002e07d23bd00, L_000002e07d23d060, C4<0>, C4<0>;
L_000002e07d2431d0 .functor OR 1, L_000002e07d23b620, L_000002e07d23ad60, C4<0>, C4<0>;
L_000002e07d243780 .functor OR 1, L_000002e07d23c5c0, L_000002e07d23d100, C4<0>, C4<0>;
L_000002e07d243860 .functor OR 1, L_000002e07d23b4e0, L_000002e07d23aea0, C4<0>, C4<0>;
L_000002e07d243a20 .functor OR 1, L_000002e07d23c7a0, L_000002e07d23b080, C4<0>, C4<0>;
L_000002e07d243470 .functor OR 1, L_000002e07d23c200, L_000002e07d23bda0, C4<0>, C4<0>;
L_000002e07d243cc0 .functor OR 1, L_000002e07d23b260, L_000002e07d23b440, C4<0>, C4<0>;
L_000002e07d2439b0 .functor OR 1, L_000002e07d23bee0, L_000002e07d23b580, C4<0>, C4<0>;
L_000002e07d243160 .functor OR 1, L_000002e07d23bf80, L_000002e07d23c0c0, C4<0>, C4<0>;
L_000002e07d2432b0 .functor OR 1, L_000002e07d23c3e0, L_000002e07d23c2a0, C4<0>, C4<0>;
L_000002e07d243f60 .functor OR 1, L_000002e07d23c340, L_000002e07d23c520, C4<0>, C4<0>;
L_000002e07d243d30 .functor OR 1, L_000002e07d23c660, L_000002e07d23e140, C4<0>, C4<0>;
L_000002e07d243e80 .functor OR 1, L_000002e07d23ec80, L_000002e07d23edc0, C4<0>, C4<0>;
L_000002e07d244040 .functor OR 1, L_000002e07d23f040, L_000002e07d23f900, C4<0>, C4<0>;
L_000002e07d243400 .functor OR 1, L_000002e07d23d4c0, L_000002e07d23d880, C4<0>, C4<0>;
L_000002e07d243550 .functor OR 1, L_000002e07d23d2e0, L_000002e07d23e320, C4<0>, C4<0>;
L_000002e07d243630 .functor OR 1, L_000002e07d23d920, L_000002e07d23f9a0, C4<0>, C4<0>;
L_000002e07d2436a0 .functor OR 1, L_000002e07d23e820, L_000002e07d23e960, C4<0>, C4<0>;
L_000002e07d24c2d0 .functor OR 1, L_000002e07d23f860, L_000002e07d23f540, C4<0>, C4<0>;
L_000002e07d24ba80 .functor OR 1, L_000002e07d23f5e0, L_000002e07d23f400, C4<0>, C4<0>;
L_000002e07d24bcb0 .functor OR 1, L_000002e07d23f7c0, L_000002e07d23fa40, C4<0>, C4<0>;
L_000002e07d24c110 .functor OR 1, L_000002e07d23db00, L_000002e07d23f4a0, C4<0>, C4<0>;
L_000002e07d24bd90 .functor OR 1, L_000002e07d23d560, L_000002e07d23ed20, C4<0>, C4<0>;
L_000002e07d24c650 .functor OR 1, L_000002e07d23e280, L_000002e07d23ebe0, C4<0>, C4<0>;
L_000002e07d24c570 .functor OR 1, L_000002e07d23ef00, L_000002e07d23e640, C4<0>, C4<0>;
L_000002e07d24b9a0 .functor OR 1, L_000002e07d23de20, L_000002e07d23f720, C4<0>, C4<0>;
v000002e07cd3ba60_0 .net "ANc", 27 0, L_000002e07d23da60;  1 drivers
v000002e07cd3aa20_0 .net "ANc1", 27 0, L_000002e07d23b940;  1 drivers
v000002e07cd3b9c0_0 .net "ANc2", 27 0, L_000002e07d23f680;  1 drivers
v000002e07cd2db50_0 .net "ANe", 27 0, v000002e07d1d27f0_0;  1 drivers
v000002e07cd2cbb0_0 .net "Nc", 22 0, L_000002e07d23eb40;  alias, 1 drivers
v000002e07cd2d6f0_0 .net "R", 27 0, L_000002e07d1d04f0;  1 drivers
v000002e07cd2cf70_0 .net *"_ivl_0", 31 0, L_000002e07d1d40f0;  1 drivers
v000002e07cd2d010_0 .net *"_ivl_10", 0 0, L_000002e07cd30d30;  1 drivers
v000002e07cd2d1f0_0 .net *"_ivl_100", 0 0, L_000002e07d1d3bf0;  1 drivers
v000002e07cd2dfb0_0 .net *"_ivl_102", 0 0, L_000002e07d1d3830;  1 drivers
v000002e07cd2e370_0 .net *"_ivl_103", 0 0, L_000002e07cd6eca0;  1 drivers
v000002e07cd2d650_0 .net *"_ivl_106", 0 0, L_000002e07d1d2a70;  1 drivers
v000002e07cd2d790_0 .net *"_ivl_108", 0 0, L_000002e07d1d4230;  1 drivers
v000002e07cd23880_0 .net *"_ivl_110", 0 0, L_000002e07d1d3f10;  1 drivers
v000002e07cd22a20_0 .net *"_ivl_112", 0 0, L_000002e07d1d24d0;  1 drivers
v000002e07cd22b60_0 .net *"_ivl_114", 0 0, L_000002e07d1d2610;  1 drivers
v000002e07cd13cc0_0 .net *"_ivl_115", 0 0, L_000002e07cd6e680;  1 drivers
v000002e07cd12be0_0 .net *"_ivl_118", 0 0, L_000002e07d1d2b10;  1 drivers
v000002e07cd09c60_0 .net *"_ivl_120", 0 0, L_000002e07d1d2bb0;  1 drivers
v000002e07cd67fc0_0 .net *"_ivl_122", 0 0, L_000002e07d1d2c50;  1 drivers
v000002e07cd69960_0 .net *"_ivl_124", 0 0, L_000002e07d1d2d90;  1 drivers
v000002e07cd6a180_0 .net *"_ivl_126", 0 0, L_000002e07d1d45f0;  1 drivers
v000002e07cd689c0_0 .net *"_ivl_127", 0 0, L_000002e07cd6e0d0;  1 drivers
v000002e07cd68880_0 .net *"_ivl_13", 0 0, L_000002e07d1d2930;  1 drivers
v000002e07cd691e0_0 .net *"_ivl_130", 0 0, L_000002e07d1d2e30;  1 drivers
v000002e07cd68b00_0 .net *"_ivl_132", 0 0, L_000002e07d1d3fb0;  1 drivers
v000002e07cd69aa0_0 .net *"_ivl_134", 0 0, L_000002e07d1d2ed0;  1 drivers
v000002e07cd681a0_0 .net *"_ivl_136", 0 0, L_000002e07d1d2f70;  1 drivers
v000002e07cd69780_0 .net *"_ivl_138", 0 0, L_000002e07d1d3470;  1 drivers
v000002e07cd69640_0 .net *"_ivl_139", 0 0, L_000002e07cd6dea0;  1 drivers
v000002e07cd67f20_0 .net *"_ivl_14", 0 0, L_000002e07cd30da0;  1 drivers
v000002e07cd68e20_0 .net *"_ivl_142", 0 0, L_000002e07d1d3010;  1 drivers
v000002e07cd69140_0 .net *"_ivl_144", 0 0, L_000002e07d1d4050;  1 drivers
v000002e07cd69320_0 .net *"_ivl_146", 0 0, L_000002e07d1d30b0;  1 drivers
v000002e07cd69a00_0 .net *"_ivl_148", 0 0, L_000002e07d1d35b0;  1 drivers
v000002e07cd68d80_0 .net *"_ivl_150", 0 0, L_000002e07d1d42d0;  1 drivers
v000002e07cd68420_0 .net *"_ivl_151", 0 0, L_000002e07cd6eae0;  1 drivers
v000002e07cd696e0_0 .net *"_ivl_154", 0 0, L_000002e07d1d72f0;  1 drivers
v000002e07cd68ce0_0 .net *"_ivl_156", 0 0, L_000002e07d1d6d50;  1 drivers
v000002e07cd69c80_0 .net *"_ivl_158", 0 0, L_000002e07d1d4ff0;  1 drivers
v000002e07cd69820_0 .net *"_ivl_160", 0 0, L_000002e07d1d5a90;  1 drivers
v000002e07cd69d20_0 .net *"_ivl_162", 0 0, L_000002e07d1d5090;  1 drivers
v000002e07cd687e0_0 .net *"_ivl_163", 0 0, L_000002e07cd6e920;  1 drivers
v000002e07cd69460_0 .net *"_ivl_166", 0 0, L_000002e07d1d7110;  1 drivers
v000002e07cd68240_0 .net *"_ivl_168", 0 0, L_000002e07d1d6e90;  1 drivers
v000002e07cd6a4a0_0 .net *"_ivl_17", 0 0, L_000002e07d1d4870;  1 drivers
v000002e07cd67e80_0 .net *"_ivl_170", 0 0, L_000002e07d1d5e50;  1 drivers
v000002e07cd690a0_0 .net *"_ivl_172", 0 0, L_000002e07d1d63f0;  1 drivers
v000002e07cd68a60_0 .net *"_ivl_174", 0 0, L_000002e07d1d5770;  1 drivers
v000002e07cd68f60_0 .net *"_ivl_175", 0 0, L_000002e07cd6dff0;  1 drivers
v000002e07cd68ec0_0 .net *"_ivl_178", 0 0, L_000002e07d1d67b0;  1 drivers
v000002e07cd68740_0 .net *"_ivl_18", 0 0, L_000002e07cd30e10;  1 drivers
v000002e07cd6a360_0 .net *"_ivl_180", 0 0, L_000002e07d1d5450;  1 drivers
v000002e07cd68380_0 .net *"_ivl_182", 0 0, L_000002e07d1d6670;  1 drivers
v000002e07cd69dc0_0 .net *"_ivl_184", 0 0, L_000002e07d1d62b0;  1 drivers
v000002e07cd686a0_0 .net *"_ivl_186", 0 0, L_000002e07d1d65d0;  1 drivers
v000002e07cd68ba0_0 .net *"_ivl_187", 0 0, L_000002e07cd6e6f0;  1 drivers
v000002e07cd68060_0 .net *"_ivl_190", 0 0, L_000002e07d1d6530;  1 drivers
v000002e07cd68100_0 .net *"_ivl_192", 0 0, L_000002e07d1d5d10;  1 drivers
v000002e07cd69500_0 .net *"_ivl_194", 0 0, L_000002e07d1d4cd0;  1 drivers
v000002e07cd69e60_0 .net *"_ivl_196", 0 0, L_000002e07d1d68f0;  1 drivers
v000002e07cd69000_0 .net *"_ivl_198", 0 0, L_000002e07d1d71b0;  1 drivers
v000002e07cd698c0_0 .net *"_ivl_199", 0 0, L_000002e07cd6ed10;  1 drivers
v000002e07cd69280_0 .net *"_ivl_202", 0 0, L_000002e07d1d6850;  1 drivers
v000002e07cd69b40_0 .net *"_ivl_204", 0 0, L_000002e07d1d5ef0;  1 drivers
v000002e07cd693c0_0 .net *"_ivl_206", 0 0, L_000002e07d1d6b70;  1 drivers
v000002e07cd6a540_0 .net *"_ivl_208", 0 0, L_000002e07d1d4e10;  1 drivers
v000002e07cd69f00_0 .net *"_ivl_21", 0 0, L_000002e07d1d3290;  1 drivers
v000002e07cd69be0_0 .net *"_ivl_210", 0 0, L_000002e07d1d7390;  1 drivers
v000002e07cd68c40_0 .net *"_ivl_211", 0 0, L_000002e07cd6eb50;  1 drivers
v000002e07cd69fa0_0 .net *"_ivl_214", 0 0, L_000002e07d1d5270;  1 drivers
v000002e07cd684c0_0 .net *"_ivl_216", 0 0, L_000002e07d1d5810;  1 drivers
v000002e07cd68560_0 .net *"_ivl_218", 0 0, L_000002e07d1d6030;  1 drivers
v000002e07cd68600_0 .net *"_ivl_22", 0 0, L_000002e07cd30e80;  1 drivers
v000002e07cd6a220_0 .net *"_ivl_220", 0 0, L_000002e07d1d6990;  1 drivers
v000002e07cd695a0_0 .net *"_ivl_222", 0 0, L_000002e07d1d6350;  1 drivers
v000002e07cd6a040_0 .net *"_ivl_223", 0 0, L_000002e07cd6e5a0;  1 drivers
v000002e07cd68920_0 .net *"_ivl_226", 0 0, L_000002e07d1d4d70;  1 drivers
v000002e07cd6a2c0_0 .net *"_ivl_228", 0 0, L_000002e07d1d6710;  1 drivers
v000002e07cd6a400_0 .net *"_ivl_230", 0 0, L_000002e07d1d5b30;  1 drivers
v000002e07cd6a0e0_0 .net *"_ivl_232", 0 0, L_000002e07d1d6a30;  1 drivers
v000002e07cd6a5e0_0 .net *"_ivl_234", 0 0, L_000002e07d1d54f0;  1 drivers
v000002e07cd682e0_0 .net *"_ivl_235", 0 0, L_000002e07cd6ea00;  1 drivers
v000002e07cd6b620_0 .net *"_ivl_238", 0 0, L_000002e07d1d6ad0;  1 drivers
v000002e07cd6ba80_0 .net *"_ivl_240", 0 0, L_000002e07d1d6490;  1 drivers
v000002e07cd6acc0_0 .net *"_ivl_242", 0 0, L_000002e07d1d6c10;  1 drivers
v000002e07cd6ac20_0 .net *"_ivl_244", 0 0, L_000002e07d1d6cb0;  1 drivers
v000002e07cd6b1c0_0 .net *"_ivl_246", 0 0, L_000002e07d1d5db0;  1 drivers
v000002e07cd6ad60_0 .net *"_ivl_247", 0 0, L_000002e07cd6e060;  1 drivers
v000002e07cd6b6c0_0 .net *"_ivl_25", 0 0, L_000002e07d1d3650;  1 drivers
v000002e07cd6a7c0_0 .net *"_ivl_250", 0 0, L_000002e07d1d4eb0;  1 drivers
v000002e07cd6b4e0_0 .net *"_ivl_252", 0 0, L_000002e07d1d6df0;  1 drivers
v000002e07cd6b440_0 .net *"_ivl_254", 0 0, L_000002e07d1d6f30;  1 drivers
v000002e07cd6a680_0 .net *"_ivl_256", 0 0, L_000002e07d1d6fd0;  1 drivers
v000002e07cd6afe0_0 .net *"_ivl_258", 0 0, L_000002e07d1d5f90;  1 drivers
v000002e07cd6b260_0 .net *"_ivl_259", 0 0, L_000002e07cd6ed80;  1 drivers
v000002e07cd6b300_0 .net *"_ivl_26", 0 0, L_000002e07cd6df10;  1 drivers
v000002e07cd6b760_0 .net *"_ivl_262", 0 0, L_000002e07d1d7070;  1 drivers
v000002e07cd6b080_0 .net *"_ivl_264", 0 0, L_000002e07d1d5130;  1 drivers
v000002e07cd6aa40_0 .net *"_ivl_266", 0 0, L_000002e07d1d4f50;  1 drivers
v000002e07cd6b580_0 .net *"_ivl_268", 0 0, L_000002e07d1d5310;  1 drivers
v000002e07cd6af40_0 .net *"_ivl_270", 0 0, L_000002e07d1d58b0;  1 drivers
v000002e07cd6b800_0 .net *"_ivl_271", 0 0, L_000002e07cd6e840;  1 drivers
v000002e07cd6b120_0 .net *"_ivl_274", 0 0, L_000002e07d1d51d0;  1 drivers
v000002e07cd6b8a0_0 .net *"_ivl_276", 0 0, L_000002e07d1d7250;  1 drivers
v000002e07cd6b940_0 .net *"_ivl_278", 0 0, L_000002e07d1d53b0;  1 drivers
v000002e07cd6a720_0 .net *"_ivl_280", 0 0, L_000002e07d1d7430;  1 drivers
v000002e07cd6b9e0_0 .net *"_ivl_282", 0 0, L_000002e07d1d5590;  1 drivers
v000002e07cd6b3a0_0 .net *"_ivl_283", 0 0, L_000002e07cd6e7d0;  1 drivers
v000002e07cd6bc60_0 .net *"_ivl_286", 0 0, L_000002e07d1d5630;  1 drivers
v000002e07cd6bd00_0 .net *"_ivl_288", 0 0, L_000002e07d1d56d0;  1 drivers
v000002e07cd6bb20_0 .net *"_ivl_290", 0 0, L_000002e07d1d5950;  1 drivers
v000002e07cd6bbc0_0 .net *"_ivl_292", 0 0, L_000002e07d1d59f0;  1 drivers
v000002e07cd6a860_0 .net *"_ivl_294", 0 0, L_000002e07d1d5bd0;  1 drivers
v000002e07cd6a900_0 .net *"_ivl_295", 0 0, L_000002e07cd6e8b0;  1 drivers
v000002e07cd6a9a0_0 .net *"_ivl_298", 0 0, L_000002e07d1d5c70;  1 drivers
L_000002e07d1d7c88 .functor BUFT 1, C4<0000>, C4<0>, C4<0>, C4<0>;
v000002e07cd6aae0_0 .net *"_ivl_3", 3 0, L_000002e07d1d7c88;  1 drivers
v000002e07cd6ab80_0 .net *"_ivl_30", 0 0, L_000002e07d1d38d0;  1 drivers
v000002e07cd6ae00_0 .net *"_ivl_300", 0 0, L_000002e07d1d60d0;  1 drivers
v000002e07cd6aea0_0 .net *"_ivl_302", 0 0, L_000002e07d1d6170;  1 drivers
v000002e07d1c62d0_0 .net *"_ivl_304", 0 0, L_000002e07d1d6210;  1 drivers
v000002e07d1c6d70_0 .net *"_ivl_306", 0 0, L_000002e07d1d7570;  1 drivers
v000002e07d1c7130_0 .net *"_ivl_307", 0 0, L_000002e07cd6e760;  1 drivers
v000002e07d1c6e10_0 .net *"_ivl_31", 0 0, L_000002e07cd6df80;  1 drivers
v000002e07d1c6a50_0 .net *"_ivl_310", 0 0, L_000002e07d1d76b0;  1 drivers
v000002e07d1c7310_0 .net *"_ivl_312", 0 0, L_000002e07d1d74d0;  1 drivers
v000002e07d1c64b0_0 .net *"_ivl_314", 0 0, L_000002e07d1d79d0;  1 drivers
v000002e07d1c5f10_0 .net *"_ivl_316", 0 0, L_000002e07d1d7a70;  1 drivers
v000002e07d1c6910_0 .net *"_ivl_318", 0 0, L_000002e07d1d7b10;  1 drivers
v000002e07d1c67d0_0 .net *"_ivl_319", 0 0, L_000002e07cd6e990;  1 drivers
v000002e07d1c6af0_0 .net *"_ivl_322", 0 0, L_000002e07d1d7bb0;  1 drivers
v000002e07d1c6870_0 .net *"_ivl_324", 0 0, L_000002e07d1d7890;  1 drivers
v000002e07d1c69b0_0 .net *"_ivl_326", 0 0, L_000002e07d1d7610;  1 drivers
v000002e07d1c6050_0 .net *"_ivl_328", 0 0, L_000002e07d1d7750;  1 drivers
v000002e07d1c6230_0 .net *"_ivl_330", 0 0, L_000002e07d1d77f0;  1 drivers
v000002e07d1c6eb0_0 .net *"_ivl_331", 0 0, L_000002e07cd6e140;  1 drivers
v000002e07d1c6b90_0 .net *"_ivl_334", 0 0, L_000002e07d1d7930;  1 drivers
v000002e07d1c6550_0 .net *"_ivl_336", 0 0, L_000002e07d1d0950;  1 drivers
v000002e07d1c5d30_0 .net *"_ivl_338", 0 0, L_000002e07d1d1e90;  1 drivers
v000002e07d1c6c30_0 .net *"_ivl_34", 0 0, L_000002e07d1d2570;  1 drivers
v000002e07d1c5fb0_0 .net *"_ivl_340", 0 0, L_000002e07d1d21b0;  1 drivers
v000002e07d1c60f0_0 .net *"_ivl_342", 0 0, L_000002e07d1d0310;  1 drivers
v000002e07d1c5dd0_0 .net *"_ivl_343", 0 0, L_000002e07cd6e290;  1 drivers
v000002e07d1c6cd0_0 .net *"_ivl_346", 0 0, L_000002e07d1d1c10;  1 drivers
v000002e07d1c6f50_0 .net *"_ivl_348", 0 0, L_000002e07d1d1210;  1 drivers
v000002e07d1c6ff0_0 .net *"_ivl_350", 0 0, L_000002e07d1d0270;  1 drivers
v000002e07d1c7090_0 .net *"_ivl_352", 0 0, L_000002e07d1d09f0;  1 drivers
v000002e07d1c65f0_0 .net *"_ivl_354", 0 0, L_000002e07d1d03b0;  1 drivers
v000002e07d1c5e70_0 .net *"_ivl_355", 0 0, L_000002e07cd6e1b0;  1 drivers
v000002e07d1c6190_0 .net *"_ivl_359", 0 0, L_000002e07d1d12b0;  1 drivers
v000002e07d1c6690_0 .net *"_ivl_36", 0 0, L_000002e07d1d47d0;  1 drivers
v000002e07d1c6370_0 .net *"_ivl_361", 0 0, L_000002e07d1d15d0;  1 drivers
v000002e07d1c71d0_0 .net *"_ivl_363", 0 0, L_000002e07d1d1670;  1 drivers
v000002e07d1c7270_0 .net *"_ivl_365", 0 0, L_000002e07d1d0d10;  1 drivers
v000002e07d1c5c90_0 .net *"_ivl_367", 0 0, L_000002e07d1cfff0;  1 drivers
v000002e07d1c6410_0 .net *"_ivl_368", 0 0, L_000002e07cd6ebc0;  1 drivers
v000002e07d1c6730_0 .net *"_ivl_371", 0 0, L_000002e07d1d2110;  1 drivers
v000002e07d1c3fd0_0 .net *"_ivl_372", 0 0, L_000002e07cd6e220;  1 drivers
v000002e07d1c51f0_0 .net *"_ivl_375", 0 0, L_000002e07d1cfcd0;  1 drivers
v000002e07d1c58d0_0 .net *"_ivl_376", 0 0, L_000002e07cd6e300;  1 drivers
v000002e07d1c5290_0 .net *"_ivl_379", 0 0, L_000002e07d1d0a90;  1 drivers
v000002e07d1c4c50_0 .net *"_ivl_38", 0 0, L_000002e07d1d4370;  1 drivers
v000002e07d1c5b50_0 .net *"_ivl_380", 0 0, L_000002e07cd6e370;  1 drivers
v000002e07d1c42f0_0 .net *"_ivl_383", 0 0, L_000002e07d1d1710;  1 drivers
v000002e07d1c3990_0 .net *"_ivl_384", 0 0, L_000002e07cd6e450;  1 drivers
v000002e07d1c4b10_0 .net *"_ivl_387", 0 0, L_000002e07d1d1850;  1 drivers
v000002e07d1c4890_0 .net *"_ivl_388", 0 0, L_000002e07cd6e4c0;  1 drivers
v000002e07d1c4cf0_0 .net *"_ivl_391", 0 0, L_000002e07d1d1b70;  1 drivers
v000002e07d1c47f0_0 .net *"_ivl_392", 0 0, L_000002e07d234c40;  1 drivers
v000002e07d1c3df0_0 .net *"_ivl_395", 0 0, L_000002e07d1d0630;  1 drivers
v000002e07d1c5ab0_0 .net *"_ivl_396", 0 0, L_000002e07d2350a0;  1 drivers
v000002e07d1c3f30_0 .net *"_ivl_399", 0 0, L_000002e07d1d0c70;  1 drivers
L_000002e07d1d7cd0 .functor BUFT 1, C4<00000000000000000000000000011101>, C4<0>, C4<0>, C4<0>;
v000002e07d1c3e90_0 .net/2u *"_ivl_4", 31 0, L_000002e07d1d7cd0;  1 drivers
v000002e07d1c56f0_0 .net *"_ivl_40", 0 0, L_000002e07d1d2cf0;  1 drivers
v000002e07d1c5bf0_0 .net *"_ivl_400", 0 0, L_000002e07d2355e0;  1 drivers
v000002e07d1c46b0_0 .net *"_ivl_403", 0 0, L_000002e07d1d2250;  1 drivers
v000002e07d1c4070_0 .net *"_ivl_404", 0 0, L_000002e07d235650;  1 drivers
v000002e07d1c4d90_0 .net *"_ivl_407", 0 0, L_000002e07d1d1cb0;  1 drivers
v000002e07d1c4110_0 .net *"_ivl_408", 0 0, L_000002e07d234930;  1 drivers
v000002e07d1c4610_0 .net *"_ivl_411", 0 0, L_000002e07d1d0b30;  1 drivers
v000002e07d1c4930_0 .net *"_ivl_412", 0 0, L_000002e07d2353b0;  1 drivers
v000002e07d1c5790_0 .net *"_ivl_415", 0 0, L_000002e07d1cff50;  1 drivers
v000002e07d1c5970_0 .net *"_ivl_416", 0 0, L_000002e07d235340;  1 drivers
v000002e07d1c4e30_0 .net *"_ivl_419", 0 0, L_000002e07d1d1ad0;  1 drivers
v000002e07d1c5510_0 .net *"_ivl_42", 0 0, L_000002e07d1d3150;  1 drivers
v000002e07d1c3670_0 .net *"_ivl_420", 0 0, L_000002e07d235490;  1 drivers
v000002e07d1c3490_0 .net *"_ivl_423", 0 0, L_000002e07d1d1490;  1 drivers
v000002e07d1c5830_0 .net *"_ivl_424", 0 0, L_000002e07d235110;  1 drivers
v000002e07d1c5a10_0 .net *"_ivl_427", 0 0, L_000002e07d1d18f0;  1 drivers
v000002e07d1c41b0_0 .net *"_ivl_428", 0 0, L_000002e07d235180;  1 drivers
v000002e07d1c3530_0 .net *"_ivl_43", 0 0, L_000002e07cd6e530;  1 drivers
v000002e07d1c35d0_0 .net *"_ivl_431", 0 0, L_000002e07d1d2390;  1 drivers
v000002e07d1c3710_0 .net *"_ivl_432", 0 0, L_000002e07d2351f0;  1 drivers
v000002e07d1c4ed0_0 .net *"_ivl_435", 0 0, L_000002e07d1d1530;  1 drivers
v000002e07d1c53d0_0 .net *"_ivl_436", 0 0, L_000002e07d2357a0;  1 drivers
v000002e07d1c37b0_0 .net *"_ivl_439", 0 0, L_000002e07d1d17b0;  1 drivers
v000002e07d1c5470_0 .net *"_ivl_440", 0 0, L_000002e07d2356c0;  1 drivers
v000002e07d1c3850_0 .net *"_ivl_443", 0 0, L_000002e07d1d0450;  1 drivers
v000002e07d1c4250_0 .net *"_ivl_444", 0 0, L_000002e07d234d20;  1 drivers
v000002e07d1c38f0_0 .net *"_ivl_447", 0 0, L_000002e07d1d1fd0;  1 drivers
v000002e07d1c3a30_0 .net *"_ivl_448", 0 0, L_000002e07d234fc0;  1 drivers
v000002e07d1c3ad0_0 .net *"_ivl_451", 0 0, L_000002e07d1d1f30;  1 drivers
v000002e07d1c55b0_0 .net *"_ivl_452", 0 0, L_000002e07d235420;  1 drivers
v000002e07d1c4430_0 .net *"_ivl_455", 0 0, L_000002e07d1d2070;  1 drivers
v000002e07d1c3b70_0 .net *"_ivl_456", 0 0, L_000002e07d235810;  1 drivers
v000002e07d1c4390_0 .net *"_ivl_459", 0 0, L_000002e07d1d1d50;  1 drivers
v000002e07d1c44d0_0 .net *"_ivl_46", 0 0, L_000002e07d1d4910;  1 drivers
v000002e07d1c49d0_0 .net *"_ivl_460", 0 0, L_000002e07d234e00;  1 drivers
v000002e07d1c3cb0_0 .net *"_ivl_463", 0 0, L_000002e07d1d22f0;  1 drivers
v000002e07d1c4bb0_0 .net *"_ivl_464", 0 0, L_000002e07d235500;  1 drivers
v000002e07d1c4f70_0 .net *"_ivl_467", 0 0, L_000002e07d1d0db0;  1 drivers
v000002e07d1c5650_0 .net *"_ivl_468", 0 0, L_000002e07d234e70;  1 drivers
v000002e07d1c4a70_0 .net *"_ivl_471", 0 0, L_000002e07d1d0590;  1 drivers
v000002e07d1c3c10_0 .net *"_ivl_472", 0 0, L_000002e07d235260;  1 drivers
v000002e07d1c3d50_0 .net *"_ivl_475", 0 0, L_000002e07d1d1990;  1 drivers
v000002e07d1c4570_0 .net *"_ivl_476", 0 0, L_000002e07d2352d0;  1 drivers
v000002e07d1c4750_0 .net *"_ivl_48", 0 0, L_000002e07d1d3d30;  1 drivers
v000002e07d1c5010_0 .net *"_ivl_480", 0 0, L_000002e07d1d06d0;  1 drivers
v000002e07d1c50b0_0 .net *"_ivl_481", 0 0, L_000002e07d234a10;  1 drivers
v000002e07d1c5150_0 .net *"_ivl_484", 0 0, L_000002e07d1d1350;  1 drivers
v000002e07d1c5330_0 .net *"_ivl_486", 0 0, L_000002e07d1d1170;  1 drivers
v000002e07d1c93d0_0 .net *"_ivl_487", 0 0, L_000002e07d235730;  1 drivers
v000002e07d1c8bb0_0 .net *"_ivl_490", 0 0, L_000002e07d1d2430;  1 drivers
v000002e07d1c8250_0 .net *"_ivl_492", 0 0, L_000002e07d1d0090;  1 drivers
v000002e07d1c9510_0 .net *"_ivl_493", 0 0, L_000002e07d235030;  1 drivers
v000002e07d1c8570_0 .net *"_ivl_496", 0 0, L_000002e07d1d0ef0;  1 drivers
v000002e07d1c8430_0 .net *"_ivl_498", 0 0, L_000002e07d1d1df0;  1 drivers
v000002e07d1c9470_0 .net *"_ivl_499", 0 0, L_000002e07d234a80;  1 drivers
v000002e07d1c9ab0_0 .net *"_ivl_50", 0 0, L_000002e07d1d4550;  1 drivers
v000002e07d1c8610_0 .net *"_ivl_502", 0 0, L_000002e07d1cfd70;  1 drivers
v000002e07d1c9290_0 .net *"_ivl_504", 0 0, L_000002e07d1cfe10;  1 drivers
v000002e07d1c7fd0_0 .net *"_ivl_505", 0 0, L_000002e07d234f50;  1 drivers
v000002e07d1ca2d0_0 .net *"_ivl_508", 0 0, L_000002e07d1cfeb0;  1 drivers
v000002e07d1c7cb0_0 .net *"_ivl_510", 0 0, L_000002e07d1d0130;  1 drivers
v000002e07d1c8ed0_0 .net *"_ivl_511", 0 0, L_000002e07d235570;  1 drivers
v000002e07d1c9c90_0 .net *"_ivl_514", 0 0, L_000002e07d1d01d0;  1 drivers
v000002e07d1ca410_0 .net *"_ivl_516", 0 0, L_000002e07d1d0770;  1 drivers
v000002e07d1c9650_0 .net *"_ivl_517", 0 0, L_000002e07d2349a0;  1 drivers
v000002e07d1c89d0_0 .net *"_ivl_52", 0 0, L_000002e07d1d26b0;  1 drivers
v000002e07d1c9330_0 .net *"_ivl_520", 0 0, L_000002e07d1d0810;  1 drivers
v000002e07d1c95b0_0 .net *"_ivl_522", 0 0, L_000002e07d1d08b0;  1 drivers
v000002e07d1c9830_0 .net *"_ivl_523", 0 0, L_000002e07d234af0;  1 drivers
v000002e07d1ca230_0 .net *"_ivl_526", 0 0, L_000002e07d1d0bd0;  1 drivers
v000002e07d1c7e90_0 .net *"_ivl_528", 0 0, L_000002e07d1d0e50;  1 drivers
v000002e07d1c8070_0 .net *"_ivl_529", 0 0, L_000002e07d234b60;  1 drivers
v000002e07d1c9010_0 .net *"_ivl_532", 0 0, L_000002e07d1d0f90;  1 drivers
v000002e07d1c87f0_0 .net *"_ivl_534", 0 0, L_000002e07d1d1030;  1 drivers
v000002e07d1c8930_0 .net *"_ivl_535", 0 0, L_000002e07d234bd0;  1 drivers
v000002e07d1c82f0_0 .net *"_ivl_538", 0 0, L_000002e07d1d10d0;  1 drivers
v000002e07d1c8390_0 .net *"_ivl_54", 0 0, L_000002e07d1d4c30;  1 drivers
v000002e07d1c9d30_0 .net *"_ivl_540", 0 0, L_000002e07d1d13f0;  1 drivers
v000002e07d1c8e30_0 .net *"_ivl_541", 0 0, L_000002e07d234cb0;  1 drivers
v000002e07d1c91f0_0 .net *"_ivl_544", 0 0, L_000002e07d23b9e0;  1 drivers
v000002e07d1c9dd0_0 .net *"_ivl_546", 0 0, L_000002e07d23b120;  1 drivers
v000002e07d1ca050_0 .net *"_ivl_547", 0 0, L_000002e07d234d90;  1 drivers
v000002e07d1c8f70_0 .net *"_ivl_55", 0 0, L_000002e07cd6ec30;  1 drivers
v000002e07d1c7d50_0 .net *"_ivl_550", 0 0, L_000002e07d23ba80;  1 drivers
v000002e07d1c90b0_0 .net *"_ivl_552", 0 0, L_000002e07d23cca0;  1 drivers
v000002e07d1c8110_0 .net *"_ivl_553", 0 0, L_000002e07d234ee0;  1 drivers
v000002e07d1c9e70_0 .net *"_ivl_556", 0 0, L_000002e07d23afe0;  1 drivers
v000002e07d1c9f10_0 .net *"_ivl_558", 0 0, L_000002e07d23b6c0;  1 drivers
v000002e07d1c7df0_0 .net *"_ivl_559", 0 0, L_000002e07d243710;  1 drivers
v000002e07d1c9fb0_0 .net *"_ivl_562", 0 0, L_000002e07d23b760;  1 drivers
v000002e07d1c8890_0 .net *"_ivl_564", 0 0, L_000002e07d23acc0;  1 drivers
v000002e07d1c7f30_0 .net *"_ivl_565", 0 0, L_000002e07d2438d0;  1 drivers
v000002e07d1ca0f0_0 .net *"_ivl_568", 0 0, L_000002e07d23cd40;  1 drivers
v000002e07d1c9790_0 .net *"_ivl_570", 0 0, L_000002e07d23c8e0;  1 drivers
v000002e07d1c9150_0 .net *"_ivl_571", 0 0, L_000002e07d243c50;  1 drivers
v000002e07d1c96f0_0 .net *"_ivl_574", 0 0, L_000002e07d23cb60;  1 drivers
v000002e07d1c98d0_0 .net *"_ivl_576", 0 0, L_000002e07d23bb20;  1 drivers
v000002e07d1c9970_0 .net *"_ivl_577", 0 0, L_000002e07d243da0;  1 drivers
v000002e07d1c9a10_0 .net *"_ivl_58", 0 0, L_000002e07d1d31f0;  1 drivers
v000002e07d1c9b50_0 .net *"_ivl_580", 0 0, L_000002e07d23ce80;  1 drivers
v000002e07d1ca190_0 .net *"_ivl_582", 0 0, L_000002e07d23d1a0;  1 drivers
v000002e07d1c9bf0_0 .net *"_ivl_583", 0 0, L_000002e07d243940;  1 drivers
v000002e07d1ca370_0 .net *"_ivl_586", 0 0, L_000002e07d23cfc0;  1 drivers
v000002e07d1c81b0_0 .net *"_ivl_588", 0 0, L_000002e07d23b800;  1 drivers
v000002e07d1c84d0_0 .net *"_ivl_589", 0 0, L_000002e07d243e10;  1 drivers
v000002e07d1c86b0_0 .net *"_ivl_592", 0 0, L_000002e07d23c480;  1 drivers
v000002e07d1c8750_0 .net *"_ivl_594", 0 0, L_000002e07d23b1c0;  1 drivers
v000002e07d1c8a70_0 .net *"_ivl_595", 0 0, L_000002e07d2434e0;  1 drivers
v000002e07d1c8b10_0 .net *"_ivl_598", 0 0, L_000002e07d23ca20;  1 drivers
v000002e07d1c8c50_0 .net *"_ivl_6", 31 0, L_000002e07d1d4190;  1 drivers
v000002e07d1c8cf0_0 .net *"_ivl_60", 0 0, L_000002e07d1d3330;  1 drivers
v000002e07d1c8d90_0 .net *"_ivl_600", 0 0, L_000002e07d23c020;  1 drivers
v000002e07d1ca7d0_0 .net *"_ivl_601", 0 0, L_000002e07d243390;  1 drivers
v000002e07d1cb3b0_0 .net *"_ivl_604", 0 0, L_000002e07d23c840;  1 drivers
v000002e07d1ca910_0 .net *"_ivl_606", 0 0, L_000002e07d23d240;  1 drivers
v000002e07d1cacd0_0 .net *"_ivl_607", 0 0, L_000002e07d2437f0;  1 drivers
v000002e07d1cac30_0 .net *"_ivl_610", 0 0, L_000002e07d23cac0;  1 drivers
v000002e07d1ca5f0_0 .net *"_ivl_612", 0 0, L_000002e07d23b8a0;  1 drivers
v000002e07d1cb310_0 .net *"_ivl_613", 0 0, L_000002e07d243a90;  1 drivers
v000002e07d1cb630_0 .net *"_ivl_616", 0 0, L_000002e07d23bbc0;  1 drivers
v000002e07d1cba90_0 .net *"_ivl_618", 0 0, L_000002e07d23cde0;  1 drivers
v000002e07d1cb270_0 .net *"_ivl_619", 0 0, L_000002e07d243b00;  1 drivers
v000002e07d1cb590_0 .net *"_ivl_62", 0 0, L_000002e07d1d3c90;  1 drivers
v000002e07d1ca690_0 .net *"_ivl_622", 0 0, L_000002e07d23b300;  1 drivers
v000002e07d1cbb30_0 .net *"_ivl_624", 0 0, L_000002e07d23be40;  1 drivers
v000002e07d1ca4b0_0 .net *"_ivl_625", 0 0, L_000002e07d243fd0;  1 drivers
v000002e07d1cb130_0 .net *"_ivl_628", 0 0, L_000002e07d23cc00;  1 drivers
v000002e07d1cad70_0 .net *"_ivl_630", 0 0, L_000002e07d23c980;  1 drivers
v000002e07d1cb450_0 .net *"_ivl_631", 0 0, L_000002e07d243b70;  1 drivers
v000002e07d1ca730_0 .net *"_ivl_634", 0 0, L_000002e07d23bc60;  1 drivers
v000002e07d1cb1d0_0 .net *"_ivl_636", 0 0, L_000002e07d23ae00;  1 drivers
v000002e07d1cb8b0_0 .net *"_ivl_637", 0 0, L_000002e07d2435c0;  1 drivers
v000002e07d1ca870_0 .net *"_ivl_64", 0 0, L_000002e07d1d3ab0;  1 drivers
v000002e07d1cb9f0_0 .net *"_ivl_640", 0 0, L_000002e07d23b3a0;  1 drivers
v000002e07d1ca550_0 .net *"_ivl_642", 0 0, L_000002e07d23c160;  1 drivers
v000002e07d1caff0_0 .net *"_ivl_643", 0 0, L_000002e07d243240;  1 drivers
v000002e07d1cb090_0 .net *"_ivl_647", 0 0, L_000002e07d23aae0;  1 drivers
v000002e07d1caa50_0 .net *"_ivl_649", 0 0, L_000002e07d23c700;  1 drivers
v000002e07d1cb950_0 .net *"_ivl_650", 0 0, L_000002e07d243ef0;  1 drivers
v000002e07d1ca9b0_0 .net *"_ivl_653", 0 0, L_000002e07d23ab80;  1 drivers
v000002e07d1cb4f0_0 .net *"_ivl_655", 0 0, L_000002e07d23af40;  1 drivers
v000002e07d1cb6d0_0 .net *"_ivl_656", 0 0, L_000002e07d243be0;  1 drivers
v000002e07d1cb770_0 .net *"_ivl_659", 0 0, L_000002e07d23cf20;  1 drivers
v000002e07d1cb810_0 .net *"_ivl_66", 0 0, L_000002e07d1d44b0;  1 drivers
v000002e07d1caaf0_0 .net *"_ivl_661", 0 0, L_000002e07d23ac20;  1 drivers
v000002e07d1cae10_0 .net *"_ivl_662", 0 0, L_000002e07d243320;  1 drivers
v000002e07d1cab90_0 .net *"_ivl_665", 0 0, L_000002e07d23bd00;  1 drivers
v000002e07d1caeb0_0 .net *"_ivl_667", 0 0, L_000002e07d23d060;  1 drivers
v000002e07d1caf50_0 .net *"_ivl_668", 0 0, L_000002e07d2431d0;  1 drivers
v000002e07d1cdd40_0 .net *"_ivl_67", 0 0, L_000002e07cd6e3e0;  1 drivers
v000002e07d1cc580_0 .net *"_ivl_671", 0 0, L_000002e07d23b620;  1 drivers
v000002e07d1cce40_0 .net *"_ivl_673", 0 0, L_000002e07d23ad60;  1 drivers
v000002e07d1cc8a0_0 .net *"_ivl_674", 0 0, L_000002e07d243780;  1 drivers
v000002e07d1cbcc0_0 .net *"_ivl_677", 0 0, L_000002e07d23c5c0;  1 drivers
v000002e07d1cbd60_0 .net *"_ivl_679", 0 0, L_000002e07d23d100;  1 drivers
v000002e07d1cbe00_0 .net *"_ivl_680", 0 0, L_000002e07d243860;  1 drivers
v000002e07d1cd7a0_0 .net *"_ivl_683", 0 0, L_000002e07d23b4e0;  1 drivers
v000002e07d1cd980_0 .net *"_ivl_685", 0 0, L_000002e07d23aea0;  1 drivers
v000002e07d1ccbc0_0 .net *"_ivl_686", 0 0, L_000002e07d243a20;  1 drivers
v000002e07d1cdc00_0 .net *"_ivl_689", 0 0, L_000002e07d23c7a0;  1 drivers
v000002e07d1cd840_0 .net *"_ivl_691", 0 0, L_000002e07d23b080;  1 drivers
v000002e07d1ce380_0 .net *"_ivl_692", 0 0, L_000002e07d243470;  1 drivers
v000002e07d1cd3e0_0 .net *"_ivl_695", 0 0, L_000002e07d23c200;  1 drivers
v000002e07d1ccd00_0 .net *"_ivl_697", 0 0, L_000002e07d23bda0;  1 drivers
v000002e07d1ce060_0 .net *"_ivl_698", 0 0, L_000002e07d243cc0;  1 drivers
v000002e07d1ce100_0 .net *"_ivl_70", 0 0, L_000002e07d1d4a50;  1 drivers
v000002e07d1ccda0_0 .net *"_ivl_701", 0 0, L_000002e07d23b260;  1 drivers
v000002e07d1cdde0_0 .net *"_ivl_703", 0 0, L_000002e07d23b440;  1 drivers
v000002e07d1cd8e0_0 .net *"_ivl_704", 0 0, L_000002e07d2439b0;  1 drivers
v000002e07d1ccee0_0 .net *"_ivl_707", 0 0, L_000002e07d23bee0;  1 drivers
v000002e07d1ce1a0_0 .net *"_ivl_709", 0 0, L_000002e07d23b580;  1 drivers
v000002e07d1ce420_0 .net *"_ivl_710", 0 0, L_000002e07d243160;  1 drivers
v000002e07d1cc800_0 .net *"_ivl_713", 0 0, L_000002e07d23bf80;  1 drivers
v000002e07d1cc120_0 .net *"_ivl_715", 0 0, L_000002e07d23c0c0;  1 drivers
v000002e07d1cbea0_0 .net *"_ivl_716", 0 0, L_000002e07d2432b0;  1 drivers
v000002e07d1cc940_0 .net *"_ivl_719", 0 0, L_000002e07d23c3e0;  1 drivers
v000002e07d1ce240_0 .net *"_ivl_72", 0 0, L_000002e07d1d4410;  1 drivers
v000002e07d1cc4e0_0 .net *"_ivl_721", 0 0, L_000002e07d23c2a0;  1 drivers
v000002e07d1cc1c0_0 .net *"_ivl_722", 0 0, L_000002e07d243f60;  1 drivers
v000002e07d1cd480_0 .net *"_ivl_725", 0 0, L_000002e07d23c340;  1 drivers
v000002e07d1cbf40_0 .net *"_ivl_727", 0 0, L_000002e07d23c520;  1 drivers
v000002e07d1ccb20_0 .net *"_ivl_728", 0 0, L_000002e07d243d30;  1 drivers
v000002e07d1cc260_0 .net *"_ivl_731", 0 0, L_000002e07d23c660;  1 drivers
v000002e07d1cd340_0 .net *"_ivl_733", 0 0, L_000002e07d23e140;  1 drivers
v000002e07d1cd0c0_0 .net *"_ivl_734", 0 0, L_000002e07d243e80;  1 drivers
v000002e07d1cd520_0 .net *"_ivl_737", 0 0, L_000002e07d23ec80;  1 drivers
v000002e07d1cd020_0 .net *"_ivl_739", 0 0, L_000002e07d23edc0;  1 drivers
v000002e07d1cc620_0 .net *"_ivl_74", 0 0, L_000002e07d1d3e70;  1 drivers
v000002e07d1ce2e0_0 .net *"_ivl_740", 0 0, L_000002e07d244040;  1 drivers
v000002e07d1cc760_0 .net *"_ivl_743", 0 0, L_000002e07d23f040;  1 drivers
v000002e07d1cc6c0_0 .net *"_ivl_745", 0 0, L_000002e07d23f900;  1 drivers
v000002e07d1cdf20_0 .net *"_ivl_746", 0 0, L_000002e07d243400;  1 drivers
v000002e07d1cbfe0_0 .net *"_ivl_749", 0 0, L_000002e07d23d4c0;  1 drivers
v000002e07d1ccf80_0 .net *"_ivl_751", 0 0, L_000002e07d23d880;  1 drivers
v000002e07d1cc9e0_0 .net *"_ivl_752", 0 0, L_000002e07d243550;  1 drivers
v000002e07d1cd5c0_0 .net *"_ivl_755", 0 0, L_000002e07d23d2e0;  1 drivers
v000002e07d1cca80_0 .net *"_ivl_757", 0 0, L_000002e07d23e320;  1 drivers
v000002e07d1cd160_0 .net *"_ivl_758", 0 0, L_000002e07d243630;  1 drivers
v000002e07d1cd200_0 .net *"_ivl_76", 0 0, L_000002e07d1d2890;  1 drivers
v000002e07d1cdfc0_0 .net *"_ivl_761", 0 0, L_000002e07d23d920;  1 drivers
v000002e07d1cc080_0 .net *"_ivl_763", 0 0, L_000002e07d23f9a0;  1 drivers
v000002e07d1cd660_0 .net *"_ivl_764", 0 0, L_000002e07d2436a0;  1 drivers
v000002e07d1cde80_0 .net *"_ivl_767", 0 0, L_000002e07d23e820;  1 drivers
v000002e07d1cc300_0 .net *"_ivl_769", 0 0, L_000002e07d23e960;  1 drivers
v000002e07d1cc3a0_0 .net *"_ivl_770", 0 0, L_000002e07d24c2d0;  1 drivers
v000002e07d1cc440_0 .net *"_ivl_773", 0 0, L_000002e07d23f860;  1 drivers
v000002e07d1ccc60_0 .net *"_ivl_775", 0 0, L_000002e07d23f540;  1 drivers
v000002e07d1cd2a0_0 .net *"_ivl_776", 0 0, L_000002e07d24ba80;  1 drivers
v000002e07d1cd700_0 .net *"_ivl_779", 0 0, L_000002e07d23f5e0;  1 drivers
v000002e07d1cda20_0 .net *"_ivl_78", 0 0, L_000002e07d1d2750;  1 drivers
v000002e07d1cdac0_0 .net *"_ivl_781", 0 0, L_000002e07d23f400;  1 drivers
v000002e07d1cdb60_0 .net *"_ivl_782", 0 0, L_000002e07d24bcb0;  1 drivers
v000002e07d1cdca0_0 .net *"_ivl_785", 0 0, L_000002e07d23f7c0;  1 drivers
v000002e07d1cfa00_0 .net *"_ivl_787", 0 0, L_000002e07d23fa40;  1 drivers
v000002e07d1cf6e0_0 .net *"_ivl_788", 0 0, L_000002e07d24c110;  1 drivers
v000002e07d1cf280_0 .net *"_ivl_79", 0 0, L_000002e07cd6e610;  1 drivers
v000002e07d1ceba0_0 .net *"_ivl_791", 0 0, L_000002e07d23db00;  1 drivers
v000002e07d1cf320_0 .net *"_ivl_793", 0 0, L_000002e07d23f4a0;  1 drivers
v000002e07d1ce7e0_0 .net *"_ivl_794", 0 0, L_000002e07d24bd90;  1 drivers
v000002e07d1ce880_0 .net *"_ivl_797", 0 0, L_000002e07d23d560;  1 drivers
v000002e07d1ce920_0 .net *"_ivl_799", 0 0, L_000002e07d23ed20;  1 drivers
v000002e07d1cf8c0_0 .net *"_ivl_800", 0 0, L_000002e07d24c650;  1 drivers
v000002e07d1cf0a0_0 .net *"_ivl_803", 0 0, L_000002e07d23e280;  1 drivers
v000002e07d1cf820_0 .net *"_ivl_805", 0 0, L_000002e07d23ebe0;  1 drivers
v000002e07d1ce9c0_0 .net *"_ivl_806", 0 0, L_000002e07d24c570;  1 drivers
v000002e07d1cf960_0 .net *"_ivl_809", 0 0, L_000002e07d23ef00;  1 drivers
v000002e07d1cfaa0_0 .net *"_ivl_811", 0 0, L_000002e07d23e640;  1 drivers
v000002e07d1ceb00_0 .net *"_ivl_812", 0 0, L_000002e07d24b9a0;  1 drivers
v000002e07d1cec40_0 .net *"_ivl_816", 0 0, L_000002e07d23de20;  1 drivers
v000002e07d1ce560_0 .net *"_ivl_818", 0 0, L_000002e07d23f720;  1 drivers
v000002e07d1cf460_0 .net *"_ivl_819", 31 0, L_000002e07d23d380;  1 drivers
v000002e07d1cfb40_0 .net *"_ivl_82", 0 0, L_000002e07d1d4730;  1 drivers
L_000002e07d1d7d18 .functor BUFT 1, C4<0000>, C4<0>, C4<0>, C4<0>;
v000002e07d1cece0_0 .net *"_ivl_822", 3 0, L_000002e07d1d7d18;  1 drivers
L_000002e07d1d7d60 .functor BUFT 1, C4<00000000000000000000000000011101>, C4<0>, C4<0>, C4<0>;
v000002e07d1cea60_0 .net/2u *"_ivl_823", 31 0, L_000002e07d1d7d60;  1 drivers
v000002e07d1cf000_0 .net *"_ivl_825", 31 0, L_000002e07d23d9c0;  1 drivers
L_000002e07d1d7da8 .functor BUFT 1, C4<00000>, C4<0>, C4<0>, C4<0>;
v000002e07d1ced80_0 .net/2u *"_ivl_829", 4 0, L_000002e07d1d7da8;  1 drivers
v000002e07d1cf500_0 .net *"_ivl_831", 0 0, L_000002e07d23e8c0;  1 drivers
v000002e07d1cf140_0 .net *"_ivl_835", 31 0, L_000002e07d23d420;  1 drivers
L_000002e07d1d7df0 .functor BUFT 1, C4<0000>, C4<0>, C4<0>, C4<0>;
v000002e07d1cee20_0 .net *"_ivl_838", 3 0, L_000002e07d1d7df0;  1 drivers
L_000002e07d1d7e38 .functor BUFT 1, C4<00000000000000000000000000011101>, C4<0>, C4<0>, C4<0>;
v000002e07d1cf3c0_0 .net/2u *"_ivl_839", 31 0, L_000002e07d1d7e38;  1 drivers
v000002e07d1ceec0_0 .net *"_ivl_84", 0 0, L_000002e07d1d49b0;  1 drivers
v000002e07d1cef60_0 .net *"_ivl_841", 31 0, L_000002e07d23f2c0;  1 drivers
v000002e07d1cf1e0_0 .net *"_ivl_86", 0 0, L_000002e07d1d4af0;  1 drivers
v000002e07d1ce4c0_0 .net *"_ivl_88", 0 0, L_000002e07d1d4b90;  1 drivers
v000002e07d1cf5a0_0 .net *"_ivl_90", 0 0, L_000002e07d1d36f0;  1 drivers
v000002e07d1cf640_0 .net *"_ivl_91", 0 0, L_000002e07cd6ea70;  1 drivers
v000002e07d1cf780_0 .net *"_ivl_94", 0 0, L_000002e07d1d29d0;  1 drivers
v000002e07d1ce600_0 .net *"_ivl_96", 0 0, L_000002e07d1d3970;  1 drivers
v000002e07d1ce6a0_0 .net *"_ivl_98", 0 0, L_000002e07d1d3b50;  1 drivers
v000002e07d1ce740_0 .net "check", 4 0, L_000002e07d23ee60;  1 drivers
v000002e07d1d3790_0 .net "mod_tri", 4 0, L_000002e07d1d33d0;  1 drivers
v000002e07d1d3dd0_0 .net "notR", 27 0, L_000002e07d1d1a30;  1 drivers
v000002e07d1d4690_0 .net "not_mod_tri", 4 0, L_000002e07d1d3a10;  1 drivers
L_000002e07d1d40f0 .concat [ 28 4 0 0], v000002e07d1d27f0_0, L_000002e07d1d7c88;
L_000002e07d1d4190 .arith/mod 32, L_000002e07d1d40f0, L_000002e07d1d7cd0;
L_000002e07d1d33d0 .part L_000002e07d1d4190, 0, 5;
L_000002e07d1d2930 .part L_000002e07d1d33d0, 0, 1;
L_000002e07d1d4870 .part L_000002e07d1d33d0, 1, 1;
L_000002e07d1d3290 .part L_000002e07d1d33d0, 2, 1;
L_000002e07d1d3650 .part L_000002e07d1d33d0, 3, 1;
LS_000002e07d1d3a10_0_0 .concat8 [ 1 1 1 1], L_000002e07cd30d30, L_000002e07cd30da0, L_000002e07cd30e10, L_000002e07cd30e80;
LS_000002e07d1d3a10_0_4 .concat8 [ 1 0 0 0], L_000002e07cd6df10;
L_000002e07d1d3a10 .concat8 [ 4 1 0 0], LS_000002e07d1d3a10_0_0, LS_000002e07d1d3a10_0_4;
L_000002e07d1d38d0 .part L_000002e07d1d33d0, 4, 1;
L_000002e07d1d2570 .part L_000002e07d1d33d0, 0, 1;
L_000002e07d1d47d0 .part L_000002e07d1d3a10, 1, 1;
L_000002e07d1d4370 .part L_000002e07d1d3a10, 2, 1;
L_000002e07d1d2cf0 .part L_000002e07d1d3a10, 3, 1;
L_000002e07d1d3150 .part L_000002e07d1d3a10, 4, 1;
L_000002e07d1d4910 .part L_000002e07d1d3a10, 0, 1;
L_000002e07d1d3d30 .part L_000002e07d1d33d0, 1, 1;
L_000002e07d1d4550 .part L_000002e07d1d3a10, 2, 1;
L_000002e07d1d26b0 .part L_000002e07d1d3a10, 3, 1;
L_000002e07d1d4c30 .part L_000002e07d1d3a10, 4, 1;
L_000002e07d1d31f0 .part L_000002e07d1d33d0, 0, 1;
L_000002e07d1d3330 .part L_000002e07d1d33d0, 1, 1;
L_000002e07d1d3c90 .part L_000002e07d1d3a10, 2, 1;
L_000002e07d1d3ab0 .part L_000002e07d1d3a10, 3, 1;
L_000002e07d1d44b0 .part L_000002e07d1d3a10, 4, 1;
L_000002e07d1d4a50 .part L_000002e07d1d3a10, 0, 1;
L_000002e07d1d4410 .part L_000002e07d1d3a10, 1, 1;
L_000002e07d1d3e70 .part L_000002e07d1d33d0, 2, 1;
L_000002e07d1d2890 .part L_000002e07d1d3a10, 3, 1;
L_000002e07d1d2750 .part L_000002e07d1d3a10, 4, 1;
L_000002e07d1d4730 .part L_000002e07d1d33d0, 0, 1;
L_000002e07d1d49b0 .part L_000002e07d1d3a10, 1, 1;
L_000002e07d1d4af0 .part L_000002e07d1d33d0, 2, 1;
L_000002e07d1d4b90 .part L_000002e07d1d3a10, 3, 1;
L_000002e07d1d36f0 .part L_000002e07d1d3a10, 4, 1;
L_000002e07d1d29d0 .part L_000002e07d1d3a10, 0, 1;
L_000002e07d1d3970 .part L_000002e07d1d33d0, 1, 1;
L_000002e07d1d3b50 .part L_000002e07d1d33d0, 2, 1;
L_000002e07d1d3bf0 .part L_000002e07d1d3a10, 3, 1;
L_000002e07d1d3830 .part L_000002e07d1d3a10, 4, 1;
L_000002e07d1d2a70 .part L_000002e07d1d33d0, 0, 1;
L_000002e07d1d4230 .part L_000002e07d1d33d0, 1, 1;
L_000002e07d1d3f10 .part L_000002e07d1d33d0, 2, 1;
L_000002e07d1d24d0 .part L_000002e07d1d3a10, 3, 1;
L_000002e07d1d2610 .part L_000002e07d1d3a10, 4, 1;
L_000002e07d1d2b10 .part L_000002e07d1d3a10, 0, 1;
L_000002e07d1d2bb0 .part L_000002e07d1d3a10, 1, 1;
L_000002e07d1d2c50 .part L_000002e07d1d3a10, 2, 1;
L_000002e07d1d2d90 .part L_000002e07d1d33d0, 3, 1;
L_000002e07d1d45f0 .part L_000002e07d1d3a10, 4, 1;
L_000002e07d1d2e30 .part L_000002e07d1d33d0, 0, 1;
L_000002e07d1d3fb0 .part L_000002e07d1d3a10, 1, 1;
L_000002e07d1d2ed0 .part L_000002e07d1d3a10, 2, 1;
L_000002e07d1d2f70 .part L_000002e07d1d33d0, 3, 1;
L_000002e07d1d3470 .part L_000002e07d1d3a10, 4, 1;
L_000002e07d1d3010 .part L_000002e07d1d3a10, 0, 1;
L_000002e07d1d4050 .part L_000002e07d1d33d0, 1, 1;
L_000002e07d1d30b0 .part L_000002e07d1d3a10, 2, 1;
L_000002e07d1d35b0 .part L_000002e07d1d33d0, 3, 1;
L_000002e07d1d42d0 .part L_000002e07d1d3a10, 4, 1;
L_000002e07d1d72f0 .part L_000002e07d1d33d0, 0, 1;
L_000002e07d1d6d50 .part L_000002e07d1d33d0, 1, 1;
L_000002e07d1d4ff0 .part L_000002e07d1d3a10, 2, 1;
L_000002e07d1d5a90 .part L_000002e07d1d33d0, 3, 1;
L_000002e07d1d5090 .part L_000002e07d1d3a10, 4, 1;
L_000002e07d1d7110 .part L_000002e07d1d3a10, 0, 1;
L_000002e07d1d6e90 .part L_000002e07d1d3a10, 1, 1;
L_000002e07d1d5e50 .part L_000002e07d1d33d0, 2, 1;
L_000002e07d1d63f0 .part L_000002e07d1d33d0, 3, 1;
L_000002e07d1d5770 .part L_000002e07d1d3a10, 4, 1;
L_000002e07d1d67b0 .part L_000002e07d1d33d0, 0, 1;
L_000002e07d1d5450 .part L_000002e07d1d3a10, 1, 1;
L_000002e07d1d6670 .part L_000002e07d1d33d0, 2, 1;
L_000002e07d1d62b0 .part L_000002e07d1d33d0, 3, 1;
L_000002e07d1d65d0 .part L_000002e07d1d3a10, 4, 1;
L_000002e07d1d6530 .part L_000002e07d1d3a10, 0, 1;
L_000002e07d1d5d10 .part L_000002e07d1d33d0, 1, 1;
L_000002e07d1d4cd0 .part L_000002e07d1d33d0, 2, 1;
L_000002e07d1d68f0 .part L_000002e07d1d33d0, 3, 1;
L_000002e07d1d71b0 .part L_000002e07d1d3a10, 4, 1;
L_000002e07d1d6850 .part L_000002e07d1d33d0, 0, 1;
L_000002e07d1d5ef0 .part L_000002e07d1d33d0, 1, 1;
L_000002e07d1d6b70 .part L_000002e07d1d33d0, 2, 1;
L_000002e07d1d4e10 .part L_000002e07d1d33d0, 3, 1;
L_000002e07d1d7390 .part L_000002e07d1d3a10, 4, 1;
L_000002e07d1d5270 .part L_000002e07d1d3a10, 0, 1;
L_000002e07d1d5810 .part L_000002e07d1d3a10, 1, 1;
L_000002e07d1d6030 .part L_000002e07d1d3a10, 2, 1;
L_000002e07d1d6990 .part L_000002e07d1d3a10, 3, 1;
L_000002e07d1d6350 .part L_000002e07d1d33d0, 4, 1;
L_000002e07d1d4d70 .part L_000002e07d1d33d0, 0, 1;
L_000002e07d1d6710 .part L_000002e07d1d3a10, 1, 1;
L_000002e07d1d5b30 .part L_000002e07d1d3a10, 2, 1;
L_000002e07d1d6a30 .part L_000002e07d1d3a10, 3, 1;
L_000002e07d1d54f0 .part L_000002e07d1d33d0, 4, 1;
L_000002e07d1d6ad0 .part L_000002e07d1d3a10, 0, 1;
L_000002e07d1d6490 .part L_000002e07d1d33d0, 1, 1;
L_000002e07d1d6c10 .part L_000002e07d1d3a10, 2, 1;
L_000002e07d1d6cb0 .part L_000002e07d1d3a10, 3, 1;
L_000002e07d1d5db0 .part L_000002e07d1d33d0, 4, 1;
L_000002e07d1d4eb0 .part L_000002e07d1d33d0, 0, 1;
L_000002e07d1d6df0 .part L_000002e07d1d33d0, 1, 1;
L_000002e07d1d6f30 .part L_000002e07d1d3a10, 2, 1;
L_000002e07d1d6fd0 .part L_000002e07d1d3a10, 3, 1;
L_000002e07d1d5f90 .part L_000002e07d1d33d0, 4, 1;
L_000002e07d1d7070 .part L_000002e07d1d3a10, 0, 1;
L_000002e07d1d5130 .part L_000002e07d1d3a10, 1, 1;
L_000002e07d1d4f50 .part L_000002e07d1d33d0, 2, 1;
L_000002e07d1d5310 .part L_000002e07d1d3a10, 3, 1;
L_000002e07d1d58b0 .part L_000002e07d1d33d0, 4, 1;
L_000002e07d1d51d0 .part L_000002e07d1d33d0, 0, 1;
L_000002e07d1d7250 .part L_000002e07d1d3a10, 1, 1;
L_000002e07d1d53b0 .part L_000002e07d1d33d0, 2, 1;
L_000002e07d1d7430 .part L_000002e07d1d3a10, 3, 1;
L_000002e07d1d5590 .part L_000002e07d1d33d0, 4, 1;
L_000002e07d1d5630 .part L_000002e07d1d3a10, 0, 1;
L_000002e07d1d56d0 .part L_000002e07d1d33d0, 1, 1;
L_000002e07d1d5950 .part L_000002e07d1d33d0, 2, 1;
L_000002e07d1d59f0 .part L_000002e07d1d3a10, 3, 1;
L_000002e07d1d5bd0 .part L_000002e07d1d33d0, 4, 1;
L_000002e07d1d5c70 .part L_000002e07d1d33d0, 0, 1;
L_000002e07d1d60d0 .part L_000002e07d1d33d0, 1, 1;
L_000002e07d1d6170 .part L_000002e07d1d33d0, 2, 1;
L_000002e07d1d6210 .part L_000002e07d1d3a10, 3, 1;
L_000002e07d1d7570 .part L_000002e07d1d33d0, 4, 1;
L_000002e07d1d76b0 .part L_000002e07d1d3a10, 0, 1;
L_000002e07d1d74d0 .part L_000002e07d1d3a10, 1, 1;
L_000002e07d1d79d0 .part L_000002e07d1d3a10, 2, 1;
L_000002e07d1d7a70 .part L_000002e07d1d33d0, 3, 1;
L_000002e07d1d7b10 .part L_000002e07d1d33d0, 4, 1;
L_000002e07d1d7bb0 .part L_000002e07d1d33d0, 0, 1;
L_000002e07d1d7890 .part L_000002e07d1d3a10, 1, 1;
L_000002e07d1d7610 .part L_000002e07d1d3a10, 2, 1;
L_000002e07d1d7750 .part L_000002e07d1d33d0, 3, 1;
L_000002e07d1d77f0 .part L_000002e07d1d33d0, 4, 1;
L_000002e07d1d7930 .part L_000002e07d1d3a10, 0, 1;
L_000002e07d1d0950 .part L_000002e07d1d33d0, 1, 1;
L_000002e07d1d1e90 .part L_000002e07d1d3a10, 2, 1;
L_000002e07d1d21b0 .part L_000002e07d1d33d0, 3, 1;
L_000002e07d1d0310 .part L_000002e07d1d33d0, 4, 1;
L_000002e07d1d1c10 .part L_000002e07d1d33d0, 0, 1;
L_000002e07d1d1210 .part L_000002e07d1d33d0, 1, 1;
L_000002e07d1d0270 .part L_000002e07d1d3a10, 2, 1;
L_000002e07d1d09f0 .part L_000002e07d1d33d0, 3, 1;
L_000002e07d1d03b0 .part L_000002e07d1d33d0, 4, 1;
LS_000002e07d1d04f0_0_0 .concat8 [ 1 1 1 1], L_000002e07cd6df80, L_000002e07cd6e530, L_000002e07cd6ec30, L_000002e07cd6e3e0;
LS_000002e07d1d04f0_0_4 .concat8 [ 1 1 1 1], L_000002e07cd6e610, L_000002e07cd6ea70, L_000002e07cd6eca0, L_000002e07cd6e680;
LS_000002e07d1d04f0_0_8 .concat8 [ 1 1 1 1], L_000002e07cd6e0d0, L_000002e07cd6dea0, L_000002e07cd6eae0, L_000002e07cd6e920;
LS_000002e07d1d04f0_0_12 .concat8 [ 1 1 1 1], L_000002e07cd6dff0, L_000002e07cd6e6f0, L_000002e07cd6ed10, L_000002e07cd6eb50;
LS_000002e07d1d04f0_0_16 .concat8 [ 1 1 1 1], L_000002e07cd6e5a0, L_000002e07cd6ea00, L_000002e07cd6e060, L_000002e07cd6ed80;
LS_000002e07d1d04f0_0_20 .concat8 [ 1 1 1 1], L_000002e07cd6e840, L_000002e07cd6e7d0, L_000002e07cd6e8b0, L_000002e07cd6e760;
LS_000002e07d1d04f0_0_24 .concat8 [ 1 1 1 1], L_000002e07cd6e990, L_000002e07cd6e140, L_000002e07cd6e290, L_000002e07cd6e1b0;
LS_000002e07d1d04f0_1_0 .concat8 [ 4 4 4 4], LS_000002e07d1d04f0_0_0, LS_000002e07d1d04f0_0_4, LS_000002e07d1d04f0_0_8, LS_000002e07d1d04f0_0_12;
LS_000002e07d1d04f0_1_4 .concat8 [ 4 4 4 0], LS_000002e07d1d04f0_0_16, LS_000002e07d1d04f0_0_20, LS_000002e07d1d04f0_0_24;
L_000002e07d1d04f0 .concat8 [ 16 12 0 0], LS_000002e07d1d04f0_1_0, LS_000002e07d1d04f0_1_4;
L_000002e07d1d12b0 .part L_000002e07d1d3a10, 0, 1;
L_000002e07d1d15d0 .part L_000002e07d1d3a10, 1, 1;
L_000002e07d1d1670 .part L_000002e07d1d33d0, 2, 1;
L_000002e07d1d0d10 .part L_000002e07d1d33d0, 3, 1;
L_000002e07d1cfff0 .part L_000002e07d1d33d0, 4, 1;
L_000002e07d1d2110 .part L_000002e07d1d04f0, 0, 1;
L_000002e07d1cfcd0 .part L_000002e07d1d04f0, 1, 1;
L_000002e07d1d0a90 .part L_000002e07d1d04f0, 2, 1;
L_000002e07d1d1710 .part L_000002e07d1d04f0, 3, 1;
L_000002e07d1d1850 .part L_000002e07d1d04f0, 4, 1;
L_000002e07d1d1b70 .part L_000002e07d1d04f0, 5, 1;
L_000002e07d1d0630 .part L_000002e07d1d04f0, 6, 1;
L_000002e07d1d0c70 .part L_000002e07d1d04f0, 7, 1;
L_000002e07d1d2250 .part L_000002e07d1d04f0, 8, 1;
L_000002e07d1d1cb0 .part L_000002e07d1d04f0, 9, 1;
L_000002e07d1d0b30 .part L_000002e07d1d04f0, 10, 1;
L_000002e07d1cff50 .part L_000002e07d1d04f0, 11, 1;
L_000002e07d1d1ad0 .part L_000002e07d1d04f0, 12, 1;
L_000002e07d1d1490 .part L_000002e07d1d04f0, 13, 1;
L_000002e07d1d18f0 .part L_000002e07d1d04f0, 14, 1;
L_000002e07d1d2390 .part L_000002e07d1d04f0, 15, 1;
L_000002e07d1d1530 .part L_000002e07d1d04f0, 16, 1;
L_000002e07d1d17b0 .part L_000002e07d1d04f0, 17, 1;
L_000002e07d1d0450 .part L_000002e07d1d04f0, 18, 1;
L_000002e07d1d1fd0 .part L_000002e07d1d04f0, 19, 1;
L_000002e07d1d1f30 .part L_000002e07d1d04f0, 20, 1;
L_000002e07d1d2070 .part L_000002e07d1d04f0, 21, 1;
L_000002e07d1d1d50 .part L_000002e07d1d04f0, 22, 1;
L_000002e07d1d22f0 .part L_000002e07d1d04f0, 23, 1;
L_000002e07d1d0db0 .part L_000002e07d1d04f0, 24, 1;
L_000002e07d1d0590 .part L_000002e07d1d04f0, 25, 1;
L_000002e07d1d1990 .part L_000002e07d1d04f0, 26, 1;
LS_000002e07d1d1a30_0_0 .concat8 [ 1 1 1 1], L_000002e07cd6ebc0, L_000002e07cd6e220, L_000002e07cd6e300, L_000002e07cd6e370;
LS_000002e07d1d1a30_0_4 .concat8 [ 1 1 1 1], L_000002e07cd6e450, L_000002e07cd6e4c0, L_000002e07d234c40, L_000002e07d2350a0;
LS_000002e07d1d1a30_0_8 .concat8 [ 1 1 1 1], L_000002e07d2355e0, L_000002e07d235650, L_000002e07d234930, L_000002e07d2353b0;
LS_000002e07d1d1a30_0_12 .concat8 [ 1 1 1 1], L_000002e07d235340, L_000002e07d235490, L_000002e07d235110, L_000002e07d235180;
LS_000002e07d1d1a30_0_16 .concat8 [ 1 1 1 1], L_000002e07d2351f0, L_000002e07d2357a0, L_000002e07d2356c0, L_000002e07d234d20;
LS_000002e07d1d1a30_0_20 .concat8 [ 1 1 1 1], L_000002e07d234fc0, L_000002e07d235420, L_000002e07d235810, L_000002e07d234e00;
LS_000002e07d1d1a30_0_24 .concat8 [ 1 1 1 1], L_000002e07d235500, L_000002e07d234e70, L_000002e07d235260, L_000002e07d2352d0;
LS_000002e07d1d1a30_1_0 .concat8 [ 4 4 4 4], LS_000002e07d1d1a30_0_0, LS_000002e07d1d1a30_0_4, LS_000002e07d1d1a30_0_8, LS_000002e07d1d1a30_0_12;
LS_000002e07d1d1a30_1_4 .concat8 [ 4 4 4 0], LS_000002e07d1d1a30_0_16, LS_000002e07d1d1a30_0_20, LS_000002e07d1d1a30_0_24;
L_000002e07d1d1a30 .concat8 [ 16 12 0 0], LS_000002e07d1d1a30_1_0, LS_000002e07d1d1a30_1_4;
L_000002e07d1d06d0 .part L_000002e07d1d04f0, 27, 1;
L_000002e07d1d1350 .part L_000002e07d1d1a30, 0, 1;
L_000002e07d1d1170 .part v000002e07d1d27f0_0, 0, 1;
L_000002e07d1d2430 .part L_000002e07d1d1a30, 1, 1;
L_000002e07d1d0090 .part v000002e07d1d27f0_0, 1, 1;
L_000002e07d1d0ef0 .part L_000002e07d1d1a30, 2, 1;
L_000002e07d1d1df0 .part v000002e07d1d27f0_0, 5, 1;
L_000002e07d1cfd70 .part L_000002e07d1d1a30, 3, 1;
L_000002e07d1cfe10 .part v000002e07d1d27f0_0, 2, 1;
L_000002e07d1cfeb0 .part L_000002e07d1d1a30, 4, 1;
L_000002e07d1d0130 .part v000002e07d1d27f0_0, 22, 1;
L_000002e07d1d01d0 .part L_000002e07d1d1a30, 5, 1;
L_000002e07d1d0770 .part v000002e07d1d27f0_0, 6, 1;
L_000002e07d1d0810 .part L_000002e07d1d1a30, 6, 1;
L_000002e07d1d08b0 .part v000002e07d1d27f0_0, 12, 1;
L_000002e07d1d0bd0 .part L_000002e07d1d1a30, 7, 1;
L_000002e07d1d0e50 .part v000002e07d1d27f0_0, 3, 1;
L_000002e07d1d0f90 .part L_000002e07d1d1a30, 8, 1;
L_000002e07d1d1030 .part v000002e07d1d27f0_0, 10, 1;
L_000002e07d1d10d0 .part L_000002e07d1d1a30, 9, 1;
L_000002e07d1d13f0 .part v000002e07d1d27f0_0, 23, 1;
L_000002e07d23b9e0 .part L_000002e07d1d1a30, 10, 1;
L_000002e07d23b120 .part v000002e07d1d27f0_0, 25, 1;
L_000002e07d23ba80 .part L_000002e07d1d1a30, 11, 1;
L_000002e07d23cca0 .part v000002e07d1d27f0_0, 7, 1;
L_000002e07d23afe0 .part L_000002e07d1d1a30, 12, 1;
L_000002e07d23b6c0 .part v000002e07d1d27f0_0, 18, 1;
L_000002e07d23b760 .part L_000002e07d1d1a30, 13, 1;
L_000002e07d23acc0 .part v000002e07d1d27f0_0, 13, 1;
L_000002e07d23cd40 .part L_000002e07d1d1a30, 14, 1;
L_000002e07d23c8e0 .part v000002e07d1d27f0_0, 27, 1;
L_000002e07d23cb60 .part L_000002e07d1d1a30, 15, 1;
L_000002e07d23bb20 .part v000002e07d1d27f0_0, 4, 1;
L_000002e07d23ce80 .part L_000002e07d1d1a30, 16, 1;
L_000002e07d23d1a0 .part v000002e07d1d27f0_0, 21, 1;
L_000002e07d23cfc0 .part L_000002e07d1d1a30, 17, 1;
L_000002e07d23b800 .part v000002e07d1d27f0_0, 11, 1;
L_000002e07d23c480 .part L_000002e07d1d1a30, 18, 1;
L_000002e07d23b1c0 .part v000002e07d1d27f0_0, 9, 1;
L_000002e07d23ca20 .part L_000002e07d1d1a30, 19, 1;
L_000002e07d23c020 .part v000002e07d1d27f0_0, 24, 1;
L_000002e07d23c840 .part L_000002e07d1d1a30, 20, 1;
L_000002e07d23d240 .part v000002e07d1d27f0_0, 17, 1;
L_000002e07d23cac0 .part L_000002e07d1d1a30, 21, 1;
L_000002e07d23b8a0 .part v000002e07d1d27f0_0, 26, 1;
L_000002e07d23bbc0 .part L_000002e07d1d1a30, 22, 1;
L_000002e07d23cde0 .part v000002e07d1d27f0_0, 20, 1;
L_000002e07d23b300 .part L_000002e07d1d1a30, 23, 1;
L_000002e07d23be40 .part v000002e07d1d27f0_0, 8, 1;
L_000002e07d23cc00 .part L_000002e07d1d1a30, 24, 1;
L_000002e07d23c980 .part v000002e07d1d27f0_0, 16, 1;
L_000002e07d23bc60 .part L_000002e07d1d1a30, 25, 1;
L_000002e07d23ae00 .part v000002e07d1d27f0_0, 19, 1;
L_000002e07d23b3a0 .part L_000002e07d1d1a30, 26, 1;
L_000002e07d23c160 .part v000002e07d1d27f0_0, 15, 1;
LS_000002e07d23b940_0_0 .concat8 [ 1 1 1 1], L_000002e07d234a10, L_000002e07d235730, L_000002e07d234a80, L_000002e07d234af0;
LS_000002e07d23b940_0_4 .concat8 [ 1 1 1 1], L_000002e07d243c50, L_000002e07d235030, L_000002e07d235570, L_000002e07d234d90;
LS_000002e07d23b940_0_8 .concat8 [ 1 1 1 1], L_000002e07d243b00, L_000002e07d243e10, L_000002e07d234b60, L_000002e07d243940;
LS_000002e07d23b940_0_12 .concat8 [ 1 1 1 1], L_000002e07d2349a0, L_000002e07d243710, L_000002e07d243240, L_000002e07d2435c0;
LS_000002e07d23b940_0_16 .concat8 [ 1 1 1 1], L_000002e07d243fd0, L_000002e07d243390, L_000002e07d234ee0, L_000002e07d243b70;
LS_000002e07d23b940_0_20 .concat8 [ 1 1 1 1], L_000002e07d243a90, L_000002e07d243da0, L_000002e07d234f50, L_000002e07d234bd0;
LS_000002e07d23b940_0_24 .concat8 [ 1 1 1 1], L_000002e07d2434e0, L_000002e07d234cb0, L_000002e07d2437f0, L_000002e07d2438d0;
LS_000002e07d23b940_1_0 .concat8 [ 4 4 4 4], LS_000002e07d23b940_0_0, LS_000002e07d23b940_0_4, LS_000002e07d23b940_0_8, LS_000002e07d23b940_0_12;
LS_000002e07d23b940_1_4 .concat8 [ 4 4 4 0], LS_000002e07d23b940_0_16, LS_000002e07d23b940_0_20, LS_000002e07d23b940_0_24;
L_000002e07d23b940 .concat8 [ 16 12 0 0], LS_000002e07d23b940_1_0, LS_000002e07d23b940_1_4;
L_000002e07d23aae0 .part L_000002e07d1d1a30, 27, 1;
L_000002e07d23c700 .part v000002e07d1d27f0_0, 14, 1;
L_000002e07d23ab80 .part L_000002e07d1d04f0, 0, 1;
L_000002e07d23af40 .part v000002e07d1d27f0_0, 14, 1;
L_000002e07d23cf20 .part L_000002e07d1d04f0, 1, 1;
L_000002e07d23ac20 .part v000002e07d1d27f0_0, 15, 1;
L_000002e07d23bd00 .part L_000002e07d1d04f0, 2, 1;
L_000002e07d23d060 .part v000002e07d1d27f0_0, 19, 1;
L_000002e07d23b620 .part L_000002e07d1d04f0, 3, 1;
L_000002e07d23ad60 .part v000002e07d1d27f0_0, 16, 1;
L_000002e07d23c5c0 .part L_000002e07d1d04f0, 4, 1;
L_000002e07d23d100 .part v000002e07d1d27f0_0, 8, 1;
L_000002e07d23b4e0 .part L_000002e07d1d04f0, 5, 1;
L_000002e07d23aea0 .part v000002e07d1d27f0_0, 20, 1;
L_000002e07d23c7a0 .part L_000002e07d1d04f0, 6, 1;
L_000002e07d23b080 .part v000002e07d1d27f0_0, 26, 1;
L_000002e07d23c200 .part L_000002e07d1d04f0, 7, 1;
L_000002e07d23bda0 .part v000002e07d1d27f0_0, 17, 1;
L_000002e07d23b260 .part L_000002e07d1d04f0, 8, 1;
L_000002e07d23b440 .part v000002e07d1d27f0_0, 24, 1;
L_000002e07d23bee0 .part L_000002e07d1d04f0, 9, 1;
L_000002e07d23b580 .part v000002e07d1d27f0_0, 9, 1;
L_000002e07d23bf80 .part L_000002e07d1d04f0, 10, 1;
L_000002e07d23c0c0 .part v000002e07d1d27f0_0, 11, 1;
L_000002e07d23c3e0 .part L_000002e07d1d04f0, 11, 1;
L_000002e07d23c2a0 .part v000002e07d1d27f0_0, 21, 1;
L_000002e07d23c340 .part L_000002e07d1d04f0, 12, 1;
L_000002e07d23c520 .part v000002e07d1d27f0_0, 4, 1;
L_000002e07d23c660 .part L_000002e07d1d04f0, 13, 1;
L_000002e07d23e140 .part v000002e07d1d27f0_0, 27, 1;
L_000002e07d23ec80 .part L_000002e07d1d04f0, 14, 1;
L_000002e07d23edc0 .part v000002e07d1d27f0_0, 13, 1;
L_000002e07d23f040 .part L_000002e07d1d04f0, 15, 1;
L_000002e07d23f900 .part v000002e07d1d27f0_0, 18, 1;
L_000002e07d23d4c0 .part L_000002e07d1d04f0, 16, 1;
L_000002e07d23d880 .part v000002e07d1d27f0_0, 7, 1;
L_000002e07d23d2e0 .part L_000002e07d1d04f0, 17, 1;
L_000002e07d23e320 .part v000002e07d1d27f0_0, 25, 1;
L_000002e07d23d920 .part L_000002e07d1d04f0, 18, 1;
L_000002e07d23f9a0 .part v000002e07d1d27f0_0, 23, 1;
L_000002e07d23e820 .part L_000002e07d1d04f0, 19, 1;
L_000002e07d23e960 .part v000002e07d1d27f0_0, 10, 1;
L_000002e07d23f860 .part L_000002e07d1d04f0, 20, 1;
L_000002e07d23f540 .part v000002e07d1d27f0_0, 3, 1;
L_000002e07d23f5e0 .part L_000002e07d1d04f0, 21, 1;
L_000002e07d23f400 .part v000002e07d1d27f0_0, 12, 1;
L_000002e07d23f7c0 .part L_000002e07d1d04f0, 22, 1;
L_000002e07d23fa40 .part v000002e07d1d27f0_0, 6, 1;
L_000002e07d23db00 .part L_000002e07d1d04f0, 23, 1;
L_000002e07d23f4a0 .part v000002e07d1d27f0_0, 22, 1;
L_000002e07d23d560 .part L_000002e07d1d04f0, 24, 1;
L_000002e07d23ed20 .part v000002e07d1d27f0_0, 2, 1;
L_000002e07d23e280 .part L_000002e07d1d04f0, 25, 1;
L_000002e07d23ebe0 .part v000002e07d1d27f0_0, 5, 1;
L_000002e07d23ef00 .part L_000002e07d1d04f0, 26, 1;
L_000002e07d23e640 .part v000002e07d1d27f0_0, 1, 1;
LS_000002e07d23f680_0_0 .concat8 [ 1 1 1 1], L_000002e07d24b9a0, L_000002e07d24c570, L_000002e07d24bd90, L_000002e07d24c2d0;
LS_000002e07d23f680_0_4 .concat8 [ 1 1 1 1], L_000002e07d243f60, L_000002e07d24c650, L_000002e07d24bcb0, L_000002e07d243400;
LS_000002e07d23f680_0_8 .concat8 [ 1 1 1 1], L_000002e07d243780, L_000002e07d2439b0, L_000002e07d2436a0, L_000002e07d243160;
LS_000002e07d23f680_0_12 .concat8 [ 1 1 1 1], L_000002e07d24ba80, L_000002e07d243e80, L_000002e07d243ef0, L_000002e07d243be0;
LS_000002e07d23f680_0_16 .concat8 [ 1 1 1 1], L_000002e07d2431d0, L_000002e07d243470, L_000002e07d244040, L_000002e07d243320;
LS_000002e07d23f680_0_20 .concat8 [ 1 1 1 1], L_000002e07d243860, L_000002e07d2432b0, L_000002e07d24c110, L_000002e07d243630;
LS_000002e07d23f680_0_24 .concat8 [ 1 1 1 1], L_000002e07d243cc0, L_000002e07d243550, L_000002e07d243a20, L_000002e07d243d30;
LS_000002e07d23f680_1_0 .concat8 [ 4 4 4 4], LS_000002e07d23f680_0_0, LS_000002e07d23f680_0_4, LS_000002e07d23f680_0_8, LS_000002e07d23f680_0_12;
LS_000002e07d23f680_1_4 .concat8 [ 4 4 4 0], LS_000002e07d23f680_0_16, LS_000002e07d23f680_0_20, LS_000002e07d23f680_0_24;
L_000002e07d23f680 .concat8 [ 16 12 0 0], LS_000002e07d23f680_1_0, LS_000002e07d23f680_1_4;
L_000002e07d23de20 .part L_000002e07d1d04f0, 27, 1;
L_000002e07d23f720 .part v000002e07d1d27f0_0, 0, 1;
L_000002e07d23d380 .concat [ 28 4 0 0], L_000002e07d23b940, L_000002e07d1d7d18;
L_000002e07d23d9c0 .arith/mod 32, L_000002e07d23d380, L_000002e07d1d7d60;
L_000002e07d23ee60 .part L_000002e07d23d9c0, 0, 5;
L_000002e07d23e8c0 .cmp/eq 5, L_000002e07d23ee60, L_000002e07d1d7da8;
L_000002e07d23da60 .functor MUXZ 28, L_000002e07d23f680, L_000002e07d23b940, L_000002e07d23e8c0, C4<>;
L_000002e07d23d420 .concat [ 28 4 0 0], L_000002e07d23da60, L_000002e07d1d7df0;
L_000002e07d23f2c0 .arith/div 32, L_000002e07d23d420, L_000002e07d1d7e38;
L_000002e07d23eb40 .part L_000002e07d23f2c0, 0, 23;
    .scope S_000002e07cce2150;
T_0 ;
    %vpi_call 2 11 "$dumpfile", "./files/Alter_20221007_1058/A29N1312.vcd" {0 0 0};
    %vpi_call 2 12 "$dumpvars", 32'sb00000000000000000000000000000000, S_000002e07cce2150 {0 0 0};
    %pushi/vec4 38049, 0, 28;
    %store/vec4 v000002e07d1d27f0_0, 0, 28;
    %delay 10, 0;
    %pushi/vec4 38050, 0, 28;
    %store/vec4 v000002e07d1d27f0_0, 0, 28;
    %delay 10, 0;
    %pushi/vec4 38052, 0, 28;
    %store/vec4 v000002e07d1d27f0_0, 0, 28;
    %delay 10, 0;
    %pushi/vec4 38056, 0, 28;
    %store/vec4 v000002e07d1d27f0_0, 0, 28;
    %delay 10, 0;
    %pushi/vec4 38064, 0, 28;
    %store/vec4 v000002e07d1d27f0_0, 0, 28;
    %delay 10, 0;
    %pushi/vec4 38112, 0, 28;
    %store/vec4 v000002e07d1d27f0_0, 0, 28;
    %delay 10, 0;
    %pushi/vec4 38304, 0, 28;
    %store/vec4 v000002e07d1d27f0_0, 0, 28;
    %delay 10, 0;
    %pushi/vec4 38560, 0, 28;
    %store/vec4 v000002e07d1d27f0_0, 0, 28;
    %delay 10, 0;
    %pushi/vec4 40096, 0, 28;
    %store/vec4 v000002e07d1d27f0_0, 0, 28;
    %delay 10, 0;
    %pushi/vec4 46240, 0, 28;
    %store/vec4 v000002e07d1d27f0_0, 0, 28;
    %delay 10, 0;
    %pushi/vec4 54432, 0, 28;
    %store/vec4 v000002e07d1d27f0_0, 0, 28;
    %delay 10, 0;
    %pushi/vec4 103584, 0, 28;
    %store/vec4 v000002e07d1d27f0_0, 0, 28;
    %delay 10, 0;
    %pushi/vec4 169120, 0, 28;
    %store/vec4 v000002e07d1d27f0_0, 0, 28;
    %delay 10, 0;
    %pushi/vec4 300192, 0, 28;
    %store/vec4 v000002e07d1d27f0_0, 0, 28;
    %delay 10, 0;
    %pushi/vec4 562336, 0, 28;
    %store/vec4 v000002e07d1d27f0_0, 0, 28;
    %delay 10, 0;
    %pushi/vec4 1086624, 0, 28;
    %store/vec4 v000002e07d1d27f0_0, 0, 28;
    %delay 10, 0;
    %pushi/vec4 2135200, 0, 28;
    %store/vec4 v000002e07d1d27f0_0, 0, 28;
    %delay 10, 0;
    %pushi/vec4 4232352, 0, 28;
    %store/vec4 v000002e07d1d27f0_0, 0, 28;
    %delay 10, 0;
    %pushi/vec4 8426656, 0, 28;
    %store/vec4 v000002e07d1d27f0_0, 0, 28;
    %delay 10, 0;
    %pushi/vec4 16815264, 0, 28;
    %store/vec4 v000002e07d1d27f0_0, 0, 28;
    %delay 10, 0;
    %pushi/vec4 33592480, 0, 28;
    %store/vec4 v000002e07d1d27f0_0, 0, 28;
    %delay 10, 0;
    %pushi/vec4 67146912, 0, 28;
    %store/vec4 v000002e07d1d27f0_0, 0, 28;
    %delay 10, 0;
    %pushi/vec4 134255776, 0, 28;
    %store/vec4 v000002e07d1d27f0_0, 0, 28;
    %delay 10, 0;
    %pushi/vec4 38016, 0, 28;
    %store/vec4 v000002e07d1d27f0_0, 0, 28;
    %delay 10, 0;
    %pushi/vec4 37920, 0, 28;
    %store/vec4 v000002e07d1d27f0_0, 0, 28;
    %delay 10, 0;
    %pushi/vec4 37024, 0, 28;
    %store/vec4 v000002e07d1d27f0_0, 0, 28;
    %delay 10, 0;
    %pushi/vec4 33952, 0, 28;
    %store/vec4 v000002e07d1d27f0_0, 0, 28;
    %delay 10, 0;
    %pushi/vec4 5280, 0, 28;
    %store/vec4 v000002e07d1d27f0_0, 0, 28;
    %delay 10, 0;
    %vpi_call 2 42 "$finish" {0 0 0};
    %end;
    .thread T_0;
# The file index is used to find the file name in the following table.
:file_names 4;
    "N/A";
    "<interactive>";
    "./files/Alter_20221007_1058/ANdecoder_Alter_29_tb_for_N_1312.v";
    "./files/Alter_20221007_1058/ANdecoder_Alter_29_for_N_1312.v";
