#! /c/Source/iverilog-install/bin/vvp
:ivl_version "12.0 (devel)" "(s20150603-1110-g18392a46)";
:ivl_delay_selection "TYPICAL";
:vpi_time_precision + 0;
:vpi_module "C:\iverilog\lib\ivl\system.vpi";
:vpi_module "C:\iverilog\lib\ivl\vhdl_sys.vpi";
:vpi_module "C:\iverilog\lib\ivl\vhdl_textio.vpi";
:vpi_module "C:\iverilog\lib\ivl\v2005_math.vpi";
:vpi_module "C:\iverilog\lib\ivl\va_math.vpi";
S_0000028239b1fe70 .scope module, "ANdecoder_tb" "ANdecoder_tb" 2 5;
 .timescale 0 0;
v0000028239fb40f0_0 .var "numX", 22 0;
v0000028239fb5090_0 .net "out", 16 0, L_000002823a030b70;  1 drivers
S_0000028239b20000 .scope module, "D0" "ANdecoder" 2 9, 3 7 0, S_0000028239b1fe70;
 .timescale 0 0;
    .port_info 0 /INPUT 23 "numX";
    .port_info 1 /OUTPUT 17 "out";
L_0000028239b955c0 .functor NOT 1, L_0000028239fb5270, C4<0>, C4<0>, C4<0>;
L_0000028239b95da0 .functor NOT 1, L_0000028239fb5310, C4<0>, C4<0>, C4<0>;
L_0000028239b95e80 .functor NOT 1, L_0000028239fb47d0, C4<0>, C4<0>, C4<0>;
L_0000028239b96040 .functor NOT 1, L_0000028239fb42d0, C4<0>, C4<0>, C4<0>;
L_0000028239b96120 .functor NOT 1, L_0000028239fb4550, C4<0>, C4<0>, C4<0>;
L_0000028239b95ef0 .functor NOT 1, L_0000028239fb45f0, C4<0>, C4<0>, C4<0>;
L_0000028239b95f60/0/0 .functor AND 1, L_0000028239fb4690, L_0000028239fb49b0, L_0000028239fb4a50, L_0000028239fb4c30;
L_0000028239b95f60/0/4 .functor AND 1, L_0000028239fb4cd0, L_0000028239fb8830, C4<1>, C4<1>;
L_0000028239b95f60 .functor AND 1, L_0000028239b95f60/0/0, L_0000028239b95f60/0/4, C4<1>, C4<1>;
L_0000028239b95940/0/0 .functor AND 1, L_0000028239fb8330, L_0000028239fb7570, L_0000028239fb65d0, L_0000028239fb8290;
L_0000028239b95940/0/4 .functor AND 1, L_0000028239fb6210, L_0000028239fb68f0, C4<1>, C4<1>;
L_0000028239b95940 .functor AND 1, L_0000028239b95940/0/0, L_0000028239b95940/0/4, C4<1>, C4<1>;
L_0000028239b959b0/0/0 .functor AND 1, L_0000028239fb7d90, L_0000028239fb7750, L_0000028239fb7430, L_0000028239fb6cb0;
L_0000028239b959b0/0/4 .functor AND 1, L_0000028239fb85b0, L_0000028239fb6a30, C4<1>, C4<1>;
L_0000028239b959b0 .functor AND 1, L_0000028239b959b0/0/0, L_0000028239b959b0/0/4, C4<1>, C4<1>;
L_0000028239b95a20/0/0 .functor AND 1, L_0000028239fb71b0, L_0000028239fb6670, L_0000028239fb77f0, L_0000028239fb62b0;
L_0000028239b95a20/0/4 .functor AND 1, L_0000028239fb6990, L_0000028239fb6f30, C4<1>, C4<1>;
L_0000028239b95a20 .functor AND 1, L_0000028239b95a20/0/0, L_0000028239b95a20/0/4, C4<1>, C4<1>;
L_0000028239b96190/0/0 .functor AND 1, L_0000028239fb6fd0, L_0000028239fb7c50, L_0000028239fb6850, L_0000028239fb7610;
L_0000028239b96190/0/4 .functor AND 1, L_0000028239fb83d0, L_0000028239fb6490, C4<1>, C4<1>;
L_0000028239b96190 .functor AND 1, L_0000028239b96190/0/0, L_0000028239b96190/0/4, C4<1>, C4<1>;
L_0000028239b96200/0/0 .functor AND 1, L_0000028239fb7070, L_0000028239fb7f70, L_0000028239fb8650, L_0000028239fb6ad0;
L_0000028239b96200/0/4 .functor AND 1, L_0000028239fb8150, L_0000028239fb6350, C4<1>, C4<1>;
L_0000028239b96200 .functor AND 1, L_0000028239b96200/0/0, L_0000028239b96200/0/4, C4<1>, C4<1>;
L_0000028239b95470/0/0 .functor AND 1, L_0000028239fb6530, L_0000028239fb6b70, L_0000028239fb8470, L_0000028239fb81f0;
L_0000028239b95470/0/4 .functor AND 1, L_0000028239fb8790, L_0000028239fb7cf0, C4<1>, C4<1>;
L_0000028239b95470 .functor AND 1, L_0000028239b95470/0/0, L_0000028239b95470/0/4, C4<1>, C4<1>;
L_0000028239b95390/0/0 .functor AND 1, L_0000028239fb76b0, L_0000028239fb7e30, L_0000028239fb60d0, L_0000028239fb6c10;
L_0000028239b95390/0/4 .functor AND 1, L_0000028239fb7890, L_0000028239fb80b0, C4<1>, C4<1>;
L_0000028239b95390 .functor AND 1, L_0000028239b95390/0/0, L_0000028239b95390/0/4, C4<1>, C4<1>;
L_0000028239b954e0/0/0 .functor AND 1, L_0000028239fb6d50, L_0000028239fb6170, L_0000028239fb74d0, L_0000028239fb7110;
L_0000028239b954e0/0/4 .functor AND 1, L_0000028239fb63f0, L_0000028239fb8510, C4<1>, C4<1>;
L_0000028239b954e0 .functor AND 1, L_0000028239b954e0/0/0, L_0000028239b954e0/0/4, C4<1>, C4<1>;
L_0000028239b956a0/0/0 .functor AND 1, L_0000028239fb7250, L_0000028239fb7930, L_0000028239fb86f0, L_0000028239fb6df0;
L_0000028239b956a0/0/4 .functor AND 1, L_0000028239fb79d0, L_0000028239fb7a70, C4<1>, C4<1>;
L_0000028239b956a0 .functor AND 1, L_0000028239b956a0/0/0, L_0000028239b956a0/0/4, C4<1>, C4<1>;
L_0000028239b831d0/0/0 .functor AND 1, L_0000028239fb7b10, L_0000028239fb6710, L_0000028239fb67b0, L_0000028239fb7bb0;
L_0000028239b831d0/0/4 .functor AND 1, L_0000028239fb7ed0, L_0000028239fb8010, C4<1>, C4<1>;
L_0000028239b831d0 .functor AND 1, L_0000028239b831d0/0/0, L_0000028239b831d0/0/4, C4<1>, C4<1>;
L_000002823a013640/0/0 .functor AND 1, L_0000028239fb6e90, L_0000028239fb72f0, L_0000028239fb7390, L_0000028239fb8e70;
L_000002823a013640/0/4 .functor AND 1, L_0000028239fb88d0, L_0000028239fb8d30, C4<1>, C4<1>;
L_000002823a013640 .functor AND 1, L_000002823a013640/0/0, L_000002823a013640/0/4, C4<1>, C4<1>;
L_000002823a013170/0/0 .functor AND 1, L_0000028239fb8b50, L_0000028239fb8bf0, L_0000028239fb8ab0, L_0000028239fb8dd0;
L_000002823a013170/0/4 .functor AND 1, L_0000028239fb8fb0, L_0000028239fb8c90, C4<1>, C4<1>;
L_000002823a013170 .functor AND 1, L_000002823a013170/0/0, L_000002823a013170/0/4, C4<1>, C4<1>;
L_000002823a013f00/0/0 .functor AND 1, L_0000028239fb8970, L_0000028239fb8f10, L_0000028239fb8a10, L_0000028239fb2930;
L_000002823a013f00/0/4 .functor AND 1, L_0000028239fb10d0, L_0000028239fb2bb0, C4<1>, C4<1>;
L_000002823a013f00 .functor AND 1, L_000002823a013f00/0/0, L_000002823a013f00/0/4, C4<1>, C4<1>;
L_000002823a013db0/0/0 .functor AND 1, L_0000028239fb2b10, L_0000028239fb1f30, L_0000028239fb29d0, L_0000028239fb3150;
L_000002823a013db0/0/4 .functor AND 1, L_0000028239fb3330, L_0000028239fb2570, C4<1>, C4<1>;
L_000002823a013db0 .functor AND 1, L_000002823a013db0/0/0, L_000002823a013db0/0/4, C4<1>, C4<1>;
L_000002823a0132c0/0/0 .functor AND 1, L_0000028239fb1e90, L_0000028239fb1d50, L_0000028239fb2a70, L_0000028239fb3650;
L_000002823a0132c0/0/4 .functor AND 1, L_0000028239fb1ad0, L_0000028239fb2d90, C4<1>, C4<1>;
L_000002823a0132c0 .functor AND 1, L_000002823a0132c0/0/0, L_000002823a0132c0/0/4, C4<1>, C4<1>;
L_000002823a013950/0/0 .functor AND 1, L_0000028239fb2070, L_0000028239fb33d0, L_0000028239fb26b0, L_0000028239fb1fd0;
L_000002823a013950/0/4 .functor AND 1, L_0000028239fb27f0, L_0000028239fb2110, C4<1>, C4<1>;
L_000002823a013950 .functor AND 1, L_000002823a013950/0/0, L_000002823a013950/0/4, C4<1>, C4<1>;
L_000002823a013790/0/0 .functor AND 1, L_0000028239fb21b0, L_0000028239fb1cb0, L_0000028239fb1710, L_0000028239fb36f0;
L_000002823a013790/0/4 .functor AND 1, L_0000028239fb1b70, L_0000028239fb1c10, C4<1>, C4<1>;
L_000002823a013790 .functor AND 1, L_000002823a013790/0/0, L_000002823a013790/0/4, C4<1>, C4<1>;
L_000002823a0136b0/0/0 .functor AND 1, L_0000028239fb1670, L_0000028239fb2610, L_0000028239fb1170, L_0000028239fb3010;
L_000002823a0136b0/0/4 .functor AND 1, L_0000028239fb1350, L_0000028239fb1990, C4<1>, C4<1>;
L_000002823a0136b0 .functor AND 1, L_000002823a0136b0/0/0, L_000002823a0136b0/0/4, C4<1>, C4<1>;
L_000002823a013b80/0/0 .functor AND 1, L_0000028239fb2c50, L_0000028239fb1a30, L_0000028239fb17b0, L_0000028239fb2cf0;
L_000002823a013b80/0/4 .functor AND 1, L_0000028239fb3790, L_0000028239fb2e30, C4<1>, C4<1>;
L_000002823a013b80 .functor AND 1, L_000002823a013b80/0/0, L_000002823a013b80/0/4, C4<1>, C4<1>;
L_000002823a0138e0/0/0 .functor AND 1, L_0000028239fb3830, L_0000028239fb2ed0, L_0000028239fb1df0, L_0000028239fb13f0;
L_000002823a0138e0/0/4 .functor AND 1, L_0000028239fb1850, L_0000028239fb15d0, C4<1>, C4<1>;
L_000002823a0138e0 .functor AND 1, L_000002823a0138e0/0/0, L_000002823a0138e0/0/4, C4<1>, C4<1>;
L_000002823a013d40/0/0 .functor AND 1, L_0000028239fb2750, L_0000028239fb30b0, L_0000028239fb18f0, L_0000028239fb3470;
L_000002823a013d40/0/4 .functor AND 1, L_0000028239fb2250, L_0000028239fb22f0, C4<1>, C4<1>;
L_000002823a013d40 .functor AND 1, L_000002823a013d40/0/0, L_000002823a013d40/0/4, C4<1>, C4<1>;
L_000002823a013330/0/0 .functor AND 1, L_0000028239fb1210, L_0000028239fb3290, L_0000028239fb3510, L_0000028239fb2390;
L_000002823a013330/0/4 .functor AND 1, L_0000028239fb1530, L_0000028239fb2430, C4<1>, C4<1>;
L_000002823a013330 .functor AND 1, L_000002823a013330/0/0, L_000002823a013330/0/4, C4<1>, C4<1>;
L_000002823a013f70/0/0 .functor AND 1, L_0000028239fb2f70, L_0000028239fb31f0, L_0000028239fb24d0, L_0000028239fb35b0;
L_000002823a013f70/0/4 .functor AND 1, L_0000028239fb12b0, L_0000028239fb1490, C4<1>, C4<1>;
L_000002823a013f70 .functor AND 1, L_000002823a013f70/0/0, L_000002823a013f70/0/4, C4<1>, C4<1>;
L_000002823a013bf0/0/0 .functor AND 1, L_0000028239fb2890, L_000002823a01b1c0, L_000002823a01b800, L_000002823a019f00;
L_000002823a013bf0/0/4 .functor AND 1, L_000002823a01b260, L_000002823a01b300, C4<1>, C4<1>;
L_000002823a013bf0 .functor AND 1, L_000002823a013bf0/0/0, L_000002823a013bf0/0/4, C4<1>, C4<1>;
L_000002823a013410/0/0 .functor AND 1, L_000002823a01a680, L_000002823a019460, L_000002823a01b6c0, L_000002823a01b080;
L_000002823a013410/0/4 .functor AND 1, L_000002823a01ae00, L_000002823a01ad60, C4<1>, C4<1>;
L_000002823a013410 .functor AND 1, L_000002823a013410/0/0, L_000002823a013410/0/4, C4<1>, C4<1>;
L_000002823a013a30/0/0 .functor AND 1, L_000002823a01b3a0, L_000002823a01b440, L_000002823a019780, L_000002823a0198c0;
L_000002823a013a30/0/4 .functor AND 1, L_000002823a01a0e0, L_000002823a01b580, C4<1>, C4<1>;
L_000002823a013a30 .functor AND 1, L_000002823a013a30/0/0, L_000002823a013a30/0/4, C4<1>, C4<1>;
L_000002823a013c60/0/0 .functor AND 1, L_000002823a01a400, L_000002823a019320, L_000002823a01aea0, L_000002823a01af40;
L_000002823a013c60/0/4 .functor AND 1, L_000002823a019e60, L_000002823a01b120, C4<1>, C4<1>;
L_000002823a013c60 .functor AND 1, L_000002823a013c60/0/0, L_000002823a013c60/0/4, C4<1>, C4<1>;
L_000002823a013870/0/0 .functor AND 1, L_000002823a01a040, L_000002823a01a4a0, L_000002823a01a360, L_000002823a019a00;
L_000002823a013870/0/4 .functor AND 1, L_000002823a01a540, L_000002823a01a180, C4<1>, C4<1>;
L_000002823a013870 .functor AND 1, L_000002823a013870/0/0, L_000002823a013870/0/4, C4<1>, C4<1>;
L_000002823a0139c0/0/0 .functor AND 1, L_000002823a01b620, L_000002823a019aa0, L_000002823a01a5e0, L_000002823a01b760;
L_000002823a0139c0/0/4 .functor AND 1, L_000002823a01b4e0, L_000002823a01a720, C4<1>, C4<1>;
L_000002823a0139c0 .functor AND 1, L_000002823a0139c0/0/0, L_000002823a0139c0/0/4, C4<1>, C4<1>;
L_000002823a013720/0/0 .functor AND 1, L_000002823a01b8a0, L_000002823a019500, L_000002823a01a7c0, L_000002823a019140;
L_000002823a013720/0/4 .functor AND 1, L_000002823a0191e0, L_000002823a019d20, C4<1>, C4<1>;
L_000002823a013720 .functor AND 1, L_000002823a013720/0/0, L_000002823a013720/0/4, C4<1>, C4<1>;
L_000002823a013800/0/0 .functor AND 1, L_000002823a01a860, L_000002823a019280, L_000002823a0195a0, L_000002823a01a2c0;
L_000002823a013800/0/4 .functor AND 1, L_000002823a01a220, L_000002823a019c80, C4<1>, C4<1>;
L_000002823a013800 .functor AND 1, L_000002823a013800/0/0, L_000002823a013800/0/4, C4<1>, C4<1>;
L_000002823a013aa0/0/0 .functor AND 1, L_000002823a019fa0, L_000002823a0193c0, L_000002823a01aa40, L_000002823a019b40;
L_000002823a013aa0/0/4 .functor AND 1, L_000002823a019820, L_000002823a01afe0, C4<1>, C4<1>;
L_000002823a013aa0 .functor AND 1, L_000002823a013aa0/0/0, L_000002823a013aa0/0/4, C4<1>, C4<1>;
L_000002823a013fe0/0/0 .functor AND 1, L_000002823a019640, L_000002823a0196e0, L_000002823a019960, L_000002823a019be0;
L_000002823a013fe0/0/4 .functor AND 1, L_000002823a019dc0, L_000002823a01a900, C4<1>, C4<1>;
L_000002823a013fe0 .functor AND 1, L_000002823a013fe0/0/0, L_000002823a013fe0/0/4, C4<1>, C4<1>;
L_000002823a0133a0/0/0 .functor AND 1, L_000002823a01a9a0, L_000002823a01aae0, L_000002823a01ab80, L_000002823a01ac20;
L_000002823a0133a0/0/4 .functor AND 1, L_000002823a01acc0, L_000002823a01dce0, C4<1>, C4<1>;
L_000002823a0133a0 .functor AND 1, L_000002823a0133a0/0/0, L_000002823a0133a0/0/4, C4<1>, C4<1>;
L_000002823a013b10/0/0 .functor AND 1, L_000002823a01cca0, L_000002823a01bc60, L_000002823a01bee0, L_000002823a01be40;
L_000002823a013b10/0/4 .functor AND 1, L_000002823a01d920, L_000002823a01d9c0, C4<1>, C4<1>;
L_000002823a013b10 .functor AND 1, L_000002823a013b10/0/0, L_000002823a013b10/0/4, C4<1>, C4<1>;
L_000002823a013100/0/0 .functor AND 1, L_000002823a01dd80, L_000002823a01cde0, L_000002823a01d560, L_000002823a01c160;
L_000002823a013100/0/4 .functor AND 1, L_000002823a01c200, L_000002823a01b940, C4<1>, C4<1>;
L_000002823a013100 .functor AND 1, L_000002823a013100/0/0, L_000002823a013100/0/4, C4<1>, C4<1>;
L_000002823a013cd0/0/0 .functor AND 1, L_000002823a01da60, L_000002823a01b9e0, L_000002823a01d740, L_000002823a01d600;
L_000002823a013cd0/0/4 .functor AND 1, L_000002823a01c840, L_000002823a01cfc0, C4<1>, C4<1>;
L_000002823a013cd0 .functor AND 1, L_000002823a013cd0/0/0, L_000002823a013cd0/0/4, C4<1>, C4<1>;
L_000002823a013e90/0/0 .functor AND 1, L_000002823a01c2a0, L_000002823a01d1a0, L_000002823a01db00, L_000002823a01ba80;
L_000002823a013e90/0/4 .functor AND 1, L_000002823a01d060, L_000002823a01bb20, C4<1>, C4<1>;
L_000002823a013e90 .functor AND 1, L_000002823a013e90/0/0, L_000002823a013e90/0/4, C4<1>, C4<1>;
L_000002823a013e20/0/0 .functor AND 1, L_000002823a01c700, L_000002823a01c0c0, L_000002823a01cf20, L_000002823a01dba0;
L_000002823a013e20/0/4 .functor AND 1, L_000002823a01c340, L_000002823a01dec0, C4<1>, C4<1>;
L_000002823a013e20 .functor AND 1, L_000002823a013e20/0/0, L_000002823a013e20/0/4, C4<1>, C4<1>;
L_000002823a0131e0/0/0 .functor AND 1, L_000002823a01d6a0, L_000002823a01dc40, L_000002823a01d240, L_000002823a01bbc0;
L_000002823a0131e0/0/4 .functor AND 1, L_000002823a01d420, L_000002823a01de20, C4<1>, C4<1>;
L_000002823a0131e0 .functor AND 1, L_000002823a0131e0/0/0, L_000002823a0131e0/0/4, C4<1>, C4<1>;
L_000002823a013250/0/0 .functor AND 1, L_000002823a01c7a0, L_000002823a01d2e0, L_000002823a01df60, L_000002823a01e000;
L_000002823a013250/0/4 .functor AND 1, L_000002823a01ce80, L_000002823a01bf80, C4<1>, C4<1>;
L_000002823a013250 .functor AND 1, L_000002823a013250/0/0, L_000002823a013250/0/4, C4<1>, C4<1>;
L_000002823a013480/0/0 .functor AND 1, L_000002823a01c5c0, L_000002823a01d380, L_000002823a01e0a0, L_000002823a01c3e0;
L_000002823a013480/0/4 .functor AND 1, L_000002823a01d7e0, L_000002823a01d100, C4<1>, C4<1>;
L_000002823a013480 .functor AND 1, L_000002823a013480/0/0, L_000002823a013480/0/4, C4<1>, C4<1>;
L_000002823a0134f0/0/0 .functor AND 1, L_000002823a01bd00, L_000002823a01d4c0, L_000002823a01c8e0, L_000002823a01d880;
L_000002823a0134f0/0/4 .functor AND 1, L_000002823a01c980, L_000002823a01cb60, C4<1>, C4<1>;
L_000002823a0134f0 .functor AND 1, L_000002823a0134f0/0/0, L_000002823a0134f0/0/4, C4<1>, C4<1>;
L_000002823a013560/0/0 .functor AND 1, L_000002823a01c520, L_000002823a01c020, L_000002823a01bda0, L_000002823a01c480;
L_000002823a013560/0/4 .functor AND 1, L_000002823a01c660, L_000002823a01ca20, C4<1>, C4<1>;
L_000002823a013560 .functor AND 1, L_000002823a013560/0/0, L_000002823a013560/0/4, C4<1>, C4<1>;
L_000002823a0135d0/0/0 .functor AND 1, L_000002823a01cc00, L_000002823a01cd40, L_000002823a01e460, L_000002823a01e320;
L_000002823a0135d0/0/4 .functor AND 1, L_000002823a01e3c0, L_000002823a01e280, C4<1>, C4<1>;
L_000002823a0135d0 .functor AND 1, L_000002823a0135d0/0/0, L_000002823a0135d0/0/4, C4<1>, C4<1>;
L_000002823a0290c0 .functor OR 1, L_000002823a01e780, L_000002823a01e500, C4<0>, C4<0>;
L_000002823a029520 .functor OR 1, L_000002823a01e1e0, L_000002823a01e820, C4<0>, C4<0>;
L_000002823a029590 .functor OR 1, L_000002823a01e5a0, L_000002823a01e140, C4<0>, C4<0>;
L_000002823a029600 .functor OR 1, L_000002823a01e640, L_000002823a01e6e0, C4<0>, C4<0>;
L_000002823a029750 .functor OR 1, L_000002823a018ba0, L_000002823a017de0, C4<0>, C4<0>;
L_000002823a028e20 .functor OR 1, L_000002823a017200, L_000002823a018100, C4<0>, C4<0>;
L_000002823a0291a0 .functor OR 1, L_000002823a017ca0, L_000002823a017980, C4<0>, C4<0>;
L_000002823a029670 .functor OR 1, L_000002823a017d40, L_000002823a017520, C4<0>, C4<0>;
L_000002823a029a60 .functor OR 1, L_000002823a018c40, L_000002823a017f20, C4<0>, C4<0>;
L_000002823a029210 .functor OR 1, L_000002823a017a20, L_000002823a016e40, C4<0>, C4<0>;
L_000002823a0294b0 .functor OR 1, L_000002823a016d00, L_000002823a017fc0, C4<0>, C4<0>;
L_000002823a0298a0 .functor OR 1, L_000002823a0173e0, L_000002823a017480, C4<0>, C4<0>;
L_000002823a029280 .functor OR 1, L_000002823a018420, L_000002823a0175c0, C4<0>, C4<0>;
L_000002823a028e90 .functor OR 1, L_000002823a0178e0, L_000002823a017660, C4<0>, C4<0>;
L_000002823a0292f0 .functor OR 1, L_000002823a017e80, L_000002823a018060, C4<0>, C4<0>;
L_000002823a029360 .functor OR 1, L_000002823a016a80, L_000002823a0184c0, C4<0>, C4<0>;
L_000002823a029910 .functor OR 1, L_000002823a018560, L_000002823a0181a0, C4<0>, C4<0>;
L_000002823a0296e0 .functor OR 1, L_000002823a018240, L_000002823a017700, C4<0>, C4<0>;
L_000002823a028f00 .functor OR 1, L_000002823a0182e0, L_000002823a0177a0, C4<0>, C4<0>;
L_000002823a029830 .functor OR 1, L_000002823a018880, L_000002823a016da0, C4<0>, C4<0>;
L_000002823a028f70 .functor OR 1, L_000002823a016f80, L_000002823a018ce0, C4<0>, C4<0>;
L_000002823a0293d0 .functor OR 1, L_000002823a0172a0, L_000002823a016940, C4<0>, C4<0>;
L_000002823a029980 .functor OR 1, L_000002823a018600, L_000002823a018920, C4<0>, C4<0>;
L_000002823a028c60/0/0 .functor OR 1, L_000002823a0169e0, L_000002823a018d80, L_000002823a0186a0, L_000002823a016ee0;
L_000002823a028c60/0/4 .functor OR 1, L_000002823a017340, L_000002823a018e20, L_000002823a018740, L_000002823a017840;
L_000002823a028c60/0/8 .functor OR 1, L_000002823a017020, L_000002823a0187e0, L_000002823a016c60, L_000002823a0170c0;
L_000002823a028c60/0/12 .functor OR 1, L_000002823a017160, L_000002823a0189c0, L_000002823a019000, L_000002823a018a60;
L_000002823a028c60/0/16 .functor OR 1, L_000002823a017ac0, L_000002823a017b60, L_000002823a018b00, L_000002823a018ec0;
L_000002823a028c60/0/20 .functor OR 1, L_000002823a018f60, L_000002823a0190a0, L_000002823a016b20, C4<0>;
L_000002823a028c60/1/0 .functor OR 1, L_000002823a028c60/0/0, L_000002823a028c60/0/4, L_000002823a028c60/0/8, L_000002823a028c60/0/12;
L_000002823a028c60/1/4 .functor OR 1, L_000002823a028c60/0/16, L_000002823a028c60/0/20, C4<0>, C4<0>;
L_000002823a028c60 .functor OR 1, L_000002823a028c60/1/0, L_000002823a028c60/1/4, C4<0>, C4<0>;
v0000028239b8f440_0 .net "AN", 22 0, L_000002823a030670;  1 drivers
v0000028239b8fbc0_0 .net *"_ivl_0", 31 0, L_0000028239fb4b90;  1 drivers
v0000028239b8e540_0 .net *"_ivl_10", 0 0, L_0000028239b955c0;  1 drivers
v0000028239b900c0_0 .net *"_ivl_100", 0 0, L_0000028239fb7610;  1 drivers
v0000028239b8f4e0_0 .net *"_ivl_102", 0 0, L_0000028239fb83d0;  1 drivers
v0000028239b8ee00_0 .net *"_ivl_104", 0 0, L_0000028239fb6490;  1 drivers
v0000028239b8df00_0 .net *"_ivl_105", 0 0, L_0000028239b96200;  1 drivers
v0000028239b8eae0_0 .net *"_ivl_108", 0 0, L_0000028239fb7070;  1 drivers
v0000028239b8f8a0_0 .net *"_ivl_110", 0 0, L_0000028239fb7f70;  1 drivers
v0000028239b8e220_0 .net *"_ivl_112", 0 0, L_0000028239fb8650;  1 drivers
v0000028239b8e900_0 .net *"_ivl_114", 0 0, L_0000028239fb6ad0;  1 drivers
v0000028239b8e400_0 .net *"_ivl_116", 0 0, L_0000028239fb8150;  1 drivers
v0000028239b8e0e0_0 .net *"_ivl_118", 0 0, L_0000028239fb6350;  1 drivers
v0000028239b8f260_0 .net *"_ivl_119", 0 0, L_0000028239b95470;  1 drivers
v0000028239b8eb80_0 .net *"_ivl_122", 0 0, L_0000028239fb6530;  1 drivers
v0000028239b8de60_0 .net *"_ivl_124", 0 0, L_0000028239fb6b70;  1 drivers
v0000028239b8fe40_0 .net *"_ivl_126", 0 0, L_0000028239fb8470;  1 drivers
v0000028239b8ddc0_0 .net *"_ivl_128", 0 0, L_0000028239fb81f0;  1 drivers
v0000028239b8f620_0 .net *"_ivl_13", 0 0, L_0000028239fb5270;  1 drivers
v0000028239b8fa80_0 .net *"_ivl_130", 0 0, L_0000028239fb8790;  1 drivers
v0000028239b8dfa0_0 .net *"_ivl_132", 0 0, L_0000028239fb7cf0;  1 drivers
v0000028239b8e2c0_0 .net *"_ivl_133", 0 0, L_0000028239b95390;  1 drivers
v0000028239b8f080_0 .net *"_ivl_136", 0 0, L_0000028239fb76b0;  1 drivers
v0000028239b8e040_0 .net *"_ivl_138", 0 0, L_0000028239fb7e30;  1 drivers
v0000028239b8ef40_0 .net *"_ivl_14", 0 0, L_0000028239b95da0;  1 drivers
v0000028239b8f6c0_0 .net *"_ivl_140", 0 0, L_0000028239fb60d0;  1 drivers
v0000028239b8e4a0_0 .net *"_ivl_142", 0 0, L_0000028239fb6c10;  1 drivers
v0000028239b8f800_0 .net *"_ivl_144", 0 0, L_0000028239fb7890;  1 drivers
v0000028239b8e180_0 .net *"_ivl_146", 0 0, L_0000028239fb80b0;  1 drivers
v0000028239b8eea0_0 .net *"_ivl_147", 0 0, L_0000028239b954e0;  1 drivers
v0000028239b8e5e0_0 .net *"_ivl_150", 0 0, L_0000028239fb6d50;  1 drivers
v0000028239b8e360_0 .net *"_ivl_152", 0 0, L_0000028239fb6170;  1 drivers
v0000028239b8efe0_0 .net *"_ivl_154", 0 0, L_0000028239fb74d0;  1 drivers
v0000028239b8e7c0_0 .net *"_ivl_156", 0 0, L_0000028239fb7110;  1 drivers
v0000028239b8f940_0 .net *"_ivl_158", 0 0, L_0000028239fb63f0;  1 drivers
v0000028239b8fb20_0 .net *"_ivl_160", 0 0, L_0000028239fb8510;  1 drivers
v0000028239b8d960_0 .net *"_ivl_161", 0 0, L_0000028239b956a0;  1 drivers
v0000028239b8e680_0 .net *"_ivl_164", 0 0, L_0000028239fb7250;  1 drivers
v0000028239b8e860_0 .net *"_ivl_166", 0 0, L_0000028239fb7930;  1 drivers
v0000028239b8e720_0 .net *"_ivl_168", 0 0, L_0000028239fb86f0;  1 drivers
v0000028239b8e9a0_0 .net *"_ivl_17", 0 0, L_0000028239fb5310;  1 drivers
v0000028239b8f9e0_0 .net *"_ivl_170", 0 0, L_0000028239fb6df0;  1 drivers
v0000028239b8ec20_0 .net *"_ivl_172", 0 0, L_0000028239fb79d0;  1 drivers
v0000028239b8f1c0_0 .net *"_ivl_174", 0 0, L_0000028239fb7a70;  1 drivers
v0000028239b8fd00_0 .net *"_ivl_175", 0 0, L_0000028239b831d0;  1 drivers
v0000028239b8f120_0 .net *"_ivl_178", 0 0, L_0000028239fb7b10;  1 drivers
v0000028239b8ea40_0 .net *"_ivl_18", 0 0, L_0000028239b95e80;  1 drivers
v0000028239b8f300_0 .net *"_ivl_180", 0 0, L_0000028239fb6710;  1 drivers
v0000028239b8ecc0_0 .net *"_ivl_182", 0 0, L_0000028239fb67b0;  1 drivers
v0000028239b8ed60_0 .net *"_ivl_184", 0 0, L_0000028239fb7bb0;  1 drivers
v0000028239b8f760_0 .net *"_ivl_186", 0 0, L_0000028239fb7ed0;  1 drivers
v0000028239b8f3a0_0 .net *"_ivl_188", 0 0, L_0000028239fb8010;  1 drivers
v0000028239b8fda0_0 .net *"_ivl_189", 0 0, L_000002823a013640;  1 drivers
v0000028239b8da00_0 .net *"_ivl_192", 0 0, L_0000028239fb6e90;  1 drivers
v0000028239b8ff80_0 .net *"_ivl_194", 0 0, L_0000028239fb72f0;  1 drivers
v0000028239b90020_0 .net *"_ivl_196", 0 0, L_0000028239fb7390;  1 drivers
v0000028239b8daa0_0 .net *"_ivl_198", 0 0, L_0000028239fb8e70;  1 drivers
v0000028239b8db40_0 .net *"_ivl_200", 0 0, L_0000028239fb88d0;  1 drivers
v0000028239b8dbe0_0 .net *"_ivl_202", 0 0, L_0000028239fb8d30;  1 drivers
v0000028239b8dc80_0 .net *"_ivl_203", 0 0, L_000002823a013170;  1 drivers
v0000028239b8dd20_0 .net *"_ivl_206", 0 0, L_0000028239fb8b50;  1 drivers
v0000028239b90ac0_0 .net *"_ivl_208", 0 0, L_0000028239fb8bf0;  1 drivers
v0000028239b905c0_0 .net *"_ivl_21", 0 0, L_0000028239fb47d0;  1 drivers
v0000028239b908e0_0 .net *"_ivl_210", 0 0, L_0000028239fb8ab0;  1 drivers
v0000028239b90c00_0 .net *"_ivl_212", 0 0, L_0000028239fb8dd0;  1 drivers
v0000028239b91100_0 .net *"_ivl_214", 0 0, L_0000028239fb8fb0;  1 drivers
v0000028239b914c0_0 .net *"_ivl_216", 0 0, L_0000028239fb8c90;  1 drivers
v0000028239b91420_0 .net *"_ivl_217", 0 0, L_000002823a013f00;  1 drivers
v0000028239b903e0_0 .net *"_ivl_22", 0 0, L_0000028239b96040;  1 drivers
v0000028239b911a0_0 .net *"_ivl_220", 0 0, L_0000028239fb8970;  1 drivers
v0000028239b91560_0 .net *"_ivl_222", 0 0, L_0000028239fb8f10;  1 drivers
v0000028239b91600_0 .net *"_ivl_224", 0 0, L_0000028239fb8a10;  1 drivers
v0000028239b90660_0 .net *"_ivl_226", 0 0, L_0000028239fb2930;  1 drivers
v0000028239b90f20_0 .net *"_ivl_228", 0 0, L_0000028239fb10d0;  1 drivers
v0000028239b91240_0 .net *"_ivl_230", 0 0, L_0000028239fb2bb0;  1 drivers
v0000028239b916a0_0 .net *"_ivl_231", 0 0, L_000002823a013db0;  1 drivers
v0000028239b90160_0 .net *"_ivl_234", 0 0, L_0000028239fb2b10;  1 drivers
v0000028239b91740_0 .net *"_ivl_236", 0 0, L_0000028239fb1f30;  1 drivers
v0000028239b917e0_0 .net *"_ivl_238", 0 0, L_0000028239fb29d0;  1 drivers
v0000028239b90200_0 .net *"_ivl_240", 0 0, L_0000028239fb3150;  1 drivers
v0000028239b902a0_0 .net *"_ivl_242", 0 0, L_0000028239fb3330;  1 drivers
v0000028239b90340_0 .net *"_ivl_244", 0 0, L_0000028239fb2570;  1 drivers
v0000028239b912e0_0 .net *"_ivl_245", 0 0, L_000002823a0132c0;  1 drivers
v0000028239b90480_0 .net *"_ivl_248", 0 0, L_0000028239fb1e90;  1 drivers
v0000028239b90520_0 .net *"_ivl_25", 0 0, L_0000028239fb42d0;  1 drivers
v0000028239b90700_0 .net *"_ivl_250", 0 0, L_0000028239fb1d50;  1 drivers
v0000028239b907a0_0 .net *"_ivl_252", 0 0, L_0000028239fb2a70;  1 drivers
v0000028239b90840_0 .net *"_ivl_254", 0 0, L_0000028239fb3650;  1 drivers
v0000028239b90980_0 .net *"_ivl_256", 0 0, L_0000028239fb1ad0;  1 drivers
v0000028239b91380_0 .net *"_ivl_258", 0 0, L_0000028239fb2d90;  1 drivers
v0000028239b90a20_0 .net *"_ivl_259", 0 0, L_000002823a013950;  1 drivers
v0000028239b90ca0_0 .net *"_ivl_26", 0 0, L_0000028239b96120;  1 drivers
v0000028239b90b60_0 .net *"_ivl_262", 0 0, L_0000028239fb2070;  1 drivers
v0000028239b90fc0_0 .net *"_ivl_264", 0 0, L_0000028239fb33d0;  1 drivers
v0000028239b90de0_0 .net *"_ivl_266", 0 0, L_0000028239fb26b0;  1 drivers
v0000028239b90d40_0 .net *"_ivl_268", 0 0, L_0000028239fb1fd0;  1 drivers
v0000028239b90e80_0 .net *"_ivl_270", 0 0, L_0000028239fb27f0;  1 drivers
v0000028239b91060_0 .net *"_ivl_272", 0 0, L_0000028239fb2110;  1 drivers
v0000028239fa4520_0 .net *"_ivl_273", 0 0, L_000002823a013790;  1 drivers
v0000028239fa5600_0 .net *"_ivl_276", 0 0, L_0000028239fb21b0;  1 drivers
v0000028239fa38a0_0 .net *"_ivl_278", 0 0, L_0000028239fb1cb0;  1 drivers
v0000028239fa3e40_0 .net *"_ivl_280", 0 0, L_0000028239fb1710;  1 drivers
v0000028239fa3940_0 .net *"_ivl_282", 0 0, L_0000028239fb36f0;  1 drivers
v0000028239fa56a0_0 .net *"_ivl_284", 0 0, L_0000028239fb1b70;  1 drivers
v0000028239fa47a0_0 .net *"_ivl_286", 0 0, L_0000028239fb1c10;  1 drivers
v0000028239fa4700_0 .net *"_ivl_287", 0 0, L_000002823a0136b0;  1 drivers
v0000028239fa4200_0 .net *"_ivl_29", 0 0, L_0000028239fb4550;  1 drivers
v0000028239fa5560_0 .net *"_ivl_290", 0 0, L_0000028239fb1670;  1 drivers
v0000028239fa4020_0 .net *"_ivl_292", 0 0, L_0000028239fb2610;  1 drivers
v0000028239fa54c0_0 .net *"_ivl_294", 0 0, L_0000028239fb1170;  1 drivers
v0000028239fa3f80_0 .net *"_ivl_296", 0 0, L_0000028239fb3010;  1 drivers
v0000028239fa40c0_0 .net *"_ivl_298", 0 0, L_0000028239fb1350;  1 drivers
L_0000028239fb9088 .functor BUFT 1, C4<000000000>, C4<0>, C4<0>, C4<0>;
v0000028239fa42a0_0 .net *"_ivl_3", 8 0, L_0000028239fb9088;  1 drivers
v0000028239fa4840_0 .net *"_ivl_30", 0 0, L_0000028239b95ef0;  1 drivers
v0000028239fa5240_0 .net *"_ivl_300", 0 0, L_0000028239fb1990;  1 drivers
v0000028239fa4f20_0 .net *"_ivl_301", 0 0, L_000002823a013b80;  1 drivers
v0000028239fa52e0_0 .net *"_ivl_304", 0 0, L_0000028239fb2c50;  1 drivers
v0000028239fa5740_0 .net *"_ivl_306", 0 0, L_0000028239fb1a30;  1 drivers
v0000028239fa4160_0 .net *"_ivl_308", 0 0, L_0000028239fb17b0;  1 drivers
v0000028239fa4340_0 .net *"_ivl_310", 0 0, L_0000028239fb2cf0;  1 drivers
v0000028239fa5380_0 .net *"_ivl_312", 0 0, L_0000028239fb3790;  1 drivers
v0000028239fa45c0_0 .net *"_ivl_314", 0 0, L_0000028239fb2e30;  1 drivers
v0000028239fa3620_0 .net *"_ivl_315", 0 0, L_000002823a0138e0;  1 drivers
v0000028239fa43e0_0 .net *"_ivl_318", 0 0, L_0000028239fb3830;  1 drivers
v0000028239fa4fc0_0 .net *"_ivl_320", 0 0, L_0000028239fb2ed0;  1 drivers
v0000028239fa3bc0_0 .net *"_ivl_322", 0 0, L_0000028239fb1df0;  1 drivers
v0000028239fa4980_0 .net *"_ivl_324", 0 0, L_0000028239fb13f0;  1 drivers
v0000028239fa5060_0 .net *"_ivl_326", 0 0, L_0000028239fb1850;  1 drivers
v0000028239fa3ee0_0 .net *"_ivl_328", 0 0, L_0000028239fb15d0;  1 drivers
v0000028239fa5100_0 .net *"_ivl_329", 0 0, L_000002823a013d40;  1 drivers
v0000028239fa39e0_0 .net *"_ivl_332", 0 0, L_0000028239fb2750;  1 drivers
v0000028239fa57e0_0 .net *"_ivl_334", 0 0, L_0000028239fb30b0;  1 drivers
v0000028239fa3a80_0 .net *"_ivl_336", 0 0, L_0000028239fb18f0;  1 drivers
v0000028239fa4ca0_0 .net *"_ivl_338", 0 0, L_0000028239fb3470;  1 drivers
v0000028239fa4660_0 .net *"_ivl_34", 0 0, L_0000028239fb45f0;  1 drivers
v0000028239fa5420_0 .net *"_ivl_340", 0 0, L_0000028239fb2250;  1 drivers
v0000028239fa3580_0 .net *"_ivl_342", 0 0, L_0000028239fb22f0;  1 drivers
v0000028239fa3b20_0 .net *"_ivl_343", 0 0, L_000002823a013330;  1 drivers
v0000028239fa33a0_0 .net *"_ivl_346", 0 0, L_0000028239fb1210;  1 drivers
v0000028239fa48e0_0 .net *"_ivl_348", 0 0, L_0000028239fb3290;  1 drivers
v0000028239fa4480_0 .net *"_ivl_35", 0 0, L_0000028239b95f60;  1 drivers
v0000028239fa3c60_0 .net *"_ivl_350", 0 0, L_0000028239fb3510;  1 drivers
v0000028239fa3d00_0 .net *"_ivl_352", 0 0, L_0000028239fb2390;  1 drivers
v0000028239fa4a20_0 .net *"_ivl_354", 0 0, L_0000028239fb1530;  1 drivers
v0000028239fa3800_0 .net *"_ivl_356", 0 0, L_0000028239fb2430;  1 drivers
v0000028239fa3da0_0 .net *"_ivl_357", 0 0, L_000002823a013f70;  1 drivers
v0000028239fa3440_0 .net *"_ivl_360", 0 0, L_0000028239fb2f70;  1 drivers
v0000028239fa3120_0 .net *"_ivl_362", 0 0, L_0000028239fb31f0;  1 drivers
v0000028239fa4ac0_0 .net *"_ivl_364", 0 0, L_0000028239fb24d0;  1 drivers
v0000028239fa4b60_0 .net *"_ivl_366", 0 0, L_0000028239fb35b0;  1 drivers
v0000028239fa4c00_0 .net *"_ivl_368", 0 0, L_0000028239fb12b0;  1 drivers
v0000028239fa4d40_0 .net *"_ivl_370", 0 0, L_0000028239fb1490;  1 drivers
v0000028239fa4de0_0 .net *"_ivl_371", 0 0, L_000002823a013bf0;  1 drivers
v0000028239fa4e80_0 .net *"_ivl_374", 0 0, L_0000028239fb2890;  1 drivers
v0000028239fa51a0_0 .net *"_ivl_376", 0 0, L_000002823a01b1c0;  1 drivers
v0000028239fa36c0_0 .net *"_ivl_378", 0 0, L_000002823a01b800;  1 drivers
v0000028239fa3080_0 .net *"_ivl_38", 0 0, L_0000028239fb4690;  1 drivers
v0000028239fa31c0_0 .net *"_ivl_380", 0 0, L_000002823a019f00;  1 drivers
v0000028239fa3260_0 .net *"_ivl_382", 0 0, L_000002823a01b260;  1 drivers
v0000028239fa3300_0 .net *"_ivl_384", 0 0, L_000002823a01b300;  1 drivers
v0000028239fa34e0_0 .net *"_ivl_385", 0 0, L_000002823a013410;  1 drivers
v0000028239fa3760_0 .net *"_ivl_388", 0 0, L_000002823a01a680;  1 drivers
v0000028239fa5a60_0 .net *"_ivl_390", 0 0, L_000002823a019460;  1 drivers
v0000028239fa5ec0_0 .net *"_ivl_392", 0 0, L_000002823a01b6c0;  1 drivers
v0000028239fa6aa0_0 .net *"_ivl_394", 0 0, L_000002823a01b080;  1 drivers
v0000028239fa6820_0 .net *"_ivl_396", 0 0, L_000002823a01ae00;  1 drivers
v0000028239fa5e20_0 .net *"_ivl_398", 0 0, L_000002823a01ad60;  1 drivers
v0000028239fa6460_0 .net *"_ivl_399", 0 0, L_000002823a013a30;  1 drivers
L_0000028239fb90d0 .functor BUFT 1, C4<00000000000000000000000000101111>, C4<0>, C4<0>, C4<0>;
v0000028239fa6b40_0 .net/2u *"_ivl_4", 31 0, L_0000028239fb90d0;  1 drivers
v0000028239fa6c80_0 .net *"_ivl_40", 0 0, L_0000028239fb49b0;  1 drivers
v0000028239fa68c0_0 .net *"_ivl_402", 0 0, L_000002823a01b3a0;  1 drivers
v0000028239fa5ba0_0 .net *"_ivl_404", 0 0, L_000002823a01b440;  1 drivers
v0000028239fa5880_0 .net *"_ivl_406", 0 0, L_000002823a019780;  1 drivers
v0000028239fa6d20_0 .net *"_ivl_408", 0 0, L_000002823a0198c0;  1 drivers
v0000028239fa5920_0 .net *"_ivl_410", 0 0, L_000002823a01a0e0;  1 drivers
v0000028239fa61e0_0 .net *"_ivl_412", 0 0, L_000002823a01b580;  1 drivers
v0000028239fa6280_0 .net *"_ivl_413", 0 0, L_000002823a013c60;  1 drivers
v0000028239fa6be0_0 .net *"_ivl_416", 0 0, L_000002823a01a400;  1 drivers
v0000028239fa6f00_0 .net *"_ivl_418", 0 0, L_000002823a019320;  1 drivers
v0000028239fa6640_0 .net *"_ivl_42", 0 0, L_0000028239fb4a50;  1 drivers
v0000028239fa66e0_0 .net *"_ivl_420", 0 0, L_000002823a01aea0;  1 drivers
v0000028239fa6780_0 .net *"_ivl_422", 0 0, L_000002823a01af40;  1 drivers
v0000028239fa59c0_0 .net *"_ivl_424", 0 0, L_000002823a019e60;  1 drivers
v0000028239fa6500_0 .net *"_ivl_426", 0 0, L_000002823a01b120;  1 drivers
v0000028239fa6dc0_0 .net *"_ivl_427", 0 0, L_000002823a013870;  1 drivers
v0000028239fa6000_0 .net *"_ivl_430", 0 0, L_000002823a01a040;  1 drivers
v0000028239fa5c40_0 .net *"_ivl_432", 0 0, L_000002823a01a4a0;  1 drivers
v0000028239fa6320_0 .net *"_ivl_434", 0 0, L_000002823a01a360;  1 drivers
v0000028239fa6960_0 .net *"_ivl_436", 0 0, L_000002823a019a00;  1 drivers
v0000028239fa6e60_0 .net *"_ivl_438", 0 0, L_000002823a01a540;  1 drivers
v0000028239fa5b00_0 .net *"_ivl_44", 0 0, L_0000028239fb4c30;  1 drivers
v0000028239fa6a00_0 .net *"_ivl_440", 0 0, L_000002823a01a180;  1 drivers
v0000028239fa5ce0_0 .net *"_ivl_441", 0 0, L_000002823a0139c0;  1 drivers
v0000028239fa5d80_0 .net *"_ivl_444", 0 0, L_000002823a01b620;  1 drivers
v0000028239fa63c0_0 .net *"_ivl_446", 0 0, L_000002823a019aa0;  1 drivers
v0000028239fa5f60_0 .net *"_ivl_448", 0 0, L_000002823a01a5e0;  1 drivers
v0000028239fa60a0_0 .net *"_ivl_450", 0 0, L_000002823a01b760;  1 drivers
v0000028239fa65a0_0 .net *"_ivl_452", 0 0, L_000002823a01b4e0;  1 drivers
v0000028239fa6140_0 .net *"_ivl_454", 0 0, L_000002823a01a720;  1 drivers
v0000028239faa830_0 .net *"_ivl_455", 0 0, L_000002823a013720;  1 drivers
v0000028239faad30_0 .net *"_ivl_458", 0 0, L_000002823a01b8a0;  1 drivers
v0000028239faa8d0_0 .net *"_ivl_46", 0 0, L_0000028239fb4cd0;  1 drivers
v0000028239fa9ed0_0 .net *"_ivl_460", 0 0, L_000002823a019500;  1 drivers
v0000028239faa970_0 .net *"_ivl_462", 0 0, L_000002823a01a7c0;  1 drivers
v0000028239faa6f0_0 .net *"_ivl_464", 0 0, L_000002823a019140;  1 drivers
v0000028239faa0b0_0 .net *"_ivl_466", 0 0, L_000002823a0191e0;  1 drivers
v0000028239faaa10_0 .net *"_ivl_468", 0 0, L_000002823a019d20;  1 drivers
v0000028239fa9c50_0 .net *"_ivl_469", 0 0, L_000002823a013800;  1 drivers
v0000028239fa9930_0 .net *"_ivl_472", 0 0, L_000002823a01a860;  1 drivers
v0000028239fa9b10_0 .net *"_ivl_474", 0 0, L_000002823a019280;  1 drivers
v0000028239faa330_0 .net *"_ivl_476", 0 0, L_000002823a0195a0;  1 drivers
v0000028239faa790_0 .net *"_ivl_478", 0 0, L_000002823a01a2c0;  1 drivers
v0000028239faa1f0_0 .net *"_ivl_48", 0 0, L_0000028239fb8830;  1 drivers
v0000028239faaab0_0 .net *"_ivl_480", 0 0, L_000002823a01a220;  1 drivers
v0000028239faadd0_0 .net *"_ivl_482", 0 0, L_000002823a019c80;  1 drivers
v0000028239fa9f70_0 .net *"_ivl_483", 0 0, L_000002823a013aa0;  1 drivers
v0000028239fa9cf0_0 .net *"_ivl_486", 0 0, L_000002823a019fa0;  1 drivers
v0000028239faa290_0 .net *"_ivl_488", 0 0, L_000002823a0193c0;  1 drivers
v0000028239faa510_0 .net *"_ivl_49", 0 0, L_0000028239b95940;  1 drivers
v0000028239faa3d0_0 .net *"_ivl_490", 0 0, L_000002823a01aa40;  1 drivers
v0000028239faa470_0 .net *"_ivl_492", 0 0, L_000002823a019b40;  1 drivers
v0000028239fa9890_0 .net *"_ivl_494", 0 0, L_000002823a019820;  1 drivers
v0000028239fa9d90_0 .net *"_ivl_496", 0 0, L_000002823a01afe0;  1 drivers
v0000028239faab50_0 .net *"_ivl_497", 0 0, L_000002823a013fe0;  1 drivers
v0000028239faae70_0 .net *"_ivl_500", 0 0, L_000002823a019640;  1 drivers
v0000028239fa99d0_0 .net *"_ivl_502", 0 0, L_000002823a0196e0;  1 drivers
v0000028239faa5b0_0 .net *"_ivl_504", 0 0, L_000002823a019960;  1 drivers
v0000028239faac90_0 .net *"_ivl_506", 0 0, L_000002823a019be0;  1 drivers
v0000028239faaf10_0 .net *"_ivl_508", 0 0, L_000002823a019dc0;  1 drivers
v0000028239faa650_0 .net *"_ivl_510", 0 0, L_000002823a01a900;  1 drivers
v0000028239faa010_0 .net *"_ivl_511", 0 0, L_000002823a0133a0;  1 drivers
v0000028239faabf0_0 .net *"_ivl_514", 0 0, L_000002823a01a9a0;  1 drivers
v0000028239fa9a70_0 .net *"_ivl_516", 0 0, L_000002823a01aae0;  1 drivers
v0000028239fa9bb0_0 .net *"_ivl_518", 0 0, L_000002823a01ab80;  1 drivers
v0000028239fa9e30_0 .net *"_ivl_52", 0 0, L_0000028239fb8330;  1 drivers
v0000028239faa150_0 .net *"_ivl_520", 0 0, L_000002823a01ac20;  1 drivers
v0000028239fa74f0_0 .net *"_ivl_522", 0 0, L_000002823a01acc0;  1 drivers
v0000028239fa8cb0_0 .net *"_ivl_524", 0 0, L_000002823a01dce0;  1 drivers
v0000028239fa92f0_0 .net *"_ivl_525", 0 0, L_000002823a013b10;  1 drivers
v0000028239fa9250_0 .net *"_ivl_528", 0 0, L_000002823a01cca0;  1 drivers
v0000028239fa7810_0 .net *"_ivl_530", 0 0, L_000002823a01bc60;  1 drivers
v0000028239fa88f0_0 .net *"_ivl_532", 0 0, L_000002823a01bee0;  1 drivers
v0000028239fa8df0_0 .net *"_ivl_534", 0 0, L_000002823a01be40;  1 drivers
v0000028239fa91b0_0 .net *"_ivl_536", 0 0, L_000002823a01d920;  1 drivers
v0000028239fa7090_0 .net *"_ivl_538", 0 0, L_000002823a01d9c0;  1 drivers
v0000028239fa9610_0 .net *"_ivl_539", 0 0, L_000002823a013100;  1 drivers
v0000028239fa9070_0 .net *"_ivl_54", 0 0, L_0000028239fb7570;  1 drivers
v0000028239fa94d0_0 .net *"_ivl_542", 0 0, L_000002823a01dd80;  1 drivers
v0000028239fa8e90_0 .net *"_ivl_544", 0 0, L_000002823a01cde0;  1 drivers
v0000028239fa9390_0 .net *"_ivl_546", 0 0, L_000002823a01d560;  1 drivers
v0000028239fa8670_0 .net *"_ivl_548", 0 0, L_000002823a01c160;  1 drivers
v0000028239fa9430_0 .net *"_ivl_550", 0 0, L_000002823a01c200;  1 drivers
v0000028239fa9570_0 .net *"_ivl_552", 0 0, L_000002823a01b940;  1 drivers
v0000028239fa7130_0 .net *"_ivl_553", 0 0, L_000002823a013cd0;  1 drivers
v0000028239fa8850_0 .net *"_ivl_556", 0 0, L_000002823a01da60;  1 drivers
v0000028239fa96b0_0 .net *"_ivl_558", 0 0, L_000002823a01b9e0;  1 drivers
v0000028239fa8d50_0 .net *"_ivl_56", 0 0, L_0000028239fb65d0;  1 drivers
v0000028239fa8030_0 .net *"_ivl_560", 0 0, L_000002823a01d740;  1 drivers
v0000028239fa71d0_0 .net *"_ivl_562", 0 0, L_000002823a01d600;  1 drivers
v0000028239fa7630_0 .net *"_ivl_564", 0 0, L_000002823a01c840;  1 drivers
v0000028239fa8f30_0 .net *"_ivl_566", 0 0, L_000002823a01cfc0;  1 drivers
v0000028239fa97f0_0 .net *"_ivl_567", 0 0, L_000002823a013e90;  1 drivers
v0000028239fa7270_0 .net *"_ivl_570", 0 0, L_000002823a01c2a0;  1 drivers
v0000028239fa7ef0_0 .net *"_ivl_572", 0 0, L_000002823a01d1a0;  1 drivers
v0000028239fa7310_0 .net *"_ivl_574", 0 0, L_000002823a01db00;  1 drivers
v0000028239fa8990_0 .net *"_ivl_576", 0 0, L_000002823a01ba80;  1 drivers
v0000028239fa7590_0 .net *"_ivl_578", 0 0, L_000002823a01d060;  1 drivers
v0000028239fa9750_0 .net *"_ivl_58", 0 0, L_0000028239fb8290;  1 drivers
v0000028239fa78b0_0 .net *"_ivl_580", 0 0, L_000002823a01bb20;  1 drivers
v0000028239fa7e50_0 .net *"_ivl_581", 0 0, L_000002823a013e20;  1 drivers
v0000028239fa7950_0 .net *"_ivl_584", 0 0, L_000002823a01c700;  1 drivers
v0000028239fa73b0_0 .net *"_ivl_586", 0 0, L_000002823a01c0c0;  1 drivers
v0000028239fa87b0_0 .net *"_ivl_588", 0 0, L_000002823a01cf20;  1 drivers
v0000028239fa8710_0 .net *"_ivl_590", 0 0, L_000002823a01dba0;  1 drivers
v0000028239fa8210_0 .net *"_ivl_592", 0 0, L_000002823a01c340;  1 drivers
v0000028239fa7450_0 .net *"_ivl_594", 0 0, L_000002823a01dec0;  1 drivers
v0000028239fa80d0_0 .net *"_ivl_595", 0 0, L_000002823a0131e0;  1 drivers
v0000028239fa76d0_0 .net *"_ivl_598", 0 0, L_000002823a01d6a0;  1 drivers
v0000028239fa7f90_0 .net *"_ivl_6", 31 0, L_0000028239fb51d0;  1 drivers
v0000028239fa8170_0 .net *"_ivl_60", 0 0, L_0000028239fb6210;  1 drivers
v0000028239fa82b0_0 .net *"_ivl_600", 0 0, L_000002823a01dc40;  1 drivers
v0000028239fa8a30_0 .net *"_ivl_602", 0 0, L_000002823a01d240;  1 drivers
v0000028239fa7770_0 .net *"_ivl_604", 0 0, L_000002823a01bbc0;  1 drivers
v0000028239fa8fd0_0 .net *"_ivl_606", 0 0, L_000002823a01d420;  1 drivers
v0000028239fa79f0_0 .net *"_ivl_608", 0 0, L_000002823a01de20;  1 drivers
v0000028239fa7a90_0 .net *"_ivl_609", 0 0, L_000002823a013250;  1 drivers
v0000028239fa8350_0 .net *"_ivl_612", 0 0, L_000002823a01c7a0;  1 drivers
v0000028239fa83f0_0 .net *"_ivl_614", 0 0, L_000002823a01d2e0;  1 drivers
v0000028239fa7b30_0 .net *"_ivl_616", 0 0, L_000002823a01df60;  1 drivers
v0000028239fa8530_0 .net *"_ivl_618", 0 0, L_000002823a01e000;  1 drivers
v0000028239fa7bd0_0 .net *"_ivl_62", 0 0, L_0000028239fb68f0;  1 drivers
v0000028239fa8490_0 .net *"_ivl_620", 0 0, L_000002823a01ce80;  1 drivers
v0000028239fa9110_0 .net *"_ivl_622", 0 0, L_000002823a01bf80;  1 drivers
v0000028239fa7c70_0 .net *"_ivl_623", 0 0, L_000002823a013480;  1 drivers
v0000028239fa8ad0_0 .net *"_ivl_626", 0 0, L_000002823a01c5c0;  1 drivers
v0000028239fa7d10_0 .net *"_ivl_628", 0 0, L_000002823a01d380;  1 drivers
v0000028239fa85d0_0 .net *"_ivl_63", 0 0, L_0000028239b959b0;  1 drivers
v0000028239fa7db0_0 .net *"_ivl_630", 0 0, L_000002823a01e0a0;  1 drivers
v0000028239fa8b70_0 .net *"_ivl_632", 0 0, L_000002823a01c3e0;  1 drivers
v0000028239fa8c10_0 .net *"_ivl_634", 0 0, L_000002823a01d7e0;  1 drivers
v0000028239faf3c0_0 .net *"_ivl_636", 0 0, L_000002823a01d100;  1 drivers
v0000028239fae560_0 .net *"_ivl_637", 0 0, L_000002823a0134f0;  1 drivers
v0000028239fad980_0 .net *"_ivl_640", 0 0, L_000002823a01bd00;  1 drivers
v0000028239faf5a0_0 .net *"_ivl_642", 0 0, L_000002823a01d4c0;  1 drivers
v0000028239faf780_0 .net *"_ivl_644", 0 0, L_000002823a01c8e0;  1 drivers
v0000028239fae7e0_0 .net *"_ivl_646", 0 0, L_000002823a01d880;  1 drivers
v0000028239fae6a0_0 .net *"_ivl_648", 0 0, L_000002823a01c980;  1 drivers
v0000028239faece0_0 .net *"_ivl_650", 0 0, L_000002823a01cb60;  1 drivers
v0000028239fadb60_0 .net *"_ivl_651", 0 0, L_000002823a013560;  1 drivers
v0000028239faef60_0 .net *"_ivl_654", 0 0, L_000002823a01c520;  1 drivers
v0000028239fad700_0 .net *"_ivl_656", 0 0, L_000002823a01c020;  1 drivers
v0000028239fae600_0 .net *"_ivl_658", 0 0, L_000002823a01bda0;  1 drivers
v0000028239fadc00_0 .net *"_ivl_66", 0 0, L_0000028239fb7d90;  1 drivers
v0000028239fada20_0 .net *"_ivl_660", 0 0, L_000002823a01c480;  1 drivers
v0000028239fae740_0 .net *"_ivl_662", 0 0, L_000002823a01c660;  1 drivers
v0000028239fadf20_0 .net *"_ivl_664", 0 0, L_000002823a01ca20;  1 drivers
v0000028239faf0a0_0 .net *"_ivl_665", 0 0, L_000002823a0135d0;  1 drivers
v0000028239faf280_0 .net *"_ivl_669", 0 0, L_000002823a01cc00;  1 drivers
v0000028239fad0c0_0 .net *"_ivl_671", 0 0, L_000002823a01cd40;  1 drivers
v0000028239fad840_0 .net *"_ivl_673", 0 0, L_000002823a01e460;  1 drivers
v0000028239fadfc0_0 .net *"_ivl_675", 0 0, L_000002823a01e320;  1 drivers
v0000028239fad5c0_0 .net *"_ivl_677", 0 0, L_000002823a01e3c0;  1 drivers
v0000028239fadca0_0 .net *"_ivl_679", 0 0, L_000002823a01e280;  1 drivers
v0000028239faf140_0 .net *"_ivl_68", 0 0, L_0000028239fb7750;  1 drivers
v0000028239fae2e0_0 .net *"_ivl_680", 0 0, L_000002823a0290c0;  1 drivers
v0000028239fae920_0 .net *"_ivl_683", 0 0, L_000002823a01e780;  1 drivers
v0000028239faf1e0_0 .net *"_ivl_685", 0 0, L_000002823a01e500;  1 drivers
v0000028239fae880_0 .net *"_ivl_686", 0 0, L_000002823a029520;  1 drivers
v0000028239fadac0_0 .net *"_ivl_689", 0 0, L_000002823a01e1e0;  1 drivers
v0000028239fae9c0_0 .net *"_ivl_691", 0 0, L_000002823a01e820;  1 drivers
v0000028239fae420_0 .net *"_ivl_692", 0 0, L_000002823a029590;  1 drivers
v0000028239fae380_0 .net *"_ivl_695", 0 0, L_000002823a01e5a0;  1 drivers
v0000028239faeec0_0 .net *"_ivl_697", 0 0, L_000002823a01e140;  1 drivers
v0000028239faed80_0 .net *"_ivl_698", 0 0, L_000002823a029600;  1 drivers
v0000028239fad8e0_0 .net *"_ivl_70", 0 0, L_0000028239fb7430;  1 drivers
v0000028239faea60_0 .net *"_ivl_701", 0 0, L_000002823a01e640;  1 drivers
v0000028239faf000_0 .net *"_ivl_703", 0 0, L_000002823a01e6e0;  1 drivers
v0000028239fadd40_0 .net *"_ivl_704", 0 0, L_000002823a029750;  1 drivers
v0000028239fad7a0_0 .net *"_ivl_707", 0 0, L_000002823a018ba0;  1 drivers
v0000028239faf320_0 .net *"_ivl_709", 0 0, L_000002823a017de0;  1 drivers
v0000028239faf500_0 .net *"_ivl_710", 0 0, L_000002823a028e20;  1 drivers
v0000028239faeba0_0 .net *"_ivl_713", 0 0, L_000002823a017200;  1 drivers
v0000028239faf640_0 .net *"_ivl_715", 0 0, L_000002823a018100;  1 drivers
v0000028239faec40_0 .net *"_ivl_716", 0 0, L_000002823a0291a0;  1 drivers
v0000028239fadde0_0 .net *"_ivl_719", 0 0, L_000002823a017ca0;  1 drivers
v0000028239faee20_0 .net *"_ivl_72", 0 0, L_0000028239fb6cb0;  1 drivers
v0000028239faeb00_0 .net *"_ivl_721", 0 0, L_000002823a017980;  1 drivers
v0000028239faf460_0 .net *"_ivl_722", 0 0, L_000002823a029670;  1 drivers
v0000028239faf6e0_0 .net *"_ivl_725", 0 0, L_000002823a017d40;  1 drivers
v0000028239fade80_0 .net *"_ivl_727", 0 0, L_000002823a017520;  1 drivers
v0000028239fad200_0 .net *"_ivl_728", 0 0, L_000002823a029a60;  1 drivers
v0000028239fad520_0 .net *"_ivl_731", 0 0, L_000002823a018c40;  1 drivers
v0000028239fae4c0_0 .net *"_ivl_733", 0 0, L_000002823a017f20;  1 drivers
v0000028239faf820_0 .net *"_ivl_734", 0 0, L_000002823a029210;  1 drivers
v0000028239fae100_0 .net *"_ivl_737", 0 0, L_000002823a017a20;  1 drivers
v0000028239fad160_0 .net *"_ivl_739", 0 0, L_000002823a016e40;  1 drivers
v0000028239fad2a0_0 .net *"_ivl_74", 0 0, L_0000028239fb85b0;  1 drivers
v0000028239fae060_0 .net *"_ivl_740", 0 0, L_000002823a0294b0;  1 drivers
v0000028239fae1a0_0 .net *"_ivl_743", 0 0, L_000002823a016d00;  1 drivers
v0000028239fad340_0 .net *"_ivl_745", 0 0, L_000002823a017fc0;  1 drivers
v0000028239fad3e0_0 .net *"_ivl_746", 0 0, L_000002823a0298a0;  1 drivers
v0000028239fad480_0 .net *"_ivl_749", 0 0, L_000002823a0173e0;  1 drivers
v0000028239fae240_0 .net *"_ivl_751", 0 0, L_000002823a017480;  1 drivers
v0000028239fad660_0 .net *"_ivl_752", 0 0, L_000002823a029280;  1 drivers
v0000028239fafe60_0 .net *"_ivl_755", 0 0, L_000002823a018420;  1 drivers
v0000028239fafa00_0 .net *"_ivl_757", 0 0, L_000002823a0175c0;  1 drivers
v0000028239fb05e0_0 .net *"_ivl_758", 0 0, L_000002823a028e90;  1 drivers
v0000028239fb0040_0 .net *"_ivl_76", 0 0, L_0000028239fb6a30;  1 drivers
v0000028239faff00_0 .net *"_ivl_761", 0 0, L_000002823a0178e0;  1 drivers
v0000028239faffa0_0 .net *"_ivl_763", 0 0, L_000002823a017660;  1 drivers
v0000028239fb0360_0 .net *"_ivl_764", 0 0, L_000002823a0292f0;  1 drivers
v0000028239fafd20_0 .net *"_ivl_767", 0 0, L_000002823a017e80;  1 drivers
v0000028239fb00e0_0 .net *"_ivl_769", 0 0, L_000002823a018060;  1 drivers
v0000028239fafaa0_0 .net *"_ivl_77", 0 0, L_0000028239b95a20;  1 drivers
v0000028239faf8c0_0 .net *"_ivl_770", 0 0, L_000002823a029360;  1 drivers
v0000028239fb0180_0 .net *"_ivl_773", 0 0, L_000002823a016a80;  1 drivers
v0000028239fb0220_0 .net *"_ivl_775", 0 0, L_000002823a0184c0;  1 drivers
v0000028239fb02c0_0 .net *"_ivl_776", 0 0, L_000002823a029910;  1 drivers
v0000028239fb0400_0 .net *"_ivl_779", 0 0, L_000002823a018560;  1 drivers
v0000028239fafdc0_0 .net *"_ivl_781", 0 0, L_000002823a0181a0;  1 drivers
v0000028239fb07c0_0 .net *"_ivl_782", 0 0, L_000002823a0296e0;  1 drivers
v0000028239fb0860_0 .net *"_ivl_785", 0 0, L_000002823a018240;  1 drivers
v0000028239fb09a0_0 .net *"_ivl_787", 0 0, L_000002823a017700;  1 drivers
v0000028239fb0d60_0 .net *"_ivl_788", 0 0, L_000002823a028f00;  1 drivers
v0000028239fb0540_0 .net *"_ivl_791", 0 0, L_000002823a0182e0;  1 drivers
v0000028239fb04a0_0 .net *"_ivl_793", 0 0, L_000002823a0177a0;  1 drivers
v0000028239fb0ea0_0 .net *"_ivl_794", 0 0, L_000002823a029830;  1 drivers
v0000028239faf960_0 .net *"_ivl_797", 0 0, L_000002823a018880;  1 drivers
v0000028239fb0900_0 .net *"_ivl_799", 0 0, L_000002823a016da0;  1 drivers
v0000028239fb0680_0 .net *"_ivl_80", 0 0, L_0000028239fb71b0;  1 drivers
v0000028239fb0720_0 .net *"_ivl_800", 0 0, L_000002823a028f70;  1 drivers
v0000028239fafb40_0 .net *"_ivl_803", 0 0, L_000002823a016f80;  1 drivers
v0000028239fb0a40_0 .net *"_ivl_805", 0 0, L_000002823a018ce0;  1 drivers
v0000028239fb0ae0_0 .net *"_ivl_806", 0 0, L_000002823a0293d0;  1 drivers
v0000028239fb0b80_0 .net *"_ivl_809", 0 0, L_000002823a0172a0;  1 drivers
v0000028239fb0c20_0 .net *"_ivl_811", 0 0, L_000002823a016940;  1 drivers
v0000028239fb0cc0_0 .net *"_ivl_812", 0 0, L_000002823a029980;  1 drivers
v0000028239fb0e00_0 .net *"_ivl_816", 0 0, L_000002823a018600;  1 drivers
v0000028239fb0f40_0 .net *"_ivl_818", 0 0, L_000002823a018920;  1 drivers
v0000028239fafbe0_0 .net *"_ivl_82", 0 0, L_0000028239fb6670;  1 drivers
v0000028239fafc80_0 .net *"_ivl_820", 0 0, L_000002823a0169e0;  1 drivers
v0000028239fb44b0_0 .net *"_ivl_822", 0 0, L_000002823a018d80;  1 drivers
v0000028239fb59f0_0 .net *"_ivl_824", 0 0, L_000002823a0186a0;  1 drivers
v0000028239fb4370_0 .net *"_ivl_826", 0 0, L_000002823a016ee0;  1 drivers
v0000028239fb6030_0 .net *"_ivl_828", 0 0, L_000002823a017340;  1 drivers
v0000028239fb5450_0 .net *"_ivl_830", 0 0, L_000002823a018e20;  1 drivers
v0000028239fb53b0_0 .net *"_ivl_832", 0 0, L_000002823a018740;  1 drivers
v0000028239fb5a90_0 .net *"_ivl_834", 0 0, L_000002823a017840;  1 drivers
v0000028239fb4d70_0 .net *"_ivl_836", 0 0, L_000002823a017020;  1 drivers
v0000028239fb4870_0 .net *"_ivl_838", 0 0, L_000002823a0187e0;  1 drivers
v0000028239fb3b50_0 .net *"_ivl_84", 0 0, L_0000028239fb77f0;  1 drivers
v0000028239fb54f0_0 .net *"_ivl_840", 0 0, L_000002823a016c60;  1 drivers
v0000028239fb5b30_0 .net *"_ivl_842", 0 0, L_000002823a0170c0;  1 drivers
v0000028239fb5db0_0 .net *"_ivl_844", 0 0, L_000002823a017160;  1 drivers
v0000028239fb5950_0 .net *"_ivl_846", 0 0, L_000002823a0189c0;  1 drivers
v0000028239fb3a10_0 .net *"_ivl_848", 0 0, L_000002823a019000;  1 drivers
v0000028239fb3f10_0 .net *"_ivl_850", 0 0, L_000002823a018a60;  1 drivers
v0000028239fb38d0_0 .net *"_ivl_852", 0 0, L_000002823a017ac0;  1 drivers
v0000028239fb5590_0 .net *"_ivl_854", 0 0, L_000002823a017b60;  1 drivers
v0000028239fb3d30_0 .net *"_ivl_856", 0 0, L_000002823a018b00;  1 drivers
v0000028239fb5630_0 .net *"_ivl_858", 0 0, L_000002823a018ec0;  1 drivers
v0000028239fb5bd0_0 .net *"_ivl_86", 0 0, L_0000028239fb62b0;  1 drivers
v0000028239fb3dd0_0 .net *"_ivl_860", 0 0, L_000002823a018f60;  1 drivers
v0000028239fb4230_0 .net *"_ivl_862", 0 0, L_000002823a0190a0;  1 drivers
v0000028239fb4ff0_0 .net *"_ivl_864", 0 0, L_000002823a016b20;  1 drivers
v0000028239fb3e70_0 .net *"_ivl_865", 31 0, L_000002823a017c00;  1 drivers
L_0000028239fb9118 .functor BUFT 1, C4<0000000000000000000000000000000>, C4<0>, C4<0>, C4<0>;
v0000028239fb4eb0_0 .net *"_ivl_868", 30 0, L_0000028239fb9118;  1 drivers
L_0000028239fb9160 .functor BUFT 1, C4<00000000000000000000000000000000>, C4<0>, C4<0>, C4<0>;
v0000028239fb56d0_0 .net/2u *"_ivl_869", 31 0, L_0000028239fb9160;  1 drivers
v0000028239fb4410_0 .net *"_ivl_871", 0 0, L_000002823a016bc0;  1 drivers
v0000028239fb4e10_0 .net *"_ivl_873", 22 0, L_000002823a02f810;  1 drivers
v0000028239fb58b0_0 .net *"_ivl_875", 22 0, L_000002823a02ea50;  1 drivers
v0000028239fb5c70_0 .net *"_ivl_879", 31 0, L_000002823a030c10;  1 drivers
v0000028239fb5770_0 .net *"_ivl_88", 0 0, L_0000028239fb6990;  1 drivers
L_0000028239fb91a8 .functor BUFT 1, C4<000000000>, C4<0>, C4<0>, C4<0>;
v0000028239fb3fb0_0 .net *"_ivl_882", 8 0, L_0000028239fb91a8;  1 drivers
L_0000028239fb91f0 .functor BUFT 1, C4<00000000000000000000000000101111>, C4<0>, C4<0>, C4<0>;
v0000028239fb3970_0 .net/2u *"_ivl_883", 31 0, L_0000028239fb91f0;  1 drivers
v0000028239fb5d10_0 .net *"_ivl_885", 31 0, L_000002823a031110;  1 drivers
v0000028239fb3ab0_0 .net *"_ivl_90", 0 0, L_0000028239fb6f30;  1 drivers
v0000028239fb4730_0 .net *"_ivl_91", 0 0, L_0000028239b96190;  1 drivers
v0000028239fb4910_0 .net *"_ivl_94", 0 0, L_0000028239fb6fd0;  1 drivers
v0000028239fb5810_0 .net *"_ivl_96", 0 0, L_0000028239fb7c50;  1 drivers
v0000028239fb5e50_0 .net *"_ivl_98", 0 0, L_0000028239fb6850;  1 drivers
v0000028239fb4f50_0 .net "add", 0 0, L_000002823a028c60;  1 drivers
v0000028239fb5ef0_0 .net "and_out", 45 0, L_000002823a01cac0;  1 drivers
v0000028239fb4050_0 .net "error_bit", 22 0, L_000002823a018380;  1 drivers
v0000028239fb5130_0 .net "mod_tri", 5 0, L_0000028239fb4190;  1 drivers
v0000028239fb5f90_0 .net "not_mod_tri", 5 0, L_0000028239fb4af0;  1 drivers
v0000028239fb3bf0_0 .net "numX", 22 0, v0000028239fb40f0_0;  1 drivers
v0000028239fb3c90_0 .net "out", 16 0, L_000002823a030b70;  alias, 1 drivers
L_0000028239fb4b90 .concat [ 23 9 0 0], v0000028239fb40f0_0, L_0000028239fb9088;
L_0000028239fb51d0 .arith/mod 32, L_0000028239fb4b90, L_0000028239fb90d0;
L_0000028239fb4190 .part L_0000028239fb51d0, 0, 6;
L_0000028239fb5270 .part L_0000028239fb4190, 0, 1;
L_0000028239fb5310 .part L_0000028239fb4190, 1, 1;
L_0000028239fb47d0 .part L_0000028239fb4190, 2, 1;
L_0000028239fb42d0 .part L_0000028239fb4190, 3, 1;
L_0000028239fb4550 .part L_0000028239fb4190, 4, 1;
LS_0000028239fb4af0_0_0 .concat8 [ 1 1 1 1], L_0000028239b955c0, L_0000028239b95da0, L_0000028239b95e80, L_0000028239b96040;
LS_0000028239fb4af0_0_4 .concat8 [ 1 1 0 0], L_0000028239b96120, L_0000028239b95ef0;
L_0000028239fb4af0 .concat8 [ 4 2 0 0], LS_0000028239fb4af0_0_0, LS_0000028239fb4af0_0_4;
L_0000028239fb45f0 .part L_0000028239fb4190, 5, 1;
L_0000028239fb4690 .part L_0000028239fb4190, 0, 1;
L_0000028239fb49b0 .part L_0000028239fb4af0, 1, 1;
L_0000028239fb4a50 .part L_0000028239fb4af0, 2, 1;
L_0000028239fb4c30 .part L_0000028239fb4af0, 3, 1;
L_0000028239fb4cd0 .part L_0000028239fb4af0, 4, 1;
L_0000028239fb8830 .part L_0000028239fb4af0, 5, 1;
L_0000028239fb8330 .part L_0000028239fb4af0, 0, 1;
L_0000028239fb7570 .part L_0000028239fb4190, 1, 1;
L_0000028239fb65d0 .part L_0000028239fb4af0, 2, 1;
L_0000028239fb8290 .part L_0000028239fb4af0, 3, 1;
L_0000028239fb6210 .part L_0000028239fb4af0, 4, 1;
L_0000028239fb68f0 .part L_0000028239fb4af0, 5, 1;
L_0000028239fb7d90 .part L_0000028239fb4190, 0, 1;
L_0000028239fb7750 .part L_0000028239fb4190, 1, 1;
L_0000028239fb7430 .part L_0000028239fb4af0, 2, 1;
L_0000028239fb6cb0 .part L_0000028239fb4af0, 3, 1;
L_0000028239fb85b0 .part L_0000028239fb4af0, 4, 1;
L_0000028239fb6a30 .part L_0000028239fb4af0, 5, 1;
L_0000028239fb71b0 .part L_0000028239fb4af0, 0, 1;
L_0000028239fb6670 .part L_0000028239fb4af0, 1, 1;
L_0000028239fb77f0 .part L_0000028239fb4190, 2, 1;
L_0000028239fb62b0 .part L_0000028239fb4af0, 3, 1;
L_0000028239fb6990 .part L_0000028239fb4af0, 4, 1;
L_0000028239fb6f30 .part L_0000028239fb4af0, 5, 1;
L_0000028239fb6fd0 .part L_0000028239fb4190, 0, 1;
L_0000028239fb7c50 .part L_0000028239fb4af0, 1, 1;
L_0000028239fb6850 .part L_0000028239fb4190, 2, 1;
L_0000028239fb7610 .part L_0000028239fb4af0, 3, 1;
L_0000028239fb83d0 .part L_0000028239fb4af0, 4, 1;
L_0000028239fb6490 .part L_0000028239fb4af0, 5, 1;
L_0000028239fb7070 .part L_0000028239fb4af0, 0, 1;
L_0000028239fb7f70 .part L_0000028239fb4190, 1, 1;
L_0000028239fb8650 .part L_0000028239fb4190, 2, 1;
L_0000028239fb6ad0 .part L_0000028239fb4af0, 3, 1;
L_0000028239fb8150 .part L_0000028239fb4af0, 4, 1;
L_0000028239fb6350 .part L_0000028239fb4af0, 5, 1;
L_0000028239fb6530 .part L_0000028239fb4190, 0, 1;
L_0000028239fb6b70 .part L_0000028239fb4190, 1, 1;
L_0000028239fb8470 .part L_0000028239fb4190, 2, 1;
L_0000028239fb81f0 .part L_0000028239fb4af0, 3, 1;
L_0000028239fb8790 .part L_0000028239fb4af0, 4, 1;
L_0000028239fb7cf0 .part L_0000028239fb4af0, 5, 1;
L_0000028239fb76b0 .part L_0000028239fb4af0, 0, 1;
L_0000028239fb7e30 .part L_0000028239fb4af0, 1, 1;
L_0000028239fb60d0 .part L_0000028239fb4af0, 2, 1;
L_0000028239fb6c10 .part L_0000028239fb4190, 3, 1;
L_0000028239fb7890 .part L_0000028239fb4af0, 4, 1;
L_0000028239fb80b0 .part L_0000028239fb4af0, 5, 1;
L_0000028239fb6d50 .part L_0000028239fb4190, 0, 1;
L_0000028239fb6170 .part L_0000028239fb4af0, 1, 1;
L_0000028239fb74d0 .part L_0000028239fb4af0, 2, 1;
L_0000028239fb7110 .part L_0000028239fb4190, 3, 1;
L_0000028239fb63f0 .part L_0000028239fb4af0, 4, 1;
L_0000028239fb8510 .part L_0000028239fb4af0, 5, 1;
L_0000028239fb7250 .part L_0000028239fb4af0, 0, 1;
L_0000028239fb7930 .part L_0000028239fb4190, 1, 1;
L_0000028239fb86f0 .part L_0000028239fb4af0, 2, 1;
L_0000028239fb6df0 .part L_0000028239fb4190, 3, 1;
L_0000028239fb79d0 .part L_0000028239fb4af0, 4, 1;
L_0000028239fb7a70 .part L_0000028239fb4af0, 5, 1;
L_0000028239fb7b10 .part L_0000028239fb4190, 0, 1;
L_0000028239fb6710 .part L_0000028239fb4190, 1, 1;
L_0000028239fb67b0 .part L_0000028239fb4af0, 2, 1;
L_0000028239fb7bb0 .part L_0000028239fb4190, 3, 1;
L_0000028239fb7ed0 .part L_0000028239fb4af0, 4, 1;
L_0000028239fb8010 .part L_0000028239fb4af0, 5, 1;
L_0000028239fb6e90 .part L_0000028239fb4af0, 0, 1;
L_0000028239fb72f0 .part L_0000028239fb4af0, 1, 1;
L_0000028239fb7390 .part L_0000028239fb4190, 2, 1;
L_0000028239fb8e70 .part L_0000028239fb4190, 3, 1;
L_0000028239fb88d0 .part L_0000028239fb4af0, 4, 1;
L_0000028239fb8d30 .part L_0000028239fb4af0, 5, 1;
L_0000028239fb8b50 .part L_0000028239fb4190, 0, 1;
L_0000028239fb8bf0 .part L_0000028239fb4af0, 1, 1;
L_0000028239fb8ab0 .part L_0000028239fb4190, 2, 1;
L_0000028239fb8dd0 .part L_0000028239fb4190, 3, 1;
L_0000028239fb8fb0 .part L_0000028239fb4af0, 4, 1;
L_0000028239fb8c90 .part L_0000028239fb4af0, 5, 1;
L_0000028239fb8970 .part L_0000028239fb4af0, 0, 1;
L_0000028239fb8f10 .part L_0000028239fb4190, 1, 1;
L_0000028239fb8a10 .part L_0000028239fb4190, 2, 1;
L_0000028239fb2930 .part L_0000028239fb4190, 3, 1;
L_0000028239fb10d0 .part L_0000028239fb4af0, 4, 1;
L_0000028239fb2bb0 .part L_0000028239fb4af0, 5, 1;
L_0000028239fb2b10 .part L_0000028239fb4190, 0, 1;
L_0000028239fb1f30 .part L_0000028239fb4190, 1, 1;
L_0000028239fb29d0 .part L_0000028239fb4190, 2, 1;
L_0000028239fb3150 .part L_0000028239fb4190, 3, 1;
L_0000028239fb3330 .part L_0000028239fb4af0, 4, 1;
L_0000028239fb2570 .part L_0000028239fb4af0, 5, 1;
L_0000028239fb1e90 .part L_0000028239fb4af0, 0, 1;
L_0000028239fb1d50 .part L_0000028239fb4af0, 1, 1;
L_0000028239fb2a70 .part L_0000028239fb4af0, 2, 1;
L_0000028239fb3650 .part L_0000028239fb4af0, 3, 1;
L_0000028239fb1ad0 .part L_0000028239fb4190, 4, 1;
L_0000028239fb2d90 .part L_0000028239fb4af0, 5, 1;
L_0000028239fb2070 .part L_0000028239fb4190, 0, 1;
L_0000028239fb33d0 .part L_0000028239fb4af0, 1, 1;
L_0000028239fb26b0 .part L_0000028239fb4af0, 2, 1;
L_0000028239fb1fd0 .part L_0000028239fb4af0, 3, 1;
L_0000028239fb27f0 .part L_0000028239fb4190, 4, 1;
L_0000028239fb2110 .part L_0000028239fb4af0, 5, 1;
L_0000028239fb21b0 .part L_0000028239fb4af0, 0, 1;
L_0000028239fb1cb0 .part L_0000028239fb4190, 1, 1;
L_0000028239fb1710 .part L_0000028239fb4af0, 2, 1;
L_0000028239fb36f0 .part L_0000028239fb4af0, 3, 1;
L_0000028239fb1b70 .part L_0000028239fb4190, 4, 1;
L_0000028239fb1c10 .part L_0000028239fb4af0, 5, 1;
L_0000028239fb1670 .part L_0000028239fb4190, 0, 1;
L_0000028239fb2610 .part L_0000028239fb4190, 1, 1;
L_0000028239fb1170 .part L_0000028239fb4af0, 2, 1;
L_0000028239fb3010 .part L_0000028239fb4af0, 3, 1;
L_0000028239fb1350 .part L_0000028239fb4190, 4, 1;
L_0000028239fb1990 .part L_0000028239fb4af0, 5, 1;
L_0000028239fb2c50 .part L_0000028239fb4af0, 0, 1;
L_0000028239fb1a30 .part L_0000028239fb4af0, 1, 1;
L_0000028239fb17b0 .part L_0000028239fb4190, 2, 1;
L_0000028239fb2cf0 .part L_0000028239fb4af0, 3, 1;
L_0000028239fb3790 .part L_0000028239fb4190, 4, 1;
L_0000028239fb2e30 .part L_0000028239fb4af0, 5, 1;
L_0000028239fb3830 .part L_0000028239fb4190, 0, 1;
L_0000028239fb2ed0 .part L_0000028239fb4af0, 1, 1;
L_0000028239fb1df0 .part L_0000028239fb4190, 2, 1;
L_0000028239fb13f0 .part L_0000028239fb4af0, 3, 1;
L_0000028239fb1850 .part L_0000028239fb4190, 4, 1;
L_0000028239fb15d0 .part L_0000028239fb4af0, 5, 1;
L_0000028239fb2750 .part L_0000028239fb4af0, 0, 1;
L_0000028239fb30b0 .part L_0000028239fb4190, 1, 1;
L_0000028239fb18f0 .part L_0000028239fb4190, 2, 1;
L_0000028239fb3470 .part L_0000028239fb4af0, 3, 1;
L_0000028239fb2250 .part L_0000028239fb4190, 4, 1;
L_0000028239fb22f0 .part L_0000028239fb4af0, 5, 1;
L_0000028239fb1210 .part L_0000028239fb4190, 0, 1;
L_0000028239fb3290 .part L_0000028239fb4190, 1, 1;
L_0000028239fb3510 .part L_0000028239fb4190, 2, 1;
L_0000028239fb2390 .part L_0000028239fb4af0, 3, 1;
L_0000028239fb1530 .part L_0000028239fb4190, 4, 1;
L_0000028239fb2430 .part L_0000028239fb4af0, 5, 1;
L_0000028239fb2f70 .part L_0000028239fb4af0, 0, 1;
L_0000028239fb31f0 .part L_0000028239fb4af0, 1, 1;
L_0000028239fb24d0 .part L_0000028239fb4af0, 2, 1;
L_0000028239fb35b0 .part L_0000028239fb4190, 3, 1;
L_0000028239fb12b0 .part L_0000028239fb4190, 4, 1;
L_0000028239fb1490 .part L_0000028239fb4af0, 5, 1;
L_0000028239fb2890 .part L_0000028239fb4190, 0, 1;
L_000002823a01b1c0 .part L_0000028239fb4af0, 1, 1;
L_000002823a01b800 .part L_0000028239fb4af0, 2, 1;
L_000002823a019f00 .part L_0000028239fb4190, 3, 1;
L_000002823a01b260 .part L_0000028239fb4190, 4, 1;
L_000002823a01b300 .part L_0000028239fb4af0, 5, 1;
L_000002823a01a680 .part L_0000028239fb4af0, 0, 1;
L_000002823a019460 .part L_0000028239fb4190, 1, 1;
L_000002823a01b6c0 .part L_0000028239fb4af0, 2, 1;
L_000002823a01b080 .part L_0000028239fb4190, 3, 1;
L_000002823a01ae00 .part L_0000028239fb4190, 4, 1;
L_000002823a01ad60 .part L_0000028239fb4af0, 5, 1;
L_000002823a01b3a0 .part L_0000028239fb4190, 0, 1;
L_000002823a01b440 .part L_0000028239fb4190, 1, 1;
L_000002823a019780 .part L_0000028239fb4af0, 2, 1;
L_000002823a0198c0 .part L_0000028239fb4190, 3, 1;
L_000002823a01a0e0 .part L_0000028239fb4190, 4, 1;
L_000002823a01b580 .part L_0000028239fb4af0, 5, 1;
L_000002823a01a400 .part L_0000028239fb4af0, 0, 1;
L_000002823a019320 .part L_0000028239fb4af0, 1, 1;
L_000002823a01aea0 .part L_0000028239fb4190, 2, 1;
L_000002823a01af40 .part L_0000028239fb4190, 3, 1;
L_000002823a019e60 .part L_0000028239fb4190, 4, 1;
L_000002823a01b120 .part L_0000028239fb4af0, 5, 1;
L_000002823a01a040 .part L_0000028239fb4190, 0, 1;
L_000002823a01a4a0 .part L_0000028239fb4af0, 1, 1;
L_000002823a01a360 .part L_0000028239fb4190, 2, 1;
L_000002823a019a00 .part L_0000028239fb4190, 3, 1;
L_000002823a01a540 .part L_0000028239fb4190, 4, 1;
L_000002823a01a180 .part L_0000028239fb4af0, 5, 1;
L_000002823a01b620 .part L_0000028239fb4af0, 0, 1;
L_000002823a019aa0 .part L_0000028239fb4190, 1, 1;
L_000002823a01a5e0 .part L_0000028239fb4190, 2, 1;
L_000002823a01b760 .part L_0000028239fb4190, 3, 1;
L_000002823a01b4e0 .part L_0000028239fb4190, 4, 1;
L_000002823a01a720 .part L_0000028239fb4af0, 5, 1;
L_000002823a01b8a0 .part L_0000028239fb4190, 0, 1;
L_000002823a019500 .part L_0000028239fb4190, 1, 1;
L_000002823a01a7c0 .part L_0000028239fb4190, 2, 1;
L_000002823a019140 .part L_0000028239fb4190, 3, 1;
L_000002823a0191e0 .part L_0000028239fb4190, 4, 1;
L_000002823a019d20 .part L_0000028239fb4af0, 5, 1;
L_000002823a01a860 .part L_0000028239fb4af0, 0, 1;
L_000002823a019280 .part L_0000028239fb4af0, 1, 1;
L_000002823a0195a0 .part L_0000028239fb4af0, 2, 1;
L_000002823a01a2c0 .part L_0000028239fb4af0, 3, 1;
L_000002823a01a220 .part L_0000028239fb4af0, 4, 1;
L_000002823a019c80 .part L_0000028239fb4190, 5, 1;
L_000002823a019fa0 .part L_0000028239fb4190, 0, 1;
L_000002823a0193c0 .part L_0000028239fb4af0, 1, 1;
L_000002823a01aa40 .part L_0000028239fb4af0, 2, 1;
L_000002823a019b40 .part L_0000028239fb4af0, 3, 1;
L_000002823a019820 .part L_0000028239fb4af0, 4, 1;
L_000002823a01afe0 .part L_0000028239fb4190, 5, 1;
L_000002823a019640 .part L_0000028239fb4af0, 0, 1;
L_000002823a0196e0 .part L_0000028239fb4190, 1, 1;
L_000002823a019960 .part L_0000028239fb4af0, 2, 1;
L_000002823a019be0 .part L_0000028239fb4af0, 3, 1;
L_000002823a019dc0 .part L_0000028239fb4af0, 4, 1;
L_000002823a01a900 .part L_0000028239fb4190, 5, 1;
L_000002823a01a9a0 .part L_0000028239fb4190, 0, 1;
L_000002823a01aae0 .part L_0000028239fb4190, 1, 1;
L_000002823a01ab80 .part L_0000028239fb4af0, 2, 1;
L_000002823a01ac20 .part L_0000028239fb4af0, 3, 1;
L_000002823a01acc0 .part L_0000028239fb4af0, 4, 1;
L_000002823a01dce0 .part L_0000028239fb4190, 5, 1;
L_000002823a01cca0 .part L_0000028239fb4af0, 0, 1;
L_000002823a01bc60 .part L_0000028239fb4af0, 1, 1;
L_000002823a01bee0 .part L_0000028239fb4190, 2, 1;
L_000002823a01be40 .part L_0000028239fb4af0, 3, 1;
L_000002823a01d920 .part L_0000028239fb4af0, 4, 1;
L_000002823a01d9c0 .part L_0000028239fb4190, 5, 1;
L_000002823a01dd80 .part L_0000028239fb4190, 0, 1;
L_000002823a01cde0 .part L_0000028239fb4af0, 1, 1;
L_000002823a01d560 .part L_0000028239fb4190, 2, 1;
L_000002823a01c160 .part L_0000028239fb4af0, 3, 1;
L_000002823a01c200 .part L_0000028239fb4af0, 4, 1;
L_000002823a01b940 .part L_0000028239fb4190, 5, 1;
L_000002823a01da60 .part L_0000028239fb4af0, 0, 1;
L_000002823a01b9e0 .part L_0000028239fb4190, 1, 1;
L_000002823a01d740 .part L_0000028239fb4190, 2, 1;
L_000002823a01d600 .part L_0000028239fb4af0, 3, 1;
L_000002823a01c840 .part L_0000028239fb4af0, 4, 1;
L_000002823a01cfc0 .part L_0000028239fb4190, 5, 1;
L_000002823a01c2a0 .part L_0000028239fb4190, 0, 1;
L_000002823a01d1a0 .part L_0000028239fb4190, 1, 1;
L_000002823a01db00 .part L_0000028239fb4190, 2, 1;
L_000002823a01ba80 .part L_0000028239fb4af0, 3, 1;
L_000002823a01d060 .part L_0000028239fb4af0, 4, 1;
L_000002823a01bb20 .part L_0000028239fb4190, 5, 1;
L_000002823a01c700 .part L_0000028239fb4af0, 0, 1;
L_000002823a01c0c0 .part L_0000028239fb4af0, 1, 1;
L_000002823a01cf20 .part L_0000028239fb4af0, 2, 1;
L_000002823a01dba0 .part L_0000028239fb4190, 3, 1;
L_000002823a01c340 .part L_0000028239fb4af0, 4, 1;
L_000002823a01dec0 .part L_0000028239fb4190, 5, 1;
L_000002823a01d6a0 .part L_0000028239fb4190, 0, 1;
L_000002823a01dc40 .part L_0000028239fb4af0, 1, 1;
L_000002823a01d240 .part L_0000028239fb4af0, 2, 1;
L_000002823a01bbc0 .part L_0000028239fb4190, 3, 1;
L_000002823a01d420 .part L_0000028239fb4af0, 4, 1;
L_000002823a01de20 .part L_0000028239fb4190, 5, 1;
L_000002823a01c7a0 .part L_0000028239fb4af0, 0, 1;
L_000002823a01d2e0 .part L_0000028239fb4190, 1, 1;
L_000002823a01df60 .part L_0000028239fb4af0, 2, 1;
L_000002823a01e000 .part L_0000028239fb4190, 3, 1;
L_000002823a01ce80 .part L_0000028239fb4af0, 4, 1;
L_000002823a01bf80 .part L_0000028239fb4190, 5, 1;
L_000002823a01c5c0 .part L_0000028239fb4190, 0, 1;
L_000002823a01d380 .part L_0000028239fb4190, 1, 1;
L_000002823a01e0a0 .part L_0000028239fb4af0, 2, 1;
L_000002823a01c3e0 .part L_0000028239fb4190, 3, 1;
L_000002823a01d7e0 .part L_0000028239fb4af0, 4, 1;
L_000002823a01d100 .part L_0000028239fb4190, 5, 1;
L_000002823a01bd00 .part L_0000028239fb4af0, 0, 1;
L_000002823a01d4c0 .part L_0000028239fb4af0, 1, 1;
L_000002823a01c8e0 .part L_0000028239fb4190, 2, 1;
L_000002823a01d880 .part L_0000028239fb4190, 3, 1;
L_000002823a01c980 .part L_0000028239fb4af0, 4, 1;
L_000002823a01cb60 .part L_0000028239fb4190, 5, 1;
L_000002823a01c520 .part L_0000028239fb4190, 0, 1;
L_000002823a01c020 .part L_0000028239fb4af0, 1, 1;
L_000002823a01bda0 .part L_0000028239fb4190, 2, 1;
L_000002823a01c480 .part L_0000028239fb4190, 3, 1;
L_000002823a01c660 .part L_0000028239fb4af0, 4, 1;
L_000002823a01ca20 .part L_0000028239fb4190, 5, 1;
LS_000002823a01cac0_0_0 .concat8 [ 1 1 1 1], L_0000028239b95f60, L_0000028239b95940, L_0000028239b959b0, L_0000028239b95a20;
LS_000002823a01cac0_0_4 .concat8 [ 1 1 1 1], L_0000028239b96190, L_0000028239b96200, L_0000028239b95470, L_0000028239b95390;
LS_000002823a01cac0_0_8 .concat8 [ 1 1 1 1], L_0000028239b954e0, L_0000028239b956a0, L_0000028239b831d0, L_000002823a013640;
LS_000002823a01cac0_0_12 .concat8 [ 1 1 1 1], L_000002823a013170, L_000002823a013f00, L_000002823a013db0, L_000002823a0132c0;
LS_000002823a01cac0_0_16 .concat8 [ 1 1 1 1], L_000002823a013950, L_000002823a013790, L_000002823a0136b0, L_000002823a013b80;
LS_000002823a01cac0_0_20 .concat8 [ 1 1 1 1], L_000002823a0138e0, L_000002823a013d40, L_000002823a013330, L_000002823a013f70;
LS_000002823a01cac0_0_24 .concat8 [ 1 1 1 1], L_000002823a013bf0, L_000002823a013410, L_000002823a013a30, L_000002823a013c60;
LS_000002823a01cac0_0_28 .concat8 [ 1 1 1 1], L_000002823a013870, L_000002823a0139c0, L_000002823a013720, L_000002823a013800;
LS_000002823a01cac0_0_32 .concat8 [ 1 1 1 1], L_000002823a013aa0, L_000002823a013fe0, L_000002823a0133a0, L_000002823a013b10;
LS_000002823a01cac0_0_36 .concat8 [ 1 1 1 1], L_000002823a013100, L_000002823a013cd0, L_000002823a013e90, L_000002823a013e20;
LS_000002823a01cac0_0_40 .concat8 [ 1 1 1 1], L_000002823a0131e0, L_000002823a013250, L_000002823a013480, L_000002823a0134f0;
LS_000002823a01cac0_0_44 .concat8 [ 1 1 0 0], L_000002823a013560, L_000002823a0135d0;
LS_000002823a01cac0_1_0 .concat8 [ 4 4 4 4], LS_000002823a01cac0_0_0, LS_000002823a01cac0_0_4, LS_000002823a01cac0_0_8, LS_000002823a01cac0_0_12;
LS_000002823a01cac0_1_4 .concat8 [ 4 4 4 4], LS_000002823a01cac0_0_16, LS_000002823a01cac0_0_20, LS_000002823a01cac0_0_24, LS_000002823a01cac0_0_28;
LS_000002823a01cac0_1_8 .concat8 [ 4 4 4 2], LS_000002823a01cac0_0_32, LS_000002823a01cac0_0_36, LS_000002823a01cac0_0_40, LS_000002823a01cac0_0_44;
L_000002823a01cac0 .concat8 [ 16 16 14 0], LS_000002823a01cac0_1_0, LS_000002823a01cac0_1_4, LS_000002823a01cac0_1_8;
L_000002823a01cc00 .part L_0000028239fb4af0, 0, 1;
L_000002823a01cd40 .part L_0000028239fb4190, 1, 1;
L_000002823a01e460 .part L_0000028239fb4190, 2, 1;
L_000002823a01e320 .part L_0000028239fb4190, 3, 1;
L_000002823a01e3c0 .part L_0000028239fb4af0, 4, 1;
L_000002823a01e280 .part L_0000028239fb4190, 5, 1;
L_000002823a01e780 .part L_000002823a01cac0, 0, 1;
L_000002823a01e500 .part L_000002823a01cac0, 45, 1;
L_000002823a01e1e0 .part L_000002823a01cac0, 1, 1;
L_000002823a01e820 .part L_000002823a01cac0, 44, 1;
L_000002823a01e5a0 .part L_000002823a01cac0, 3, 1;
L_000002823a01e140 .part L_000002823a01cac0, 42, 1;
L_000002823a01e640 .part L_000002823a01cac0, 7, 1;
L_000002823a01e6e0 .part L_000002823a01cac0, 38, 1;
L_000002823a018ba0 .part L_000002823a01cac0, 15, 1;
L_000002823a017de0 .part L_000002823a01cac0, 30, 1;
L_000002823a017200 .part L_000002823a01cac0, 14, 1;
L_000002823a018100 .part L_000002823a01cac0, 31, 1;
L_000002823a017ca0 .part L_000002823a01cac0, 16, 1;
L_000002823a017980 .part L_000002823a01cac0, 29, 1;
L_000002823a017d40 .part L_000002823a01cac0, 12, 1;
L_000002823a017520 .part L_000002823a01cac0, 33, 1;
L_000002823a018c40 .part L_000002823a01cac0, 20, 1;
L_000002823a017f20 .part L_000002823a01cac0, 25, 1;
L_000002823a017a20 .part L_000002823a01cac0, 4, 1;
L_000002823a016e40 .part L_000002823a01cac0, 41, 1;
L_000002823a016d00 .part L_000002823a01cac0, 9, 1;
L_000002823a017fc0 .part L_000002823a01cac0, 36, 1;
L_000002823a0173e0 .part L_000002823a01cac0, 19, 1;
L_000002823a017480 .part L_000002823a01cac0, 26, 1;
L_000002823a018420 .part L_000002823a01cac0, 6, 1;
L_000002823a0175c0 .part L_000002823a01cac0, 39, 1;
L_000002823a0178e0 .part L_000002823a01cac0, 13, 1;
L_000002823a017660 .part L_000002823a01cac0, 32, 1;
L_000002823a017e80 .part L_000002823a01cac0, 18, 1;
L_000002823a018060 .part L_000002823a01cac0, 27, 1;
L_000002823a016a80 .part L_000002823a01cac0, 8, 1;
L_000002823a0184c0 .part L_000002823a01cac0, 37, 1;
L_000002823a018560 .part L_000002823a01cac0, 17, 1;
L_000002823a0181a0 .part L_000002823a01cac0, 28, 1;
L_000002823a018240 .part L_000002823a01cac0, 10, 1;
L_000002823a017700 .part L_000002823a01cac0, 35, 1;
L_000002823a0182e0 .part L_000002823a01cac0, 21, 1;
L_000002823a0177a0 .part L_000002823a01cac0, 24, 1;
L_000002823a018880 .part L_000002823a01cac0, 2, 1;
L_000002823a016da0 .part L_000002823a01cac0, 43, 1;
L_000002823a016f80 .part L_000002823a01cac0, 5, 1;
L_000002823a018ce0 .part L_000002823a01cac0, 40, 1;
L_000002823a0172a0 .part L_000002823a01cac0, 11, 1;
L_000002823a016940 .part L_000002823a01cac0, 34, 1;
LS_000002823a018380_0_0 .concat8 [ 1 1 1 1], L_000002823a0290c0, L_000002823a029520, L_000002823a029590, L_000002823a029600;
LS_000002823a018380_0_4 .concat8 [ 1 1 1 1], L_000002823a029750, L_000002823a028e20, L_000002823a0291a0, L_000002823a029670;
LS_000002823a018380_0_8 .concat8 [ 1 1 1 1], L_000002823a029a60, L_000002823a029210, L_000002823a0294b0, L_000002823a0298a0;
LS_000002823a018380_0_12 .concat8 [ 1 1 1 1], L_000002823a029280, L_000002823a028e90, L_000002823a0292f0, L_000002823a029360;
LS_000002823a018380_0_16 .concat8 [ 1 1 1 1], L_000002823a029910, L_000002823a0296e0, L_000002823a028f00, L_000002823a029830;
LS_000002823a018380_0_20 .concat8 [ 1 1 1 0], L_000002823a028f70, L_000002823a0293d0, L_000002823a029980;
LS_000002823a018380_1_0 .concat8 [ 4 4 4 4], LS_000002823a018380_0_0, LS_000002823a018380_0_4, LS_000002823a018380_0_8, LS_000002823a018380_0_12;
LS_000002823a018380_1_4 .concat8 [ 4 3 0 0], LS_000002823a018380_0_16, LS_000002823a018380_0_20;
L_000002823a018380 .concat8 [ 16 7 0 0], LS_000002823a018380_1_0, LS_000002823a018380_1_4;
L_000002823a018600 .part L_000002823a01cac0, 22, 1;
L_000002823a018920 .part L_000002823a01cac0, 23, 1;
L_000002823a0169e0 .part L_000002823a01cac0, 45, 1;
L_000002823a018d80 .part L_000002823a01cac0, 44, 1;
L_000002823a0186a0 .part L_000002823a01cac0, 42, 1;
L_000002823a016ee0 .part L_000002823a01cac0, 38, 1;
L_000002823a017340 .part L_000002823a01cac0, 30, 1;
L_000002823a018e20 .part L_000002823a01cac0, 14, 1;
L_000002823a018740 .part L_000002823a01cac0, 29, 1;
L_000002823a017840 .part L_000002823a01cac0, 12, 1;
L_000002823a017020 .part L_000002823a01cac0, 25, 1;
L_000002823a0187e0 .part L_000002823a01cac0, 4, 1;
L_000002823a016c60 .part L_000002823a01cac0, 9, 1;
L_000002823a0170c0 .part L_000002823a01cac0, 19, 1;
L_000002823a017160 .part L_000002823a01cac0, 39, 1;
L_000002823a0189c0 .part L_000002823a01cac0, 32, 1;
L_000002823a019000 .part L_000002823a01cac0, 18, 1;
L_000002823a018a60 .part L_000002823a01cac0, 37, 1;
L_000002823a017ac0 .part L_000002823a01cac0, 28, 1;
L_000002823a017b60 .part L_000002823a01cac0, 10, 1;
L_000002823a018b00 .part L_000002823a01cac0, 21, 1;
L_000002823a018ec0 .part L_000002823a01cac0, 43, 1;
L_000002823a018f60 .part L_000002823a01cac0, 40, 1;
L_000002823a0190a0 .part L_000002823a01cac0, 34, 1;
L_000002823a016b20 .part L_000002823a01cac0, 22, 1;
L_000002823a017c00 .concat [ 1 31 0 0], L_000002823a028c60, L_0000028239fb9118;
L_000002823a016bc0 .cmp/eq 32, L_000002823a017c00, L_0000028239fb9160;
L_000002823a02f810 .arith/sub 23, v0000028239fb40f0_0, L_000002823a018380;
L_000002823a02ea50 .arith/sum 23, v0000028239fb40f0_0, L_000002823a018380;
L_000002823a030670 .functor MUXZ 23, L_000002823a02ea50, L_000002823a02f810, L_000002823a016bc0, C4<>;
L_000002823a030c10 .concat [ 23 9 0 0], L_000002823a030670, L_0000028239fb91a8;
L_000002823a031110 .arith/div 32, L_000002823a030c10, L_0000028239fb91f0;
L_000002823a030b70 .part L_000002823a031110, 0, 17;
    .scope S_0000028239b1fe70;
T_0 ;
    %vpi_call 2 11 "$dumpfile", "./files/AWE_20221006_1501/A47N1343.vcd" {0 0 0};
    %vpi_call 2 12 "$dumpvars", 32'sb00000000000000000000000000000000, S_0000028239b1fe70 {0 0 0};
    %pushi/vec4 0, 0, 23;
    %store/vec4 v0000028239fb40f0_0, 0, 23;
    %pushi/vec4 63122, 0, 23;
    %store/vec4 v0000028239fb40f0_0, 0, 23;
    %delay 10, 0;
    %pushi/vec4 63123, 0, 23;
    %store/vec4 v0000028239fb40f0_0, 0, 23;
    %delay 10, 0;
    %pushi/vec4 63125, 0, 23;
    %store/vec4 v0000028239fb40f0_0, 0, 23;
    %delay 10, 0;
    %pushi/vec4 63129, 0, 23;
    %store/vec4 v0000028239fb40f0_0, 0, 23;
    %delay 10, 0;
    %pushi/vec4 63137, 0, 23;
    %store/vec4 v0000028239fb40f0_0, 0, 23;
    %delay 10, 0;
    %pushi/vec4 63153, 0, 23;
    %store/vec4 v0000028239fb40f0_0, 0, 23;
    %delay 10, 0;
    %pushi/vec4 63185, 0, 23;
    %store/vec4 v0000028239fb40f0_0, 0, 23;
    %delay 10, 0;
    %pushi/vec4 63249, 0, 23;
    %store/vec4 v0000028239fb40f0_0, 0, 23;
    %delay 10, 0;
    %pushi/vec4 63377, 0, 23;
    %store/vec4 v0000028239fb40f0_0, 0, 23;
    %delay 10, 0;
    %pushi/vec4 63633, 0, 23;
    %store/vec4 v0000028239fb40f0_0, 0, 23;
    %delay 10, 0;
    %pushi/vec4 64145, 0, 23;
    %store/vec4 v0000028239fb40f0_0, 0, 23;
    %delay 10, 0;
    %pushi/vec4 65169, 0, 23;
    %store/vec4 v0000028239fb40f0_0, 0, 23;
    %delay 10, 0;
    %pushi/vec4 67217, 0, 23;
    %store/vec4 v0000028239fb40f0_0, 0, 23;
    %delay 10, 0;
    %pushi/vec4 71313, 0, 23;
    %store/vec4 v0000028239fb40f0_0, 0, 23;
    %delay 10, 0;
    %pushi/vec4 79505, 0, 23;
    %store/vec4 v0000028239fb40f0_0, 0, 23;
    %delay 10, 0;
    %pushi/vec4 95889, 0, 23;
    %store/vec4 v0000028239fb40f0_0, 0, 23;
    %delay 10, 0;
    %pushi/vec4 128657, 0, 23;
    %store/vec4 v0000028239fb40f0_0, 0, 23;
    %delay 10, 0;
    %pushi/vec4 194193, 0, 23;
    %store/vec4 v0000028239fb40f0_0, 0, 23;
    %delay 10, 0;
    %pushi/vec4 325265, 0, 23;
    %store/vec4 v0000028239fb40f0_0, 0, 23;
    %delay 10, 0;
    %pushi/vec4 587409, 0, 23;
    %store/vec4 v0000028239fb40f0_0, 0, 23;
    %delay 10, 0;
    %pushi/vec4 1111697, 0, 23;
    %store/vec4 v0000028239fb40f0_0, 0, 23;
    %delay 10, 0;
    %pushi/vec4 2160273, 0, 23;
    %store/vec4 v0000028239fb40f0_0, 0, 23;
    %delay 10, 0;
    %pushi/vec4 4257425, 0, 23;
    %store/vec4 v0000028239fb40f0_0, 0, 23;
    %delay 10, 0;
    %pushi/vec4 63120, 0, 23;
    %store/vec4 v0000028239fb40f0_0, 0, 23;
    %delay 10, 0;
    %pushi/vec4 63119, 0, 23;
    %store/vec4 v0000028239fb40f0_0, 0, 23;
    %delay 10, 0;
    %pushi/vec4 63117, 0, 23;
    %store/vec4 v0000028239fb40f0_0, 0, 23;
    %delay 10, 0;
    %pushi/vec4 63113, 0, 23;
    %store/vec4 v0000028239fb40f0_0, 0, 23;
    %delay 10, 0;
    %pushi/vec4 63105, 0, 23;
    %store/vec4 v0000028239fb40f0_0, 0, 23;
    %delay 10, 0;
    %pushi/vec4 63089, 0, 23;
    %store/vec4 v0000028239fb40f0_0, 0, 23;
    %delay 10, 0;
    %pushi/vec4 63057, 0, 23;
    %store/vec4 v0000028239fb40f0_0, 0, 23;
    %delay 10, 0;
    %pushi/vec4 62993, 0, 23;
    %store/vec4 v0000028239fb40f0_0, 0, 23;
    %delay 10, 0;
    %pushi/vec4 62865, 0, 23;
    %store/vec4 v0000028239fb40f0_0, 0, 23;
    %delay 10, 0;
    %pushi/vec4 62609, 0, 23;
    %store/vec4 v0000028239fb40f0_0, 0, 23;
    %delay 10, 0;
    %pushi/vec4 62097, 0, 23;
    %store/vec4 v0000028239fb40f0_0, 0, 23;
    %delay 10, 0;
    %pushi/vec4 61073, 0, 23;
    %store/vec4 v0000028239fb40f0_0, 0, 23;
    %delay 10, 0;
    %pushi/vec4 59025, 0, 23;
    %store/vec4 v0000028239fb40f0_0, 0, 23;
    %delay 10, 0;
    %pushi/vec4 54929, 0, 23;
    %store/vec4 v0000028239fb40f0_0, 0, 23;
    %delay 10, 0;
    %pushi/vec4 46737, 0, 23;
    %store/vec4 v0000028239fb40f0_0, 0, 23;
    %delay 10, 0;
    %pushi/vec4 30353, 0, 23;
    %store/vec4 v0000028239fb40f0_0, 0, 23;
    %delay 10, 0;
    %vpi_call 2 62 "$finish" {0 0 0};
    %end;
    .thread T_0;
# The file index is used to find the file name in the following table.
:file_names 4;
    "N/A";
    "<interactive>";
    "./files/AWE_20221006_1501/ANdecoder_AWE_47_tb_for_N_1343.v";
    "./files/AWE_20221006_1501/ANdecoder_AWE_47_for_N_1343.v";
