#! /c/Source/iverilog-install/bin/vvp
:ivl_version "12.0 (devel)" "(s20150603-1110-g18392a46)";
:ivl_delay_selection "TYPICAL";
:vpi_time_precision + 0;
:vpi_module "C:\iverilog\lib\ivl\system.vpi";
:vpi_module "C:\iverilog\lib\ivl\vhdl_sys.vpi";
:vpi_module "C:\iverilog\lib\ivl\vhdl_textio.vpi";
:vpi_module "C:\iverilog\lib\ivl\v2005_math.vpi";
:vpi_module "C:\iverilog\lib\ivl\va_math.vpi";
S_000001550df15190 .scope module, "ANdecoder_tb" "ANdecoder_tb" 2 5;
 .timescale 0 0;
v000001550df738e0_0 .var "numX", 8 0;
v000001550df75460_0 .net "out", 3 0, L_000001550df8b2e0;  1 drivers
S_000001550df15320 .scope module, "D0" "ANdecoder" 2 9, 3 7 0, S_000001550df15190;
 .timescale 0 0;
    .port_info 0 /INPUT 9 "numX";
    .port_info 1 /OUTPUT 4 "out";
L_000001550e04a300 .functor NOT 1, L_000001550df75500, C4<0>, C4<0>, C4<0>;
L_000001550e3d8c40 .functor NOT 1, L_000001550df73e80, C4<0>, C4<0>, C4<0>;
L_000001550e3d8a80 .functor NOT 1, L_000001550df74ba0, C4<0>, C4<0>, C4<0>;
L_000001550e3d8850 .functor NOT 1, L_000001550df74e20, C4<0>, C4<0>, C4<0>;
L_000001550e3d8620 .functor NOT 1, L_000001550df73b60, C4<0>, C4<0>, C4<0>;
L_000001550e3d82a0/0/0 .functor AND 1, L_000001550df73ca0, L_000001550df74740, L_000001550df755a0, L_000001550df74f60;
L_000001550e3d82a0/0/4 .functor AND 1, L_000001550df74380, C4<1>, C4<1>, C4<1>;
L_000001550e3d82a0 .functor AND 1, L_000001550e3d82a0/0/0, L_000001550e3d82a0/0/4, C4<1>, C4<1>;
L_000001550e3d88c0/0/0 .functor AND 1, L_000001550df73de0, L_000001550df74420, L_000001550df744c0, L_000001550df74ce0;
L_000001550e3d88c0/0/4 .functor AND 1, L_000001550df74560, C4<1>, C4<1>, C4<1>;
L_000001550e3d88c0 .functor AND 1, L_000001550e3d88c0/0/0, L_000001550e3d88c0/0/4, C4<1>, C4<1>;
L_000001550e3d8b60/0/0 .functor AND 1, L_000001550df74600, L_000001550df75640, L_000001550df73980, L_000001550df756e0;
L_000001550e3d8b60/0/4 .functor AND 1, L_000001550df74d80, C4<1>, C4<1>, C4<1>;
L_000001550e3d8b60 .functor AND 1, L_000001550e3d8b60/0/0, L_000001550e3d8b60/0/4, C4<1>, C4<1>;
L_000001550e3d84d0/0/0 .functor AND 1, L_000001550df73ac0, L_000001550df74b00, L_000001550df74ec0, L_000001550df73f20;
L_000001550e3d84d0/0/4 .functor AND 1, L_000001550df74060, C4<1>, C4<1>, C4<1>;
L_000001550e3d84d0 .functor AND 1, L_000001550e3d84d0/0/0, L_000001550e3d84d0/0/4, C4<1>, C4<1>;
L_000001550e3d8930/0/0 .functor AND 1, L_000001550df747e0, L_000001550df74880, L_000001550df74240, L_000001550df75000;
L_000001550e3d8930/0/4 .functor AND 1, L_000001550df750a0, C4<1>, C4<1>, C4<1>;
L_000001550e3d8930 .functor AND 1, L_000001550e3d8930/0/0, L_000001550e3d8930/0/4, C4<1>, C4<1>;
L_000001550e3d8770/0/0 .functor AND 1, L_000001550df742e0, L_000001550df74920, L_000001550df749c0, L_000001550df74a60;
L_000001550e3d8770/0/4 .functor AND 1, L_000001550df75140, C4<1>, C4<1>, C4<1>;
L_000001550e3d8770 .functor AND 1, L_000001550e3d8770/0/0, L_000001550e3d8770/0/4, C4<1>, C4<1>;
L_000001550e3d8460/0/0 .functor AND 1, L_000001550df751e0, L_000001550df75280, L_000001550df86f50, L_000001550df87c70;
L_000001550e3d8460/0/4 .functor AND 1, L_000001550df871d0, C4<1>, C4<1>, C4<1>;
L_000001550e3d8460 .functor AND 1, L_000001550e3d8460/0/0, L_000001550e3d8460/0/4, C4<1>, C4<1>;
L_000001550e3d8af0/0/0 .functor AND 1, L_000001550df885d0, L_000001550df88490, L_000001550df86e10, L_000001550df882b0;
L_000001550e3d8af0/0/4 .functor AND 1, L_000001550df86b90, C4<1>, C4<1>, C4<1>;
L_000001550e3d8af0 .functor AND 1, L_000001550e3d8af0/0/0, L_000001550e3d8af0/0/4, C4<1>, C4<1>;
L_000001550e3d8bd0/0/0 .functor AND 1, L_000001550df88030, L_000001550df86cd0, L_000001550df87db0, L_000001550df86d70;
L_000001550e3d8bd0/0/4 .functor AND 1, L_000001550df86c30, C4<1>, C4<1>, C4<1>;
L_000001550e3d8bd0 .functor AND 1, L_000001550e3d8bd0/0/0, L_000001550e3d8bd0/0/4, C4<1>, C4<1>;
L_000001550e3d8cb0/0/0 .functor AND 1, L_000001550df87630, L_000001550df86af0, L_000001550df86eb0, L_000001550df87e50;
L_000001550e3d8cb0/0/4 .functor AND 1, L_000001550df87d10, C4<1>, C4<1>, C4<1>;
L_000001550e3d8cb0 .functor AND 1, L_000001550e3d8cb0/0/0, L_000001550e3d8cb0/0/4, C4<1>, C4<1>;
L_000001550e3d8700/0/0 .functor AND 1, L_000001550df87f90, L_000001550df88350, L_000001550df87ef0, L_000001550df880d0;
L_000001550e3d8700/0/4 .functor AND 1, L_000001550df86a50, C4<1>, C4<1>, C4<1>;
L_000001550e3d8700 .functor AND 1, L_000001550e3d8700/0/0, L_000001550e3d8700/0/4, C4<1>, C4<1>;
L_000001550e3d85b0/0/0 .functor AND 1, L_000001550df88170, L_000001550df88210, L_000001550df883f0, L_000001550df88530;
L_000001550e3d85b0/0/4 .functor AND 1, L_000001550df86ff0, C4<1>, C4<1>, C4<1>;
L_000001550e3d85b0 .functor AND 1, L_000001550e3d85b0/0/0, L_000001550e3d85b0/0/4, C4<1>, C4<1>;
L_000001550e3d8d20/0/0 .functor AND 1, L_000001550df87090, L_000001550df88670, L_000001550df87310, L_000001550df88710;
L_000001550e3d8d20/0/4 .functor AND 1, L_000001550df86910, C4<1>, C4<1>, C4<1>;
L_000001550e3d8d20 .functor AND 1, L_000001550e3d8d20/0/0, L_000001550e3d8d20/0/4, C4<1>, C4<1>;
L_000001550e3d8e70/0/0 .functor AND 1, L_000001550df87810, L_000001550df887b0, L_000001550df869b0, L_000001550df87130;
L_000001550e3d8e70/0/4 .functor AND 1, L_000001550df873b0, C4<1>, C4<1>, C4<1>;
L_000001550e3d8e70 .functor AND 1, L_000001550e3d8e70/0/0, L_000001550e3d8e70/0/4, C4<1>, C4<1>;
L_000001550e3d8ee0/0/0 .functor AND 1, L_000001550df87270, L_000001550df876d0, L_000001550df87770, L_000001550df87b30;
L_000001550e3d8ee0/0/4 .functor AND 1, L_000001550df87450, C4<1>, C4<1>, C4<1>;
L_000001550e3d8ee0 .functor AND 1, L_000001550e3d8ee0/0/0, L_000001550e3d8ee0/0/4, C4<1>, C4<1>;
L_000001550e3d8310/0/0 .functor AND 1, L_000001550df874f0, L_000001550df87590, L_000001550df87950, L_000001550df87bd0;
L_000001550e3d8310/0/4 .functor AND 1, L_000001550df878b0, C4<1>, C4<1>, C4<1>;
L_000001550e3d8310 .functor AND 1, L_000001550e3d8310/0/0, L_000001550e3d8310/0/4, C4<1>, C4<1>;
L_000001550e3d8fc0/0/0 .functor AND 1, L_000001550df879f0, L_000001550df87a90, L_000001550df8a200, L_000001550df8a840;
L_000001550e3d8fc0/0/4 .functor AND 1, L_000001550df8bc40, C4<1>, C4<1>, C4<1>;
L_000001550e3d8fc0 .functor AND 1, L_000001550e3d8fc0/0/0, L_000001550e3d8fc0/0/4, C4<1>, C4<1>;
L_000001550e3d89a0/0/0 .functor AND 1, L_000001550df8a340, L_000001550df899e0, L_000001550df8b740, L_000001550df8aac0;
L_000001550e3d89a0/0/4 .functor AND 1, L_000001550df89bc0, C4<1>, C4<1>, C4<1>;
L_000001550e3d89a0 .functor AND 1, L_000001550e3d89a0/0/0, L_000001550e3d89a0/0/4, C4<1>, C4<1>;
L_000001550e3d8380 .functor OR 1, L_000001550df8b420, L_000001550df8b7e0, C4<0>, C4<0>;
L_000001550e3d81c0 .functor OR 1, L_000001550df8b240, L_000001550df8b4c0, C4<0>, C4<0>;
L_000001550e3d8d90 .functor OR 1, L_000001550df8ade0, L_000001550df89940, C4<0>, C4<0>;
L_000001550e3d8f50 .functor OR 1, L_000001550df8b880, L_000001550df8b600, C4<0>, C4<0>;
L_000001550e3d8e00 .functor OR 1, L_000001550df8a8e0, L_000001550df8b560, C4<0>, C4<0>;
L_000001550e3d80e0 .functor OR 1, L_000001550df8b6a0, L_000001550df8a660, C4<0>, C4<0>;
L_000001550e3d8150 .functor OR 1, L_000001550df8ab60, L_000001550df8b380, C4<0>, C4<0>;
L_000001550e3d8a10 .functor OR 1, L_000001550df8b1a0, L_000001550df8b920, C4<0>, C4<0>;
L_000001550e3d8230 .functor OR 1, L_000001550df8a5c0, L_000001550df8b060, C4<0>, C4<0>;
L_000001550e3d8690/0/0 .functor OR 1, L_000001550df89e40, L_000001550df8a3e0, L_000001550df8ac00, L_000001550df8a020;
L_000001550e3d8690/0/4 .functor OR 1, L_000001550df8aca0, L_000001550df8ad40, L_000001550df8ae80, L_000001550df8af20;
L_000001550e3d8690/0/8 .functor OR 1, L_000001550df8bd80, C4<0>, C4<0>, C4<0>;
L_000001550e3d8690 .functor OR 1, L_000001550e3d8690/0/0, L_000001550e3d8690/0/4, L_000001550e3d8690/0/8, C4<0>;
v000001550df0cf70_0 .net "AN", 8 0, L_000001550df8b9c0;  1 drivers
v000001550df0c9d0_0 .net *"_ivl_0", 31 0, L_000001550df74100;  1 drivers
v000001550df0d010_0 .net *"_ivl_10", 0 0, L_000001550e04a300;  1 drivers
v000001550df0c390_0 .net *"_ivl_100", 0 0, L_000001550df74a60;  1 drivers
v000001550df0bf30_0 .net *"_ivl_102", 0 0, L_000001550df75140;  1 drivers
v000001550df0d0b0_0 .net *"_ivl_103", 0 0, L_000001550e3d8460;  1 drivers
v000001550df0d470_0 .net *"_ivl_106", 0 0, L_000001550df751e0;  1 drivers
v000001550df0b7b0_0 .net *"_ivl_108", 0 0, L_000001550df75280;  1 drivers
v000001550df0bc10_0 .net *"_ivl_110", 0 0, L_000001550df86f50;  1 drivers
v000001550df0bfd0_0 .net *"_ivl_112", 0 0, L_000001550df87c70;  1 drivers
v000001550df0c1b0_0 .net *"_ivl_114", 0 0, L_000001550df871d0;  1 drivers
v000001550df0b850_0 .net *"_ivl_115", 0 0, L_000001550e3d8af0;  1 drivers
v000001550df0b990_0 .net *"_ivl_118", 0 0, L_000001550df885d0;  1 drivers
v000001550df0bcb0_0 .net *"_ivl_120", 0 0, L_000001550df88490;  1 drivers
v000001550df0c2f0_0 .net *"_ivl_122", 0 0, L_000001550df86e10;  1 drivers
v000001550dedf2a0_0 .net *"_ivl_124", 0 0, L_000001550df882b0;  1 drivers
v000001550dede9e0_0 .net *"_ivl_126", 0 0, L_000001550df86b90;  1 drivers
v000001550defd2b0_0 .net *"_ivl_127", 0 0, L_000001550e3d8bd0;  1 drivers
v000001550ded8830_0 .net *"_ivl_13", 0 0, L_000001550df75500;  1 drivers
v000001550df6db60_0 .net *"_ivl_130", 0 0, L_000001550df88030;  1 drivers
v000001550df6cc60_0 .net *"_ivl_132", 0 0, L_000001550df86cd0;  1 drivers
v000001550df6d8e0_0 .net *"_ivl_134", 0 0, L_000001550df87db0;  1 drivers
v000001550df6cf80_0 .net *"_ivl_136", 0 0, L_000001550df86d70;  1 drivers
v000001550df6c4e0_0 .net *"_ivl_138", 0 0, L_000001550df86c30;  1 drivers
v000001550df6c120_0 .net *"_ivl_139", 0 0, L_000001550e3d8cb0;  1 drivers
v000001550df6dac0_0 .net *"_ivl_14", 0 0, L_000001550e3d8c40;  1 drivers
v000001550df6cda0_0 .net *"_ivl_142", 0 0, L_000001550df87630;  1 drivers
v000001550df6c1c0_0 .net *"_ivl_144", 0 0, L_000001550df86af0;  1 drivers
v000001550df6ce40_0 .net *"_ivl_146", 0 0, L_000001550df86eb0;  1 drivers
v000001550df6da20_0 .net *"_ivl_148", 0 0, L_000001550df87e50;  1 drivers
v000001550df6d520_0 .net *"_ivl_150", 0 0, L_000001550df87d10;  1 drivers
v000001550df6d2a0_0 .net *"_ivl_151", 0 0, L_000001550e3d8700;  1 drivers
v000001550df6df20_0 .net *"_ivl_154", 0 0, L_000001550df87f90;  1 drivers
v000001550df6c6c0_0 .net *"_ivl_156", 0 0, L_000001550df88350;  1 drivers
v000001550df6d480_0 .net *"_ivl_158", 0 0, L_000001550df87ef0;  1 drivers
v000001550df6c580_0 .net *"_ivl_160", 0 0, L_000001550df880d0;  1 drivers
v000001550df6d5c0_0 .net *"_ivl_162", 0 0, L_000001550df86a50;  1 drivers
v000001550df6c940_0 .net *"_ivl_163", 0 0, L_000001550e3d85b0;  1 drivers
v000001550df6c260_0 .net *"_ivl_166", 0 0, L_000001550df88170;  1 drivers
v000001550df6d020_0 .net *"_ivl_168", 0 0, L_000001550df88210;  1 drivers
v000001550df6c300_0 .net *"_ivl_17", 0 0, L_000001550df73e80;  1 drivers
v000001550df6c440_0 .net *"_ivl_170", 0 0, L_000001550df883f0;  1 drivers
v000001550df6d660_0 .net *"_ivl_172", 0 0, L_000001550df88530;  1 drivers
v000001550df6c3a0_0 .net *"_ivl_174", 0 0, L_000001550df86ff0;  1 drivers
v000001550df6c620_0 .net *"_ivl_175", 0 0, L_000001550e3d8d20;  1 drivers
v000001550df6cee0_0 .net *"_ivl_178", 0 0, L_000001550df87090;  1 drivers
v000001550df6dc00_0 .net *"_ivl_18", 0 0, L_000001550e3d8a80;  1 drivers
v000001550df6c760_0 .net *"_ivl_180", 0 0, L_000001550df88670;  1 drivers
v000001550df6dde0_0 .net *"_ivl_182", 0 0, L_000001550df87310;  1 drivers
v000001550df6d980_0 .net *"_ivl_184", 0 0, L_000001550df88710;  1 drivers
v000001550df6c800_0 .net *"_ivl_186", 0 0, L_000001550df86910;  1 drivers
v000001550df6dca0_0 .net *"_ivl_187", 0 0, L_000001550e3d8e70;  1 drivers
v000001550df6d7a0_0 .net *"_ivl_190", 0 0, L_000001550df87810;  1 drivers
v000001550df6ca80_0 .net *"_ivl_192", 0 0, L_000001550df887b0;  1 drivers
v000001550df6c8a0_0 .net *"_ivl_194", 0 0, L_000001550df869b0;  1 drivers
v000001550df6cd00_0 .net *"_ivl_196", 0 0, L_000001550df87130;  1 drivers
v000001550df6c9e0_0 .net *"_ivl_198", 0 0, L_000001550df873b0;  1 drivers
v000001550df6cb20_0 .net *"_ivl_199", 0 0, L_000001550e3d8ee0;  1 drivers
v000001550df6d700_0 .net *"_ivl_202", 0 0, L_000001550df87270;  1 drivers
v000001550df6cbc0_0 .net *"_ivl_204", 0 0, L_000001550df876d0;  1 drivers
v000001550df6d0c0_0 .net *"_ivl_206", 0 0, L_000001550df87770;  1 drivers
v000001550df6d160_0 .net *"_ivl_208", 0 0, L_000001550df87b30;  1 drivers
v000001550df6d200_0 .net *"_ivl_21", 0 0, L_000001550df74ba0;  1 drivers
v000001550df6d340_0 .net *"_ivl_210", 0 0, L_000001550df87450;  1 drivers
v000001550df6d840_0 .net *"_ivl_211", 0 0, L_000001550e3d8310;  1 drivers
v000001550df6d3e0_0 .net *"_ivl_214", 0 0, L_000001550df874f0;  1 drivers
v000001550df6dd40_0 .net *"_ivl_216", 0 0, L_000001550df87590;  1 drivers
v000001550df6de80_0 .net *"_ivl_218", 0 0, L_000001550df87950;  1 drivers
v000001550df6c080_0 .net *"_ivl_22", 0 0, L_000001550e3d8850;  1 drivers
v000001550df6fe80_0 .net *"_ivl_220", 0 0, L_000001550df87bd0;  1 drivers
v000001550df6f3e0_0 .net *"_ivl_222", 0 0, L_000001550df878b0;  1 drivers
v000001550df6f8e0_0 .net *"_ivl_223", 0 0, L_000001550e3d8fc0;  1 drivers
v000001550df70560_0 .net *"_ivl_226", 0 0, L_000001550df879f0;  1 drivers
v000001550df6ff20_0 .net *"_ivl_228", 0 0, L_000001550df87a90;  1 drivers
v000001550df6ebc0_0 .net *"_ivl_230", 0 0, L_000001550df8a200;  1 drivers
v000001550df6fca0_0 .net *"_ivl_232", 0 0, L_000001550df8a840;  1 drivers
v000001550df6fb60_0 .net *"_ivl_234", 0 0, L_000001550df8bc40;  1 drivers
v000001550df701a0_0 .net *"_ivl_235", 0 0, L_000001550e3d89a0;  1 drivers
v000001550df704c0_0 .net *"_ivl_239", 0 0, L_000001550df8a340;  1 drivers
v000001550df6ec60_0 .net *"_ivl_241", 0 0, L_000001550df899e0;  1 drivers
v000001550df6fa20_0 .net *"_ivl_243", 0 0, L_000001550df8b740;  1 drivers
v000001550df70380_0 .net *"_ivl_245", 0 0, L_000001550df8aac0;  1 drivers
v000001550df6fc00_0 .net *"_ivl_247", 0 0, L_000001550df89bc0;  1 drivers
v000001550df6fd40_0 .net *"_ivl_248", 0 0, L_000001550e3d8380;  1 drivers
v000001550df6f700_0 .net *"_ivl_25", 0 0, L_000001550df74e20;  1 drivers
v000001550df6f7a0_0 .net *"_ivl_251", 0 0, L_000001550df8b420;  1 drivers
v000001550df6e940_0 .net *"_ivl_253", 0 0, L_000001550df8b7e0;  1 drivers
v000001550df6fac0_0 .net *"_ivl_254", 0 0, L_000001550e3d81c0;  1 drivers
v000001550df6f660_0 .net *"_ivl_257", 0 0, L_000001550df8b240;  1 drivers
v000001550df6f160_0 .net *"_ivl_259", 0 0, L_000001550df8b4c0;  1 drivers
v000001550df6fde0_0 .net *"_ivl_26", 0 0, L_000001550e3d8620;  1 drivers
v000001550df70420_0 .net *"_ivl_260", 0 0, L_000001550e3d8d90;  1 drivers
v000001550df70600_0 .net *"_ivl_263", 0 0, L_000001550df8ade0;  1 drivers
v000001550df6ef80_0 .net *"_ivl_265", 0 0, L_000001550df89940;  1 drivers
v000001550df6ed00_0 .net *"_ivl_266", 0 0, L_000001550e3d8f50;  1 drivers
v000001550df70240_0 .net *"_ivl_269", 0 0, L_000001550df8b880;  1 drivers
v000001550df6f980_0 .net *"_ivl_271", 0 0, L_000001550df8b600;  1 drivers
v000001550df6ffc0_0 .net *"_ivl_272", 0 0, L_000001550e3d8e00;  1 drivers
v000001550df6eda0_0 .net *"_ivl_275", 0 0, L_000001550df8a8e0;  1 drivers
v000001550df6ee40_0 .net *"_ivl_277", 0 0, L_000001550df8b560;  1 drivers
v000001550df6eee0_0 .net *"_ivl_278", 0 0, L_000001550e3d80e0;  1 drivers
v000001550df702e0_0 .net *"_ivl_281", 0 0, L_000001550df8b6a0;  1 drivers
v000001550df6f840_0 .net *"_ivl_283", 0 0, L_000001550df8a660;  1 drivers
v000001550df6e8a0_0 .net *"_ivl_284", 0 0, L_000001550e3d8150;  1 drivers
v000001550df706a0_0 .net *"_ivl_287", 0 0, L_000001550df8ab60;  1 drivers
v000001550df70060_0 .net *"_ivl_289", 0 0, L_000001550df8b380;  1 drivers
v000001550df70100_0 .net *"_ivl_290", 0 0, L_000001550e3d8a10;  1 drivers
v000001550df70740_0 .net *"_ivl_293", 0 0, L_000001550df8b1a0;  1 drivers
v000001550df6f340_0 .net *"_ivl_295", 0 0, L_000001550df8b920;  1 drivers
v000001550df6f020_0 .net *"_ivl_296", 0 0, L_000001550e3d8230;  1 drivers
L_000001550e390088 .functor BUFT 1, C4<00000000000000000000000>, C4<0>, C4<0>, C4<0>;
v000001550df6e9e0_0 .net *"_ivl_3", 22 0, L_000001550e390088;  1 drivers
v000001550df6ea80_0 .net *"_ivl_30", 0 0, L_000001550df73b60;  1 drivers
v000001550df6eb20_0 .net *"_ivl_300", 0 0, L_000001550df8a5c0;  1 drivers
v000001550df6f0c0_0 .net *"_ivl_302", 0 0, L_000001550df8b060;  1 drivers
v000001550df6f5c0_0 .net *"_ivl_304", 0 0, L_000001550df89e40;  1 drivers
v000001550df6f480_0 .net *"_ivl_306", 0 0, L_000001550df8a3e0;  1 drivers
v000001550df6f200_0 .net *"_ivl_308", 0 0, L_000001550df8ac00;  1 drivers
v000001550df6f2a0_0 .net *"_ivl_31", 0 0, L_000001550e3d82a0;  1 drivers
v000001550df6f520_0 .net *"_ivl_310", 0 0, L_000001550df8a020;  1 drivers
v000001550df70ef0_0 .net *"_ivl_312", 0 0, L_000001550df8aca0;  1 drivers
v000001550df71fd0_0 .net *"_ivl_314", 0 0, L_000001550df8ad40;  1 drivers
v000001550df71170_0 .net *"_ivl_316", 0 0, L_000001550df8ae80;  1 drivers
v000001550df71cb0_0 .net *"_ivl_318", 0 0, L_000001550df8af20;  1 drivers
v000001550df71030_0 .net *"_ivl_320", 0 0, L_000001550df8bd80;  1 drivers
v000001550df710d0_0 .net *"_ivl_321", 31 0, L_000001550df8bb00;  1 drivers
L_000001550e390118 .functor BUFT 1, C4<0000000000000000000000000000000>, C4<0>, C4<0>, C4<0>;
v000001550df71f30_0 .net *"_ivl_324", 30 0, L_000001550e390118;  1 drivers
L_000001550e390160 .functor BUFT 1, C4<00000000000000000000000000000000>, C4<0>, C4<0>, C4<0>;
v000001550df71a30_0 .net/2u *"_ivl_325", 31 0, L_000001550e390160;  1 drivers
v000001550df715d0_0 .net *"_ivl_327", 0 0, L_000001550df8b100;  1 drivers
v000001550df70950_0 .net *"_ivl_329", 8 0, L_000001550df8c0a0;  1 drivers
v000001550df70f90_0 .net *"_ivl_331", 8 0, L_000001550df8a480;  1 drivers
v000001550df71990_0 .net *"_ivl_335", 31 0, L_000001550df8bce0;  1 drivers
L_000001550e3901a8 .functor BUFT 1, C4<00000000000000000000000>, C4<0>, C4<0>, C4<0>;
v000001550df71d50_0 .net *"_ivl_338", 22 0, L_000001550e3901a8;  1 drivers
L_000001550e3901f0 .functor BUFT 1, C4<00000000000000000000000000010011>, C4<0>, C4<0>, C4<0>;
v000001550df722f0_0 .net/2u *"_ivl_339", 31 0, L_000001550e3901f0;  1 drivers
v000001550df71670_0 .net *"_ivl_34", 0 0, L_000001550df73ca0;  1 drivers
v000001550df709f0_0 .net *"_ivl_341", 31 0, L_000001550df89ee0;  1 drivers
v000001550df71710_0 .net *"_ivl_36", 0 0, L_000001550df74740;  1 drivers
v000001550df72250_0 .net *"_ivl_38", 0 0, L_000001550df755a0;  1 drivers
L_000001550e3900d0 .functor BUFT 1, C4<00000000000000000000000000010011>, C4<0>, C4<0>, C4<0>;
v000001550df71df0_0 .net/2u *"_ivl_4", 31 0, L_000001550e3900d0;  1 drivers
v000001550df71ad0_0 .net *"_ivl_40", 0 0, L_000001550df74f60;  1 drivers
v000001550df72750_0 .net *"_ivl_42", 0 0, L_000001550df74380;  1 drivers
v000001550df71210_0 .net *"_ivl_43", 0 0, L_000001550e3d88c0;  1 drivers
v000001550df71e90_0 .net *"_ivl_46", 0 0, L_000001550df73de0;  1 drivers
v000001550df70d10_0 .net *"_ivl_48", 0 0, L_000001550df74420;  1 drivers
v000001550df72070_0 .net *"_ivl_50", 0 0, L_000001550df744c0;  1 drivers
v000001550df712b0_0 .net *"_ivl_52", 0 0, L_000001550df74ce0;  1 drivers
v000001550df72570_0 .net *"_ivl_54", 0 0, L_000001550df74560;  1 drivers
v000001550df72390_0 .net *"_ivl_55", 0 0, L_000001550e3d8b60;  1 drivers
v000001550df71b70_0 .net *"_ivl_58", 0 0, L_000001550df74600;  1 drivers
v000001550df70b30_0 .net *"_ivl_6", 31 0, L_000001550df746a0;  1 drivers
v000001550df71350_0 .net *"_ivl_60", 0 0, L_000001550df75640;  1 drivers
v000001550df717b0_0 .net *"_ivl_62", 0 0, L_000001550df73980;  1 drivers
v000001550df71850_0 .net *"_ivl_64", 0 0, L_000001550df756e0;  1 drivers
v000001550df718f0_0 .net *"_ivl_66", 0 0, L_000001550df74d80;  1 drivers
v000001550df726b0_0 .net *"_ivl_67", 0 0, L_000001550e3d84d0;  1 drivers
v000001550df71490_0 .net *"_ivl_70", 0 0, L_000001550df73ac0;  1 drivers
v000001550df713f0_0 .net *"_ivl_72", 0 0, L_000001550df74b00;  1 drivers
v000001550df71530_0 .net *"_ivl_74", 0 0, L_000001550df74ec0;  1 drivers
v000001550df71c10_0 .net *"_ivl_76", 0 0, L_000001550df73f20;  1 drivers
v000001550df72110_0 .net *"_ivl_78", 0 0, L_000001550df74060;  1 drivers
v000001550df721b0_0 .net *"_ivl_79", 0 0, L_000001550e3d8930;  1 drivers
v000001550df72430_0 .net *"_ivl_82", 0 0, L_000001550df747e0;  1 drivers
v000001550df724d0_0 .net *"_ivl_84", 0 0, L_000001550df74880;  1 drivers
v000001550df72610_0 .net *"_ivl_86", 0 0, L_000001550df74240;  1 drivers
v000001550df708b0_0 .net *"_ivl_88", 0 0, L_000001550df75000;  1 drivers
v000001550df70a90_0 .net *"_ivl_90", 0 0, L_000001550df750a0;  1 drivers
v000001550df70bd0_0 .net *"_ivl_91", 0 0, L_000001550e3d8770;  1 drivers
v000001550df70c70_0 .net *"_ivl_94", 0 0, L_000001550df742e0;  1 drivers
v000001550df70db0_0 .net *"_ivl_96", 0 0, L_000001550df74920;  1 drivers
v000001550df70e50_0 .net *"_ivl_98", 0 0, L_000001550df749c0;  1 drivers
v000001550df753c0_0 .net "add", 0 0, L_000001550e3d8690;  1 drivers
v000001550df73a20_0 .net "and_out", 17 0, L_000001550df8bba0;  1 drivers
v000001550df73c00_0 .net "error_bit", 8 0, L_000001550df8afc0;  1 drivers
v000001550df73d40_0 .net "mod_tri", 4 0, L_000001550df73fc0;  1 drivers
v000001550df741a0_0 .net "not_mod_tri", 4 0, L_000001550df75780;  1 drivers
v000001550df75320_0 .net "numX", 8 0, v000001550df738e0_0;  1 drivers
v000001550df74c40_0 .net "out", 3 0, L_000001550df8b2e0;  alias, 1 drivers
L_000001550df74100 .concat [ 9 23 0 0], v000001550df738e0_0, L_000001550e390088;
L_000001550df746a0 .arith/mod 32, L_000001550df74100, L_000001550e3900d0;
L_000001550df73fc0 .part L_000001550df746a0, 0, 5;
L_000001550df75500 .part L_000001550df73fc0, 0, 1;
L_000001550df73e80 .part L_000001550df73fc0, 1, 1;
L_000001550df74ba0 .part L_000001550df73fc0, 2, 1;
L_000001550df74e20 .part L_000001550df73fc0, 3, 1;
LS_000001550df75780_0_0 .concat8 [ 1 1 1 1], L_000001550e04a300, L_000001550e3d8c40, L_000001550e3d8a80, L_000001550e3d8850;
LS_000001550df75780_0_4 .concat8 [ 1 0 0 0], L_000001550e3d8620;
L_000001550df75780 .concat8 [ 4 1 0 0], LS_000001550df75780_0_0, LS_000001550df75780_0_4;
L_000001550df73b60 .part L_000001550df73fc0, 4, 1;
L_000001550df73ca0 .part L_000001550df73fc0, 0, 1;
L_000001550df74740 .part L_000001550df75780, 1, 1;
L_000001550df755a0 .part L_000001550df75780, 2, 1;
L_000001550df74f60 .part L_000001550df75780, 3, 1;
L_000001550df74380 .part L_000001550df75780, 4, 1;
L_000001550df73de0 .part L_000001550df75780, 0, 1;
L_000001550df74420 .part L_000001550df73fc0, 1, 1;
L_000001550df744c0 .part L_000001550df75780, 2, 1;
L_000001550df74ce0 .part L_000001550df75780, 3, 1;
L_000001550df74560 .part L_000001550df75780, 4, 1;
L_000001550df74600 .part L_000001550df73fc0, 0, 1;
L_000001550df75640 .part L_000001550df73fc0, 1, 1;
L_000001550df73980 .part L_000001550df75780, 2, 1;
L_000001550df756e0 .part L_000001550df75780, 3, 1;
L_000001550df74d80 .part L_000001550df75780, 4, 1;
L_000001550df73ac0 .part L_000001550df75780, 0, 1;
L_000001550df74b00 .part L_000001550df75780, 1, 1;
L_000001550df74ec0 .part L_000001550df73fc0, 2, 1;
L_000001550df73f20 .part L_000001550df75780, 3, 1;
L_000001550df74060 .part L_000001550df75780, 4, 1;
L_000001550df747e0 .part L_000001550df73fc0, 0, 1;
L_000001550df74880 .part L_000001550df75780, 1, 1;
L_000001550df74240 .part L_000001550df73fc0, 2, 1;
L_000001550df75000 .part L_000001550df75780, 3, 1;
L_000001550df750a0 .part L_000001550df75780, 4, 1;
L_000001550df742e0 .part L_000001550df75780, 0, 1;
L_000001550df74920 .part L_000001550df73fc0, 1, 1;
L_000001550df749c0 .part L_000001550df73fc0, 2, 1;
L_000001550df74a60 .part L_000001550df75780, 3, 1;
L_000001550df75140 .part L_000001550df75780, 4, 1;
L_000001550df751e0 .part L_000001550df73fc0, 0, 1;
L_000001550df75280 .part L_000001550df73fc0, 1, 1;
L_000001550df86f50 .part L_000001550df73fc0, 2, 1;
L_000001550df87c70 .part L_000001550df75780, 3, 1;
L_000001550df871d0 .part L_000001550df75780, 4, 1;
L_000001550df885d0 .part L_000001550df75780, 0, 1;
L_000001550df88490 .part L_000001550df75780, 1, 1;
L_000001550df86e10 .part L_000001550df75780, 2, 1;
L_000001550df882b0 .part L_000001550df73fc0, 3, 1;
L_000001550df86b90 .part L_000001550df75780, 4, 1;
L_000001550df88030 .part L_000001550df73fc0, 0, 1;
L_000001550df86cd0 .part L_000001550df75780, 1, 1;
L_000001550df87db0 .part L_000001550df75780, 2, 1;
L_000001550df86d70 .part L_000001550df73fc0, 3, 1;
L_000001550df86c30 .part L_000001550df75780, 4, 1;
L_000001550df87630 .part L_000001550df75780, 0, 1;
L_000001550df86af0 .part L_000001550df73fc0, 1, 1;
L_000001550df86eb0 .part L_000001550df75780, 2, 1;
L_000001550df87e50 .part L_000001550df73fc0, 3, 1;
L_000001550df87d10 .part L_000001550df75780, 4, 1;
L_000001550df87f90 .part L_000001550df73fc0, 0, 1;
L_000001550df88350 .part L_000001550df73fc0, 1, 1;
L_000001550df87ef0 .part L_000001550df75780, 2, 1;
L_000001550df880d0 .part L_000001550df73fc0, 3, 1;
L_000001550df86a50 .part L_000001550df75780, 4, 1;
L_000001550df88170 .part L_000001550df75780, 0, 1;
L_000001550df88210 .part L_000001550df75780, 1, 1;
L_000001550df883f0 .part L_000001550df73fc0, 2, 1;
L_000001550df88530 .part L_000001550df73fc0, 3, 1;
L_000001550df86ff0 .part L_000001550df75780, 4, 1;
L_000001550df87090 .part L_000001550df73fc0, 0, 1;
L_000001550df88670 .part L_000001550df75780, 1, 1;
L_000001550df87310 .part L_000001550df73fc0, 2, 1;
L_000001550df88710 .part L_000001550df73fc0, 3, 1;
L_000001550df86910 .part L_000001550df75780, 4, 1;
L_000001550df87810 .part L_000001550df75780, 0, 1;
L_000001550df887b0 .part L_000001550df73fc0, 1, 1;
L_000001550df869b0 .part L_000001550df73fc0, 2, 1;
L_000001550df87130 .part L_000001550df73fc0, 3, 1;
L_000001550df873b0 .part L_000001550df75780, 4, 1;
L_000001550df87270 .part L_000001550df73fc0, 0, 1;
L_000001550df876d0 .part L_000001550df73fc0, 1, 1;
L_000001550df87770 .part L_000001550df73fc0, 2, 1;
L_000001550df87b30 .part L_000001550df73fc0, 3, 1;
L_000001550df87450 .part L_000001550df75780, 4, 1;
L_000001550df874f0 .part L_000001550df75780, 0, 1;
L_000001550df87590 .part L_000001550df75780, 1, 1;
L_000001550df87950 .part L_000001550df75780, 2, 1;
L_000001550df87bd0 .part L_000001550df75780, 3, 1;
L_000001550df878b0 .part L_000001550df73fc0, 4, 1;
L_000001550df879f0 .part L_000001550df73fc0, 0, 1;
L_000001550df87a90 .part L_000001550df75780, 1, 1;
L_000001550df8a200 .part L_000001550df75780, 2, 1;
L_000001550df8a840 .part L_000001550df75780, 3, 1;
L_000001550df8bc40 .part L_000001550df73fc0, 4, 1;
LS_000001550df8bba0_0_0 .concat8 [ 1 1 1 1], L_000001550e3d82a0, L_000001550e3d88c0, L_000001550e3d8b60, L_000001550e3d84d0;
LS_000001550df8bba0_0_4 .concat8 [ 1 1 1 1], L_000001550e3d8930, L_000001550e3d8770, L_000001550e3d8460, L_000001550e3d8af0;
LS_000001550df8bba0_0_8 .concat8 [ 1 1 1 1], L_000001550e3d8bd0, L_000001550e3d8cb0, L_000001550e3d8700, L_000001550e3d85b0;
LS_000001550df8bba0_0_12 .concat8 [ 1 1 1 1], L_000001550e3d8d20, L_000001550e3d8e70, L_000001550e3d8ee0, L_000001550e3d8310;
LS_000001550df8bba0_0_16 .concat8 [ 1 1 0 0], L_000001550e3d8fc0, L_000001550e3d89a0;
LS_000001550df8bba0_1_0 .concat8 [ 4 4 4 4], LS_000001550df8bba0_0_0, LS_000001550df8bba0_0_4, LS_000001550df8bba0_0_8, LS_000001550df8bba0_0_12;
LS_000001550df8bba0_1_4 .concat8 [ 2 0 0 0], LS_000001550df8bba0_0_16;
L_000001550df8bba0 .concat8 [ 16 2 0 0], LS_000001550df8bba0_1_0, LS_000001550df8bba0_1_4;
L_000001550df8a340 .part L_000001550df75780, 0, 1;
L_000001550df899e0 .part L_000001550df73fc0, 1, 1;
L_000001550df8b740 .part L_000001550df75780, 2, 1;
L_000001550df8aac0 .part L_000001550df75780, 3, 1;
L_000001550df89bc0 .part L_000001550df73fc0, 4, 1;
L_000001550df8b420 .part L_000001550df8bba0, 0, 1;
L_000001550df8b7e0 .part L_000001550df8bba0, 17, 1;
L_000001550df8b240 .part L_000001550df8bba0, 1, 1;
L_000001550df8b4c0 .part L_000001550df8bba0, 16, 1;
L_000001550df8ade0 .part L_000001550df8bba0, 3, 1;
L_000001550df89940 .part L_000001550df8bba0, 14, 1;
L_000001550df8b880 .part L_000001550df8bba0, 7, 1;
L_000001550df8b600 .part L_000001550df8bba0, 10, 1;
L_000001550df8a8e0 .part L_000001550df8bba0, 2, 1;
L_000001550df8b560 .part L_000001550df8bba0, 15, 1;
L_000001550df8b6a0 .part L_000001550df8bba0, 5, 1;
L_000001550df8a660 .part L_000001550df8bba0, 12, 1;
L_000001550df8ab60 .part L_000001550df8bba0, 6, 1;
L_000001550df8b380 .part L_000001550df8bba0, 11, 1;
L_000001550df8b1a0 .part L_000001550df8bba0, 4, 1;
L_000001550df8b920 .part L_000001550df8bba0, 13, 1;
LS_000001550df8afc0_0_0 .concat8 [ 1 1 1 1], L_000001550e3d8380, L_000001550e3d81c0, L_000001550e3d8d90, L_000001550e3d8f50;
LS_000001550df8afc0_0_4 .concat8 [ 1 1 1 1], L_000001550e3d8e00, L_000001550e3d80e0, L_000001550e3d8150, L_000001550e3d8a10;
LS_000001550df8afc0_0_8 .concat8 [ 1 0 0 0], L_000001550e3d8230;
L_000001550df8afc0 .concat8 [ 4 4 1 0], LS_000001550df8afc0_0_0, LS_000001550df8afc0_0_4, LS_000001550df8afc0_0_8;
L_000001550df8a5c0 .part L_000001550df8bba0, 8, 1;
L_000001550df8b060 .part L_000001550df8bba0, 9, 1;
L_000001550df89e40 .part L_000001550df8bba0, 17, 1;
L_000001550df8a3e0 .part L_000001550df8bba0, 16, 1;
L_000001550df8ac00 .part L_000001550df8bba0, 14, 1;
L_000001550df8a020 .part L_000001550df8bba0, 10, 1;
L_000001550df8aca0 .part L_000001550df8bba0, 2, 1;
L_000001550df8ad40 .part L_000001550df8bba0, 5, 1;
L_000001550df8ae80 .part L_000001550df8bba0, 11, 1;
L_000001550df8af20 .part L_000001550df8bba0, 4, 1;
L_000001550df8bd80 .part L_000001550df8bba0, 9, 1;
L_000001550df8bb00 .concat [ 1 31 0 0], L_000001550e3d8690, L_000001550e390118;
L_000001550df8b100 .cmp/eq 32, L_000001550df8bb00, L_000001550e390160;
L_000001550df8c0a0 .arith/sub 9, v000001550df738e0_0, L_000001550df8afc0;
L_000001550df8a480 .arith/sum 9, v000001550df738e0_0, L_000001550df8afc0;
L_000001550df8b9c0 .functor MUXZ 9, L_000001550df8a480, L_000001550df8c0a0, L_000001550df8b100, C4<>;
L_000001550df8bce0 .concat [ 9 23 0 0], L_000001550df8b9c0, L_000001550e3901a8;
L_000001550df89ee0 .arith/div 32, L_000001550df8bce0, L_000001550e3901f0;
L_000001550df8b2e0 .part L_000001550df89ee0, 0, 4;
    .scope S_000001550df15190;
T_0 ;
    %vpi_call 2 11 "$dumpfile", "./files/AWE_20221005_1324/A19N13.vcd" {0 0 0};
    %vpi_call 2 12 "$dumpvars", 32'sb00000000000000000000000000000000, S_000001550df15190 {0 0 0};
    %pushi/vec4 0, 0, 9;
    %store/vec4 v000001550df738e0_0, 0, 9;
    %delay 10, 0;
    %pushi/vec4 215, 0, 9;
    %store/vec4 v000001550df738e0_0, 0, 9;
    %delay 10, 0;
    %pushi/vec4 245, 0, 9;
    %store/vec4 v000001550df738e0_0, 0, 9;
    %delay 10, 0;
    %pushi/vec4 255, 0, 9;
    %store/vec4 v000001550df738e0_0, 0, 9;
    %delay 10, 0;
    %pushi/vec4 243, 0, 9;
    %store/vec4 v000001550df738e0_0, 0, 9;
    %delay 10, 0;
    %pushi/vec4 183, 0, 9;
    %store/vec4 v000001550df738e0_0, 0, 9;
    %delay 10, 0;
    %vpi_call 2 21 "$finish" {0 0 0};
    %end;
    .thread T_0;
# The file index is used to find the file name in the following table.
:file_names 4;
    "N/A";
    "<interactive>";
    "./files/AWE_20221005_1324/ANdecoder_AWE_19_tb_for_N_13.v";
    "./files/AWE_20221005_1324/ANdecoder_AWE_19_for_N_13.v";
