#! /c/Source/iverilog-install/bin/vvp
:ivl_version "12.0 (devel)" "(s20150603-1110-g18392a46)";
:ivl_delay_selection "TYPICAL";
:vpi_time_precision + 0;
:vpi_module "C:\iverilog\lib\ivl\system.vpi";
:vpi_module "C:\iverilog\lib\ivl\vhdl_sys.vpi";
:vpi_module "C:\iverilog\lib\ivl\vhdl_textio.vpi";
:vpi_module "C:\iverilog\lib\ivl\v2005_math.vpi";
:vpi_module "C:\iverilog\lib\ivl\va_math.vpi";
S_000002074cf13df0 .scope module, "ANdecoder_tb" "ANdecoder_tb" 2 5;
 .timescale 0 0;
v000002074cf888d0_0 .var "ANe", 11 0;
v000002074cf88150_0 .net "Nc", 7 0, L_000002074cfa07d0;  1 drivers
S_000002074cf13f80 .scope module, "D0" "ANdecoder" 2 9, 3 7 0, S_000002074cf13df0;
 .timescale 0 0;
    .port_info 0 /INPUT 12 "ANe";
    .port_info 1 /OUTPUT 8 "Nc";
L_000002074cf22390 .functor NOT 1, L_000002074cf88510, C4<0>, C4<0>, C4<0>;
L_000002074cf22240 .functor NOT 1, L_000002074cf885b0, C4<0>, C4<0>, C4<0>;
L_000002074cf226a0 .functor NOT 1, L_000002074cf87070, C4<0>, C4<0>, C4<0>;
L_000002074cf22400 .functor NOT 1, L_000002074cf88830, C4<0>, C4<0>, C4<0>;
L_000002074d3b8540 .functor AND 1, L_000002074cf9d670, L_000002074cf9e2f0, L_000002074cf9d490, L_000002074cf9d2b0;
L_000002074d3b87e0 .functor AND 1, L_000002074cf9db70, L_000002074cf9d350, L_000002074cf9e390, L_000002074cf9e430;
L_000002074d3b8f50 .functor AND 1, L_000002074cf9e9d0, L_000002074cf9dd50, L_000002074cf9e250, L_000002074cf9dcb0;
L_000002074d3b8af0 .functor AND 1, L_000002074cf9ea70, L_000002074cf9e070, L_000002074cf9ddf0, L_000002074cf9dc10;
L_000002074d3b80e0 .functor AND 1, L_000002074cf9d3f0, L_000002074cf9d530, L_000002074cf9e1b0, L_000002074cf9e110;
L_000002074d3b8e70 .functor AND 1, L_000002074cf9d0d0, L_000002074cf9e610, L_000002074cf9e7f0, L_000002074cf9d5d0;
L_000002074d3b8a80 .functor AND 1, L_000002074cf9e6b0, L_000002074cf9d210, L_000002074cf9d8f0, L_000002074cf9e750;
L_000002074d3b8850 .functor AND 1, L_000002074cf9d710, L_000002074cf9e890, L_000002074cf9e930, L_000002074cf9d7b0;
L_000002074d3b84d0 .functor AND 1, L_000002074cf9dfd0, L_000002074cf9de90, L_000002074cf9e570, L_000002074cf9df30;
L_000002074d3b8fc0 .functor AND 1, L_000002074cf9e4d0, L_000002074cf9eb10, L_000002074cf9d850, L_000002074cf9ce50;
L_000002074d3b85b0 .functor AND 1, L_000002074cf9ebb0, L_000002074cf9cd10, L_000002074cf9d990, L_000002074cf9cdb0;
L_000002074d3b8d90 .functor AND 1, L_000002074cf9da30, L_000002074cf9cf90, L_000002074cf9d030, L_000002074cf9dad0;
L_000002074d3b8e00 .functor NOT 1, L_000002074cf9d170, C4<0>, C4<0>, C4<0>;
L_000002074d3b8b60 .functor NOT 1, L_000002074cfa0af0, C4<0>, C4<0>, C4<0>;
L_000002074d3b8150 .functor NOT 1, L_000002074cfa13b0, C4<0>, C4<0>, C4<0>;
L_000002074d3b88c0 .functor NOT 1, L_000002074cfa0730, C4<0>, C4<0>, C4<0>;
L_000002074d3b8620 .functor NOT 1, L_000002074cfa1950, C4<0>, C4<0>, C4<0>;
L_000002074d3b8bd0 .functor NOT 1, L_000002074cf9ff10, C4<0>, C4<0>, C4<0>;
L_000002074d3b8c40 .functor NOT 1, L_000002074cfa0690, C4<0>, C4<0>, C4<0>;
L_000002074d3b8770 .functor NOT 1, L_000002074cfa0190, C4<0>, C4<0>, C4<0>;
L_000002074d3b8310 .functor NOT 1, L_000002074cfa0410, C4<0>, C4<0>, C4<0>;
L_000002074d3b8ee0 .functor NOT 1, L_000002074cfa18b0, C4<0>, C4<0>, C4<0>;
L_000002074d3b8690 .functor NOT 1, L_000002074cfa1810, C4<0>, C4<0>, C4<0>;
L_000002074d3b8700 .functor NOT 1, L_000002074cfa1630, C4<0>, C4<0>, C4<0>;
L_000002074d3b8230 .functor AND 1, L_000002074cfa0050, L_000002074cfa09b0, C4<1>, C4<1>;
L_000002074d3b82a0 .functor AND 1, L_000002074cfa19f0, L_000002074cfa1450, C4<1>, C4<1>;
L_000002074d3b8930 .functor AND 1, L_000002074cfa16d0, L_000002074cfa0550, C4<1>, C4<1>;
L_000002074d3b89a0 .functor AND 1, L_000002074cfa0230, L_000002074cf9fdd0, C4<1>, C4<1>;
L_000002074d3b8a10 .functor AND 1, L_000002074cfa1bd0, L_000002074cf9ffb0, C4<1>, C4<1>;
L_000002074d3b8cb0 .functor AND 1, L_000002074cfa1a90, L_000002074cfa04b0, C4<1>, C4<1>;
L_000002074d3b83f0 .functor AND 1, L_000002074cfa00f0, L_000002074cfa0eb0, C4<1>, C4<1>;
L_000002074d3b8380 .functor AND 1, L_000002074cfa0910, L_000002074cfa05f0, C4<1>, C4<1>;
L_000002074d3b8d20 .functor AND 1, L_000002074cfa1310, L_000002074cfa0a50, C4<1>, C4<1>;
L_000002074cfa4850 .functor AND 1, L_000002074cfa02d0, L_000002074cfa0f50, C4<1>, C4<1>;
L_000002074cfa4150 .functor AND 1, L_000002074cfa1770, L_000002074cfa0ff0, C4<1>, C4<1>;
L_000002074cfa4af0 .functor AND 1, L_000002074cfa14f0, L_000002074cf9fe70, C4<1>, C4<1>;
v000002074cf28380_0 .net "ANc", 11 0, L_000002074cfa1b30;  1 drivers
v000002074cf291e0_0 .net "ANe", 11 0, v000002074cf888d0_0;  1 drivers
v000002074cf284c0_0 .net "Nc", 7 0, L_000002074cfa07d0;  alias, 1 drivers
v000002074cf290a0_0 .net *"_ivl_0", 31 0, L_000002074cf872f0;  1 drivers
v000002074cf28a60_0 .net *"_ivl_10", 0 0, L_000002074cf22390;  1 drivers
v000002074cf28b00_0 .net *"_ivl_100", 0 0, L_000002074cf9d710;  1 drivers
v000002074cf28420_0 .net *"_ivl_102", 0 0, L_000002074cf9e890;  1 drivers
v000002074cf28100_0 .net *"_ivl_104", 0 0, L_000002074cf9e930;  1 drivers
v000002074cf29be0_0 .net *"_ivl_106", 0 0, L_000002074cf9d7b0;  1 drivers
v000002074cf29d20_0 .net *"_ivl_107", 0 0, L_000002074d3b84d0;  1 drivers
v000002074cf28740_0 .net *"_ivl_110", 0 0, L_000002074cf9dfd0;  1 drivers
v000002074cf29c80_0 .net *"_ivl_112", 0 0, L_000002074cf9de90;  1 drivers
v000002074cf29dc0_0 .net *"_ivl_114", 0 0, L_000002074cf9e570;  1 drivers
v000002074cf29f00_0 .net *"_ivl_116", 0 0, L_000002074cf9df30;  1 drivers
v000002074cf28920_0 .net *"_ivl_117", 0 0, L_000002074d3b8fc0;  1 drivers
v000002074cf28600_0 .net *"_ivl_120", 0 0, L_000002074cf9e4d0;  1 drivers
v000002074cf281a0_0 .net *"_ivl_122", 0 0, L_000002074cf9eb10;  1 drivers
v000002074cf28240_0 .net *"_ivl_124", 0 0, L_000002074cf9d850;  1 drivers
v000002074cf28560_0 .net *"_ivl_126", 0 0, L_000002074cf9ce50;  1 drivers
v000002074cf29780_0 .net *"_ivl_127", 0 0, L_000002074d3b85b0;  1 drivers
v000002074cf286a0_0 .net *"_ivl_13", 0 0, L_000002074cf88510;  1 drivers
v000002074cf293c0_0 .net *"_ivl_130", 0 0, L_000002074cf9ebb0;  1 drivers
v000002074cf287e0_0 .net *"_ivl_132", 0 0, L_000002074cf9cd10;  1 drivers
v000002074cf298c0_0 .net *"_ivl_134", 0 0, L_000002074cf9d990;  1 drivers
v000002074cf28880_0 .net *"_ivl_136", 0 0, L_000002074cf9cdb0;  1 drivers
v000002074cf289c0_0 .net *"_ivl_137", 0 0, L_000002074d3b8d90;  1 drivers
v000002074cf28c40_0 .net *"_ivl_14", 0 0, L_000002074cf22240;  1 drivers
v000002074cf28ce0_0 .net *"_ivl_141", 0 0, L_000002074cf9da30;  1 drivers
v000002074cf29500_0 .net *"_ivl_143", 0 0, L_000002074cf9cf90;  1 drivers
v000002074cf29140_0 .net *"_ivl_145", 0 0, L_000002074cf9d030;  1 drivers
v000002074cf28f60_0 .net *"_ivl_147", 0 0, L_000002074cf9dad0;  1 drivers
v000002074cf28d80_0 .net *"_ivl_148", 0 0, L_000002074d3b8e00;  1 drivers
v000002074cf28ec0_0 .net *"_ivl_151", 0 0, L_000002074cf9d170;  1 drivers
v000002074cf29000_0 .net *"_ivl_152", 0 0, L_000002074d3b8b60;  1 drivers
v000002074cf29460_0 .net *"_ivl_155", 0 0, L_000002074cfa0af0;  1 drivers
v000002074cf29280_0 .net *"_ivl_156", 0 0, L_000002074d3b8150;  1 drivers
v000002074cf29320_0 .net *"_ivl_159", 0 0, L_000002074cfa13b0;  1 drivers
v000002074cf295a0_0 .net *"_ivl_160", 0 0, L_000002074d3b88c0;  1 drivers
v000002074cf29640_0 .net *"_ivl_163", 0 0, L_000002074cfa0730;  1 drivers
v000002074cf29820_0 .net *"_ivl_164", 0 0, L_000002074d3b8620;  1 drivers
v000002074cf296e0_0 .net *"_ivl_167", 0 0, L_000002074cfa1950;  1 drivers
v000002074cf29a00_0 .net *"_ivl_168", 0 0, L_000002074d3b8bd0;  1 drivers
v000002074cf1e560_0 .net *"_ivl_17", 0 0, L_000002074cf885b0;  1 drivers
v000002074cf1e880_0 .net *"_ivl_171", 0 0, L_000002074cf9ff10;  1 drivers
v000002074cf1ece0_0 .net *"_ivl_172", 0 0, L_000002074d3b8c40;  1 drivers
v000002074cf1dde0_0 .net *"_ivl_175", 0 0, L_000002074cfa0690;  1 drivers
v000002074cf1e100_0 .net *"_ivl_176", 0 0, L_000002074d3b8770;  1 drivers
v000002074cf1ee20_0 .net *"_ivl_179", 0 0, L_000002074cfa0190;  1 drivers
v000002074cf1f320_0 .net *"_ivl_18", 0 0, L_000002074cf226a0;  1 drivers
v000002074cf1ef60_0 .net *"_ivl_180", 0 0, L_000002074d3b8310;  1 drivers
v000002074cf1f3c0_0 .net *"_ivl_183", 0 0, L_000002074cfa0410;  1 drivers
v000002074cf1f6e0_0 .net *"_ivl_184", 0 0, L_000002074d3b8ee0;  1 drivers
v000002074cefe210_0 .net *"_ivl_187", 0 0, L_000002074cfa18b0;  1 drivers
v000002074cf858d0_0 .net *"_ivl_188", 0 0, L_000002074d3b8690;  1 drivers
v000002074cf85790_0 .net *"_ivl_191", 0 0, L_000002074cfa1810;  1 drivers
v000002074cf85330_0 .net *"_ivl_192", 0 0, L_000002074d3b8700;  1 drivers
v000002074cf84e30_0 .net *"_ivl_196", 0 0, L_000002074cfa1630;  1 drivers
v000002074cf860f0_0 .net *"_ivl_197", 0 0, L_000002074d3b8230;  1 drivers
v000002074cf84b10_0 .net *"_ivl_200", 0 0, L_000002074cfa0050;  1 drivers
v000002074cf853d0_0 .net *"_ivl_202", 0 0, L_000002074cfa09b0;  1 drivers
v000002074cf84f70_0 .net *"_ivl_203", 0 0, L_000002074d3b82a0;  1 drivers
v000002074cf85d30_0 .net *"_ivl_206", 0 0, L_000002074cfa19f0;  1 drivers
v000002074cf84890_0 .net *"_ivl_208", 0 0, L_000002074cfa1450;  1 drivers
v000002074cf85970_0 .net *"_ivl_209", 0 0, L_000002074d3b8930;  1 drivers
v000002074cf84a70_0 .net *"_ivl_21", 0 0, L_000002074cf87070;  1 drivers
v000002074cf84cf0_0 .net *"_ivl_212", 0 0, L_000002074cfa16d0;  1 drivers
v000002074cf864b0_0 .net *"_ivl_214", 0 0, L_000002074cfa0550;  1 drivers
v000002074cf86230_0 .net *"_ivl_215", 0 0, L_000002074d3b89a0;  1 drivers
v000002074cf86550_0 .net *"_ivl_218", 0 0, L_000002074cfa0230;  1 drivers
v000002074cf850b0_0 .net *"_ivl_22", 0 0, L_000002074cf22400;  1 drivers
v000002074cf84bb0_0 .net *"_ivl_220", 0 0, L_000002074cf9fdd0;  1 drivers
v000002074cf85470_0 .net *"_ivl_221", 0 0, L_000002074d3b8a10;  1 drivers
v000002074cf84d90_0 .net *"_ivl_224", 0 0, L_000002074cfa1bd0;  1 drivers
v000002074cf85a10_0 .net *"_ivl_226", 0 0, L_000002074cf9ffb0;  1 drivers
v000002074cf84c50_0 .net *"_ivl_227", 0 0, L_000002074d3b8cb0;  1 drivers
v000002074cf86690_0 .net *"_ivl_230", 0 0, L_000002074cfa1a90;  1 drivers
v000002074cf85ab0_0 .net *"_ivl_232", 0 0, L_000002074cfa04b0;  1 drivers
v000002074cf855b0_0 .net *"_ivl_233", 0 0, L_000002074d3b83f0;  1 drivers
v000002074cf865f0_0 .net *"_ivl_236", 0 0, L_000002074cfa00f0;  1 drivers
v000002074cf85150_0 .net *"_ivl_238", 0 0, L_000002074cfa0eb0;  1 drivers
v000002074cf851f0_0 .net *"_ivl_239", 0 0, L_000002074d3b8380;  1 drivers
v000002074cf849d0_0 .net *"_ivl_242", 0 0, L_000002074cfa0910;  1 drivers
v000002074cf85830_0 .net *"_ivl_244", 0 0, L_000002074cfa05f0;  1 drivers
v000002074cf86370_0 .net *"_ivl_245", 0 0, L_000002074d3b8d20;  1 drivers
v000002074cf84ed0_0 .net *"_ivl_248", 0 0, L_000002074cfa1310;  1 drivers
v000002074cf862d0_0 .net *"_ivl_250", 0 0, L_000002074cfa0a50;  1 drivers
v000002074cf85010_0 .net *"_ivl_251", 0 0, L_000002074cfa4850;  1 drivers
v000002074cf85c90_0 .net *"_ivl_254", 0 0, L_000002074cfa02d0;  1 drivers
v000002074cf86730_0 .net *"_ivl_256", 0 0, L_000002074cfa0f50;  1 drivers
v000002074cf85dd0_0 .net *"_ivl_257", 0 0, L_000002074cfa4150;  1 drivers
v000002074cf85290_0 .net *"_ivl_26", 0 0, L_000002074cf88830;  1 drivers
v000002074cf85e70_0 .net *"_ivl_260", 0 0, L_000002074cfa1770;  1 drivers
v000002074cf85b50_0 .net *"_ivl_262", 0 0, L_000002074cfa0ff0;  1 drivers
v000002074cf85bf0_0 .net *"_ivl_263", 0 0, L_000002074cfa4af0;  1 drivers
v000002074cf85f10_0 .net *"_ivl_267", 0 0, L_000002074cfa14f0;  1 drivers
v000002074cf85fb0_0 .net *"_ivl_269", 0 0, L_000002074cf9fe70;  1 drivers
v000002074cf86050_0 .net *"_ivl_27", 0 0, L_000002074d3b8540;  1 drivers
v000002074cf85510_0 .net *"_ivl_270", 31 0, L_000002074cfa0370;  1 drivers
L_000002074d370118 .functor BUFT 1, C4<00000000000000000000>, C4<0>, C4<0>, C4<0>;
v000002074cf85650_0 .net *"_ivl_273", 19 0, L_000002074d370118;  1 drivers
L_000002074d370160 .functor BUFT 1, C4<00000000000000000000000000001101>, C4<0>, C4<0>, C4<0>;
v000002074cf86190_0 .net/2u *"_ivl_274", 31 0, L_000002074d370160;  1 drivers
v000002074cf856f0_0 .net *"_ivl_276", 31 0, L_000002074cfa1590;  1 drivers
L_000002074d370088 .functor BUFT 1, C4<00000000000000000000>, C4<0>, C4<0>, C4<0>;
v000002074cf86410_0 .net *"_ivl_3", 19 0, L_000002074d370088;  1 drivers
v000002074cf84930_0 .net *"_ivl_30", 0 0, L_000002074cf9d670;  1 drivers
v000002074cf88b50_0 .net *"_ivl_32", 0 0, L_000002074cf9e2f0;  1 drivers
v000002074cf87570_0 .net *"_ivl_34", 0 0, L_000002074cf9d490;  1 drivers
v000002074cf86e90_0 .net *"_ivl_36", 0 0, L_000002074cf9d2b0;  1 drivers
v000002074cf879d0_0 .net *"_ivl_37", 0 0, L_000002074d3b87e0;  1 drivers
L_000002074d3700d0 .functor BUFT 1, C4<00000000000000000000000000001101>, C4<0>, C4<0>, C4<0>;
v000002074cf871b0_0 .net/2u *"_ivl_4", 31 0, L_000002074d3700d0;  1 drivers
v000002074cf881f0_0 .net *"_ivl_40", 0 0, L_000002074cf9db70;  1 drivers
v000002074cf87430_0 .net *"_ivl_42", 0 0, L_000002074cf9d350;  1 drivers
v000002074cf88ab0_0 .net *"_ivl_44", 0 0, L_000002074cf9e390;  1 drivers
v000002074cf87750_0 .net *"_ivl_46", 0 0, L_000002074cf9e430;  1 drivers
v000002074cf88010_0 .net *"_ivl_47", 0 0, L_000002074d3b8f50;  1 drivers
v000002074cf87e30_0 .net *"_ivl_50", 0 0, L_000002074cf9e9d0;  1 drivers
v000002074cf86f30_0 .net *"_ivl_52", 0 0, L_000002074cf9dd50;  1 drivers
v000002074cf876b0_0 .net *"_ivl_54", 0 0, L_000002074cf9e250;  1 drivers
v000002074cf877f0_0 .net *"_ivl_56", 0 0, L_000002074cf9dcb0;  1 drivers
v000002074cf87b10_0 .net *"_ivl_57", 0 0, L_000002074d3b8af0;  1 drivers
v000002074cf87a70_0 .net *"_ivl_6", 31 0, L_000002074cf88650;  1 drivers
v000002074cf87110_0 .net *"_ivl_60", 0 0, L_000002074cf9ea70;  1 drivers
v000002074cf88a10_0 .net *"_ivl_62", 0 0, L_000002074cf9e070;  1 drivers
v000002074cf886f0_0 .net *"_ivl_64", 0 0, L_000002074cf9ddf0;  1 drivers
v000002074cf88290_0 .net *"_ivl_66", 0 0, L_000002074cf9dc10;  1 drivers
v000002074cf87cf0_0 .net *"_ivl_67", 0 0, L_000002074d3b80e0;  1 drivers
v000002074cf87610_0 .net *"_ivl_70", 0 0, L_000002074cf9d3f0;  1 drivers
v000002074cf87bb0_0 .net *"_ivl_72", 0 0, L_000002074cf9d530;  1 drivers
v000002074cf87d90_0 .net *"_ivl_74", 0 0, L_000002074cf9e1b0;  1 drivers
v000002074cf88970_0 .net *"_ivl_76", 0 0, L_000002074cf9e110;  1 drivers
v000002074cf87f70_0 .net *"_ivl_77", 0 0, L_000002074d3b8e70;  1 drivers
v000002074cf883d0_0 .net *"_ivl_80", 0 0, L_000002074cf9d0d0;  1 drivers
v000002074cf87890_0 .net *"_ivl_82", 0 0, L_000002074cf9e610;  1 drivers
v000002074cf880b0_0 .net *"_ivl_84", 0 0, L_000002074cf9e7f0;  1 drivers
v000002074cf86fd0_0 .net *"_ivl_86", 0 0, L_000002074cf9d5d0;  1 drivers
v000002074cf86cb0_0 .net *"_ivl_87", 0 0, L_000002074d3b8a80;  1 drivers
v000002074cf88790_0 .net *"_ivl_90", 0 0, L_000002074cf9e6b0;  1 drivers
v000002074cf87930_0 .net *"_ivl_92", 0 0, L_000002074cf9d210;  1 drivers
v000002074cf87390_0 .net *"_ivl_94", 0 0, L_000002074cf9d8f0;  1 drivers
v000002074cf88330_0 .net *"_ivl_96", 0 0, L_000002074cf9e750;  1 drivers
v000002074cf86d50_0 .net *"_ivl_97", 0 0, L_000002074d3b8850;  1 drivers
v000002074cf86df0_0 .net "error_bit", 11 0, L_000002074cf9cef0;  1 drivers
v000002074cf87c50_0 .net "mod_tri", 3 0, L_000002074cf88470;  1 drivers
v000002074cf874d0_0 .net "not_error_bit", 11 0, L_000002074cf9fd30;  1 drivers
v000002074cf87ed0_0 .net "not_mod_tri", 3 0, L_000002074cf87250;  1 drivers
L_000002074cf872f0 .concat [ 12 20 0 0], v000002074cf888d0_0, L_000002074d370088;
L_000002074cf88650 .arith/mod 32, L_000002074cf872f0, L_000002074d3700d0;
L_000002074cf88470 .part L_000002074cf88650, 0, 4;
L_000002074cf88510 .part L_000002074cf88470, 0, 1;
L_000002074cf885b0 .part L_000002074cf88470, 1, 1;
L_000002074cf87070 .part L_000002074cf88470, 2, 1;
L_000002074cf87250 .concat8 [ 1 1 1 1], L_000002074cf22390, L_000002074cf22240, L_000002074cf226a0, L_000002074cf22400;
L_000002074cf88830 .part L_000002074cf88470, 3, 1;
L_000002074cf9d670 .part L_000002074cf88470, 0, 1;
L_000002074cf9e2f0 .part L_000002074cf87250, 1, 1;
L_000002074cf9d490 .part L_000002074cf87250, 2, 1;
L_000002074cf9d2b0 .part L_000002074cf87250, 3, 1;
L_000002074cf9db70 .part L_000002074cf87250, 0, 1;
L_000002074cf9d350 .part L_000002074cf88470, 1, 1;
L_000002074cf9e390 .part L_000002074cf87250, 2, 1;
L_000002074cf9e430 .part L_000002074cf87250, 3, 1;
L_000002074cf9e9d0 .part L_000002074cf88470, 0, 1;
L_000002074cf9dd50 .part L_000002074cf88470, 1, 1;
L_000002074cf9e250 .part L_000002074cf87250, 2, 1;
L_000002074cf9dcb0 .part L_000002074cf87250, 3, 1;
L_000002074cf9ea70 .part L_000002074cf87250, 0, 1;
L_000002074cf9e070 .part L_000002074cf87250, 1, 1;
L_000002074cf9ddf0 .part L_000002074cf88470, 2, 1;
L_000002074cf9dc10 .part L_000002074cf87250, 3, 1;
L_000002074cf9d3f0 .part L_000002074cf88470, 0, 1;
L_000002074cf9d530 .part L_000002074cf87250, 1, 1;
L_000002074cf9e1b0 .part L_000002074cf88470, 2, 1;
L_000002074cf9e110 .part L_000002074cf87250, 3, 1;
L_000002074cf9d0d0 .part L_000002074cf87250, 0, 1;
L_000002074cf9e610 .part L_000002074cf88470, 1, 1;
L_000002074cf9e7f0 .part L_000002074cf88470, 2, 1;
L_000002074cf9d5d0 .part L_000002074cf87250, 3, 1;
L_000002074cf9e6b0 .part L_000002074cf88470, 0, 1;
L_000002074cf9d210 .part L_000002074cf88470, 1, 1;
L_000002074cf9d8f0 .part L_000002074cf88470, 2, 1;
L_000002074cf9e750 .part L_000002074cf87250, 3, 1;
L_000002074cf9d710 .part L_000002074cf87250, 0, 1;
L_000002074cf9e890 .part L_000002074cf87250, 1, 1;
L_000002074cf9e930 .part L_000002074cf87250, 2, 1;
L_000002074cf9d7b0 .part L_000002074cf88470, 3, 1;
L_000002074cf9dfd0 .part L_000002074cf88470, 0, 1;
L_000002074cf9de90 .part L_000002074cf87250, 1, 1;
L_000002074cf9e570 .part L_000002074cf87250, 2, 1;
L_000002074cf9df30 .part L_000002074cf88470, 3, 1;
L_000002074cf9e4d0 .part L_000002074cf87250, 0, 1;
L_000002074cf9eb10 .part L_000002074cf88470, 1, 1;
L_000002074cf9d850 .part L_000002074cf87250, 2, 1;
L_000002074cf9ce50 .part L_000002074cf88470, 3, 1;
L_000002074cf9ebb0 .part L_000002074cf88470, 0, 1;
L_000002074cf9cd10 .part L_000002074cf88470, 1, 1;
L_000002074cf9d990 .part L_000002074cf87250, 2, 1;
L_000002074cf9cdb0 .part L_000002074cf88470, 3, 1;
LS_000002074cf9cef0_0_0 .concat8 [ 1 1 1 1], L_000002074d3b8540, L_000002074d3b87e0, L_000002074d3b8af0, L_000002074d3b8850;
LS_000002074cf9cef0_0_4 .concat8 [ 1 1 1 1], L_000002074d3b8f50, L_000002074d3b8e70, L_000002074d3b8d90, L_000002074d3b85b0;
LS_000002074cf9cef0_0_8 .concat8 [ 1 1 1 1], L_000002074d3b84d0, L_000002074d3b80e0, L_000002074d3b8fc0, L_000002074d3b8a80;
L_000002074cf9cef0 .concat8 [ 4 4 4 0], LS_000002074cf9cef0_0_0, LS_000002074cf9cef0_0_4, LS_000002074cf9cef0_0_8;
L_000002074cf9da30 .part L_000002074cf87250, 0, 1;
L_000002074cf9cf90 .part L_000002074cf87250, 1, 1;
L_000002074cf9d030 .part L_000002074cf88470, 2, 1;
L_000002074cf9dad0 .part L_000002074cf88470, 3, 1;
L_000002074cf9d170 .part L_000002074cf9cef0, 0, 1;
L_000002074cfa0af0 .part L_000002074cf9cef0, 1, 1;
L_000002074cfa13b0 .part L_000002074cf9cef0, 2, 1;
L_000002074cfa0730 .part L_000002074cf9cef0, 3, 1;
L_000002074cfa1950 .part L_000002074cf9cef0, 4, 1;
L_000002074cf9ff10 .part L_000002074cf9cef0, 5, 1;
L_000002074cfa0690 .part L_000002074cf9cef0, 6, 1;
L_000002074cfa0190 .part L_000002074cf9cef0, 7, 1;
L_000002074cfa0410 .part L_000002074cf9cef0, 8, 1;
L_000002074cfa18b0 .part L_000002074cf9cef0, 9, 1;
L_000002074cfa1810 .part L_000002074cf9cef0, 10, 1;
LS_000002074cf9fd30_0_0 .concat8 [ 1 1 1 1], L_000002074d3b8e00, L_000002074d3b8b60, L_000002074d3b8150, L_000002074d3b88c0;
LS_000002074cf9fd30_0_4 .concat8 [ 1 1 1 1], L_000002074d3b8620, L_000002074d3b8bd0, L_000002074d3b8c40, L_000002074d3b8770;
LS_000002074cf9fd30_0_8 .concat8 [ 1 1 1 1], L_000002074d3b8310, L_000002074d3b8ee0, L_000002074d3b8690, L_000002074d3b8700;
L_000002074cf9fd30 .concat8 [ 4 4 4 0], LS_000002074cf9fd30_0_0, LS_000002074cf9fd30_0_4, LS_000002074cf9fd30_0_8;
L_000002074cfa1630 .part L_000002074cf9cef0, 11, 1;
L_000002074cfa0050 .part L_000002074cf9fd30, 0, 1;
L_000002074cfa09b0 .part v000002074cf888d0_0, 0, 1;
L_000002074cfa19f0 .part L_000002074cf9fd30, 1, 1;
L_000002074cfa1450 .part v000002074cf888d0_0, 1, 1;
L_000002074cfa16d0 .part L_000002074cf9fd30, 2, 1;
L_000002074cfa0550 .part v000002074cf888d0_0, 2, 1;
L_000002074cfa0230 .part L_000002074cf9fd30, 3, 1;
L_000002074cf9fdd0 .part v000002074cf888d0_0, 3, 1;
L_000002074cfa1bd0 .part L_000002074cf9fd30, 4, 1;
L_000002074cf9ffb0 .part v000002074cf888d0_0, 4, 1;
L_000002074cfa1a90 .part L_000002074cf9fd30, 5, 1;
L_000002074cfa04b0 .part v000002074cf888d0_0, 5, 1;
L_000002074cfa00f0 .part L_000002074cf9fd30, 6, 1;
L_000002074cfa0eb0 .part v000002074cf888d0_0, 6, 1;
L_000002074cfa0910 .part L_000002074cf9fd30, 7, 1;
L_000002074cfa05f0 .part v000002074cf888d0_0, 7, 1;
L_000002074cfa1310 .part L_000002074cf9fd30, 8, 1;
L_000002074cfa0a50 .part v000002074cf888d0_0, 8, 1;
L_000002074cfa02d0 .part L_000002074cf9fd30, 9, 1;
L_000002074cfa0f50 .part v000002074cf888d0_0, 9, 1;
L_000002074cfa1770 .part L_000002074cf9fd30, 10, 1;
L_000002074cfa0ff0 .part v000002074cf888d0_0, 10, 1;
LS_000002074cfa1b30_0_0 .concat8 [ 1 1 1 1], L_000002074d3b8230, L_000002074d3b82a0, L_000002074d3b8930, L_000002074d3b89a0;
LS_000002074cfa1b30_0_4 .concat8 [ 1 1 1 1], L_000002074d3b8a10, L_000002074d3b8cb0, L_000002074d3b83f0, L_000002074d3b8380;
LS_000002074cfa1b30_0_8 .concat8 [ 1 1 1 1], L_000002074d3b8d20, L_000002074cfa4850, L_000002074cfa4150, L_000002074cfa4af0;
L_000002074cfa1b30 .concat8 [ 4 4 4 0], LS_000002074cfa1b30_0_0, LS_000002074cfa1b30_0_4, LS_000002074cfa1b30_0_8;
L_000002074cfa14f0 .part L_000002074cf9fd30, 11, 1;
L_000002074cf9fe70 .part v000002074cf888d0_0, 11, 1;
L_000002074cfa0370 .concat [ 12 20 0 0], L_000002074cfa1b30, L_000002074d370118;
L_000002074cfa1590 .arith/div 32, L_000002074cfa0370, L_000002074d370160;
L_000002074cfa07d0 .part L_000002074cfa1590, 0, 8;
    .scope S_000002074cf13df0;
T_0 ;
    %vpi_call 2 11 "$dumpfile", "./files/Uni_LH_20221007_1057/A13N252.vcd" {0 0 0};
    %vpi_call 2 12 "$dumpvars", 32'sb00000000000000000000000000000000, S_000002074cf13df0 {0 0 0};
    %pushi/vec4 0, 0, 12;
    %store/vec4 v000002074cf888d0_0, 0, 12;
    %pushi/vec4 3277, 0, 12;
    %store/vec4 v000002074cf888d0_0, 0, 12;
    %delay 10, 0;
    %pushi/vec4 3278, 0, 12;
    %store/vec4 v000002074cf888d0_0, 0, 12;
    %delay 10, 0;
    %pushi/vec4 3292, 0, 12;
    %store/vec4 v000002074cf888d0_0, 0, 12;
    %delay 10, 0;
    %pushi/vec4 3308, 0, 12;
    %store/vec4 v000002074cf888d0_0, 0, 12;
    %delay 10, 0;
    %pushi/vec4 3532, 0, 12;
    %store/vec4 v000002074cf888d0_0, 0, 12;
    %delay 10, 0;
    %pushi/vec4 3788, 0, 12;
    %store/vec4 v000002074cf888d0_0, 0, 12;
    %delay 10, 0;
    %vpi_call 2 22 "$finish" {0 0 0};
    %end;
    .thread T_0;
# The file index is used to find the file name in the following table.
:file_names 4;
    "N/A";
    "<interactive>";
    "./files/Uni_LH_20221007_1057/ANdecoder_Uni_LH_13_tb_for_N_252.v";
    "./files/Uni_LH_20221007_1057/ANdecoder_Uni_LH_13_for_N_252.v";
