#! /c/Source/iverilog-install/bin/vvp
:ivl_version "12.0 (devel)" "(s20150603-1110-g18392a46)";
:ivl_delay_selection "TYPICAL";
:vpi_time_precision + 0;
:vpi_module "C:\iverilog\lib\ivl\system.vpi";
:vpi_module "C:\iverilog\lib\ivl\vhdl_sys.vpi";
:vpi_module "C:\iverilog\lib\ivl\vhdl_textio.vpi";
:vpi_module "C:\iverilog\lib\ivl\v2005_math.vpi";
:vpi_module "C:\iverilog\lib\ivl\va_math.vpi";
S_00000244cbea3170 .scope module, "ANdecoder_tb" "ANdecoder_tb" 2 5;
 .timescale 0 0;
v00000244cc2bf1a0_0 .var "ANe", 17 0;
v00000244cc2be0c0_0 .net "Nc", 11 0, L_00000244cc326270;  1 drivers
S_00000244cbea3300 .scope module, "D0" "ANdecoder" 2 9, 3 7 0, S_00000244cbea3170;
 .timescale 0 0;
    .port_info 0 /INPUT 18 "ANe";
    .port_info 1 /OUTPUT 12 "Nc";
L_00000244cbe53c00 .functor NOT 1, L_00000244cc2bed40, C4<0>, C4<0>, C4<0>;
L_00000244cbe53f10 .functor NOT 1, L_00000244cc2be840, C4<0>, C4<0>, C4<0>;
L_00000244cbe54060 .functor NOT 1, L_00000244cc2bf060, C4<0>, C4<0>, C4<0>;
L_00000244cc318dc0 .functor NOT 1, L_00000244cc2beac0, C4<0>, C4<0>, C4<0>;
L_00000244cc318ce0 .functor NOT 1, L_00000244cc2bf6a0, C4<0>, C4<0>, C4<0>;
L_00000244cc318c70 .functor NOT 1, L_00000244cc2bf740, C4<0>, C4<0>, C4<0>;
L_00000244cc319220/0/0 .functor AND 1, L_00000244cc2be520, L_00000244cc2bef20, L_00000244cc2bf600, L_00000244cc2bf2e0;
L_00000244cc319220/0/4 .functor AND 1, L_00000244cc2be700, L_00000244cc2befc0, C4<1>, C4<1>;
L_00000244cc319220 .functor AND 1, L_00000244cc319220/0/0, L_00000244cc319220/0/4, C4<1>, C4<1>;
L_00000244cc318f10/0/0 .functor AND 1, L_00000244cc2be5c0, L_00000244cc2be8e0, L_00000244cc2be980, L_00000244cc2bea20;
L_00000244cc318f10/0/4 .functor AND 1, L_00000244cc2bede0, L_00000244cc2bee80, C4<1>, C4<1>;
L_00000244cc318f10 .functor AND 1, L_00000244cc318f10/0/0, L_00000244cc318f10/0/4, C4<1>, C4<1>;
L_00000244cc319140/0/0 .functor AND 1, L_00000244cc2bf100, L_00000244cc2bf240, L_00000244cc2bf380, L_00000244cc2bf4c0;
L_00000244cc319140/0/4 .functor AND 1, L_00000244cc2bf560, L_00000244cc2be160, C4<1>, C4<1>;
L_00000244cc319140 .functor AND 1, L_00000244cc319140/0/0, L_00000244cc319140/0/4, C4<1>, C4<1>;
L_00000244cc318ff0/0/0 .functor AND 1, L_00000244cc2be200, L_00000244cc2be340, L_00000244cc319f50, L_00000244cc31b7b0;
L_00000244cc318ff0/0/4 .functor AND 1, L_00000244cc31b670, L_00000244cc31a810, C4<1>, C4<1>;
L_00000244cc318ff0 .functor AND 1, L_00000244cc318ff0/0/0, L_00000244cc318ff0/0/4, C4<1>, C4<1>;
L_00000244cc319680/0/0 .functor AND 1, L_00000244cc31b030, L_00000244cc31b710, L_00000244cc31b210, L_00000244cc31a8b0;
L_00000244cc319680/0/4 .functor AND 1, L_00000244cc31ab30, L_00000244cc31a950, C4<1>, C4<1>;
L_00000244cc319680 .functor AND 1, L_00000244cc319680/0/0, L_00000244cc319680/0/4, C4<1>, C4<1>;
L_00000244cc318d50/0/0 .functor AND 1, L_00000244cc319ff0, L_00000244cc31b350, L_00000244cc31b3f0, L_00000244cc31b5d0;
L_00000244cc318d50/0/4 .functor AND 1, L_00000244cc31a590, L_00000244cc31bdf0, C4<1>, C4<1>;
L_00000244cc318d50 .functor AND 1, L_00000244cc318d50/0/0, L_00000244cc318d50/0/4, C4<1>, C4<1>;
L_00000244cc3191b0/0/0 .functor AND 1, L_00000244cc31b850, L_00000244cc31b170, L_00000244cc319a50, L_00000244cc31a270;
L_00000244cc3191b0/0/4 .functor AND 1, L_00000244cc31aef0, L_00000244cc31a6d0, C4<1>, C4<1>;
L_00000244cc3191b0 .functor AND 1, L_00000244cc3191b0/0/0, L_00000244cc3191b0/0/4, C4<1>, C4<1>;
L_00000244cc318a40/0/0 .functor AND 1, L_00000244cc31bb70, L_00000244cc31ac70, L_00000244cc31a090, L_00000244cc319eb0;
L_00000244cc318a40/0/4 .functor AND 1, L_00000244cc3199b0, L_00000244cc31a770, C4<1>, C4<1>;
L_00000244cc318a40 .functor AND 1, L_00000244cc318a40/0/0, L_00000244cc318a40/0/4, C4<1>, C4<1>;
L_00000244cc319290/0/0 .functor AND 1, L_00000244cc319d70, L_00000244cc31be90, L_00000244cc31b490, L_00000244cc31b530;
L_00000244cc319290/0/4 .functor AND 1, L_00000244cc319910, L_00000244cc31b8f0, C4<1>, C4<1>;
L_00000244cc319290 .functor AND 1, L_00000244cc319290/0/0, L_00000244cc319290/0/4, C4<1>, C4<1>;
L_00000244cc3188f0/0/0 .functor AND 1, L_00000244cc31ae50, L_00000244cc31bf30, L_00000244cc31bfd0, L_00000244cc31a130;
L_00000244cc3188f0/0/4 .functor AND 1, L_00000244cc31ad10, L_00000244cc31abd0, C4<1>, C4<1>;
L_00000244cc3188f0 .functor AND 1, L_00000244cc3188f0/0/0, L_00000244cc3188f0/0/4, C4<1>, C4<1>;
L_00000244cc3193e0/0/0 .functor AND 1, L_00000244cc31adb0, L_00000244cc31c070, L_00000244cc31b990, L_00000244cc31ba30;
L_00000244cc3193e0/0/4 .functor AND 1, L_00000244cc319e10, L_00000244cc31b0d0, C4<1>, C4<1>;
L_00000244cc3193e0 .functor AND 1, L_00000244cc3193e0/0/0, L_00000244cc3193e0/0/4, C4<1>, C4<1>;
L_00000244cc3197d0/0/0 .functor AND 1, L_00000244cc319af0, L_00000244cc31bad0, L_00000244cc31a1d0, L_00000244cc31bc10;
L_00000244cc3197d0/0/4 .functor AND 1, L_00000244cc319b90, L_00000244cc31bcb0, C4<1>, C4<1>;
L_00000244cc3197d0 .functor AND 1, L_00000244cc3197d0/0/0, L_00000244cc3197d0/0/4, C4<1>, C4<1>;
L_00000244cc3195a0/0/0 .functor AND 1, L_00000244cc31bd50, L_00000244cc31af90, L_00000244cc319c30, L_00000244cc319cd0;
L_00000244cc3195a0/0/4 .functor AND 1, L_00000244cc31a310, L_00000244cc31a3b0, C4<1>, C4<1>;
L_00000244cc3195a0 .functor AND 1, L_00000244cc3195a0/0/0, L_00000244cc3195a0/0/4, C4<1>, C4<1>;
L_00000244cc319450/0/0 .functor AND 1, L_00000244cc31b2b0, L_00000244cc31a450, L_00000244cc31a4f0, L_00000244cc31a630;
L_00000244cc319450/0/4 .functor AND 1, L_00000244cc31a9f0, L_00000244cc31aa90, C4<1>, C4<1>;
L_00000244cc319450 .functor AND 1, L_00000244cc319450/0/0, L_00000244cc319450/0/4, C4<1>, C4<1>;
L_00000244cc319300/0/0 .functor AND 1, L_00000244cc31ced0, L_00000244cc31d150, L_00000244cc31c390, L_00000244cc31d290;
L_00000244cc319300/0/4 .functor AND 1, L_00000244cc31d330, L_00000244cc31c250, C4<1>, C4<1>;
L_00000244cc319300 .functor AND 1, L_00000244cc319300/0/0, L_00000244cc319300/0/4, C4<1>, C4<1>;
L_00000244cc3190d0/0/0 .functor AND 1, L_00000244cc31d3d0, L_00000244cc31c610, L_00000244cc31d010, L_00000244cc31c7f0;
L_00000244cc3190d0/0/4 .functor AND 1, L_00000244cc31c930, L_00000244cc31c430, C4<1>, C4<1>;
L_00000244cc3190d0 .functor AND 1, L_00000244cc3190d0/0/0, L_00000244cc3190d0/0/4, C4<1>, C4<1>;
L_00000244cc3194c0/0/0 .functor AND 1, L_00000244cc31c9d0, L_00000244cc31d510, L_00000244cc31d5b0, L_00000244cc31c6b0;
L_00000244cc3194c0/0/4 .functor AND 1, L_00000244cc31d650, L_00000244cc31c4d0, C4<1>, C4<1>;
L_00000244cc3194c0 .functor AND 1, L_00000244cc3194c0/0/0, L_00000244cc3194c0/0/4, C4<1>, C4<1>;
L_00000244cc319530/0/0 .functor AND 1, L_00000244cc31c1b0, L_00000244cc31d470, L_00000244cc31d6f0, L_00000244cc31ccf0;
L_00000244cc319530/0/4 .functor AND 1, L_00000244cc31d790, L_00000244cc31c110, C4<1>, C4<1>;
L_00000244cc319530 .functor AND 1, L_00000244cc319530/0/0, L_00000244cc319530/0/4, C4<1>, C4<1>;
L_00000244cc319370/0/0 .functor AND 1, L_00000244cc31d1f0, L_00000244cc31c2f0, L_00000244cc31c570, L_00000244cc31c750;
L_00000244cc319370/0/4 .functor AND 1, L_00000244cc31cc50, L_00000244cc31c890, C4<1>, C4<1>;
L_00000244cc319370 .functor AND 1, L_00000244cc319370/0/0, L_00000244cc319370/0/4, C4<1>, C4<1>;
L_00000244cc319610/0/0 .functor AND 1, L_00000244cc31ca70, L_00000244cc31cb10, L_00000244cc31cbb0, L_00000244cc31cd90;
L_00000244cc319610/0/4 .functor AND 1, L_00000244cc31ce30, L_00000244cc31cf70, C4<1>, C4<1>;
L_00000244cc319610 .functor AND 1, L_00000244cc319610/0/0, L_00000244cc319610/0/4, C4<1>, C4<1>;
L_00000244cc3196f0/0/0 .functor AND 1, L_00000244cc31d0b0, L_00000244cc322670, L_00000244cc321db0, L_00000244cc322030;
L_00000244cc3196f0/0/4 .functor AND 1, L_00000244cc3211d0, L_00000244cc322710, C4<1>, C4<1>;
L_00000244cc3196f0 .functor AND 1, L_00000244cc3196f0/0/0, L_00000244cc3196f0/0/4, C4<1>, C4<1>;
L_00000244cc318ab0/0/0 .functor AND 1, L_00000244cc321bd0, L_00000244cc321a90, L_00000244cc3209b0, L_00000244cc320a50;
L_00000244cc318ab0/0/4 .functor AND 1, L_00000244cc321810, L_00000244cc321e50, C4<1>, C4<1>;
L_00000244cc318ab0 .functor AND 1, L_00000244cc318ab0/0/0, L_00000244cc318ab0/0/4, C4<1>, C4<1>;
L_00000244cc318e30/0/0 .functor AND 1, L_00000244cc320550, L_00000244cc321630, L_00000244cc3227b0, L_00000244cc322850;
L_00000244cc318e30/0/4 .functor AND 1, L_00000244cc320f50, L_00000244cc322a30, C4<1>, C4<1>;
L_00000244cc318e30 .functor AND 1, L_00000244cc318e30/0/0, L_00000244cc318e30/0/4, C4<1>, C4<1>;
L_00000244cc318960/0/0 .functor AND 1, L_00000244cc321d10, L_00000244cc321c70, L_00000244cc321950, L_00000244cc320d70;
L_00000244cc318960/0/4 .functor AND 1, L_00000244cc3218b0, L_00000244cc322350, C4<1>, C4<1>;
L_00000244cc318960 .functor AND 1, L_00000244cc318960/0/0, L_00000244cc318960/0/4, C4<1>, C4<1>;
L_00000244cc319760/0/0 .functor AND 1, L_00000244cc3228f0, L_00000244cc322990, L_00000244cc320ff0, L_00000244cc322ad0;
L_00000244cc319760/0/4 .functor AND 1, L_00000244cc320b90, L_00000244cc3223f0, C4<1>, C4<1>;
L_00000244cc319760 .functor AND 1, L_00000244cc319760/0/0, L_00000244cc319760/0/4, C4<1>, C4<1>;
L_00000244cc3189d0/0/0 .functor AND 1, L_00000244cc322490, L_00000244cc322b70, L_00000244cc3219f0, L_00000244cc322c10;
L_00000244cc3189d0/0/4 .functor AND 1, L_00000244cc3205f0, L_00000244cc321ef0, C4<1>, C4<1>;
L_00000244cc3189d0 .functor AND 1, L_00000244cc3189d0/0/0, L_00000244cc3189d0/0/4, C4<1>, C4<1>;
L_00000244cc318b20/0/0 .functor AND 1, L_00000244cc320690, L_00000244cc321f90, L_00000244cc3220d0, L_00000244cc320c30;
L_00000244cc318b20/0/4 .functor AND 1, L_00000244cc322170, L_00000244cc322210, C4<1>, C4<1>;
L_00000244cc318b20 .functor AND 1, L_00000244cc318b20/0/0, L_00000244cc318b20/0/4, C4<1>, C4<1>;
L_00000244cc318b90/0/0 .functor AND 1, L_00000244cc321b30, L_00000244cc321090, L_00000244cc322cb0, L_00000244cc321310;
L_00000244cc318b90/0/4 .functor AND 1, L_00000244cc322530, L_00000244cc3222b0, C4<1>, C4<1>;
L_00000244cc318b90 .functor AND 1, L_00000244cc318b90/0/0, L_00000244cc318b90/0/4, C4<1>, C4<1>;
L_00000244cc318ea0/0/0 .functor AND 1, L_00000244cc3213b0, L_00000244cc320cd0, L_00000244cc3225d0, L_00000244cc320730;
L_00000244cc318ea0/0/4 .functor AND 1, L_00000244cc3207d0, L_00000244cc320870, C4<1>, C4<1>;
L_00000244cc318ea0 .functor AND 1, L_00000244cc318ea0/0/0, L_00000244cc318ea0/0/4, C4<1>, C4<1>;
L_00000244cc318f80/0/0 .functor AND 1, L_00000244cc320910, L_00000244cc320af0, L_00000244cc321130, L_00000244cc3214f0;
L_00000244cc318f80/0/4 .functor AND 1, L_00000244cc320e10, L_00000244cc320eb0, C4<1>, C4<1>;
L_00000244cc318f80 .functor AND 1, L_00000244cc318f80/0/0, L_00000244cc318f80/0/4, C4<1>, C4<1>;
L_00000244cc318c00/0/0 .functor AND 1, L_00000244cc321270, L_00000244cc321450, L_00000244cc321590, L_00000244cc3216d0;
L_00000244cc318c00/0/4 .functor AND 1, L_00000244cc321770, L_00000244cc325230, C4<1>, C4<1>;
L_00000244cc318c00 .functor AND 1, L_00000244cc318c00/0/0, L_00000244cc318c00/0/4, C4<1>, C4<1>;
L_00000244cc319060/0/0 .functor AND 1, L_00000244cc324510, L_00000244cc324470, L_00000244cc324150, L_00000244cc323570;
L_00000244cc319060/0/4 .functor AND 1, L_00000244cc3240b0, L_00000244cc325410, C4<1>, C4<1>;
L_00000244cc319060 .functor AND 1, L_00000244cc319060/0/0, L_00000244cc319060/0/4, C4<1>, C4<1>;
L_00000244cc32aca0/0/0 .functor AND 1, L_00000244cc3237f0, L_00000244cc3239d0, L_00000244cc3250f0, L_00000244cc323250;
L_00000244cc32aca0/0/4 .functor AND 1, L_00000244cc3241f0, L_00000244cc324290, C4<1>, C4<1>;
L_00000244cc32aca0 .functor AND 1, L_00000244cc32aca0/0/0, L_00000244cc32aca0/0/4, C4<1>, C4<1>;
L_00000244cc32ae60/0/0 .functor AND 1, L_00000244cc323930, L_00000244cc3254b0, L_00000244cc3236b0, L_00000244cc324ab0;
L_00000244cc32ae60/0/4 .functor AND 1, L_00000244cc324bf0, L_00000244cc322d50, C4<1>, C4<1>;
L_00000244cc32ae60 .functor AND 1, L_00000244cc32ae60/0/0, L_00000244cc32ae60/0/4, C4<1>, C4<1>;
L_00000244cc32b170/0/0 .functor AND 1, L_00000244cc3245b0, L_00000244cc324b50, L_00000244cc3232f0, L_00000244cc323610;
L_00000244cc32b170/0/4 .functor AND 1, L_00000244cc323750, L_00000244cc323890, C4<1>, C4<1>;
L_00000244cc32b170 .functor AND 1, L_00000244cc32b170/0/0, L_00000244cc32b170/0/4, C4<1>, C4<1>;
L_00000244cc32b9c0/0/0 .functor AND 1, L_00000244cc323e30, L_00000244cc323a70, L_00000244cc323b10, L_00000244cc324e70;
L_00000244cc32b9c0/0/4 .functor AND 1, L_00000244cc324830, L_00000244cc324330, C4<1>, C4<1>;
L_00000244cc32b9c0 .functor AND 1, L_00000244cc32b9c0/0/0, L_00000244cc32b9c0/0/4, C4<1>, C4<1>;
L_00000244cc32ba30 .functor OR 1, L_00000244cc323430, L_00000244cc323f70, C4<0>, C4<0>;
L_00000244cc32b640 .functor OR 1, L_00000244cc3243d0, L_00000244cc323bb0, C4<0>, C4<0>;
L_00000244cc32ad10 .functor OR 1, L_00000244cc324650, L_00000244cc3246f0, C4<0>, C4<0>;
L_00000244cc32b950 .functor OR 1, L_00000244cc324c90, L_00000244cc324790, C4<0>, C4<0>;
L_00000244cc32b5d0 .functor OR 1, L_00000244cc3248d0, L_00000244cc323c50, C4<0>, C4<0>;
L_00000244cc32ac30 .functor OR 1, L_00000244cc323cf0, L_00000244cc323d90, C4<0>, C4<0>;
L_00000244cc32baa0 .functor OR 1, L_00000244cc324d30, L_00000244cc323070, C4<0>, C4<0>;
L_00000244cc32af40 .functor OR 1, L_00000244cc323110, L_00000244cc322df0, C4<0>, C4<0>;
L_00000244cc32abc0 .functor OR 1, L_00000244cc323390, L_00000244cc323ed0, C4<0>, C4<0>;
L_00000244cc32b100 .functor OR 1, L_00000244cc324970, L_00000244cc324010, C4<0>, C4<0>;
L_00000244cc32ad80 .functor OR 1, L_00000244cc324dd0, L_00000244cc324a10, C4<0>, C4<0>;
L_00000244cc32b800 .functor OR 1, L_00000244cc324f10, L_00000244cc3231b0, C4<0>, C4<0>;
L_00000244cc32adf0 .functor OR 1, L_00000244cc324fb0, L_00000244cc325050, C4<0>, C4<0>;
L_00000244cc32afb0 .functor OR 1, L_00000244cc325190, L_00000244cc3252d0, C4<0>, C4<0>;
L_00000244cc32b1e0 .functor OR 1, L_00000244cc325370, L_00000244cc322e90, C4<0>, C4<0>;
L_00000244cc32aed0 .functor OR 1, L_00000244cc322f30, L_00000244cc322fd0, C4<0>, C4<0>;
L_00000244cc32b8e0 .functor OR 1, L_00000244cc326bd0, L_00000244cc3270d0, C4<0>, C4<0>;
L_00000244cc32b020 .functor OR 1, L_00000244cc326c70, L_00000244cc326a90, C4<0>, C4<0>;
L_00000244cc32b480/0/0 .functor OR 1, L_00000244cc325b90, L_00000244cc326db0, L_00000244cc326b30, L_00000244cc3277b0;
L_00000244cc32b480/0/4 .functor OR 1, L_00000244cc3268b0, L_00000244cc325cd0, L_00000244cc326130, L_00000244cc327c10;
L_00000244cc32b480/0/8 .functor OR 1, L_00000244cc325eb0, L_00000244cc3272b0, L_00000244cc3273f0, L_00000244cc325550;
L_00000244cc32b480/0/12 .functor OR 1, L_00000244cc3264f0, L_00000244cc3275d0, L_00000244cc325910, L_00000244cc3255f0;
L_00000244cc32b480/0/16 .functor OR 1, L_00000244cc325690, L_00000244cc326d10, C4<0>, C4<0>;
L_00000244cc32b480/1/0 .functor OR 1, L_00000244cc32b480/0/0, L_00000244cc32b480/0/4, L_00000244cc32b480/0/8, L_00000244cc32b480/0/12;
L_00000244cc32b480/1/4 .functor OR 1, L_00000244cc32b480/0/16, C4<0>, C4<0>, C4<0>;
L_00000244cc32b480 .functor OR 1, L_00000244cc32b480/1/0, L_00000244cc32b480/1/4, C4<0>, C4<0>;
v00000244cbe964b0_0 .net "ANc", 17 0, L_00000244cc325ff0;  1 drivers
v00000244cbe960f0_0 .net "ANe", 17 0, v00000244cc2bf1a0_0;  1 drivers
v00000244cbe969b0_0 .net "Nc", 11 0, L_00000244cc326270;  alias, 1 drivers
v00000244cbe96cd0_0 .net *"_ivl_0", 31 0, L_00000244cc2bf420;  1 drivers
v00000244cbe96a50_0 .net *"_ivl_10", 0 0, L_00000244cbe53c00;  1 drivers
v00000244cbe976d0_0 .net *"_ivl_100", 0 0, L_00000244cc31a8b0;  1 drivers
v00000244cbe97770_0 .net *"_ivl_102", 0 0, L_00000244cc31ab30;  1 drivers
v00000244cbe97b30_0 .net *"_ivl_104", 0 0, L_00000244cc31a950;  1 drivers
v00000244cbe96230_0 .net *"_ivl_105", 0 0, L_00000244cc318d50;  1 drivers
v00000244cbe96550_0 .net *"_ivl_108", 0 0, L_00000244cc319ff0;  1 drivers
v00000244cbe96730_0 .net *"_ivl_110", 0 0, L_00000244cc31b350;  1 drivers
v00000244cbe96af0_0 .net *"_ivl_112", 0 0, L_00000244cc31b3f0;  1 drivers
v00000244cbe96d70_0 .net *"_ivl_114", 0 0, L_00000244cc31b5d0;  1 drivers
v00000244cbe96b90_0 .net *"_ivl_116", 0 0, L_00000244cc31a590;  1 drivers
v00000244cbe967d0_0 .net *"_ivl_118", 0 0, L_00000244cc31bdf0;  1 drivers
v00000244cbe96870_0 .net *"_ivl_119", 0 0, L_00000244cc3191b0;  1 drivers
v00000244cbe971d0_0 .net *"_ivl_122", 0 0, L_00000244cc31b850;  1 drivers
v00000244cbe97130_0 .net *"_ivl_124", 0 0, L_00000244cc31b170;  1 drivers
v00000244cbe96e10_0 .net *"_ivl_126", 0 0, L_00000244cc319a50;  1 drivers
v00000244cbe97090_0 .net *"_ivl_128", 0 0, L_00000244cc31a270;  1 drivers
v00000244cbe8b020_0 .net *"_ivl_13", 0 0, L_00000244cc2bed40;  1 drivers
v00000244cbe8abc0_0 .net *"_ivl_130", 0 0, L_00000244cc31aef0;  1 drivers
v00000244cbe8ad00_0 .net *"_ivl_132", 0 0, L_00000244cc31a6d0;  1 drivers
v00000244cbe8b5c0_0 .net *"_ivl_133", 0 0, L_00000244cc318a40;  1 drivers
v00000244cbe8bb60_0 .net *"_ivl_136", 0 0, L_00000244cc31bb70;  1 drivers
v00000244cbe8a760_0 .net *"_ivl_138", 0 0, L_00000244cc31ac70;  1 drivers
v00000244cbe8be80_0 .net *"_ivl_14", 0 0, L_00000244cbe53f10;  1 drivers
v00000244cbe8bf20_0 .net *"_ivl_140", 0 0, L_00000244cc31a090;  1 drivers
v00000244cbe8b0c0_0 .net *"_ivl_142", 0 0, L_00000244cc319eb0;  1 drivers
v00000244cbe1a830_0 .net *"_ivl_144", 0 0, L_00000244cc3199b0;  1 drivers
v00000244cbe1ae70_0 .net *"_ivl_146", 0 0, L_00000244cc31a770;  1 drivers
v00000244cbe70760_0 .net *"_ivl_147", 0 0, L_00000244cc319290;  1 drivers
v00000244cbe6f220_0 .net *"_ivl_150", 0 0, L_00000244cc319d70;  1 drivers
v00000244cbe63140_0 .net *"_ivl_152", 0 0, L_00000244cc31be90;  1 drivers
v00000244cbe5cdb0_0 .net *"_ivl_154", 0 0, L_00000244cc31b490;  1 drivers
v00000244cbe7cef0_0 .net *"_ivl_156", 0 0, L_00000244cc31b530;  1 drivers
v00000244cbe15090_0 .net *"_ivl_158", 0 0, L_00000244cc319910;  1 drivers
v00000244cc2b1500_0 .net *"_ivl_160", 0 0, L_00000244cc31b8f0;  1 drivers
v00000244cc2b1000_0 .net *"_ivl_161", 0 0, L_00000244cc3188f0;  1 drivers
v00000244cc2b0740_0 .net *"_ivl_164", 0 0, L_00000244cc31ae50;  1 drivers
v00000244cc2b01a0_0 .net *"_ivl_166", 0 0, L_00000244cc31bf30;  1 drivers
v00000244cc2b0c40_0 .net *"_ivl_168", 0 0, L_00000244cc31bfd0;  1 drivers
v00000244cc2b0ce0_0 .net *"_ivl_17", 0 0, L_00000244cc2be840;  1 drivers
v00000244cc2b1e60_0 .net *"_ivl_170", 0 0, L_00000244cc31a130;  1 drivers
v00000244cc2b1be0_0 .net *"_ivl_172", 0 0, L_00000244cc31ad10;  1 drivers
v00000244cc2b1820_0 .net *"_ivl_174", 0 0, L_00000244cc31abd0;  1 drivers
v00000244cc2b07e0_0 .net *"_ivl_175", 0 0, L_00000244cc3193e0;  1 drivers
v00000244cc2b1a00_0 .net *"_ivl_178", 0 0, L_00000244cc31adb0;  1 drivers
v00000244cc2b18c0_0 .net *"_ivl_18", 0 0, L_00000244cbe54060;  1 drivers
v00000244cc2b0060_0 .net *"_ivl_180", 0 0, L_00000244cc31c070;  1 drivers
v00000244cc2b1960_0 .net *"_ivl_182", 0 0, L_00000244cc31b990;  1 drivers
v00000244cc2b1280_0 .net *"_ivl_184", 0 0, L_00000244cc31ba30;  1 drivers
v00000244cc2b1dc0_0 .net *"_ivl_186", 0 0, L_00000244cc319e10;  1 drivers
v00000244cc2b1320_0 .net *"_ivl_188", 0 0, L_00000244cc31b0d0;  1 drivers
v00000244cc2b0100_0 .net *"_ivl_189", 0 0, L_00000244cc3197d0;  1 drivers
v00000244cc2b0e20_0 .net *"_ivl_192", 0 0, L_00000244cc319af0;  1 drivers
v00000244cc2b09c0_0 .net *"_ivl_194", 0 0, L_00000244cc31bad0;  1 drivers
v00000244cc2b0a60_0 .net *"_ivl_196", 0 0, L_00000244cc31a1d0;  1 drivers
v00000244cc2b1c80_0 .net *"_ivl_198", 0 0, L_00000244cc31bc10;  1 drivers
v00000244cc2b1640_0 .net *"_ivl_200", 0 0, L_00000244cc319b90;  1 drivers
v00000244cc2b0880_0 .net *"_ivl_202", 0 0, L_00000244cc31bcb0;  1 drivers
v00000244cc2b1f00_0 .net *"_ivl_203", 0 0, L_00000244cc3195a0;  1 drivers
v00000244cc2b1aa0_0 .net *"_ivl_206", 0 0, L_00000244cc31bd50;  1 drivers
v00000244cc2b16e0_0 .net *"_ivl_208", 0 0, L_00000244cc31af90;  1 drivers
v00000244cc2b0920_0 .net *"_ivl_21", 0 0, L_00000244cc2bf060;  1 drivers
v00000244cc2b1d20_0 .net *"_ivl_210", 0 0, L_00000244cc319c30;  1 drivers
v00000244cc2b0420_0 .net *"_ivl_212", 0 0, L_00000244cc319cd0;  1 drivers
v00000244cc2b0d80_0 .net *"_ivl_214", 0 0, L_00000244cc31a310;  1 drivers
v00000244cc2b0b00_0 .net *"_ivl_216", 0 0, L_00000244cc31a3b0;  1 drivers
v00000244cc2b0ec0_0 .net *"_ivl_217", 0 0, L_00000244cc319450;  1 drivers
v00000244cc2b06a0_0 .net *"_ivl_22", 0 0, L_00000244cc318dc0;  1 drivers
v00000244cc2b0f60_0 .net *"_ivl_220", 0 0, L_00000244cc31b2b0;  1 drivers
v00000244cc2b0ba0_0 .net *"_ivl_222", 0 0, L_00000244cc31a450;  1 drivers
v00000244cc2b10a0_0 .net *"_ivl_224", 0 0, L_00000244cc31a4f0;  1 drivers
v00000244cc2b13c0_0 .net *"_ivl_226", 0 0, L_00000244cc31a630;  1 drivers
v00000244cc2b0240_0 .net *"_ivl_228", 0 0, L_00000244cc31a9f0;  1 drivers
v00000244cc2b1140_0 .net *"_ivl_230", 0 0, L_00000244cc31aa90;  1 drivers
v00000244cc2b11e0_0 .net *"_ivl_231", 0 0, L_00000244cc319300;  1 drivers
v00000244cc2b1460_0 .net *"_ivl_234", 0 0, L_00000244cc31ced0;  1 drivers
v00000244cc2b0380_0 .net *"_ivl_236", 0 0, L_00000244cc31d150;  1 drivers
v00000244cc2b0600_0 .net *"_ivl_238", 0 0, L_00000244cc31c390;  1 drivers
v00000244cc2b15a0_0 .net *"_ivl_240", 0 0, L_00000244cc31d290;  1 drivers
v00000244cc2b1780_0 .net *"_ivl_242", 0 0, L_00000244cc31d330;  1 drivers
v00000244cc2b1b40_0 .net *"_ivl_244", 0 0, L_00000244cc31c250;  1 drivers
v00000244cc2b02e0_0 .net *"_ivl_245", 0 0, L_00000244cc3190d0;  1 drivers
v00000244cc2b04c0_0 .net *"_ivl_248", 0 0, L_00000244cc31d3d0;  1 drivers
v00000244cc2b0560_0 .net *"_ivl_25", 0 0, L_00000244cc2beac0;  1 drivers
v00000244cc2b50a0_0 .net *"_ivl_250", 0 0, L_00000244cc31c610;  1 drivers
v00000244cc2b4e20_0 .net *"_ivl_252", 0 0, L_00000244cc31d010;  1 drivers
v00000244cc2b5dc0_0 .net *"_ivl_254", 0 0, L_00000244cc31c7f0;  1 drivers
v00000244cc2b4d80_0 .net *"_ivl_256", 0 0, L_00000244cc31c930;  1 drivers
v00000244cc2b53c0_0 .net *"_ivl_258", 0 0, L_00000244cc31c430;  1 drivers
v00000244cc2b5280_0 .net *"_ivl_259", 0 0, L_00000244cc3194c0;  1 drivers
v00000244cc2b5460_0 .net *"_ivl_26", 0 0, L_00000244cc318ce0;  1 drivers
v00000244cc2b5500_0 .net *"_ivl_262", 0 0, L_00000244cc31c9d0;  1 drivers
v00000244cc2b4ce0_0 .net *"_ivl_264", 0 0, L_00000244cc31d510;  1 drivers
v00000244cc2b5e60_0 .net *"_ivl_266", 0 0, L_00000244cc31d5b0;  1 drivers
v00000244cc2b4c40_0 .net *"_ivl_268", 0 0, L_00000244cc31c6b0;  1 drivers
v00000244cc2b4b00_0 .net *"_ivl_270", 0 0, L_00000244cc31d650;  1 drivers
v00000244cc2b5820_0 .net *"_ivl_272", 0 0, L_00000244cc31c4d0;  1 drivers
v00000244cc2b4ec0_0 .net *"_ivl_273", 0 0, L_00000244cc319530;  1 drivers
v00000244cc2b55a0_0 .net *"_ivl_276", 0 0, L_00000244cc31c1b0;  1 drivers
v00000244cc2b4ba0_0 .net *"_ivl_278", 0 0, L_00000244cc31d470;  1 drivers
v00000244cc2b58c0_0 .net *"_ivl_280", 0 0, L_00000244cc31d6f0;  1 drivers
v00000244cc2b4f60_0 .net *"_ivl_282", 0 0, L_00000244cc31ccf0;  1 drivers
v00000244cc2b5640_0 .net *"_ivl_284", 0 0, L_00000244cc31d790;  1 drivers
v00000244cc2b5320_0 .net *"_ivl_286", 0 0, L_00000244cc31c110;  1 drivers
v00000244cc2b5000_0 .net *"_ivl_287", 0 0, L_00000244cc319370;  1 drivers
v00000244cc2b5780_0 .net *"_ivl_29", 0 0, L_00000244cc2bf6a0;  1 drivers
v00000244cc2b5960_0 .net *"_ivl_290", 0 0, L_00000244cc31d1f0;  1 drivers
v00000244cc2b49c0_0 .net *"_ivl_292", 0 0, L_00000244cc31c2f0;  1 drivers
v00000244cc2b5140_0 .net *"_ivl_294", 0 0, L_00000244cc31c570;  1 drivers
v00000244cc2b51e0_0 .net *"_ivl_296", 0 0, L_00000244cc31c750;  1 drivers
v00000244cc2b4880_0 .net *"_ivl_298", 0 0, L_00000244cc31cc50;  1 drivers
L_00000244cc2c0888 .functor BUFT 1, C4<00000000000000>, C4<0>, C4<0>, C4<0>;
v00000244cc2b56e0_0 .net *"_ivl_3", 13 0, L_00000244cc2c0888;  1 drivers
v00000244cc2b5a00_0 .net *"_ivl_30", 0 0, L_00000244cc318c70;  1 drivers
v00000244cc2b5aa0_0 .net *"_ivl_300", 0 0, L_00000244cc31c890;  1 drivers
v00000244cc2b5b40_0 .net *"_ivl_301", 0 0, L_00000244cc319610;  1 drivers
v00000244cc2b5be0_0 .net *"_ivl_304", 0 0, L_00000244cc31ca70;  1 drivers
v00000244cc2b5c80_0 .net *"_ivl_306", 0 0, L_00000244cc31cb10;  1 drivers
v00000244cc2b5d20_0 .net *"_ivl_308", 0 0, L_00000244cc31cbb0;  1 drivers
v00000244cc2b5f00_0 .net *"_ivl_310", 0 0, L_00000244cc31cd90;  1 drivers
v00000244cc2b4920_0 .net *"_ivl_312", 0 0, L_00000244cc31ce30;  1 drivers
v00000244cc2b4a60_0 .net *"_ivl_314", 0 0, L_00000244cc31cf70;  1 drivers
v00000244cc2b2ee0_0 .net *"_ivl_315", 0 0, L_00000244cc3196f0;  1 drivers
v00000244cc2b2440_0 .net *"_ivl_318", 0 0, L_00000244cc31d0b0;  1 drivers
v00000244cc2b3ac0_0 .net *"_ivl_320", 0 0, L_00000244cc322670;  1 drivers
v00000244cc2b47e0_0 .net *"_ivl_322", 0 0, L_00000244cc321db0;  1 drivers
v00000244cc2b2760_0 .net *"_ivl_324", 0 0, L_00000244cc322030;  1 drivers
v00000244cc2b4420_0 .net *"_ivl_326", 0 0, L_00000244cc3211d0;  1 drivers
v00000244cc2b4380_0 .net *"_ivl_328", 0 0, L_00000244cc322710;  1 drivers
v00000244cc2b44c0_0 .net *"_ivl_329", 0 0, L_00000244cc318ab0;  1 drivers
v00000244cc2b4600_0 .net *"_ivl_332", 0 0, L_00000244cc321bd0;  1 drivers
v00000244cc2b2260_0 .net *"_ivl_334", 0 0, L_00000244cc321a90;  1 drivers
v00000244cc2b3340_0 .net *"_ivl_336", 0 0, L_00000244cc3209b0;  1 drivers
v00000244cc2b2580_0 .net *"_ivl_338", 0 0, L_00000244cc320a50;  1 drivers
v00000244cc2b2a80_0 .net *"_ivl_34", 0 0, L_00000244cc2bf740;  1 drivers
v00000244cc2b2300_0 .net *"_ivl_340", 0 0, L_00000244cc321810;  1 drivers
v00000244cc2b2da0_0 .net *"_ivl_342", 0 0, L_00000244cc321e50;  1 drivers
v00000244cc2b4740_0 .net *"_ivl_343", 0 0, L_00000244cc318e30;  1 drivers
v00000244cc2b3f20_0 .net *"_ivl_346", 0 0, L_00000244cc320550;  1 drivers
v00000244cc2b29e0_0 .net *"_ivl_348", 0 0, L_00000244cc321630;  1 drivers
v00000244cc2b3b60_0 .net *"_ivl_35", 0 0, L_00000244cc319220;  1 drivers
v00000244cc2b3660_0 .net *"_ivl_350", 0 0, L_00000244cc3227b0;  1 drivers
v00000244cc2b24e0_0 .net *"_ivl_352", 0 0, L_00000244cc322850;  1 drivers
v00000244cc2b2080_0 .net *"_ivl_354", 0 0, L_00000244cc320f50;  1 drivers
v00000244cc2b32a0_0 .net *"_ivl_356", 0 0, L_00000244cc322a30;  1 drivers
v00000244cc2b33e0_0 .net *"_ivl_357", 0 0, L_00000244cc318960;  1 drivers
v00000244cc2b3480_0 .net *"_ivl_360", 0 0, L_00000244cc321d10;  1 drivers
v00000244cc2b4560_0 .net *"_ivl_362", 0 0, L_00000244cc321c70;  1 drivers
v00000244cc2b35c0_0 .net *"_ivl_364", 0 0, L_00000244cc321950;  1 drivers
v00000244cc2b4060_0 .net *"_ivl_366", 0 0, L_00000244cc320d70;  1 drivers
v00000244cc2b3520_0 .net *"_ivl_368", 0 0, L_00000244cc3218b0;  1 drivers
v00000244cc2b3fc0_0 .net *"_ivl_370", 0 0, L_00000244cc322350;  1 drivers
v00000244cc2b46a0_0 .net *"_ivl_371", 0 0, L_00000244cc319760;  1 drivers
v00000244cc2b37a0_0 .net *"_ivl_374", 0 0, L_00000244cc3228f0;  1 drivers
v00000244cc2b2120_0 .net *"_ivl_376", 0 0, L_00000244cc322990;  1 drivers
v00000244cc2b3840_0 .net *"_ivl_378", 0 0, L_00000244cc320ff0;  1 drivers
v00000244cc2b21c0_0 .net *"_ivl_38", 0 0, L_00000244cc2be520;  1 drivers
v00000244cc2b3020_0 .net *"_ivl_380", 0 0, L_00000244cc322ad0;  1 drivers
v00000244cc2b2b20_0 .net *"_ivl_382", 0 0, L_00000244cc320b90;  1 drivers
v00000244cc2b2bc0_0 .net *"_ivl_384", 0 0, L_00000244cc3223f0;  1 drivers
v00000244cc2b3700_0 .net *"_ivl_385", 0 0, L_00000244cc3189d0;  1 drivers
v00000244cc2b23a0_0 .net *"_ivl_388", 0 0, L_00000244cc322490;  1 drivers
v00000244cc2b2620_0 .net *"_ivl_390", 0 0, L_00000244cc322b70;  1 drivers
v00000244cc2b3c00_0 .net *"_ivl_392", 0 0, L_00000244cc3219f0;  1 drivers
v00000244cc2b3200_0 .net *"_ivl_394", 0 0, L_00000244cc322c10;  1 drivers
v00000244cc2b2d00_0 .net *"_ivl_396", 0 0, L_00000244cc3205f0;  1 drivers
v00000244cc2b30c0_0 .net *"_ivl_398", 0 0, L_00000244cc321ef0;  1 drivers
v00000244cc2b26c0_0 .net *"_ivl_399", 0 0, L_00000244cc318b20;  1 drivers
L_00000244cc2c08d0 .functor BUFT 1, C4<00000000000000000000000000100101>, C4<0>, C4<0>, C4<0>;
v00000244cc2b2c60_0 .net/2u *"_ivl_4", 31 0, L_00000244cc2c08d0;  1 drivers
v00000244cc2b2e40_0 .net *"_ivl_40", 0 0, L_00000244cc2bef20;  1 drivers
v00000244cc2b3e80_0 .net *"_ivl_402", 0 0, L_00000244cc320690;  1 drivers
v00000244cc2b38e0_0 .net *"_ivl_404", 0 0, L_00000244cc321f90;  1 drivers
v00000244cc2b4100_0 .net *"_ivl_406", 0 0, L_00000244cc3220d0;  1 drivers
v00000244cc2b2f80_0 .net *"_ivl_408", 0 0, L_00000244cc320c30;  1 drivers
v00000244cc2b2800_0 .net *"_ivl_410", 0 0, L_00000244cc322170;  1 drivers
v00000244cc2b3980_0 .net *"_ivl_412", 0 0, L_00000244cc322210;  1 drivers
v00000244cc2b3ca0_0 .net *"_ivl_413", 0 0, L_00000244cc318b90;  1 drivers
v00000244cc2b42e0_0 .net *"_ivl_416", 0 0, L_00000244cc321b30;  1 drivers
v00000244cc2b28a0_0 .net *"_ivl_418", 0 0, L_00000244cc321090;  1 drivers
v00000244cc2b2940_0 .net *"_ivl_42", 0 0, L_00000244cc2bf600;  1 drivers
v00000244cc2b3160_0 .net *"_ivl_420", 0 0, L_00000244cc322cb0;  1 drivers
v00000244cc2b3a20_0 .net *"_ivl_422", 0 0, L_00000244cc321310;  1 drivers
v00000244cc2b3d40_0 .net *"_ivl_424", 0 0, L_00000244cc322530;  1 drivers
v00000244cc2b3de0_0 .net *"_ivl_426", 0 0, L_00000244cc3222b0;  1 drivers
v00000244cc2b41a0_0 .net *"_ivl_427", 0 0, L_00000244cc318ea0;  1 drivers
v00000244cc2b4240_0 .net *"_ivl_430", 0 0, L_00000244cc3213b0;  1 drivers
v00000244cc2b9c80_0 .net *"_ivl_432", 0 0, L_00000244cc320cd0;  1 drivers
v00000244cc2ba180_0 .net *"_ivl_434", 0 0, L_00000244cc3225d0;  1 drivers
v00000244cc2b96e0_0 .net *"_ivl_436", 0 0, L_00000244cc320730;  1 drivers
v00000244cc2ba360_0 .net *"_ivl_438", 0 0, L_00000244cc3207d0;  1 drivers
v00000244cc2b9140_0 .net *"_ivl_44", 0 0, L_00000244cc2bf2e0;  1 drivers
v00000244cc2b9e60_0 .net *"_ivl_440", 0 0, L_00000244cc320870;  1 drivers
v00000244cc2ba680_0 .net *"_ivl_441", 0 0, L_00000244cc318f80;  1 drivers
v00000244cc2b9460_0 .net *"_ivl_444", 0 0, L_00000244cc320910;  1 drivers
v00000244cc2b9b40_0 .net *"_ivl_446", 0 0, L_00000244cc320af0;  1 drivers
v00000244cc2b9f00_0 .net *"_ivl_448", 0 0, L_00000244cc321130;  1 drivers
v00000244cc2b91e0_0 .net *"_ivl_450", 0 0, L_00000244cc3214f0;  1 drivers
v00000244cc2b9500_0 .net *"_ivl_452", 0 0, L_00000244cc320e10;  1 drivers
v00000244cc2b9280_0 .net *"_ivl_454", 0 0, L_00000244cc320eb0;  1 drivers
v00000244cc2ba400_0 .net *"_ivl_455", 0 0, L_00000244cc318c00;  1 drivers
v00000244cc2b95a0_0 .net *"_ivl_458", 0 0, L_00000244cc321270;  1 drivers
v00000244cc2b9dc0_0 .net *"_ivl_46", 0 0, L_00000244cc2be700;  1 drivers
v00000244cc2ba720_0 .net *"_ivl_460", 0 0, L_00000244cc321450;  1 drivers
v00000244cc2b9780_0 .net *"_ivl_462", 0 0, L_00000244cc321590;  1 drivers
v00000244cc2ba040_0 .net *"_ivl_464", 0 0, L_00000244cc3216d0;  1 drivers
v00000244cc2b9be0_0 .net *"_ivl_466", 0 0, L_00000244cc321770;  1 drivers
v00000244cc2b9640_0 .net *"_ivl_468", 0 0, L_00000244cc325230;  1 drivers
v00000244cc2b9320_0 .net *"_ivl_469", 0 0, L_00000244cc319060;  1 drivers
v00000244cc2b9960_0 .net *"_ivl_472", 0 0, L_00000244cc324510;  1 drivers
v00000244cc2b9a00_0 .net *"_ivl_474", 0 0, L_00000244cc324470;  1 drivers
v00000244cc2b90a0_0 .net *"_ivl_476", 0 0, L_00000244cc324150;  1 drivers
v00000244cc2b93c0_0 .net *"_ivl_478", 0 0, L_00000244cc323570;  1 drivers
v00000244cc2b9820_0 .net *"_ivl_48", 0 0, L_00000244cc2befc0;  1 drivers
v00000244cc2b9fa0_0 .net *"_ivl_480", 0 0, L_00000244cc3240b0;  1 drivers
v00000244cc2b98c0_0 .net *"_ivl_482", 0 0, L_00000244cc325410;  1 drivers
v00000244cc2b9aa0_0 .net *"_ivl_483", 0 0, L_00000244cc32aca0;  1 drivers
v00000244cc2b9d20_0 .net *"_ivl_486", 0 0, L_00000244cc3237f0;  1 drivers
v00000244cc2ba0e0_0 .net *"_ivl_488", 0 0, L_00000244cc3239d0;  1 drivers
v00000244cc2ba220_0 .net *"_ivl_49", 0 0, L_00000244cc318f10;  1 drivers
v00000244cc2ba2c0_0 .net *"_ivl_490", 0 0, L_00000244cc3250f0;  1 drivers
v00000244cc2ba4a0_0 .net *"_ivl_492", 0 0, L_00000244cc323250;  1 drivers
v00000244cc2ba540_0 .net *"_ivl_494", 0 0, L_00000244cc3241f0;  1 drivers
v00000244cc2ba5e0_0 .net *"_ivl_496", 0 0, L_00000244cc324290;  1 drivers
v00000244cc2b7200_0 .net *"_ivl_497", 0 0, L_00000244cc32ae60;  1 drivers
v00000244cc2b7c00_0 .net *"_ivl_500", 0 0, L_00000244cc323930;  1 drivers
v00000244cc2b7a20_0 .net *"_ivl_502", 0 0, L_00000244cc3254b0;  1 drivers
v00000244cc2b7de0_0 .net *"_ivl_504", 0 0, L_00000244cc3236b0;  1 drivers
v00000244cc2b7ca0_0 .net *"_ivl_506", 0 0, L_00000244cc324ab0;  1 drivers
v00000244cc2b70c0_0 .net *"_ivl_508", 0 0, L_00000244cc324bf0;  1 drivers
v00000244cc2b8f60_0 .net *"_ivl_510", 0 0, L_00000244cc322d50;  1 drivers
v00000244cc2b6ee0_0 .net *"_ivl_511", 0 0, L_00000244cc32b170;  1 drivers
v00000244cc2b6d00_0 .net *"_ivl_514", 0 0, L_00000244cc3245b0;  1 drivers
v00000244cc2b8380_0 .net *"_ivl_516", 0 0, L_00000244cc324b50;  1 drivers
v00000244cc2b7340_0 .net *"_ivl_518", 0 0, L_00000244cc3232f0;  1 drivers
v00000244cc2b7d40_0 .net *"_ivl_52", 0 0, L_00000244cc2be5c0;  1 drivers
v00000244cc2b6da0_0 .net *"_ivl_520", 0 0, L_00000244cc323610;  1 drivers
v00000244cc2b8420_0 .net *"_ivl_522", 0 0, L_00000244cc323750;  1 drivers
v00000244cc2b6f80_0 .net *"_ivl_524", 0 0, L_00000244cc323890;  1 drivers
v00000244cc2b7e80_0 .net *"_ivl_525", 0 0, L_00000244cc32b9c0;  1 drivers
v00000244cc2b7b60_0 .net *"_ivl_529", 0 0, L_00000244cc323e30;  1 drivers
v00000244cc2b7480_0 .net *"_ivl_531", 0 0, L_00000244cc323a70;  1 drivers
v00000244cc2b82e0_0 .net *"_ivl_533", 0 0, L_00000244cc323b10;  1 drivers
v00000244cc2b8600_0 .net *"_ivl_535", 0 0, L_00000244cc324e70;  1 drivers
v00000244cc2b6bc0_0 .net *"_ivl_537", 0 0, L_00000244cc324830;  1 drivers
v00000244cc2b7840_0 .net *"_ivl_539", 0 0, L_00000244cc324330;  1 drivers
v00000244cc2b78e0_0 .net *"_ivl_54", 0 0, L_00000244cc2be8e0;  1 drivers
v00000244cc2b68a0_0 .net *"_ivl_540", 0 0, L_00000244cc32ba30;  1 drivers
v00000244cc2b8060_0 .net *"_ivl_543", 0 0, L_00000244cc323430;  1 drivers
v00000244cc2b84c0_0 .net *"_ivl_545", 0 0, L_00000244cc323f70;  1 drivers
v00000244cc2b7160_0 .net *"_ivl_546", 0 0, L_00000244cc32b640;  1 drivers
v00000244cc2b8740_0 .net *"_ivl_549", 0 0, L_00000244cc3243d0;  1 drivers
v00000244cc2b7020_0 .net *"_ivl_551", 0 0, L_00000244cc323bb0;  1 drivers
v00000244cc2b7660_0 .net *"_ivl_552", 0 0, L_00000244cc32ad10;  1 drivers
v00000244cc2b7980_0 .net *"_ivl_555", 0 0, L_00000244cc324650;  1 drivers
v00000244cc2b7fc0_0 .net *"_ivl_557", 0 0, L_00000244cc3246f0;  1 drivers
v00000244cc2b72a0_0 .net *"_ivl_558", 0 0, L_00000244cc32b950;  1 drivers
v00000244cc2b87e0_0 .net *"_ivl_56", 0 0, L_00000244cc2be980;  1 drivers
v00000244cc2b7700_0 .net *"_ivl_561", 0 0, L_00000244cc324c90;  1 drivers
v00000244cc2b6c60_0 .net *"_ivl_563", 0 0, L_00000244cc324790;  1 drivers
v00000244cc2b8560_0 .net *"_ivl_564", 0 0, L_00000244cc32b5d0;  1 drivers
v00000244cc2b9000_0 .net *"_ivl_567", 0 0, L_00000244cc3248d0;  1 drivers
v00000244cc2b73e0_0 .net *"_ivl_569", 0 0, L_00000244cc323c50;  1 drivers
v00000244cc2b8c40_0 .net *"_ivl_570", 0 0, L_00000244cc32ac30;  1 drivers
v00000244cc2b8ba0_0 .net *"_ivl_573", 0 0, L_00000244cc323cf0;  1 drivers
v00000244cc2b8ce0_0 .net *"_ivl_575", 0 0, L_00000244cc323d90;  1 drivers
v00000244cc2b8e20_0 .net *"_ivl_576", 0 0, L_00000244cc32baa0;  1 drivers
v00000244cc2b6a80_0 .net *"_ivl_579", 0 0, L_00000244cc324d30;  1 drivers
v00000244cc2b7f20_0 .net *"_ivl_58", 0 0, L_00000244cc2bea20;  1 drivers
v00000244cc2b7520_0 .net *"_ivl_581", 0 0, L_00000244cc323070;  1 drivers
v00000244cc2b8880_0 .net *"_ivl_582", 0 0, L_00000244cc32af40;  1 drivers
v00000244cc2b75c0_0 .net *"_ivl_585", 0 0, L_00000244cc323110;  1 drivers
v00000244cc2b8ec0_0 .net *"_ivl_587", 0 0, L_00000244cc322df0;  1 drivers
v00000244cc2b81a0_0 .net *"_ivl_588", 0 0, L_00000244cc32abc0;  1 drivers
v00000244cc2b86a0_0 .net *"_ivl_591", 0 0, L_00000244cc323390;  1 drivers
v00000244cc2b7ac0_0 .net *"_ivl_593", 0 0, L_00000244cc323ed0;  1 drivers
v00000244cc2b6940_0 .net *"_ivl_594", 0 0, L_00000244cc32b100;  1 drivers
v00000244cc2b89c0_0 .net *"_ivl_597", 0 0, L_00000244cc324970;  1 drivers
v00000244cc2b8920_0 .net *"_ivl_599", 0 0, L_00000244cc324010;  1 drivers
v00000244cc2b77a0_0 .net *"_ivl_6", 31 0, L_00000244cc2be3e0;  1 drivers
v00000244cc2b8d80_0 .net *"_ivl_60", 0 0, L_00000244cc2bede0;  1 drivers
v00000244cc2b8a60_0 .net *"_ivl_600", 0 0, L_00000244cc32ad80;  1 drivers
v00000244cc2b8b00_0 .net *"_ivl_603", 0 0, L_00000244cc324dd0;  1 drivers
v00000244cc2b8100_0 .net *"_ivl_605", 0 0, L_00000244cc324a10;  1 drivers
v00000244cc2b69e0_0 .net *"_ivl_606", 0 0, L_00000244cc32b800;  1 drivers
v00000244cc2b6b20_0 .net *"_ivl_609", 0 0, L_00000244cc324f10;  1 drivers
v00000244cc2b8240_0 .net *"_ivl_611", 0 0, L_00000244cc3231b0;  1 drivers
v00000244cc2b6e40_0 .net *"_ivl_612", 0 0, L_00000244cc32adf0;  1 drivers
v00000244cc2bcd60_0 .net *"_ivl_615", 0 0, L_00000244cc324fb0;  1 drivers
v00000244cc2bcea0_0 .net *"_ivl_617", 0 0, L_00000244cc325050;  1 drivers
v00000244cc2bd580_0 .net *"_ivl_618", 0 0, L_00000244cc32afb0;  1 drivers
v00000244cc2bd300_0 .net *"_ivl_62", 0 0, L_00000244cc2bee80;  1 drivers
v00000244cc2bd120_0 .net *"_ivl_621", 0 0, L_00000244cc325190;  1 drivers
v00000244cc2bc540_0 .net *"_ivl_623", 0 0, L_00000244cc3252d0;  1 drivers
v00000244cc2bcc20_0 .net *"_ivl_624", 0 0, L_00000244cc32b1e0;  1 drivers
v00000244cc2bd3a0_0 .net *"_ivl_627", 0 0, L_00000244cc325370;  1 drivers
v00000244cc2bb960_0 .net *"_ivl_629", 0 0, L_00000244cc322e90;  1 drivers
v00000244cc2bccc0_0 .net *"_ivl_63", 0 0, L_00000244cc319140;  1 drivers
v00000244cc2bce00_0 .net *"_ivl_630", 0 0, L_00000244cc32aed0;  1 drivers
v00000244cc2bc4a0_0 .net *"_ivl_633", 0 0, L_00000244cc322f30;  1 drivers
v00000244cc2bcb80_0 .net *"_ivl_635", 0 0, L_00000244cc322fd0;  1 drivers
v00000244cc2bdda0_0 .net *"_ivl_636", 0 0, L_00000244cc32b8e0;  1 drivers
v00000244cc2bd940_0 .net *"_ivl_639", 0 0, L_00000244cc326bd0;  1 drivers
v00000244cc2bb8c0_0 .net *"_ivl_641", 0 0, L_00000244cc3270d0;  1 drivers
v00000244cc2bc2c0_0 .net *"_ivl_642", 0 0, L_00000244cc32b020;  1 drivers
v00000244cc2bc360_0 .net *"_ivl_646", 0 0, L_00000244cc326c70;  1 drivers
v00000244cc2bba00_0 .net *"_ivl_648", 0 0, L_00000244cc326a90;  1 drivers
v00000244cc2bd8a0_0 .net *"_ivl_650", 0 0, L_00000244cc325b90;  1 drivers
v00000244cc2bbfa0_0 .net *"_ivl_652", 0 0, L_00000244cc326db0;  1 drivers
v00000244cc2bdc60_0 .net *"_ivl_654", 0 0, L_00000244cc326b30;  1 drivers
v00000244cc2bd620_0 .net *"_ivl_656", 0 0, L_00000244cc3277b0;  1 drivers
v00000244cc2bd440_0 .net *"_ivl_658", 0 0, L_00000244cc3268b0;  1 drivers
v00000244cc2bbf00_0 .net *"_ivl_66", 0 0, L_00000244cc2bf100;  1 drivers
v00000244cc2bd9e0_0 .net *"_ivl_660", 0 0, L_00000244cc325cd0;  1 drivers
v00000244cc2bbb40_0 .net *"_ivl_662", 0 0, L_00000244cc326130;  1 drivers
v00000244cc2bc680_0 .net *"_ivl_664", 0 0, L_00000244cc327c10;  1 drivers
v00000244cc2bc5e0_0 .net *"_ivl_666", 0 0, L_00000244cc325eb0;  1 drivers
v00000244cc2bbaa0_0 .net *"_ivl_668", 0 0, L_00000244cc3272b0;  1 drivers
v00000244cc2be020_0 .net *"_ivl_670", 0 0, L_00000244cc3273f0;  1 drivers
v00000244cc2bc720_0 .net *"_ivl_672", 0 0, L_00000244cc325550;  1 drivers
v00000244cc2bc400_0 .net *"_ivl_674", 0 0, L_00000244cc3264f0;  1 drivers
v00000244cc2bc7c0_0 .net *"_ivl_676", 0 0, L_00000244cc3275d0;  1 drivers
v00000244cc2bcf40_0 .net *"_ivl_678", 0 0, L_00000244cc325910;  1 drivers
v00000244cc2bda80_0 .net *"_ivl_68", 0 0, L_00000244cc2bf240;  1 drivers
v00000244cc2bc040_0 .net *"_ivl_680", 0 0, L_00000244cc3255f0;  1 drivers
v00000244cc2bc860_0 .net *"_ivl_682", 0 0, L_00000244cc325690;  1 drivers
v00000244cc2bc900_0 .net *"_ivl_684", 0 0, L_00000244cc326d10;  1 drivers
v00000244cc2bbbe0_0 .net *"_ivl_685", 31 0, L_00000244cc327170;  1 drivers
L_00000244cc2c0918 .functor BUFT 1, C4<0000000000000000000000000000000>, C4<0>, C4<0>, C4<0>;
v00000244cc2bbd20_0 .net *"_ivl_688", 30 0, L_00000244cc2c0918;  1 drivers
L_00000244cc2c0960 .functor BUFT 1, C4<00000000000000000000000000000000>, C4<0>, C4<0>, C4<0>;
v00000244cc2bc9a0_0 .net/2u *"_ivl_689", 31 0, L_00000244cc2c0960;  1 drivers
v00000244cc2bd1c0_0 .net *"_ivl_691", 0 0, L_00000244cc325870;  1 drivers
v00000244cc2bca40_0 .net *"_ivl_693", 17 0, L_00000244cc326310;  1 drivers
v00000244cc2bd4e0_0 .net *"_ivl_695", 17 0, L_00000244cc326e50;  1 drivers
v00000244cc2bcfe0_0 .net *"_ivl_699", 31 0, L_00000244cc326ef0;  1 drivers
v00000244cc2bbc80_0 .net *"_ivl_70", 0 0, L_00000244cc2bf380;  1 drivers
L_00000244cc2c09a8 .functor BUFT 1, C4<00000000000000>, C4<0>, C4<0>, C4<0>;
v00000244cc2bcae0_0 .net *"_ivl_702", 13 0, L_00000244cc2c09a8;  1 drivers
L_00000244cc2c09f0 .functor BUFT 1, C4<00000000000000000000000000100101>, C4<0>, C4<0>, C4<0>;
v00000244cc2bdb20_0 .net/2u *"_ivl_703", 31 0, L_00000244cc2c09f0;  1 drivers
v00000244cc2bd080_0 .net *"_ivl_705", 31 0, L_00000244cc325a50;  1 drivers
v00000244cc2bdf80_0 .net *"_ivl_72", 0 0, L_00000244cc2bf4c0;  1 drivers
v00000244cc2bc0e0_0 .net *"_ivl_74", 0 0, L_00000244cc2bf560;  1 drivers
v00000244cc2bd260_0 .net *"_ivl_76", 0 0, L_00000244cc2be160;  1 drivers
v00000244cc2bd6c0_0 .net *"_ivl_77", 0 0, L_00000244cc318ff0;  1 drivers
v00000244cc2bd760_0 .net *"_ivl_80", 0 0, L_00000244cc2be200;  1 drivers
v00000244cc2bd800_0 .net *"_ivl_82", 0 0, L_00000244cc2be340;  1 drivers
v00000244cc2bdbc0_0 .net *"_ivl_84", 0 0, L_00000244cc319f50;  1 drivers
v00000244cc2bdd00_0 .net *"_ivl_86", 0 0, L_00000244cc31b7b0;  1 drivers
v00000244cc2bde40_0 .net *"_ivl_88", 0 0, L_00000244cc31b670;  1 drivers
v00000244cc2bdee0_0 .net *"_ivl_90", 0 0, L_00000244cc31a810;  1 drivers
v00000244cc2bbdc0_0 .net *"_ivl_91", 0 0, L_00000244cc319680;  1 drivers
v00000244cc2bbe60_0 .net *"_ivl_94", 0 0, L_00000244cc31b030;  1 drivers
v00000244cc2bc180_0 .net *"_ivl_96", 0 0, L_00000244cc31b710;  1 drivers
v00000244cc2bc220_0 .net *"_ivl_98", 0 0, L_00000244cc31b210;  1 drivers
v00000244cc2bec00_0 .net "add", 0 0, L_00000244cc32b480;  1 drivers
v00000244cc2be480_0 .net "and_out", 35 0, L_00000244cc3234d0;  1 drivers
v00000244cc2beca0_0 .net "error_bit", 17 0, L_00000244cc325f50;  1 drivers
v00000244cc2beb60_0 .net "mod_tri", 5 0, L_00000244cc2be660;  1 drivers
v00000244cc2be7a0_0 .net "not_mod_tri", 5 0, L_00000244cc2be2a0;  1 drivers
L_00000244cc2bf420 .concat [ 18 14 0 0], v00000244cc2bf1a0_0, L_00000244cc2c0888;
L_00000244cc2be3e0 .arith/mod 32, L_00000244cc2bf420, L_00000244cc2c08d0;
L_00000244cc2be660 .part L_00000244cc2be3e0, 0, 6;
L_00000244cc2bed40 .part L_00000244cc2be660, 0, 1;
L_00000244cc2be840 .part L_00000244cc2be660, 1, 1;
L_00000244cc2bf060 .part L_00000244cc2be660, 2, 1;
L_00000244cc2beac0 .part L_00000244cc2be660, 3, 1;
L_00000244cc2bf6a0 .part L_00000244cc2be660, 4, 1;
LS_00000244cc2be2a0_0_0 .concat8 [ 1 1 1 1], L_00000244cbe53c00, L_00000244cbe53f10, L_00000244cbe54060, L_00000244cc318dc0;
LS_00000244cc2be2a0_0_4 .concat8 [ 1 1 0 0], L_00000244cc318ce0, L_00000244cc318c70;
L_00000244cc2be2a0 .concat8 [ 4 2 0 0], LS_00000244cc2be2a0_0_0, LS_00000244cc2be2a0_0_4;
L_00000244cc2bf740 .part L_00000244cc2be660, 5, 1;
L_00000244cc2be520 .part L_00000244cc2be660, 0, 1;
L_00000244cc2bef20 .part L_00000244cc2be2a0, 1, 1;
L_00000244cc2bf600 .part L_00000244cc2be2a0, 2, 1;
L_00000244cc2bf2e0 .part L_00000244cc2be2a0, 3, 1;
L_00000244cc2be700 .part L_00000244cc2be2a0, 4, 1;
L_00000244cc2befc0 .part L_00000244cc2be2a0, 5, 1;
L_00000244cc2be5c0 .part L_00000244cc2be2a0, 0, 1;
L_00000244cc2be8e0 .part L_00000244cc2be660, 1, 1;
L_00000244cc2be980 .part L_00000244cc2be2a0, 2, 1;
L_00000244cc2bea20 .part L_00000244cc2be2a0, 3, 1;
L_00000244cc2bede0 .part L_00000244cc2be2a0, 4, 1;
L_00000244cc2bee80 .part L_00000244cc2be2a0, 5, 1;
L_00000244cc2bf100 .part L_00000244cc2be660, 0, 1;
L_00000244cc2bf240 .part L_00000244cc2be660, 1, 1;
L_00000244cc2bf380 .part L_00000244cc2be2a0, 2, 1;
L_00000244cc2bf4c0 .part L_00000244cc2be2a0, 3, 1;
L_00000244cc2bf560 .part L_00000244cc2be2a0, 4, 1;
L_00000244cc2be160 .part L_00000244cc2be2a0, 5, 1;
L_00000244cc2be200 .part L_00000244cc2be2a0, 0, 1;
L_00000244cc2be340 .part L_00000244cc2be2a0, 1, 1;
L_00000244cc319f50 .part L_00000244cc2be660, 2, 1;
L_00000244cc31b7b0 .part L_00000244cc2be2a0, 3, 1;
L_00000244cc31b670 .part L_00000244cc2be2a0, 4, 1;
L_00000244cc31a810 .part L_00000244cc2be2a0, 5, 1;
L_00000244cc31b030 .part L_00000244cc2be660, 0, 1;
L_00000244cc31b710 .part L_00000244cc2be2a0, 1, 1;
L_00000244cc31b210 .part L_00000244cc2be660, 2, 1;
L_00000244cc31a8b0 .part L_00000244cc2be2a0, 3, 1;
L_00000244cc31ab30 .part L_00000244cc2be2a0, 4, 1;
L_00000244cc31a950 .part L_00000244cc2be2a0, 5, 1;
L_00000244cc319ff0 .part L_00000244cc2be2a0, 0, 1;
L_00000244cc31b350 .part L_00000244cc2be660, 1, 1;
L_00000244cc31b3f0 .part L_00000244cc2be660, 2, 1;
L_00000244cc31b5d0 .part L_00000244cc2be2a0, 3, 1;
L_00000244cc31a590 .part L_00000244cc2be2a0, 4, 1;
L_00000244cc31bdf0 .part L_00000244cc2be2a0, 5, 1;
L_00000244cc31b850 .part L_00000244cc2be660, 0, 1;
L_00000244cc31b170 .part L_00000244cc2be660, 1, 1;
L_00000244cc319a50 .part L_00000244cc2be660, 2, 1;
L_00000244cc31a270 .part L_00000244cc2be2a0, 3, 1;
L_00000244cc31aef0 .part L_00000244cc2be2a0, 4, 1;
L_00000244cc31a6d0 .part L_00000244cc2be2a0, 5, 1;
L_00000244cc31bb70 .part L_00000244cc2be2a0, 0, 1;
L_00000244cc31ac70 .part L_00000244cc2be2a0, 1, 1;
L_00000244cc31a090 .part L_00000244cc2be2a0, 2, 1;
L_00000244cc319eb0 .part L_00000244cc2be660, 3, 1;
L_00000244cc3199b0 .part L_00000244cc2be2a0, 4, 1;
L_00000244cc31a770 .part L_00000244cc2be2a0, 5, 1;
L_00000244cc319d70 .part L_00000244cc2be660, 0, 1;
L_00000244cc31be90 .part L_00000244cc2be2a0, 1, 1;
L_00000244cc31b490 .part L_00000244cc2be2a0, 2, 1;
L_00000244cc31b530 .part L_00000244cc2be660, 3, 1;
L_00000244cc319910 .part L_00000244cc2be2a0, 4, 1;
L_00000244cc31b8f0 .part L_00000244cc2be2a0, 5, 1;
L_00000244cc31ae50 .part L_00000244cc2be2a0, 0, 1;
L_00000244cc31bf30 .part L_00000244cc2be660, 1, 1;
L_00000244cc31bfd0 .part L_00000244cc2be2a0, 2, 1;
L_00000244cc31a130 .part L_00000244cc2be660, 3, 1;
L_00000244cc31ad10 .part L_00000244cc2be2a0, 4, 1;
L_00000244cc31abd0 .part L_00000244cc2be2a0, 5, 1;
L_00000244cc31adb0 .part L_00000244cc2be660, 0, 1;
L_00000244cc31c070 .part L_00000244cc2be660, 1, 1;
L_00000244cc31b990 .part L_00000244cc2be2a0, 2, 1;
L_00000244cc31ba30 .part L_00000244cc2be660, 3, 1;
L_00000244cc319e10 .part L_00000244cc2be2a0, 4, 1;
L_00000244cc31b0d0 .part L_00000244cc2be2a0, 5, 1;
L_00000244cc319af0 .part L_00000244cc2be2a0, 0, 1;
L_00000244cc31bad0 .part L_00000244cc2be2a0, 1, 1;
L_00000244cc31a1d0 .part L_00000244cc2be660, 2, 1;
L_00000244cc31bc10 .part L_00000244cc2be660, 3, 1;
L_00000244cc319b90 .part L_00000244cc2be2a0, 4, 1;
L_00000244cc31bcb0 .part L_00000244cc2be2a0, 5, 1;
L_00000244cc31bd50 .part L_00000244cc2be660, 0, 1;
L_00000244cc31af90 .part L_00000244cc2be2a0, 1, 1;
L_00000244cc319c30 .part L_00000244cc2be660, 2, 1;
L_00000244cc319cd0 .part L_00000244cc2be660, 3, 1;
L_00000244cc31a310 .part L_00000244cc2be2a0, 4, 1;
L_00000244cc31a3b0 .part L_00000244cc2be2a0, 5, 1;
L_00000244cc31b2b0 .part L_00000244cc2be2a0, 0, 1;
L_00000244cc31a450 .part L_00000244cc2be660, 1, 1;
L_00000244cc31a4f0 .part L_00000244cc2be660, 2, 1;
L_00000244cc31a630 .part L_00000244cc2be660, 3, 1;
L_00000244cc31a9f0 .part L_00000244cc2be2a0, 4, 1;
L_00000244cc31aa90 .part L_00000244cc2be2a0, 5, 1;
L_00000244cc31ced0 .part L_00000244cc2be660, 0, 1;
L_00000244cc31d150 .part L_00000244cc2be660, 1, 1;
L_00000244cc31c390 .part L_00000244cc2be660, 2, 1;
L_00000244cc31d290 .part L_00000244cc2be660, 3, 1;
L_00000244cc31d330 .part L_00000244cc2be2a0, 4, 1;
L_00000244cc31c250 .part L_00000244cc2be2a0, 5, 1;
L_00000244cc31d3d0 .part L_00000244cc2be2a0, 0, 1;
L_00000244cc31c610 .part L_00000244cc2be2a0, 1, 1;
L_00000244cc31d010 .part L_00000244cc2be2a0, 2, 1;
L_00000244cc31c7f0 .part L_00000244cc2be2a0, 3, 1;
L_00000244cc31c930 .part L_00000244cc2be660, 4, 1;
L_00000244cc31c430 .part L_00000244cc2be2a0, 5, 1;
L_00000244cc31c9d0 .part L_00000244cc2be660, 0, 1;
L_00000244cc31d510 .part L_00000244cc2be2a0, 1, 1;
L_00000244cc31d5b0 .part L_00000244cc2be2a0, 2, 1;
L_00000244cc31c6b0 .part L_00000244cc2be2a0, 3, 1;
L_00000244cc31d650 .part L_00000244cc2be660, 4, 1;
L_00000244cc31c4d0 .part L_00000244cc2be2a0, 5, 1;
L_00000244cc31c1b0 .part L_00000244cc2be2a0, 0, 1;
L_00000244cc31d470 .part L_00000244cc2be660, 1, 1;
L_00000244cc31d6f0 .part L_00000244cc2be2a0, 2, 1;
L_00000244cc31ccf0 .part L_00000244cc2be2a0, 3, 1;
L_00000244cc31d790 .part L_00000244cc2be660, 4, 1;
L_00000244cc31c110 .part L_00000244cc2be2a0, 5, 1;
L_00000244cc31d1f0 .part L_00000244cc2be660, 0, 1;
L_00000244cc31c2f0 .part L_00000244cc2be660, 1, 1;
L_00000244cc31c570 .part L_00000244cc2be2a0, 2, 1;
L_00000244cc31c750 .part L_00000244cc2be2a0, 3, 1;
L_00000244cc31cc50 .part L_00000244cc2be660, 4, 1;
L_00000244cc31c890 .part L_00000244cc2be2a0, 5, 1;
L_00000244cc31ca70 .part L_00000244cc2be2a0, 0, 1;
L_00000244cc31cb10 .part L_00000244cc2be2a0, 1, 1;
L_00000244cc31cbb0 .part L_00000244cc2be660, 2, 1;
L_00000244cc31cd90 .part L_00000244cc2be2a0, 3, 1;
L_00000244cc31ce30 .part L_00000244cc2be660, 4, 1;
L_00000244cc31cf70 .part L_00000244cc2be2a0, 5, 1;
L_00000244cc31d0b0 .part L_00000244cc2be660, 0, 1;
L_00000244cc322670 .part L_00000244cc2be2a0, 1, 1;
L_00000244cc321db0 .part L_00000244cc2be660, 2, 1;
L_00000244cc322030 .part L_00000244cc2be2a0, 3, 1;
L_00000244cc3211d0 .part L_00000244cc2be660, 4, 1;
L_00000244cc322710 .part L_00000244cc2be2a0, 5, 1;
L_00000244cc321bd0 .part L_00000244cc2be2a0, 0, 1;
L_00000244cc321a90 .part L_00000244cc2be660, 1, 1;
L_00000244cc3209b0 .part L_00000244cc2be660, 2, 1;
L_00000244cc320a50 .part L_00000244cc2be2a0, 3, 1;
L_00000244cc321810 .part L_00000244cc2be660, 4, 1;
L_00000244cc321e50 .part L_00000244cc2be2a0, 5, 1;
L_00000244cc320550 .part L_00000244cc2be660, 0, 1;
L_00000244cc321630 .part L_00000244cc2be660, 1, 1;
L_00000244cc3227b0 .part L_00000244cc2be660, 2, 1;
L_00000244cc322850 .part L_00000244cc2be2a0, 3, 1;
L_00000244cc320f50 .part L_00000244cc2be660, 4, 1;
L_00000244cc322a30 .part L_00000244cc2be2a0, 5, 1;
L_00000244cc321d10 .part L_00000244cc2be2a0, 0, 1;
L_00000244cc321c70 .part L_00000244cc2be2a0, 1, 1;
L_00000244cc321950 .part L_00000244cc2be2a0, 2, 1;
L_00000244cc320d70 .part L_00000244cc2be660, 3, 1;
L_00000244cc3218b0 .part L_00000244cc2be660, 4, 1;
L_00000244cc322350 .part L_00000244cc2be2a0, 5, 1;
L_00000244cc3228f0 .part L_00000244cc2be660, 0, 1;
L_00000244cc322990 .part L_00000244cc2be2a0, 1, 1;
L_00000244cc320ff0 .part L_00000244cc2be2a0, 2, 1;
L_00000244cc322ad0 .part L_00000244cc2be660, 3, 1;
L_00000244cc320b90 .part L_00000244cc2be660, 4, 1;
L_00000244cc3223f0 .part L_00000244cc2be2a0, 5, 1;
L_00000244cc322490 .part L_00000244cc2be2a0, 0, 1;
L_00000244cc322b70 .part L_00000244cc2be660, 1, 1;
L_00000244cc3219f0 .part L_00000244cc2be2a0, 2, 1;
L_00000244cc322c10 .part L_00000244cc2be660, 3, 1;
L_00000244cc3205f0 .part L_00000244cc2be660, 4, 1;
L_00000244cc321ef0 .part L_00000244cc2be2a0, 5, 1;
L_00000244cc320690 .part L_00000244cc2be660, 0, 1;
L_00000244cc321f90 .part L_00000244cc2be660, 1, 1;
L_00000244cc3220d0 .part L_00000244cc2be2a0, 2, 1;
L_00000244cc320c30 .part L_00000244cc2be660, 3, 1;
L_00000244cc322170 .part L_00000244cc2be660, 4, 1;
L_00000244cc322210 .part L_00000244cc2be2a0, 5, 1;
L_00000244cc321b30 .part L_00000244cc2be2a0, 0, 1;
L_00000244cc321090 .part L_00000244cc2be2a0, 1, 1;
L_00000244cc322cb0 .part L_00000244cc2be660, 2, 1;
L_00000244cc321310 .part L_00000244cc2be660, 3, 1;
L_00000244cc322530 .part L_00000244cc2be660, 4, 1;
L_00000244cc3222b0 .part L_00000244cc2be2a0, 5, 1;
L_00000244cc3213b0 .part L_00000244cc2be660, 0, 1;
L_00000244cc320cd0 .part L_00000244cc2be2a0, 1, 1;
L_00000244cc3225d0 .part L_00000244cc2be660, 2, 1;
L_00000244cc320730 .part L_00000244cc2be660, 3, 1;
L_00000244cc3207d0 .part L_00000244cc2be660, 4, 1;
L_00000244cc320870 .part L_00000244cc2be2a0, 5, 1;
L_00000244cc320910 .part L_00000244cc2be2a0, 0, 1;
L_00000244cc320af0 .part L_00000244cc2be660, 1, 1;
L_00000244cc321130 .part L_00000244cc2be660, 2, 1;
L_00000244cc3214f0 .part L_00000244cc2be660, 3, 1;
L_00000244cc320e10 .part L_00000244cc2be660, 4, 1;
L_00000244cc320eb0 .part L_00000244cc2be2a0, 5, 1;
L_00000244cc321270 .part L_00000244cc2be660, 0, 1;
L_00000244cc321450 .part L_00000244cc2be660, 1, 1;
L_00000244cc321590 .part L_00000244cc2be660, 2, 1;
L_00000244cc3216d0 .part L_00000244cc2be660, 3, 1;
L_00000244cc321770 .part L_00000244cc2be660, 4, 1;
L_00000244cc325230 .part L_00000244cc2be2a0, 5, 1;
L_00000244cc324510 .part L_00000244cc2be2a0, 0, 1;
L_00000244cc324470 .part L_00000244cc2be2a0, 1, 1;
L_00000244cc324150 .part L_00000244cc2be2a0, 2, 1;
L_00000244cc323570 .part L_00000244cc2be2a0, 3, 1;
L_00000244cc3240b0 .part L_00000244cc2be2a0, 4, 1;
L_00000244cc325410 .part L_00000244cc2be660, 5, 1;
L_00000244cc3237f0 .part L_00000244cc2be660, 0, 1;
L_00000244cc3239d0 .part L_00000244cc2be2a0, 1, 1;
L_00000244cc3250f0 .part L_00000244cc2be2a0, 2, 1;
L_00000244cc323250 .part L_00000244cc2be2a0, 3, 1;
L_00000244cc3241f0 .part L_00000244cc2be2a0, 4, 1;
L_00000244cc324290 .part L_00000244cc2be660, 5, 1;
L_00000244cc323930 .part L_00000244cc2be2a0, 0, 1;
L_00000244cc3254b0 .part L_00000244cc2be660, 1, 1;
L_00000244cc3236b0 .part L_00000244cc2be2a0, 2, 1;
L_00000244cc324ab0 .part L_00000244cc2be2a0, 3, 1;
L_00000244cc324bf0 .part L_00000244cc2be2a0, 4, 1;
L_00000244cc322d50 .part L_00000244cc2be660, 5, 1;
L_00000244cc3245b0 .part L_00000244cc2be660, 0, 1;
L_00000244cc324b50 .part L_00000244cc2be660, 1, 1;
L_00000244cc3232f0 .part L_00000244cc2be2a0, 2, 1;
L_00000244cc323610 .part L_00000244cc2be2a0, 3, 1;
L_00000244cc323750 .part L_00000244cc2be2a0, 4, 1;
L_00000244cc323890 .part L_00000244cc2be660, 5, 1;
LS_00000244cc3234d0_0_0 .concat8 [ 1 1 1 1], L_00000244cc319220, L_00000244cc318f10, L_00000244cc319140, L_00000244cc318ff0;
LS_00000244cc3234d0_0_4 .concat8 [ 1 1 1 1], L_00000244cc319680, L_00000244cc318d50, L_00000244cc3191b0, L_00000244cc318a40;
LS_00000244cc3234d0_0_8 .concat8 [ 1 1 1 1], L_00000244cc319290, L_00000244cc3188f0, L_00000244cc3193e0, L_00000244cc3197d0;
LS_00000244cc3234d0_0_12 .concat8 [ 1 1 1 1], L_00000244cc3195a0, L_00000244cc319450, L_00000244cc319300, L_00000244cc3190d0;
LS_00000244cc3234d0_0_16 .concat8 [ 1 1 1 1], L_00000244cc3194c0, L_00000244cc319530, L_00000244cc319370, L_00000244cc319610;
LS_00000244cc3234d0_0_20 .concat8 [ 1 1 1 1], L_00000244cc3196f0, L_00000244cc318ab0, L_00000244cc318e30, L_00000244cc318960;
LS_00000244cc3234d0_0_24 .concat8 [ 1 1 1 1], L_00000244cc319760, L_00000244cc3189d0, L_00000244cc318b20, L_00000244cc318b90;
LS_00000244cc3234d0_0_28 .concat8 [ 1 1 1 1], L_00000244cc318ea0, L_00000244cc318f80, L_00000244cc318c00, L_00000244cc319060;
LS_00000244cc3234d0_0_32 .concat8 [ 1 1 1 1], L_00000244cc32aca0, L_00000244cc32ae60, L_00000244cc32b170, L_00000244cc32b9c0;
LS_00000244cc3234d0_1_0 .concat8 [ 4 4 4 4], LS_00000244cc3234d0_0_0, LS_00000244cc3234d0_0_4, LS_00000244cc3234d0_0_8, LS_00000244cc3234d0_0_12;
LS_00000244cc3234d0_1_4 .concat8 [ 4 4 4 4], LS_00000244cc3234d0_0_16, LS_00000244cc3234d0_0_20, LS_00000244cc3234d0_0_24, LS_00000244cc3234d0_0_28;
LS_00000244cc3234d0_1_8 .concat8 [ 4 0 0 0], LS_00000244cc3234d0_0_32;
L_00000244cc3234d0 .concat8 [ 16 16 4 0], LS_00000244cc3234d0_1_0, LS_00000244cc3234d0_1_4, LS_00000244cc3234d0_1_8;
L_00000244cc323e30 .part L_00000244cc2be2a0, 0, 1;
L_00000244cc323a70 .part L_00000244cc2be2a0, 1, 1;
L_00000244cc323b10 .part L_00000244cc2be660, 2, 1;
L_00000244cc324e70 .part L_00000244cc2be2a0, 3, 1;
L_00000244cc324830 .part L_00000244cc2be2a0, 4, 1;
L_00000244cc324330 .part L_00000244cc2be660, 5, 1;
L_00000244cc323430 .part L_00000244cc3234d0, 0, 1;
L_00000244cc323f70 .part L_00000244cc3234d0, 35, 1;
L_00000244cc3243d0 .part L_00000244cc3234d0, 1, 1;
L_00000244cc323bb0 .part L_00000244cc3234d0, 34, 1;
L_00000244cc324650 .part L_00000244cc3234d0, 3, 1;
L_00000244cc3246f0 .part L_00000244cc3234d0, 32, 1;
L_00000244cc324c90 .part L_00000244cc3234d0, 7, 1;
L_00000244cc324790 .part L_00000244cc3234d0, 28, 1;
L_00000244cc3248d0 .part L_00000244cc3234d0, 15, 1;
L_00000244cc323c50 .part L_00000244cc3234d0, 20, 1;
L_00000244cc323cf0 .part L_00000244cc3234d0, 4, 1;
L_00000244cc323d90 .part L_00000244cc3234d0, 31, 1;
L_00000244cc324d30 .part L_00000244cc3234d0, 9, 1;
L_00000244cc323070 .part L_00000244cc3234d0, 26, 1;
L_00000244cc323110 .part L_00000244cc3234d0, 16, 1;
L_00000244cc322df0 .part L_00000244cc3234d0, 19, 1;
L_00000244cc323390 .part L_00000244cc3234d0, 2, 1;
L_00000244cc323ed0 .part L_00000244cc3234d0, 33, 1;
L_00000244cc324970 .part L_00000244cc3234d0, 5, 1;
L_00000244cc324010 .part L_00000244cc3234d0, 30, 1;
L_00000244cc324dd0 .part L_00000244cc3234d0, 11, 1;
L_00000244cc324a10 .part L_00000244cc3234d0, 24, 1;
L_00000244cc324f10 .part L_00000244cc3234d0, 12, 1;
L_00000244cc3231b0 .part L_00000244cc3234d0, 23, 1;
L_00000244cc324fb0 .part L_00000244cc3234d0, 10, 1;
L_00000244cc325050 .part L_00000244cc3234d0, 25, 1;
L_00000244cc325190 .part L_00000244cc3234d0, 14, 1;
L_00000244cc3252d0 .part L_00000244cc3234d0, 21, 1;
L_00000244cc325370 .part L_00000244cc3234d0, 6, 1;
L_00000244cc322e90 .part L_00000244cc3234d0, 29, 1;
L_00000244cc322f30 .part L_00000244cc3234d0, 13, 1;
L_00000244cc322fd0 .part L_00000244cc3234d0, 22, 1;
L_00000244cc326bd0 .part L_00000244cc3234d0, 8, 1;
L_00000244cc3270d0 .part L_00000244cc3234d0, 27, 1;
LS_00000244cc325f50_0_0 .concat8 [ 1 1 1 1], L_00000244cc32ba30, L_00000244cc32b640, L_00000244cc32ad10, L_00000244cc32b950;
LS_00000244cc325f50_0_4 .concat8 [ 1 1 1 1], L_00000244cc32b5d0, L_00000244cc32ac30, L_00000244cc32baa0, L_00000244cc32af40;
LS_00000244cc325f50_0_8 .concat8 [ 1 1 1 1], L_00000244cc32abc0, L_00000244cc32b100, L_00000244cc32ad80, L_00000244cc32b800;
LS_00000244cc325f50_0_12 .concat8 [ 1 1 1 1], L_00000244cc32adf0, L_00000244cc32afb0, L_00000244cc32b1e0, L_00000244cc32aed0;
LS_00000244cc325f50_0_16 .concat8 [ 1 1 0 0], L_00000244cc32b8e0, L_00000244cc32b020;
LS_00000244cc325f50_1_0 .concat8 [ 4 4 4 4], LS_00000244cc325f50_0_0, LS_00000244cc325f50_0_4, LS_00000244cc325f50_0_8, LS_00000244cc325f50_0_12;
LS_00000244cc325f50_1_4 .concat8 [ 2 0 0 0], LS_00000244cc325f50_0_16;
L_00000244cc325f50 .concat8 [ 16 2 0 0], LS_00000244cc325f50_1_0, LS_00000244cc325f50_1_4;
L_00000244cc326c70 .part L_00000244cc3234d0, 17, 1;
L_00000244cc326a90 .part L_00000244cc3234d0, 18, 1;
L_00000244cc325b90 .part L_00000244cc3234d0, 35, 1;
L_00000244cc326db0 .part L_00000244cc3234d0, 34, 1;
L_00000244cc326b30 .part L_00000244cc3234d0, 32, 1;
L_00000244cc3277b0 .part L_00000244cc3234d0, 28, 1;
L_00000244cc3268b0 .part L_00000244cc3234d0, 20, 1;
L_00000244cc325cd0 .part L_00000244cc3234d0, 4, 1;
L_00000244cc326130 .part L_00000244cc3234d0, 9, 1;
L_00000244cc327c10 .part L_00000244cc3234d0, 19, 1;
L_00000244cc325eb0 .part L_00000244cc3234d0, 2, 1;
L_00000244cc3272b0 .part L_00000244cc3234d0, 5, 1;
L_00000244cc3273f0 .part L_00000244cc3234d0, 11, 1;
L_00000244cc325550 .part L_00000244cc3234d0, 23, 1;
L_00000244cc3264f0 .part L_00000244cc3234d0, 10, 1;
L_00000244cc3275d0 .part L_00000244cc3234d0, 21, 1;
L_00000244cc325910 .part L_00000244cc3234d0, 6, 1;
L_00000244cc3255f0 .part L_00000244cc3234d0, 13, 1;
L_00000244cc325690 .part L_00000244cc3234d0, 27, 1;
L_00000244cc326d10 .part L_00000244cc3234d0, 18, 1;
L_00000244cc327170 .concat [ 1 31 0 0], L_00000244cc32b480, L_00000244cc2c0918;
L_00000244cc325870 .cmp/eq 32, L_00000244cc327170, L_00000244cc2c0960;
L_00000244cc326310 .arith/sub 18, v00000244cc2bf1a0_0, L_00000244cc325f50;
L_00000244cc326e50 .arith/sum 18, v00000244cc2bf1a0_0, L_00000244cc325f50;
L_00000244cc325ff0 .functor MUXZ 18, L_00000244cc326e50, L_00000244cc326310, L_00000244cc325870, C4<>;
L_00000244cc326ef0 .concat [ 18 14 0 0], L_00000244cc325ff0, L_00000244cc2c09a8;
L_00000244cc325a50 .arith/div 32, L_00000244cc326ef0, L_00000244cc2c09f0;
L_00000244cc326270 .part L_00000244cc325a50, 0, 12;
    .scope S_00000244cbea3170;
T_0 ;
    %vpi_call 2 11 "$dumpfile", "./files/AWE_20221007_1058/A37N564.vcd" {0 0 0};
    %vpi_call 2 12 "$dumpvars", 32'sb00000000000000000000000000000000, S_00000244cbea3170 {0 0 0};
    %pushi/vec4 0, 0, 18;
    %store/vec4 v00000244cc2bf1a0_0, 0, 18;
    %pushi/vec4 20869, 0, 18;
    %store/vec4 v00000244cc2bf1a0_0, 0, 18;
    %delay 10, 0;
    %pushi/vec4 20870, 0, 18;
    %store/vec4 v00000244cc2bf1a0_0, 0, 18;
    %delay 10, 0;
    %pushi/vec4 20872, 0, 18;
    %store/vec4 v00000244cc2bf1a0_0, 0, 18;
    %delay 10, 0;
    %pushi/vec4 20876, 0, 18;
    %store/vec4 v00000244cc2bf1a0_0, 0, 18;
    %delay 10, 0;
    %pushi/vec4 20884, 0, 18;
    %store/vec4 v00000244cc2bf1a0_0, 0, 18;
    %delay 10, 0;
    %pushi/vec4 20900, 0, 18;
    %store/vec4 v00000244cc2bf1a0_0, 0, 18;
    %delay 10, 0;
    %pushi/vec4 20932, 0, 18;
    %store/vec4 v00000244cc2bf1a0_0, 0, 18;
    %delay 10, 0;
    %pushi/vec4 20996, 0, 18;
    %store/vec4 v00000244cc2bf1a0_0, 0, 18;
    %delay 10, 0;
    %pushi/vec4 21124, 0, 18;
    %store/vec4 v00000244cc2bf1a0_0, 0, 18;
    %delay 10, 0;
    %pushi/vec4 21380, 0, 18;
    %store/vec4 v00000244cc2bf1a0_0, 0, 18;
    %delay 10, 0;
    %pushi/vec4 21892, 0, 18;
    %store/vec4 v00000244cc2bf1a0_0, 0, 18;
    %delay 10, 0;
    %pushi/vec4 22916, 0, 18;
    %store/vec4 v00000244cc2bf1a0_0, 0, 18;
    %delay 10, 0;
    %pushi/vec4 24964, 0, 18;
    %store/vec4 v00000244cc2bf1a0_0, 0, 18;
    %delay 10, 0;
    %pushi/vec4 29060, 0, 18;
    %store/vec4 v00000244cc2bf1a0_0, 0, 18;
    %delay 10, 0;
    %pushi/vec4 37252, 0, 18;
    %store/vec4 v00000244cc2bf1a0_0, 0, 18;
    %delay 10, 0;
    %pushi/vec4 53636, 0, 18;
    %store/vec4 v00000244cc2bf1a0_0, 0, 18;
    %delay 10, 0;
    %pushi/vec4 86404, 0, 18;
    %store/vec4 v00000244cc2bf1a0_0, 0, 18;
    %delay 10, 0;
    %pushi/vec4 151940, 0, 18;
    %store/vec4 v00000244cc2bf1a0_0, 0, 18;
    %delay 10, 0;
    %pushi/vec4 20867, 0, 18;
    %store/vec4 v00000244cc2bf1a0_0, 0, 18;
    %delay 10, 0;
    %pushi/vec4 20866, 0, 18;
    %store/vec4 v00000244cc2bf1a0_0, 0, 18;
    %delay 10, 0;
    %pushi/vec4 20864, 0, 18;
    %store/vec4 v00000244cc2bf1a0_0, 0, 18;
    %delay 10, 0;
    %pushi/vec4 20860, 0, 18;
    %store/vec4 v00000244cc2bf1a0_0, 0, 18;
    %delay 10, 0;
    %pushi/vec4 20852, 0, 18;
    %store/vec4 v00000244cc2bf1a0_0, 0, 18;
    %delay 10, 0;
    %pushi/vec4 20836, 0, 18;
    %store/vec4 v00000244cc2bf1a0_0, 0, 18;
    %delay 10, 0;
    %pushi/vec4 20804, 0, 18;
    %store/vec4 v00000244cc2bf1a0_0, 0, 18;
    %delay 10, 0;
    %pushi/vec4 20740, 0, 18;
    %store/vec4 v00000244cc2bf1a0_0, 0, 18;
    %delay 10, 0;
    %pushi/vec4 20612, 0, 18;
    %store/vec4 v00000244cc2bf1a0_0, 0, 18;
    %delay 10, 0;
    %pushi/vec4 20356, 0, 18;
    %store/vec4 v00000244cc2bf1a0_0, 0, 18;
    %delay 10, 0;
    %pushi/vec4 19844, 0, 18;
    %store/vec4 v00000244cc2bf1a0_0, 0, 18;
    %delay 10, 0;
    %pushi/vec4 18820, 0, 18;
    %store/vec4 v00000244cc2bf1a0_0, 0, 18;
    %delay 10, 0;
    %pushi/vec4 16772, 0, 18;
    %store/vec4 v00000244cc2bf1a0_0, 0, 18;
    %delay 10, 0;
    %pushi/vec4 12676, 0, 18;
    %store/vec4 v00000244cc2bf1a0_0, 0, 18;
    %delay 10, 0;
    %pushi/vec4 4484, 0, 18;
    %store/vec4 v00000244cc2bf1a0_0, 0, 18;
    %delay 10, 0;
    %vpi_call 2 52 "$finish" {0 0 0};
    %end;
    .thread T_0;
# The file index is used to find the file name in the following table.
:file_names 4;
    "N/A";
    "<interactive>";
    "./files/AWE_20221007_1058/ANdecoder_AWE_37_tb_for_N_564.v";
    "./files/AWE_20221007_1058/ANdecoder_AWE_37_for_N_564.v";
