#! /c/Source/iverilog-install/bin/vvp
:ivl_version "12.0 (devel)" "(s20150603-1110-g18392a46)";
:ivl_delay_selection "TYPICAL";
:vpi_time_precision + 0;
:vpi_module "C:\iverilog\lib\ivl\system.vpi";
:vpi_module "C:\iverilog\lib\ivl\vhdl_sys.vpi";
:vpi_module "C:\iverilog\lib\ivl\vhdl_textio.vpi";
:vpi_module "C:\iverilog\lib\ivl\v2005_math.vpi";
:vpi_module "C:\iverilog\lib\ivl\va_math.vpi";
S_000002d31c0ae560 .scope module, "ANdecoder_tb" "ANdecoder_tb" 2 5;
 .timescale 0 0;
v000002d31c488680_0 .var "ANe", 13 0;
v000002d31c487be0_0 .net "Nc", 8 0, L_000002d31c4f1930;  1 drivers
S_000002d31c0ae6f0 .scope module, "D0" "ANdecoder" 2 9, 3 7 0, S_000002d31c0ae560;
 .timescale 0 0;
    .port_info 0 /INPUT 14 "ANe";
    .port_info 1 /OUTPUT 9 "Nc";
L_000002d31c0a1b90 .functor NOT 1, L_000002d31c4887c0, C4<0>, C4<0>, C4<0>;
L_000002d31c0a2680 .functor NOT 1, L_000002d31c486920, C4<0>, C4<0>, C4<0>;
L_000002d31c0a1d50 .functor NOT 1, L_000002d31c487c80, C4<0>, C4<0>, C4<0>;
L_000002d31c0a1f80 .functor NOT 1, L_000002d31c488360, C4<0>, C4<0>, C4<0>;
L_000002d31c0a2450 .functor NOT 1, L_000002d31c486600, C4<0>, C4<0>, C4<0>;
L_000002d31c0a23e0/0/0 .functor AND 1, L_000002d31c488400, L_000002d31c488180, L_000002d31c486c40, L_000002d31c4864c0;
L_000002d31c0a23e0/0/4 .functor AND 1, L_000002d31c487d20, C4<1>, C4<1>, C4<1>;
L_000002d31c0a23e0 .functor AND 1, L_000002d31c0a23e0/0/0, L_000002d31c0a23e0/0/4, C4<1>, C4<1>;
L_000002d31c0a2760/0/0 .functor AND 1, L_000002d31c488220, L_000002d31c486380, L_000002d31c487b40, L_000002d31c4878c0;
L_000002d31c0a2760/0/4 .functor AND 1, L_000002d31c487dc0, C4<1>, C4<1>, C4<1>;
L_000002d31c0a2760 .functor AND 1, L_000002d31c0a2760/0/0, L_000002d31c0a2760/0/4, C4<1>, C4<1>;
L_000002d31c0a1dc0/0/0 .functor AND 1, L_000002d31c488860, L_000002d31c487320, L_000002d31c487f00, L_000002d31c486420;
L_000002d31c0a1dc0/0/4 .functor AND 1, L_000002d31c486560, C4<1>, C4<1>, C4<1>;
L_000002d31c0a1dc0 .functor AND 1, L_000002d31c0a1dc0/0/0, L_000002d31c0a1dc0/0/4, C4<1>, C4<1>;
L_000002d31c0a1e30/0/0 .functor AND 1, L_000002d31c4884a0, L_000002d31c486ce0, L_000002d31c4875a0, L_000002d31c487fa0;
L_000002d31c0a1e30/0/4 .functor AND 1, L_000002d31c4882c0, C4<1>, C4<1>, C4<1>;
L_000002d31c0a1e30 .functor AND 1, L_000002d31c0a1e30/0/0, L_000002d31c0a1e30/0/4, C4<1>, C4<1>;
L_000002d31c0a1ea0/0/0 .functor AND 1, L_000002d31c488040, L_000002d31c4866a0, L_000002d31c487640, L_000002d31c486b00;
L_000002d31c0a1ea0/0/4 .functor AND 1, L_000002d31c486a60, C4<1>, C4<1>, C4<1>;
L_000002d31c0a1ea0 .functor AND 1, L_000002d31c0a1ea0/0/0, L_000002d31c0a1ea0/0/4, C4<1>, C4<1>;
L_000002d31c0a1f10/0/0 .functor AND 1, L_000002d31c488540, L_000002d31c486740, L_000002d31c486880, L_000002d31c4869c0;
L_000002d31c0a1f10/0/4 .functor AND 1, L_000002d31c487460, C4<1>, C4<1>, C4<1>;
L_000002d31c0a1f10 .functor AND 1, L_000002d31c0a1f10/0/0, L_000002d31c0a1f10/0/4, C4<1>, C4<1>;
L_000002d31c0a1ff0/0/0 .functor AND 1, L_000002d31c487500, L_000002d31c486100, L_000002d31c486ba0, L_000002d31c487780;
L_000002d31c0a1ff0/0/4 .functor AND 1, L_000002d31c486d80, C4<1>, C4<1>, C4<1>;
L_000002d31c0a1ff0 .functor AND 1, L_000002d31c0a1ff0/0/0, L_000002d31c0a1ff0/0/4, C4<1>, C4<1>;
L_000002d31c0a2530/0/0 .functor AND 1, L_000002d31c486e20, L_000002d31c486ec0, L_000002d31c486f60, L_000002d31c487000;
L_000002d31c0a2530/0/4 .functor AND 1, L_000002d31c4870a0, C4<1>, C4<1>, C4<1>;
L_000002d31c0a2530 .functor AND 1, L_000002d31c0a2530/0/0, L_000002d31c0a2530/0/4, C4<1>, C4<1>;
L_000002d31c0a25a0/0/0 .functor AND 1, L_000002d31c487140, L_000002d31c4871e0, L_000002d31c487280, L_000002d31c489760;
L_000002d31c0a25a0/0/4 .functor AND 1, L_000002d31c489ee0, C4<1>, C4<1>, C4<1>;
L_000002d31c0a25a0 .functor AND 1, L_000002d31c0a25a0/0/0, L_000002d31c0a25a0/0/4, C4<1>, C4<1>;
L_000002d31c0a20d0/0/0 .functor AND 1, L_000002d31c4889a0, L_000002d31c488c20, L_000002d31c489e40, L_000002d31c489bc0;
L_000002d31c0a20d0/0/4 .functor AND 1, L_000002d31c489260, C4<1>, C4<1>, C4<1>;
L_000002d31c0a20d0 .functor AND 1, L_000002d31c0a20d0/0/0, L_000002d31c0a20d0/0/4, C4<1>, C4<1>;
L_000002d31c0a24c0/0/0 .functor AND 1, L_000002d31c489300, L_000002d31c488900, L_000002d31c488cc0, L_000002d31c489620;
L_000002d31c0a24c0/0/4 .functor AND 1, L_000002d31c488d60, C4<1>, C4<1>, C4<1>;
L_000002d31c0a24c0 .functor AND 1, L_000002d31c0a24c0/0/0, L_000002d31c0a24c0/0/4, C4<1>, C4<1>;
L_000002d31c4e47d0/0/0 .functor AND 1, L_000002d31c4893a0, L_000002d31c489c60, L_000002d31c488a40, L_000002d31c488e00;
L_000002d31c4e47d0/0/4 .functor AND 1, L_000002d31c489440, C4<1>, C4<1>, C4<1>;
L_000002d31c4e47d0 .functor AND 1, L_000002d31c4e47d0/0/0, L_000002d31c4e47d0/0/4, C4<1>, C4<1>;
L_000002d31c4e4bc0/0/0 .functor AND 1, L_000002d31c488ae0, L_000002d31c488ea0, L_000002d31c489940, L_000002d31c488f40;
L_000002d31c4e4bc0/0/4 .functor AND 1, L_000002d31c488fe0, C4<1>, C4<1>, C4<1>;
L_000002d31c4e4bc0 .functor AND 1, L_000002d31c4e4bc0/0/0, L_000002d31c4e4bc0/0/4, C4<1>, C4<1>;
L_000002d31c4e4e60/0/0 .functor AND 1, L_000002d31c489120, L_000002d31c488b80, L_000002d31c489d00, L_000002d31c4896c0;
L_000002d31c4e4e60/0/4 .functor AND 1, L_000002d31c4891c0, C4<1>, C4<1>, C4<1>;
L_000002d31c4e4e60 .functor AND 1, L_000002d31c4e4e60/0/0, L_000002d31c4e4e60/0/4, C4<1>, C4<1>;
L_000002d31c4e4840/0/0 .functor AND 1, L_000002d31c489080, L_000002d31c489f80, L_000002d31c4894e0, L_000002d31c489da0;
L_000002d31c4e4840/0/4 .functor AND 1, L_000002d31c489580, C4<1>, C4<1>, C4<1>;
L_000002d31c4e4840 .functor AND 1, L_000002d31c4e4840/0/0, L_000002d31c4e4840/0/4, C4<1>, C4<1>;
L_000002d31c4e4c30/0/0 .functor AND 1, L_000002d31c489800, L_000002d31c4898a0, L_000002d31c4899e0, L_000002d31c489a80;
L_000002d31c4e4c30/0/4 .functor AND 1, L_000002d31c489b20, C4<1>, C4<1>, C4<1>;
L_000002d31c4e4c30 .functor AND 1, L_000002d31c4e4c30/0/0, L_000002d31c4e4c30/0/4, C4<1>, C4<1>;
L_000002d31c4e4d10/0/0 .functor AND 1, L_000002d31c4e5840, L_000002d31c4e5ca0, L_000002d31c4e7820, L_000002d31c4e5ac0;
L_000002d31c4e4d10/0/4 .functor AND 1, L_000002d31c4e7640, C4<1>, C4<1>, C4<1>;
L_000002d31c4e4d10 .functor AND 1, L_000002d31c4e4d10/0/0, L_000002d31c4e4d10/0/4, C4<1>, C4<1>;
L_000002d31c4e4a00/0/0 .functor AND 1, L_000002d31c4e6420, L_000002d31c4e7320, L_000002d31c4e57a0, L_000002d31c4e67e0;
L_000002d31c4e4a00/0/4 .functor AND 1, L_000002d31c4e78c0, C4<1>, C4<1>, C4<1>;
L_000002d31c4e4a00 .functor AND 1, L_000002d31c4e4a00/0/0, L_000002d31c4e4a00/0/4, C4<1>, C4<1>;
L_000002d31c4e4300/0/0 .functor AND 1, L_000002d31c4e5e80, L_000002d31c4e58e0, L_000002d31c4e5b60, L_000002d31c4e6ec0;
L_000002d31c4e4300/0/4 .functor AND 1, L_000002d31c4e55c0, C4<1>, C4<1>, C4<1>;
L_000002d31c4e4300 .functor AND 1, L_000002d31c4e4300/0/0, L_000002d31c4e4300/0/4, C4<1>, C4<1>;
L_000002d31c4e4ca0/0/0 .functor AND 1, L_000002d31c4e6ba0, L_000002d31c4e6b00, L_000002d31c4e53e0, L_000002d31c4e6a60;
L_000002d31c4e4ca0/0/4 .functor AND 1, L_000002d31c4e5660, C4<1>, C4<1>, C4<1>;
L_000002d31c4e4ca0 .functor AND 1, L_000002d31c4e4ca0/0/0, L_000002d31c4e4ca0/0/4, C4<1>, C4<1>;
L_000002d31c4e4530/0/0 .functor AND 1, L_000002d31c4e6c40, L_000002d31c4e7780, L_000002d31c4e64c0, L_000002d31c4e6ce0;
L_000002d31c4e4530/0/4 .functor AND 1, L_000002d31c4e5980, C4<1>, C4<1>, C4<1>;
L_000002d31c4e4530 .functor AND 1, L_000002d31c4e4530/0/0, L_000002d31c4e4530/0/4, C4<1>, C4<1>;
L_000002d31c4e41b0/0/0 .functor AND 1, L_000002d31c4e5c00, L_000002d31c4e71e0, L_000002d31c4e6240, L_000002d31c4e5fc0;
L_000002d31c4e41b0/0/4 .functor AND 1, L_000002d31c4e6e20, C4<1>, C4<1>, C4<1>;
L_000002d31c4e41b0 .functor AND 1, L_000002d31c4e41b0/0/0, L_000002d31c4e41b0/0/4, C4<1>, C4<1>;
L_000002d31c4e4fb0/0/0 .functor AND 1, L_000002d31c4e5160, L_000002d31c4e62e0, L_000002d31c4e73c0, L_000002d31c4e6f60;
L_000002d31c4e4fb0/0/4 .functor AND 1, L_000002d31c4e5200, C4<1>, C4<1>, C4<1>;
L_000002d31c4e4fb0 .functor AND 1, L_000002d31c4e4fb0/0/0, L_000002d31c4e4fb0/0/4, C4<1>, C4<1>;
L_000002d31c4e46f0/0/0 .functor AND 1, L_000002d31c4e6380, L_000002d31c4e7460, L_000002d31c4e5d40, L_000002d31c4e5a20;
L_000002d31c4e46f0/0/4 .functor AND 1, L_000002d31c4e7280, C4<1>, C4<1>, C4<1>;
L_000002d31c4e46f0 .functor AND 1, L_000002d31c4e46f0/0/0, L_000002d31c4e46f0/0/4, C4<1>, C4<1>;
L_000002d31c4e4450/0/0 .functor AND 1, L_000002d31c4e6d80, L_000002d31c4e5480, L_000002d31c4e7000, L_000002d31c4e75a0;
L_000002d31c4e4450/0/4 .functor AND 1, L_000002d31c4e5de0, C4<1>, C4<1>, C4<1>;
L_000002d31c4e4450 .functor AND 1, L_000002d31c4e4450/0/0, L_000002d31c4e4450/0/4, C4<1>, C4<1>;
L_000002d31c4e4f40/0/0 .functor AND 1, L_000002d31c4e70a0, L_000002d31c4e7500, L_000002d31c4e7140, L_000002d31c4e5f20;
L_000002d31c4e4f40/0/4 .functor AND 1, L_000002d31c4e6600, C4<1>, C4<1>, C4<1>;
L_000002d31c4e4f40 .functor AND 1, L_000002d31c4e4f40/0/0, L_000002d31c4e4f40/0/4, C4<1>, C4<1>;
L_000002d31c4e4920/0/0 .functor AND 1, L_000002d31c4e76e0, L_000002d31c4e6560, L_000002d31c4e6060, L_000002d31c4e66a0;
L_000002d31c4e4920/0/4 .functor AND 1, L_000002d31c4e5700, C4<1>, C4<1>, C4<1>;
L_000002d31c4e4920 .functor AND 1, L_000002d31c4e4920/0/0, L_000002d31c4e4920/0/4, C4<1>, C4<1>;
L_000002d31c4e4d80/0/0 .functor AND 1, L_000002d31c4e61a0, L_000002d31c4e52a0, L_000002d31c4e6740, L_000002d31c4e5340;
L_000002d31c4e4d80/0/4 .functor AND 1, L_000002d31c4e6920, C4<1>, C4<1>, C4<1>;
L_000002d31c4e4d80 .functor AND 1, L_000002d31c4e4d80/0/0, L_000002d31c4e4d80/0/4, C4<1>, C4<1>;
L_000002d31c4e4370 .functor OR 1, L_000002d31c4e69c0, L_000002d31c4e6880, C4<0>, C4<0>;
L_000002d31c4e4680 .functor OR 1, L_000002d31c4e5520, L_000002d31c4e82c0, C4<0>, C4<0>;
L_000002d31c4e4df0 .functor OR 1, L_000002d31c4e8180, L_000002d31c4e8220, C4<0>, C4<0>;
L_000002d31c4e5020 .functor OR 1, L_000002d31c4e7e60, L_000002d31c4e7d20, C4<0>, C4<0>;
L_000002d31c4e4a70 .functor OR 1, L_000002d31c4e7f00, L_000002d31c4e7dc0, C4<0>, C4<0>;
L_000002d31c4e4140 .functor OR 1, L_000002d31c4e8360, L_000002d31c4e7fa0, C4<0>, C4<0>;
L_000002d31c4e4220 .functor OR 1, L_000002d31c4e8ea0, L_000002d31c4e7a00, C4<0>, C4<0>;
L_000002d31c4e4290 .functor OR 1, L_000002d31c4e8540, L_000002d31c4e8400, C4<0>, C4<0>;
L_000002d31c4e4ed0 .functor OR 1, L_000002d31c4e85e0, L_000002d31c4e8720, C4<0>, C4<0>;
L_000002d31c4e43e0 .functor OR 1, L_000002d31c4e8f40, L_000002d31c4e8fe0, C4<0>, C4<0>;
L_000002d31c4e44c0 .functor OR 1, L_000002d31c4e7960, L_000002d31c4e84a0, C4<0>, C4<0>;
L_000002d31c4e45a0 .functor OR 1, L_000002d31c4e8900, L_000002d31c4e8c20, C4<0>, C4<0>;
L_000002d31c4e4760 .functor OR 1, L_000002d31c4e7be0, L_000002d31c4e7c80, C4<0>, C4<0>;
L_000002d31c4e4610 .functor OR 1, L_000002d31c4e80e0, L_000002d31c4e8680, C4<0>, C4<0>;
L_000002d31c4e48b0 .functor XOR 1, L_000002d31c4e87c0, L_000002d31c4e8cc0, C4<0>, C4<0>;
L_000002d31c4e4990 .functor XOR 1, L_000002d31c4e8860, L_000002d31c4e89a0, C4<0>, C4<0>;
L_000002d31c4e4ae0 .functor XOR 1, L_000002d31c4e7aa0, L_000002d31c4e8a40, C4<0>, C4<0>;
L_000002d31c4e4b50 .functor XOR 1, L_000002d31c4e8d60, L_000002d31c4e8ae0, C4<0>, C4<0>;
L_000002d31c4eefe0 .functor XOR 1, L_000002d31c4e8e00, L_000002d31c4e8b80, C4<0>, C4<0>;
L_000002d31c4ef280 .functor XOR 1, L_000002d31c4e7b40, L_000002d31c4f1bb0, C4<0>, C4<0>;
L_000002d31c4ef9f0 .functor XOR 1, L_000002d31c4f05d0, L_000002d31c4f12f0, C4<0>, C4<0>;
L_000002d31c4ef670 .functor XOR 1, L_000002d31c4f1070, L_000002d31c4f11b0, C4<0>, C4<0>;
L_000002d31c4efa60 .functor XOR 1, L_000002d31c4f0ad0, L_000002d31c4f0990, C4<0>, C4<0>;
L_000002d31c4ef520 .functor XOR 1, L_000002d31c4f0b70, L_000002d31c4f08f0, C4<0>, C4<0>;
L_000002d31c4efad0 .functor XOR 1, L_000002d31c4f1390, L_000002d31c4f0c10, C4<0>, C4<0>;
L_000002d31c4eebf0 .functor XOR 1, L_000002d31c4f26f0, L_000002d31c4f0350, C4<0>, C4<0>;
L_000002d31c4eec60 .functor XOR 1, L_000002d31c4f16b0, L_000002d31c4f1110, C4<0>, C4<0>;
L_000002d31c4ef3d0 .functor XOR 1, L_000002d31c4f0df0, L_000002d31c4f1250, C4<0>, C4<0>;
v000002d31c0a4610_0 .net "ANc", 13 0, L_000002d31c4f1750;  1 drivers
v000002d31c0a5470_0 .net "ANe", 13 0, v000002d31c488680_0;  1 drivers
v000002d31c0a4a70_0 .net "Nc", 8 0, L_000002d31c4f1930;  alias, 1 drivers
v000002d31c0a47f0_0 .net *"_ivl_0", 31 0, L_000002d31c4862e0;  1 drivers
v000002d31c0a4110_0 .net *"_ivl_10", 0 0, L_000002d31c0a1b90;  1 drivers
v000002d31c0a5650_0 .net *"_ivl_100", 0 0, L_000002d31c4869c0;  1 drivers
v000002d31c0a4890_0 .net *"_ivl_102", 0 0, L_000002d31c487460;  1 drivers
v000002d31c0a58d0_0 .net *"_ivl_103", 0 0, L_000002d31c0a1ff0;  1 drivers
v000002d31c0a42f0_0 .net *"_ivl_106", 0 0, L_000002d31c487500;  1 drivers
v000002d31c0a5830_0 .net *"_ivl_108", 0 0, L_000002d31c486100;  1 drivers
v000002d31c0a5970_0 .net *"_ivl_110", 0 0, L_000002d31c486ba0;  1 drivers
v000002d31c0a4930_0 .net *"_ivl_112", 0 0, L_000002d31c487780;  1 drivers
v000002d31c0a4f70_0 .net *"_ivl_114", 0 0, L_000002d31c486d80;  1 drivers
v000002d31c092ac0_0 .net *"_ivl_115", 0 0, L_000002d31c0a2530;  1 drivers
v000002d31c091940_0 .net *"_ivl_118", 0 0, L_000002d31c486e20;  1 drivers
v000002d31c079170_0 .net *"_ivl_120", 0 0, L_000002d31c486ec0;  1 drivers
v000002d31c109b50_0 .net *"_ivl_122", 0 0, L_000002d31c486f60;  1 drivers
v000002d31c1093d0_0 .net *"_ivl_124", 0 0, L_000002d31c487000;  1 drivers
v000002d31c109a10_0 .net *"_ivl_126", 0 0, L_000002d31c4870a0;  1 drivers
v000002d31c1095b0_0 .net *"_ivl_127", 0 0, L_000002d31c0a25a0;  1 drivers
v000002d31c1090b0_0 .net *"_ivl_13", 0 0, L_000002d31c4887c0;  1 drivers
v000002d31c109650_0 .net *"_ivl_130", 0 0, L_000002d31c487140;  1 drivers
v000002d31c1084d0_0 .net *"_ivl_132", 0 0, L_000002d31c4871e0;  1 drivers
v000002d31c108890_0 .net *"_ivl_134", 0 0, L_000002d31c487280;  1 drivers
v000002d31c108930_0 .net *"_ivl_136", 0 0, L_000002d31c489760;  1 drivers
v000002d31c1086b0_0 .net *"_ivl_138", 0 0, L_000002d31c489ee0;  1 drivers
v000002d31c108430_0 .net *"_ivl_139", 0 0, L_000002d31c0a20d0;  1 drivers
v000002d31c108390_0 .net *"_ivl_14", 0 0, L_000002d31c0a2680;  1 drivers
v000002d31c108d90_0 .net *"_ivl_142", 0 0, L_000002d31c4889a0;  1 drivers
v000002d31c109e70_0 .net *"_ivl_144", 0 0, L_000002d31c488c20;  1 drivers
v000002d31c108750_0 .net *"_ivl_146", 0 0, L_000002d31c489e40;  1 drivers
v000002d31c1096f0_0 .net *"_ivl_148", 0 0, L_000002d31c489bc0;  1 drivers
v000002d31c109790_0 .net *"_ivl_150", 0 0, L_000002d31c489260;  1 drivers
v000002d31c1089d0_0 .net *"_ivl_151", 0 0, L_000002d31c0a24c0;  1 drivers
v000002d31c108570_0 .net *"_ivl_154", 0 0, L_000002d31c489300;  1 drivers
v000002d31c108e30_0 .net *"_ivl_156", 0 0, L_000002d31c488900;  1 drivers
v000002d31c108070_0 .net *"_ivl_158", 0 0, L_000002d31c488cc0;  1 drivers
v000002d31c109dd0_0 .net *"_ivl_160", 0 0, L_000002d31c489620;  1 drivers
v000002d31c108250_0 .net *"_ivl_162", 0 0, L_000002d31c488d60;  1 drivers
v000002d31c108b10_0 .net *"_ivl_163", 0 0, L_000002d31c4e47d0;  1 drivers
v000002d31c109150_0 .net *"_ivl_166", 0 0, L_000002d31c4893a0;  1 drivers
v000002d31c109f10_0 .net *"_ivl_168", 0 0, L_000002d31c489c60;  1 drivers
v000002d31c109830_0 .net *"_ivl_17", 0 0, L_000002d31c486920;  1 drivers
v000002d31c1091f0_0 .net *"_ivl_170", 0 0, L_000002d31c488a40;  1 drivers
v000002d31c108bb0_0 .net *"_ivl_172", 0 0, L_000002d31c488e00;  1 drivers
v000002d31c109ab0_0 .net *"_ivl_174", 0 0, L_000002d31c489440;  1 drivers
v000002d31c108110_0 .net *"_ivl_175", 0 0, L_000002d31c4e4bc0;  1 drivers
v000002d31c109290_0 .net *"_ivl_178", 0 0, L_000002d31c488ae0;  1 drivers
v000002d31c109970_0 .net *"_ivl_18", 0 0, L_000002d31c0a1d50;  1 drivers
v000002d31c1081b0_0 .net *"_ivl_180", 0 0, L_000002d31c488ea0;  1 drivers
v000002d31c108a70_0 .net *"_ivl_182", 0 0, L_000002d31c489940;  1 drivers
v000002d31c109510_0 .net *"_ivl_184", 0 0, L_000002d31c488f40;  1 drivers
v000002d31c1087f0_0 .net *"_ivl_186", 0 0, L_000002d31c488fe0;  1 drivers
v000002d31c108c50_0 .net *"_ivl_187", 0 0, L_000002d31c4e4e60;  1 drivers
v000002d31c1082f0_0 .net *"_ivl_190", 0 0, L_000002d31c489120;  1 drivers
v000002d31c108cf0_0 .net *"_ivl_192", 0 0, L_000002d31c488b80;  1 drivers
v000002d31c109bf0_0 .net *"_ivl_194", 0 0, L_000002d31c489d00;  1 drivers
v000002d31c109470_0 .net *"_ivl_196", 0 0, L_000002d31c4896c0;  1 drivers
v000002d31c1098d0_0 .net *"_ivl_198", 0 0, L_000002d31c4891c0;  1 drivers
v000002d31c108f70_0 .net *"_ivl_199", 0 0, L_000002d31c4e4840;  1 drivers
v000002d31c108ed0_0 .net *"_ivl_202", 0 0, L_000002d31c489080;  1 drivers
v000002d31c108610_0 .net *"_ivl_204", 0 0, L_000002d31c489f80;  1 drivers
v000002d31c109010_0 .net *"_ivl_206", 0 0, L_000002d31c4894e0;  1 drivers
v000002d31c109c90_0 .net *"_ivl_208", 0 0, L_000002d31c489da0;  1 drivers
v000002d31c109d30_0 .net *"_ivl_21", 0 0, L_000002d31c487c80;  1 drivers
v000002d31c109330_0 .net *"_ivl_210", 0 0, L_000002d31c489580;  1 drivers
v000002d31c10c6c0_0 .net *"_ivl_211", 0 0, L_000002d31c4e4c30;  1 drivers
v000002d31c10cd00_0 .net *"_ivl_214", 0 0, L_000002d31c489800;  1 drivers
v000002d31c10c4e0_0 .net *"_ivl_216", 0 0, L_000002d31c4898a0;  1 drivers
v000002d31c10c8a0_0 .net *"_ivl_218", 0 0, L_000002d31c4899e0;  1 drivers
v000002d31c10bf40_0 .net *"_ivl_22", 0 0, L_000002d31c0a1f80;  1 drivers
v000002d31c10bfe0_0 .net *"_ivl_220", 0 0, L_000002d31c489a80;  1 drivers
v000002d31c10ce40_0 .net *"_ivl_222", 0 0, L_000002d31c489b20;  1 drivers
v000002d31c10c080_0 .net *"_ivl_223", 0 0, L_000002d31c4e4d10;  1 drivers
v000002d31c10bea0_0 .net *"_ivl_226", 0 0, L_000002d31c4e5840;  1 drivers
v000002d31c10c9e0_0 .net *"_ivl_228", 0 0, L_000002d31c4e5ca0;  1 drivers
v000002d31c10c300_0 .net *"_ivl_230", 0 0, L_000002d31c4e7820;  1 drivers
v000002d31c10ba40_0 .net *"_ivl_232", 0 0, L_000002d31c4e5ac0;  1 drivers
v000002d31c10b540_0 .net *"_ivl_234", 0 0, L_000002d31c4e7640;  1 drivers
v000002d31c10b5e0_0 .net *"_ivl_235", 0 0, L_000002d31c4e4a00;  1 drivers
v000002d31c10c440_0 .net *"_ivl_238", 0 0, L_000002d31c4e6420;  1 drivers
v000002d31c10c1c0_0 .net *"_ivl_240", 0 0, L_000002d31c4e7320;  1 drivers
v000002d31c10c120_0 .net *"_ivl_242", 0 0, L_000002d31c4e57a0;  1 drivers
v000002d31c10bae0_0 .net *"_ivl_244", 0 0, L_000002d31c4e67e0;  1 drivers
v000002d31c10d2a0_0 .net *"_ivl_246", 0 0, L_000002d31c4e78c0;  1 drivers
v000002d31c10cee0_0 .net *"_ivl_247", 0 0, L_000002d31c4e4300;  1 drivers
v000002d31c10c760_0 .net *"_ivl_25", 0 0, L_000002d31c488360;  1 drivers
v000002d31c10d0c0_0 .net *"_ivl_250", 0 0, L_000002d31c4e5e80;  1 drivers
v000002d31c10cf80_0 .net *"_ivl_252", 0 0, L_000002d31c4e58e0;  1 drivers
v000002d31c10cbc0_0 .net *"_ivl_254", 0 0, L_000002d31c4e5b60;  1 drivers
v000002d31c10c260_0 .net *"_ivl_256", 0 0, L_000002d31c4e6ec0;  1 drivers
v000002d31c10cda0_0 .net *"_ivl_258", 0 0, L_000002d31c4e55c0;  1 drivers
v000002d31c10d160_0 .net *"_ivl_259", 0 0, L_000002d31c4e4ca0;  1 drivers
v000002d31c10cb20_0 .net *"_ivl_26", 0 0, L_000002d31c0a2450;  1 drivers
v000002d31c10bb80_0 .net *"_ivl_262", 0 0, L_000002d31c4e6ba0;  1 drivers
v000002d31c10bc20_0 .net *"_ivl_264", 0 0, L_000002d31c4e6b00;  1 drivers
v000002d31c10bcc0_0 .net *"_ivl_266", 0 0, L_000002d31c4e53e0;  1 drivers
v000002d31c10d020_0 .net *"_ivl_268", 0 0, L_000002d31c4e6a60;  1 drivers
v000002d31c10c3a0_0 .net *"_ivl_270", 0 0, L_000002d31c4e5660;  1 drivers
v000002d31c10b900_0 .net *"_ivl_271", 0 0, L_000002d31c4e4530;  1 drivers
v000002d31c10c580_0 .net *"_ivl_274", 0 0, L_000002d31c4e6c40;  1 drivers
v000002d31c10d340_0 .net *"_ivl_276", 0 0, L_000002d31c4e7780;  1 drivers
v000002d31c10d200_0 .net *"_ivl_278", 0 0, L_000002d31c4e64c0;  1 drivers
v000002d31c10c800_0 .net *"_ivl_280", 0 0, L_000002d31c4e6ce0;  1 drivers
v000002d31c10be00_0 .net *"_ivl_282", 0 0, L_000002d31c4e5980;  1 drivers
v000002d31c10b4a0_0 .net *"_ivl_283", 0 0, L_000002d31c4e41b0;  1 drivers
v000002d31c10b720_0 .net *"_ivl_286", 0 0, L_000002d31c4e5c00;  1 drivers
v000002d31c10c620_0 .net *"_ivl_288", 0 0, L_000002d31c4e71e0;  1 drivers
v000002d31c10b680_0 .net *"_ivl_290", 0 0, L_000002d31c4e6240;  1 drivers
v000002d31c10c940_0 .net *"_ivl_292", 0 0, L_000002d31c4e5fc0;  1 drivers
v000002d31c10ca80_0 .net *"_ivl_294", 0 0, L_000002d31c4e6e20;  1 drivers
v000002d31c10b7c0_0 .net *"_ivl_295", 0 0, L_000002d31c4e4fb0;  1 drivers
v000002d31c10b860_0 .net *"_ivl_298", 0 0, L_000002d31c4e5160;  1 drivers
L_000002d31c48a0b8 .functor BUFT 1, C4<000000000000000000>, C4<0>, C4<0>, C4<0>;
v000002d31c10bd60_0 .net *"_ivl_3", 17 0, L_000002d31c48a0b8;  1 drivers
v000002d31c10cc60_0 .net *"_ivl_30", 0 0, L_000002d31c486600;  1 drivers
v000002d31c10b9a0_0 .net *"_ivl_300", 0 0, L_000002d31c4e62e0;  1 drivers
v000002d31c4805d0_0 .net *"_ivl_302", 0 0, L_000002d31c4e73c0;  1 drivers
v000002d31c4807b0_0 .net *"_ivl_304", 0 0, L_000002d31c4e6f60;  1 drivers
v000002d31c480cb0_0 .net *"_ivl_306", 0 0, L_000002d31c4e5200;  1 drivers
v000002d31c480850_0 .net *"_ivl_307", 0 0, L_000002d31c4e46f0;  1 drivers
v000002d31c480df0_0 .net *"_ivl_31", 0 0, L_000002d31c0a23e0;  1 drivers
v000002d31c481750_0 .net *"_ivl_310", 0 0, L_000002d31c4e6380;  1 drivers
v000002d31c481a70_0 .net *"_ivl_312", 0 0, L_000002d31c4e7460;  1 drivers
v000002d31c480c10_0 .net *"_ivl_314", 0 0, L_000002d31c4e5d40;  1 drivers
v000002d31c481b10_0 .net *"_ivl_316", 0 0, L_000002d31c4e5a20;  1 drivers
v000002d31c4819d0_0 .net *"_ivl_318", 0 0, L_000002d31c4e7280;  1 drivers
v000002d31c481390_0 .net *"_ivl_319", 0 0, L_000002d31c4e4450;  1 drivers
v000002d31c480d50_0 .net *"_ivl_322", 0 0, L_000002d31c4e6d80;  1 drivers
v000002d31c480490_0 .net *"_ivl_324", 0 0, L_000002d31c4e5480;  1 drivers
v000002d31c481ed0_0 .net *"_ivl_326", 0 0, L_000002d31c4e7000;  1 drivers
v000002d31c4808f0_0 .net *"_ivl_328", 0 0, L_000002d31c4e75a0;  1 drivers
v000002d31c4802b0_0 .net *"_ivl_330", 0 0, L_000002d31c4e5de0;  1 drivers
v000002d31c481610_0 .net *"_ivl_331", 0 0, L_000002d31c4e4f40;  1 drivers
v000002d31c480990_0 .net *"_ivl_334", 0 0, L_000002d31c4e70a0;  1 drivers
v000002d31c481070_0 .net *"_ivl_336", 0 0, L_000002d31c4e7500;  1 drivers
v000002d31c481890_0 .net *"_ivl_338", 0 0, L_000002d31c4e7140;  1 drivers
v000002d31c481d90_0 .net *"_ivl_34", 0 0, L_000002d31c488400;  1 drivers
v000002d31c480fd0_0 .net *"_ivl_340", 0 0, L_000002d31c4e5f20;  1 drivers
v000002d31c480350_0 .net *"_ivl_342", 0 0, L_000002d31c4e6600;  1 drivers
v000002d31c480b70_0 .net *"_ivl_343", 0 0, L_000002d31c4e4920;  1 drivers
v000002d31c481bb0_0 .net *"_ivl_346", 0 0, L_000002d31c4e76e0;  1 drivers
v000002d31c481430_0 .net *"_ivl_348", 0 0, L_000002d31c4e6560;  1 drivers
v000002d31c481f70_0 .net *"_ivl_350", 0 0, L_000002d31c4e6060;  1 drivers
v000002d31c481110_0 .net *"_ivl_352", 0 0, L_000002d31c4e66a0;  1 drivers
v000002d31c481c50_0 .net *"_ivl_354", 0 0, L_000002d31c4e5700;  1 drivers
v000002d31c4811b0_0 .net *"_ivl_355", 0 0, L_000002d31c4e4d80;  1 drivers
v000002d31c480670_0 .net *"_ivl_359", 0 0, L_000002d31c4e61a0;  1 drivers
v000002d31c4816b0_0 .net *"_ivl_36", 0 0, L_000002d31c488180;  1 drivers
v000002d31c4803f0_0 .net *"_ivl_361", 0 0, L_000002d31c4e52a0;  1 drivers
v000002d31c4812f0_0 .net *"_ivl_363", 0 0, L_000002d31c4e6740;  1 drivers
v000002d31c481930_0 .net *"_ivl_365", 0 0, L_000002d31c4e5340;  1 drivers
v000002d31c481250_0 .net *"_ivl_367", 0 0, L_000002d31c4e6920;  1 drivers
v000002d31c4814d0_0 .net *"_ivl_368", 0 0, L_000002d31c4e4370;  1 drivers
v000002d31c480e90_0 .net *"_ivl_371", 0 0, L_000002d31c4e69c0;  1 drivers
v000002d31c480f30_0 .net *"_ivl_373", 0 0, L_000002d31c4e6880;  1 drivers
v000002d31c481cf0_0 .net *"_ivl_374", 0 0, L_000002d31c4e4680;  1 drivers
v000002d31c481570_0 .net *"_ivl_377", 0 0, L_000002d31c4e5520;  1 drivers
v000002d31c480ad0_0 .net *"_ivl_379", 0 0, L_000002d31c4e82c0;  1 drivers
v000002d31c4817f0_0 .net *"_ivl_38", 0 0, L_000002d31c486c40;  1 drivers
v000002d31c481e30_0 .net *"_ivl_380", 0 0, L_000002d31c4e4df0;  1 drivers
v000002d31c480710_0 .net *"_ivl_383", 0 0, L_000002d31c4e8180;  1 drivers
v000002d31c480170_0 .net *"_ivl_385", 0 0, L_000002d31c4e8220;  1 drivers
v000002d31c480210_0 .net *"_ivl_386", 0 0, L_000002d31c4e5020;  1 drivers
v000002d31c4800d0_0 .net *"_ivl_389", 0 0, L_000002d31c4e7e60;  1 drivers
v000002d31c480530_0 .net *"_ivl_391", 0 0, L_000002d31c4e7d20;  1 drivers
v000002d31c480a30_0 .net *"_ivl_392", 0 0, L_000002d31c4e4a70;  1 drivers
v000002d31c4847b0_0 .net *"_ivl_395", 0 0, L_000002d31c4e7f00;  1 drivers
v000002d31c483090_0 .net *"_ivl_397", 0 0, L_000002d31c4e7dc0;  1 drivers
v000002d31c484170_0 .net *"_ivl_398", 0 0, L_000002d31c4e4140;  1 drivers
L_000002d31c48a100 .functor BUFT 1, C4<00000000000000000000000000011101>, C4<0>, C4<0>, C4<0>;
v000002d31c483b30_0 .net/2u *"_ivl_4", 31 0, L_000002d31c48a100;  1 drivers
v000002d31c4831d0_0 .net *"_ivl_40", 0 0, L_000002d31c4864c0;  1 drivers
v000002d31c483e50_0 .net *"_ivl_401", 0 0, L_000002d31c4e8360;  1 drivers
v000002d31c482190_0 .net *"_ivl_403", 0 0, L_000002d31c4e7fa0;  1 drivers
v000002d31c483bd0_0 .net *"_ivl_404", 0 0, L_000002d31c4e4220;  1 drivers
v000002d31c4820f0_0 .net *"_ivl_407", 0 0, L_000002d31c4e8ea0;  1 drivers
v000002d31c483770_0 .net *"_ivl_409", 0 0, L_000002d31c4e7a00;  1 drivers
v000002d31c484350_0 .net *"_ivl_410", 0 0, L_000002d31c4e4290;  1 drivers
v000002d31c4827d0_0 .net *"_ivl_413", 0 0, L_000002d31c4e8540;  1 drivers
v000002d31c482ff0_0 .net *"_ivl_415", 0 0, L_000002d31c4e8400;  1 drivers
v000002d31c4840d0_0 .net *"_ivl_416", 0 0, L_000002d31c4e4ed0;  1 drivers
v000002d31c483ef0_0 .net *"_ivl_419", 0 0, L_000002d31c4e85e0;  1 drivers
v000002d31c4838b0_0 .net *"_ivl_42", 0 0, L_000002d31c487d20;  1 drivers
v000002d31c4825f0_0 .net *"_ivl_421", 0 0, L_000002d31c4e8720;  1 drivers
v000002d31c482d70_0 .net *"_ivl_422", 0 0, L_000002d31c4e43e0;  1 drivers
v000002d31c483630_0 .net *"_ivl_425", 0 0, L_000002d31c4e8f40;  1 drivers
v000002d31c483c70_0 .net *"_ivl_427", 0 0, L_000002d31c4e8fe0;  1 drivers
v000002d31c4843f0_0 .net *"_ivl_428", 0 0, L_000002d31c4e44c0;  1 drivers
v000002d31c484210_0 .net *"_ivl_43", 0 0, L_000002d31c0a2760;  1 drivers
v000002d31c484030_0 .net *"_ivl_431", 0 0, L_000002d31c4e7960;  1 drivers
v000002d31c483450_0 .net *"_ivl_433", 0 0, L_000002d31c4e84a0;  1 drivers
v000002d31c483270_0 .net *"_ivl_434", 0 0, L_000002d31c4e45a0;  1 drivers
v000002d31c483310_0 .net *"_ivl_437", 0 0, L_000002d31c4e8900;  1 drivers
v000002d31c484670_0 .net *"_ivl_439", 0 0, L_000002d31c4e8c20;  1 drivers
v000002d31c483130_0 .net *"_ivl_440", 0 0, L_000002d31c4e4760;  1 drivers
v000002d31c483f90_0 .net *"_ivl_443", 0 0, L_000002d31c4e7be0;  1 drivers
v000002d31c4833b0_0 .net *"_ivl_445", 0 0, L_000002d31c4e7c80;  1 drivers
v000002d31c482870_0 .net *"_ivl_446", 0 0, L_000002d31c4e4610;  1 drivers
v000002d31c484490_0 .net *"_ivl_450", 0 0, L_000002d31c4e80e0;  1 drivers
v000002d31c4842b0_0 .net *"_ivl_452", 0 0, L_000002d31c4e8680;  1 drivers
v000002d31c482910_0 .net *"_ivl_453", 0 0, L_000002d31c4e48b0;  1 drivers
v000002d31c4829b0_0 .net *"_ivl_456", 0 0, L_000002d31c4e87c0;  1 drivers
v000002d31c4834f0_0 .net *"_ivl_458", 0 0, L_000002d31c4e8cc0;  1 drivers
v000002d31c482a50_0 .net *"_ivl_459", 0 0, L_000002d31c4e4990;  1 drivers
v000002d31c483590_0 .net *"_ivl_46", 0 0, L_000002d31c488220;  1 drivers
v000002d31c483d10_0 .net *"_ivl_462", 0 0, L_000002d31c4e8860;  1 drivers
v000002d31c482230_0 .net *"_ivl_464", 0 0, L_000002d31c4e89a0;  1 drivers
v000002d31c483810_0 .net *"_ivl_465", 0 0, L_000002d31c4e4ae0;  1 drivers
v000002d31c4836d0_0 .net *"_ivl_468", 0 0, L_000002d31c4e7aa0;  1 drivers
v000002d31c4824b0_0 .net *"_ivl_470", 0 0, L_000002d31c4e8a40;  1 drivers
v000002d31c4822d0_0 .net *"_ivl_471", 0 0, L_000002d31c4e4b50;  1 drivers
v000002d31c484850_0 .net *"_ivl_474", 0 0, L_000002d31c4e8d60;  1 drivers
v000002d31c482370_0 .net *"_ivl_476", 0 0, L_000002d31c4e8ae0;  1 drivers
v000002d31c483950_0 .net *"_ivl_477", 0 0, L_000002d31c4eefe0;  1 drivers
v000002d31c482410_0 .net *"_ivl_48", 0 0, L_000002d31c486380;  1 drivers
v000002d31c482690_0 .net *"_ivl_480", 0 0, L_000002d31c4e8e00;  1 drivers
v000002d31c4839f0_0 .net *"_ivl_482", 0 0, L_000002d31c4e8b80;  1 drivers
v000002d31c482730_0 .net *"_ivl_483", 0 0, L_000002d31c4ef280;  1 drivers
v000002d31c482550_0 .net *"_ivl_486", 0 0, L_000002d31c4e7b40;  1 drivers
v000002d31c482af0_0 .net *"_ivl_488", 0 0, L_000002d31c4f1bb0;  1 drivers
v000002d31c482b90_0 .net *"_ivl_489", 0 0, L_000002d31c4ef9f0;  1 drivers
v000002d31c483a90_0 .net *"_ivl_492", 0 0, L_000002d31c4f05d0;  1 drivers
v000002d31c482c30_0 .net *"_ivl_494", 0 0, L_000002d31c4f12f0;  1 drivers
v000002d31c482cd0_0 .net *"_ivl_495", 0 0, L_000002d31c4ef670;  1 drivers
v000002d31c482e10_0 .net *"_ivl_498", 0 0, L_000002d31c4f1070;  1 drivers
v000002d31c483db0_0 .net *"_ivl_50", 0 0, L_000002d31c487b40;  1 drivers
v000002d31c482eb0_0 .net *"_ivl_500", 0 0, L_000002d31c4f11b0;  1 drivers
v000002d31c484530_0 .net *"_ivl_501", 0 0, L_000002d31c4efa60;  1 drivers
v000002d31c4845d0_0 .net *"_ivl_504", 0 0, L_000002d31c4f0ad0;  1 drivers
v000002d31c482f50_0 .net *"_ivl_506", 0 0, L_000002d31c4f0990;  1 drivers
v000002d31c484710_0 .net *"_ivl_507", 0 0, L_000002d31c4ef520;  1 drivers
v000002d31c4848f0_0 .net *"_ivl_510", 0 0, L_000002d31c4f0b70;  1 drivers
v000002d31c485610_0 .net *"_ivl_512", 0 0, L_000002d31c4f08f0;  1 drivers
v000002d31c485d90_0 .net *"_ivl_513", 0 0, L_000002d31c4efad0;  1 drivers
v000002d31c4857f0_0 .net *"_ivl_516", 0 0, L_000002d31c4f1390;  1 drivers
v000002d31c485c50_0 .net *"_ivl_518", 0 0, L_000002d31c4f0c10;  1 drivers
v000002d31c485930_0 .net *"_ivl_519", 0 0, L_000002d31c4eebf0;  1 drivers
v000002d31c485570_0 .net *"_ivl_52", 0 0, L_000002d31c4878c0;  1 drivers
v000002d31c4859d0_0 .net *"_ivl_522", 0 0, L_000002d31c4f26f0;  1 drivers
v000002d31c484cb0_0 .net *"_ivl_524", 0 0, L_000002d31c4f0350;  1 drivers
v000002d31c484fd0_0 .net *"_ivl_525", 0 0, L_000002d31c4eec60;  1 drivers
v000002d31c4856b0_0 .net *"_ivl_528", 0 0, L_000002d31c4f16b0;  1 drivers
v000002d31c484a30_0 .net *"_ivl_530", 0 0, L_000002d31c4f1110;  1 drivers
v000002d31c484c10_0 .net *"_ivl_531", 0 0, L_000002d31c4ef3d0;  1 drivers
v000002d31c484d50_0 .net *"_ivl_535", 0 0, L_000002d31c4f0df0;  1 drivers
v000002d31c4852f0_0 .net *"_ivl_537", 0 0, L_000002d31c4f1250;  1 drivers
v000002d31c485f70_0 .net *"_ivl_538", 31 0, L_000002d31c4f02b0;  1 drivers
v000002d31c484df0_0 .net *"_ivl_54", 0 0, L_000002d31c487dc0;  1 drivers
L_000002d31c48a148 .functor BUFT 1, C4<000000000000000000>, C4<0>, C4<0>, C4<0>;
v000002d31c485a70_0 .net *"_ivl_541", 17 0, L_000002d31c48a148;  1 drivers
L_000002d31c48a190 .functor BUFT 1, C4<00000000000000000000000000011101>, C4<0>, C4<0>, C4<0>;
v000002d31c485b10_0 .net/2u *"_ivl_542", 31 0, L_000002d31c48a190;  1 drivers
v000002d31c484f30_0 .net *"_ivl_544", 31 0, L_000002d31c4f0cb0;  1 drivers
v000002d31c484e90_0 .net *"_ivl_55", 0 0, L_000002d31c0a1dc0;  1 drivers
v000002d31c485390_0 .net *"_ivl_58", 0 0, L_000002d31c488860;  1 drivers
v000002d31c484990_0 .net *"_ivl_6", 31 0, L_000002d31c487e60;  1 drivers
v000002d31c484ad0_0 .net *"_ivl_60", 0 0, L_000002d31c487320;  1 drivers
v000002d31c485e30_0 .net *"_ivl_62", 0 0, L_000002d31c487f00;  1 drivers
v000002d31c485bb0_0 .net *"_ivl_64", 0 0, L_000002d31c486420;  1 drivers
v000002d31c485750_0 .net *"_ivl_66", 0 0, L_000002d31c486560;  1 drivers
v000002d31c484b70_0 .net *"_ivl_67", 0 0, L_000002d31c0a1e30;  1 drivers
v000002d31c485070_0 .net *"_ivl_70", 0 0, L_000002d31c4884a0;  1 drivers
v000002d31c485430_0 .net *"_ivl_72", 0 0, L_000002d31c486ce0;  1 drivers
v000002d31c485890_0 .net *"_ivl_74", 0 0, L_000002d31c4875a0;  1 drivers
v000002d31c485cf0_0 .net *"_ivl_76", 0 0, L_000002d31c487fa0;  1 drivers
v000002d31c485110_0 .net *"_ivl_78", 0 0, L_000002d31c4882c0;  1 drivers
v000002d31c485ed0_0 .net *"_ivl_79", 0 0, L_000002d31c0a1ea0;  1 drivers
v000002d31c4851b0_0 .net *"_ivl_82", 0 0, L_000002d31c488040;  1 drivers
v000002d31c4854d0_0 .net *"_ivl_84", 0 0, L_000002d31c4866a0;  1 drivers
v000002d31c485250_0 .net *"_ivl_86", 0 0, L_000002d31c487640;  1 drivers
v000002d31c4876e0_0 .net *"_ivl_88", 0 0, L_000002d31c486b00;  1 drivers
v000002d31c4873c0_0 .net *"_ivl_90", 0 0, L_000002d31c486a60;  1 drivers
v000002d31c488720_0 .net *"_ivl_91", 0 0, L_000002d31c0a1f10;  1 drivers
v000002d31c4880e0_0 .net *"_ivl_94", 0 0, L_000002d31c488540;  1 drivers
v000002d31c4861a0_0 .net *"_ivl_96", 0 0, L_000002d31c486740;  1 drivers
v000002d31c487960_0 .net *"_ivl_98", 0 0, L_000002d31c486880;  1 drivers
v000002d31c487820_0 .net "and_out", 27 0, L_000002d31c4e6100;  1 drivers
v000002d31c487aa0_0 .net "error_bit", 13 0, L_000002d31c4e8040;  1 drivers
v000002d31c4885e0_0 .net "mod_tri", 4 0, L_000002d31c487a00;  1 drivers
v000002d31c486240_0 .net "not_mod_tri", 4 0, L_000002d31c4867e0;  1 drivers
L_000002d31c4862e0 .concat [ 14 18 0 0], v000002d31c488680_0, L_000002d31c48a0b8;
L_000002d31c487e60 .arith/mod 32, L_000002d31c4862e0, L_000002d31c48a100;
L_000002d31c487a00 .part L_000002d31c487e60, 0, 5;
L_000002d31c4887c0 .part L_000002d31c487a00, 0, 1;
L_000002d31c486920 .part L_000002d31c487a00, 1, 1;
L_000002d31c487c80 .part L_000002d31c487a00, 2, 1;
L_000002d31c488360 .part L_000002d31c487a00, 3, 1;
LS_000002d31c4867e0_0_0 .concat8 [ 1 1 1 1], L_000002d31c0a1b90, L_000002d31c0a2680, L_000002d31c0a1d50, L_000002d31c0a1f80;
LS_000002d31c4867e0_0_4 .concat8 [ 1 0 0 0], L_000002d31c0a2450;
L_000002d31c4867e0 .concat8 [ 4 1 0 0], LS_000002d31c4867e0_0_0, LS_000002d31c4867e0_0_4;
L_000002d31c486600 .part L_000002d31c487a00, 4, 1;
L_000002d31c488400 .part L_000002d31c487a00, 0, 1;
L_000002d31c488180 .part L_000002d31c4867e0, 1, 1;
L_000002d31c486c40 .part L_000002d31c4867e0, 2, 1;
L_000002d31c4864c0 .part L_000002d31c4867e0, 3, 1;
L_000002d31c487d20 .part L_000002d31c4867e0, 4, 1;
L_000002d31c488220 .part L_000002d31c4867e0, 0, 1;
L_000002d31c486380 .part L_000002d31c487a00, 1, 1;
L_000002d31c487b40 .part L_000002d31c4867e0, 2, 1;
L_000002d31c4878c0 .part L_000002d31c4867e0, 3, 1;
L_000002d31c487dc0 .part L_000002d31c4867e0, 4, 1;
L_000002d31c488860 .part L_000002d31c487a00, 0, 1;
L_000002d31c487320 .part L_000002d31c487a00, 1, 1;
L_000002d31c487f00 .part L_000002d31c4867e0, 2, 1;
L_000002d31c486420 .part L_000002d31c4867e0, 3, 1;
L_000002d31c486560 .part L_000002d31c4867e0, 4, 1;
L_000002d31c4884a0 .part L_000002d31c4867e0, 0, 1;
L_000002d31c486ce0 .part L_000002d31c4867e0, 1, 1;
L_000002d31c4875a0 .part L_000002d31c487a00, 2, 1;
L_000002d31c487fa0 .part L_000002d31c4867e0, 3, 1;
L_000002d31c4882c0 .part L_000002d31c4867e0, 4, 1;
L_000002d31c488040 .part L_000002d31c487a00, 0, 1;
L_000002d31c4866a0 .part L_000002d31c4867e0, 1, 1;
L_000002d31c487640 .part L_000002d31c487a00, 2, 1;
L_000002d31c486b00 .part L_000002d31c4867e0, 3, 1;
L_000002d31c486a60 .part L_000002d31c4867e0, 4, 1;
L_000002d31c488540 .part L_000002d31c4867e0, 0, 1;
L_000002d31c486740 .part L_000002d31c487a00, 1, 1;
L_000002d31c486880 .part L_000002d31c487a00, 2, 1;
L_000002d31c4869c0 .part L_000002d31c4867e0, 3, 1;
L_000002d31c487460 .part L_000002d31c4867e0, 4, 1;
L_000002d31c487500 .part L_000002d31c487a00, 0, 1;
L_000002d31c486100 .part L_000002d31c487a00, 1, 1;
L_000002d31c486ba0 .part L_000002d31c487a00, 2, 1;
L_000002d31c487780 .part L_000002d31c4867e0, 3, 1;
L_000002d31c486d80 .part L_000002d31c4867e0, 4, 1;
L_000002d31c486e20 .part L_000002d31c4867e0, 0, 1;
L_000002d31c486ec0 .part L_000002d31c4867e0, 1, 1;
L_000002d31c486f60 .part L_000002d31c4867e0, 2, 1;
L_000002d31c487000 .part L_000002d31c487a00, 3, 1;
L_000002d31c4870a0 .part L_000002d31c4867e0, 4, 1;
L_000002d31c487140 .part L_000002d31c487a00, 0, 1;
L_000002d31c4871e0 .part L_000002d31c4867e0, 1, 1;
L_000002d31c487280 .part L_000002d31c4867e0, 2, 1;
L_000002d31c489760 .part L_000002d31c487a00, 3, 1;
L_000002d31c489ee0 .part L_000002d31c4867e0, 4, 1;
L_000002d31c4889a0 .part L_000002d31c4867e0, 0, 1;
L_000002d31c488c20 .part L_000002d31c487a00, 1, 1;
L_000002d31c489e40 .part L_000002d31c4867e0, 2, 1;
L_000002d31c489bc0 .part L_000002d31c487a00, 3, 1;
L_000002d31c489260 .part L_000002d31c4867e0, 4, 1;
L_000002d31c489300 .part L_000002d31c487a00, 0, 1;
L_000002d31c488900 .part L_000002d31c487a00, 1, 1;
L_000002d31c488cc0 .part L_000002d31c4867e0, 2, 1;
L_000002d31c489620 .part L_000002d31c487a00, 3, 1;
L_000002d31c488d60 .part L_000002d31c4867e0, 4, 1;
L_000002d31c4893a0 .part L_000002d31c4867e0, 0, 1;
L_000002d31c489c60 .part L_000002d31c4867e0, 1, 1;
L_000002d31c488a40 .part L_000002d31c487a00, 2, 1;
L_000002d31c488e00 .part L_000002d31c487a00, 3, 1;
L_000002d31c489440 .part L_000002d31c4867e0, 4, 1;
L_000002d31c488ae0 .part L_000002d31c487a00, 0, 1;
L_000002d31c488ea0 .part L_000002d31c4867e0, 1, 1;
L_000002d31c489940 .part L_000002d31c487a00, 2, 1;
L_000002d31c488f40 .part L_000002d31c487a00, 3, 1;
L_000002d31c488fe0 .part L_000002d31c4867e0, 4, 1;
L_000002d31c489120 .part L_000002d31c4867e0, 0, 1;
L_000002d31c488b80 .part L_000002d31c487a00, 1, 1;
L_000002d31c489d00 .part L_000002d31c487a00, 2, 1;
L_000002d31c4896c0 .part L_000002d31c487a00, 3, 1;
L_000002d31c4891c0 .part L_000002d31c4867e0, 4, 1;
L_000002d31c489080 .part L_000002d31c487a00, 0, 1;
L_000002d31c489f80 .part L_000002d31c487a00, 1, 1;
L_000002d31c4894e0 .part L_000002d31c487a00, 2, 1;
L_000002d31c489da0 .part L_000002d31c487a00, 3, 1;
L_000002d31c489580 .part L_000002d31c4867e0, 4, 1;
L_000002d31c489800 .part L_000002d31c4867e0, 0, 1;
L_000002d31c4898a0 .part L_000002d31c4867e0, 1, 1;
L_000002d31c4899e0 .part L_000002d31c4867e0, 2, 1;
L_000002d31c489a80 .part L_000002d31c4867e0, 3, 1;
L_000002d31c489b20 .part L_000002d31c487a00, 4, 1;
L_000002d31c4e5840 .part L_000002d31c487a00, 0, 1;
L_000002d31c4e5ca0 .part L_000002d31c4867e0, 1, 1;
L_000002d31c4e7820 .part L_000002d31c4867e0, 2, 1;
L_000002d31c4e5ac0 .part L_000002d31c4867e0, 3, 1;
L_000002d31c4e7640 .part L_000002d31c487a00, 4, 1;
L_000002d31c4e6420 .part L_000002d31c4867e0, 0, 1;
L_000002d31c4e7320 .part L_000002d31c487a00, 1, 1;
L_000002d31c4e57a0 .part L_000002d31c4867e0, 2, 1;
L_000002d31c4e67e0 .part L_000002d31c4867e0, 3, 1;
L_000002d31c4e78c0 .part L_000002d31c487a00, 4, 1;
L_000002d31c4e5e80 .part L_000002d31c487a00, 0, 1;
L_000002d31c4e58e0 .part L_000002d31c487a00, 1, 1;
L_000002d31c4e5b60 .part L_000002d31c4867e0, 2, 1;
L_000002d31c4e6ec0 .part L_000002d31c4867e0, 3, 1;
L_000002d31c4e55c0 .part L_000002d31c487a00, 4, 1;
L_000002d31c4e6ba0 .part L_000002d31c4867e0, 0, 1;
L_000002d31c4e6b00 .part L_000002d31c4867e0, 1, 1;
L_000002d31c4e53e0 .part L_000002d31c487a00, 2, 1;
L_000002d31c4e6a60 .part L_000002d31c4867e0, 3, 1;
L_000002d31c4e5660 .part L_000002d31c487a00, 4, 1;
L_000002d31c4e6c40 .part L_000002d31c487a00, 0, 1;
L_000002d31c4e7780 .part L_000002d31c4867e0, 1, 1;
L_000002d31c4e64c0 .part L_000002d31c487a00, 2, 1;
L_000002d31c4e6ce0 .part L_000002d31c4867e0, 3, 1;
L_000002d31c4e5980 .part L_000002d31c487a00, 4, 1;
L_000002d31c4e5c00 .part L_000002d31c4867e0, 0, 1;
L_000002d31c4e71e0 .part L_000002d31c487a00, 1, 1;
L_000002d31c4e6240 .part L_000002d31c487a00, 2, 1;
L_000002d31c4e5fc0 .part L_000002d31c4867e0, 3, 1;
L_000002d31c4e6e20 .part L_000002d31c487a00, 4, 1;
L_000002d31c4e5160 .part L_000002d31c487a00, 0, 1;
L_000002d31c4e62e0 .part L_000002d31c487a00, 1, 1;
L_000002d31c4e73c0 .part L_000002d31c487a00, 2, 1;
L_000002d31c4e6f60 .part L_000002d31c4867e0, 3, 1;
L_000002d31c4e5200 .part L_000002d31c487a00, 4, 1;
L_000002d31c4e6380 .part L_000002d31c4867e0, 0, 1;
L_000002d31c4e7460 .part L_000002d31c4867e0, 1, 1;
L_000002d31c4e5d40 .part L_000002d31c4867e0, 2, 1;
L_000002d31c4e5a20 .part L_000002d31c487a00, 3, 1;
L_000002d31c4e7280 .part L_000002d31c487a00, 4, 1;
L_000002d31c4e6d80 .part L_000002d31c487a00, 0, 1;
L_000002d31c4e5480 .part L_000002d31c4867e0, 1, 1;
L_000002d31c4e7000 .part L_000002d31c4867e0, 2, 1;
L_000002d31c4e75a0 .part L_000002d31c487a00, 3, 1;
L_000002d31c4e5de0 .part L_000002d31c487a00, 4, 1;
L_000002d31c4e70a0 .part L_000002d31c4867e0, 0, 1;
L_000002d31c4e7500 .part L_000002d31c487a00, 1, 1;
L_000002d31c4e7140 .part L_000002d31c4867e0, 2, 1;
L_000002d31c4e5f20 .part L_000002d31c487a00, 3, 1;
L_000002d31c4e6600 .part L_000002d31c487a00, 4, 1;
L_000002d31c4e76e0 .part L_000002d31c487a00, 0, 1;
L_000002d31c4e6560 .part L_000002d31c487a00, 1, 1;
L_000002d31c4e6060 .part L_000002d31c4867e0, 2, 1;
L_000002d31c4e66a0 .part L_000002d31c487a00, 3, 1;
L_000002d31c4e5700 .part L_000002d31c487a00, 4, 1;
LS_000002d31c4e6100_0_0 .concat8 [ 1 1 1 1], L_000002d31c0a23e0, L_000002d31c0a2760, L_000002d31c0a1dc0, L_000002d31c0a1e30;
LS_000002d31c4e6100_0_4 .concat8 [ 1 1 1 1], L_000002d31c0a1ea0, L_000002d31c0a1f10, L_000002d31c0a1ff0, L_000002d31c0a2530;
LS_000002d31c4e6100_0_8 .concat8 [ 1 1 1 1], L_000002d31c0a25a0, L_000002d31c0a20d0, L_000002d31c0a24c0, L_000002d31c4e47d0;
LS_000002d31c4e6100_0_12 .concat8 [ 1 1 1 1], L_000002d31c4e4bc0, L_000002d31c4e4e60, L_000002d31c4e4840, L_000002d31c4e4c30;
LS_000002d31c4e6100_0_16 .concat8 [ 1 1 1 1], L_000002d31c4e4d10, L_000002d31c4e4a00, L_000002d31c4e4300, L_000002d31c4e4ca0;
LS_000002d31c4e6100_0_20 .concat8 [ 1 1 1 1], L_000002d31c4e4530, L_000002d31c4e41b0, L_000002d31c4e4fb0, L_000002d31c4e46f0;
LS_000002d31c4e6100_0_24 .concat8 [ 1 1 1 1], L_000002d31c4e4450, L_000002d31c4e4f40, L_000002d31c4e4920, L_000002d31c4e4d80;
LS_000002d31c4e6100_1_0 .concat8 [ 4 4 4 4], LS_000002d31c4e6100_0_0, LS_000002d31c4e6100_0_4, LS_000002d31c4e6100_0_8, LS_000002d31c4e6100_0_12;
LS_000002d31c4e6100_1_4 .concat8 [ 4 4 4 0], LS_000002d31c4e6100_0_16, LS_000002d31c4e6100_0_20, LS_000002d31c4e6100_0_24;
L_000002d31c4e6100 .concat8 [ 16 12 0 0], LS_000002d31c4e6100_1_0, LS_000002d31c4e6100_1_4;
L_000002d31c4e61a0 .part L_000002d31c4867e0, 0, 1;
L_000002d31c4e52a0 .part L_000002d31c4867e0, 1, 1;
L_000002d31c4e6740 .part L_000002d31c487a00, 2, 1;
L_000002d31c4e5340 .part L_000002d31c487a00, 3, 1;
L_000002d31c4e6920 .part L_000002d31c487a00, 4, 1;
L_000002d31c4e69c0 .part L_000002d31c4e6100, 0, 1;
L_000002d31c4e6880 .part L_000002d31c4e6100, 27, 1;
L_000002d31c4e5520 .part L_000002d31c4e6100, 1, 1;
L_000002d31c4e82c0 .part L_000002d31c4e6100, 26, 1;
L_000002d31c4e8180 .part L_000002d31c4e6100, 3, 1;
L_000002d31c4e8220 .part L_000002d31c4e6100, 24, 1;
L_000002d31c4e7e60 .part L_000002d31c4e6100, 7, 1;
L_000002d31c4e7d20 .part L_000002d31c4e6100, 20, 1;
L_000002d31c4e7f00 .part L_000002d31c4e6100, 12, 1;
L_000002d31c4e7dc0 .part L_000002d31c4e6100, 15, 1;
L_000002d31c4e8360 .part L_000002d31c4e6100, 2, 1;
L_000002d31c4e7fa0 .part L_000002d31c4e6100, 25, 1;
L_000002d31c4e8ea0 .part L_000002d31c4e6100, 5, 1;
L_000002d31c4e7a00 .part L_000002d31c4e6100, 22, 1;
L_000002d31c4e8540 .part L_000002d31c4e6100, 11, 1;
L_000002d31c4e8400 .part L_000002d31c4e6100, 16, 1;
L_000002d31c4e85e0 .part L_000002d31c4e6100, 4, 1;
L_000002d31c4e8720 .part L_000002d31c4e6100, 23, 1;
L_000002d31c4e8f40 .part L_000002d31c4e6100, 9, 1;
L_000002d31c4e8fe0 .part L_000002d31c4e6100, 18, 1;
L_000002d31c4e7960 .part L_000002d31c4e6100, 8, 1;
L_000002d31c4e84a0 .part L_000002d31c4e6100, 19, 1;
L_000002d31c4e8900 .part L_000002d31c4e6100, 10, 1;
L_000002d31c4e8c20 .part L_000002d31c4e6100, 17, 1;
L_000002d31c4e7be0 .part L_000002d31c4e6100, 6, 1;
L_000002d31c4e7c80 .part L_000002d31c4e6100, 21, 1;
LS_000002d31c4e8040_0_0 .concat8 [ 1 1 1 1], L_000002d31c4e4370, L_000002d31c4e4680, L_000002d31c4e4df0, L_000002d31c4e5020;
LS_000002d31c4e8040_0_4 .concat8 [ 1 1 1 1], L_000002d31c4e4a70, L_000002d31c4e4140, L_000002d31c4e4220, L_000002d31c4e4290;
LS_000002d31c4e8040_0_8 .concat8 [ 1 1 1 1], L_000002d31c4e4ed0, L_000002d31c4e43e0, L_000002d31c4e44c0, L_000002d31c4e45a0;
LS_000002d31c4e8040_0_12 .concat8 [ 1 1 0 0], L_000002d31c4e4760, L_000002d31c4e4610;
L_000002d31c4e8040 .concat8 [ 4 4 4 2], LS_000002d31c4e8040_0_0, LS_000002d31c4e8040_0_4, LS_000002d31c4e8040_0_8, LS_000002d31c4e8040_0_12;
L_000002d31c4e80e0 .part L_000002d31c4e6100, 13, 1;
L_000002d31c4e8680 .part L_000002d31c4e6100, 14, 1;
L_000002d31c4e87c0 .part L_000002d31c4e8040, 0, 1;
L_000002d31c4e8cc0 .part v000002d31c488680_0, 0, 1;
L_000002d31c4e8860 .part L_000002d31c4e8040, 1, 1;
L_000002d31c4e89a0 .part v000002d31c488680_0, 1, 1;
L_000002d31c4e7aa0 .part L_000002d31c4e8040, 2, 1;
L_000002d31c4e8a40 .part v000002d31c488680_0, 2, 1;
L_000002d31c4e8d60 .part L_000002d31c4e8040, 3, 1;
L_000002d31c4e8ae0 .part v000002d31c488680_0, 3, 1;
L_000002d31c4e8e00 .part L_000002d31c4e8040, 4, 1;
L_000002d31c4e8b80 .part v000002d31c488680_0, 4, 1;
L_000002d31c4e7b40 .part L_000002d31c4e8040, 5, 1;
L_000002d31c4f1bb0 .part v000002d31c488680_0, 5, 1;
L_000002d31c4f05d0 .part L_000002d31c4e8040, 6, 1;
L_000002d31c4f12f0 .part v000002d31c488680_0, 6, 1;
L_000002d31c4f1070 .part L_000002d31c4e8040, 7, 1;
L_000002d31c4f11b0 .part v000002d31c488680_0, 7, 1;
L_000002d31c4f0ad0 .part L_000002d31c4e8040, 8, 1;
L_000002d31c4f0990 .part v000002d31c488680_0, 8, 1;
L_000002d31c4f0b70 .part L_000002d31c4e8040, 9, 1;
L_000002d31c4f08f0 .part v000002d31c488680_0, 9, 1;
L_000002d31c4f1390 .part L_000002d31c4e8040, 10, 1;
L_000002d31c4f0c10 .part v000002d31c488680_0, 10, 1;
L_000002d31c4f26f0 .part L_000002d31c4e8040, 11, 1;
L_000002d31c4f0350 .part v000002d31c488680_0, 11, 1;
L_000002d31c4f16b0 .part L_000002d31c4e8040, 12, 1;
L_000002d31c4f1110 .part v000002d31c488680_0, 12, 1;
LS_000002d31c4f1750_0_0 .concat8 [ 1 1 1 1], L_000002d31c4e48b0, L_000002d31c4e4990, L_000002d31c4e4ae0, L_000002d31c4e4b50;
LS_000002d31c4f1750_0_4 .concat8 [ 1 1 1 1], L_000002d31c4eefe0, L_000002d31c4ef280, L_000002d31c4ef9f0, L_000002d31c4ef670;
LS_000002d31c4f1750_0_8 .concat8 [ 1 1 1 1], L_000002d31c4efa60, L_000002d31c4ef520, L_000002d31c4efad0, L_000002d31c4eebf0;
LS_000002d31c4f1750_0_12 .concat8 [ 1 1 0 0], L_000002d31c4eec60, L_000002d31c4ef3d0;
L_000002d31c4f1750 .concat8 [ 4 4 4 2], LS_000002d31c4f1750_0_0, LS_000002d31c4f1750_0_4, LS_000002d31c4f1750_0_8, LS_000002d31c4f1750_0_12;
L_000002d31c4f0df0 .part L_000002d31c4e8040, 13, 1;
L_000002d31c4f1250 .part v000002d31c488680_0, 13, 1;
L_000002d31c4f02b0 .concat [ 14 18 0 0], L_000002d31c4f1750, L_000002d31c48a148;
L_000002d31c4f0cb0 .arith/div 32, L_000002d31c4f02b0, L_000002d31c48a190;
L_000002d31c4f1930 .part L_000002d31c4f0cb0, 0, 9;
    .scope S_000002d31c0ae560;
T_0 ;
    %vpi_call 2 11 "$dumpfile", "./files/BER_20221007_1058/A29N123.vcd" {0 0 0};
    %vpi_call 2 12 "$dumpvars", 32'sb00000000000000000000000000000000, S_000002d31c0ae560 {0 0 0};
    %pushi/vec4 3583, 0, 14;
    %store/vec4 v000002d31c488680_0, 0, 14;
    %delay 10, 0;
    %pushi/vec4 4079, 0, 14;
    %store/vec4 v000002d31c488680_0, 0, 14;
    %delay 10, 0;
    %pushi/vec4 7663, 0, 14;
    %store/vec4 v000002d31c488680_0, 0, 14;
    %delay 10, 0;
    %pushi/vec4 11759, 0, 14;
    %store/vec4 v000002d31c488680_0, 0, 14;
    %delay 10, 0;
    %pushi/vec4 3566, 0, 14;
    %store/vec4 v000002d31c488680_0, 0, 14;
    %delay 10, 0;
    %pushi/vec4 3565, 0, 14;
    %store/vec4 v000002d31c488680_0, 0, 14;
    %delay 10, 0;
    %pushi/vec4 3563, 0, 14;
    %store/vec4 v000002d31c488680_0, 0, 14;
    %delay 10, 0;
    %pushi/vec4 3559, 0, 14;
    %store/vec4 v000002d31c488680_0, 0, 14;
    %delay 10, 0;
    %pushi/vec4 3535, 0, 14;
    %store/vec4 v000002d31c488680_0, 0, 14;
    %delay 10, 0;
    %pushi/vec4 3503, 0, 14;
    %store/vec4 v000002d31c488680_0, 0, 14;
    %delay 10, 0;
    %pushi/vec4 3439, 0, 14;
    %store/vec4 v000002d31c488680_0, 0, 14;
    %delay 10, 0;
    %pushi/vec4 3311, 0, 14;
    %store/vec4 v000002d31c488680_0, 0, 14;
    %delay 10, 0;
    %pushi/vec4 2543, 0, 14;
    %store/vec4 v000002d31c488680_0, 0, 14;
    %delay 10, 0;
    %pushi/vec4 1519, 0, 14;
    %store/vec4 v000002d31c488680_0, 0, 14;
    %delay 10, 0;
    %vpi_call 2 28 "$finish" {0 0 0};
    %end;
    .thread T_0;
# The file index is used to find the file name in the following table.
:file_names 4;
    "N/A";
    "<interactive>";
    "./files/BER_20221007_1058/ANdecoder_BER_29_tb_for_N_123.v";
    "./files/BER_20221007_1058/ANdecoder_BER_29_for_N_123.v";
