#! /c/Source/iverilog-install/bin/vvp
:ivl_version "12.0 (devel)" "(s20150603-1110-g18392a46)";
:ivl_delay_selection "TYPICAL";
:vpi_time_precision + 0;
:vpi_module "C:\iverilog\lib\ivl\system.vpi";
:vpi_module "C:\iverilog\lib\ivl\vhdl_sys.vpi";
:vpi_module "C:\iverilog\lib\ivl\vhdl_textio.vpi";
:vpi_module "C:\iverilog\lib\ivl\v2005_math.vpi";
:vpi_module "C:\iverilog\lib\ivl\va_math.vpi";
S_00000150d43d8b70 .scope module, "ANdecoder_tb" "ANdecoder_tb" 2 5;
 .timescale 0 0;
v00000150d487d820_0 .var "ANe", 22 0;
v00000150d487da00_0 .net "Nc", 16 0, L_00000150d48edb00;  1 drivers
S_00000150d43d8d00 .scope module, "D0" "ANdecoder" 2 9, 3 7 0, S_00000150d43d8b70;
 .timescale 0 0;
    .port_info 0 /INPUT 23 "ANe";
    .port_info 1 /OUTPUT 17 "Nc";
L_00000150d4457d10 .functor NOT 1, L_00000150d487d960, C4<0>, C4<0>, C4<0>;
L_00000150d4457530 .functor NOT 1, L_00000150d487db40, C4<0>, C4<0>, C4<0>;
L_00000150d4457990 .functor NOT 1, L_00000150d487dbe0, C4<0>, C4<0>, C4<0>;
L_00000150d44576f0 .functor NOT 1, L_00000150d487de60, C4<0>, C4<0>, C4<0>;
L_00000150d4457760 .functor NOT 1, L_00000150d487dd20, C4<0>, C4<0>, C4<0>;
L_00000150d4457a00 .functor NOT 1, L_00000150d487df00, C4<0>, C4<0>, C4<0>;
L_00000150d4457bc0/0/0 .functor AND 1, L_00000150d487d8c0, L_00000150d4876980, L_00000150d4878280, L_00000150d48768e0;
L_00000150d4457bc0/0/4 .functor AND 1, L_00000150d4876f20, L_00000150d4876160, C4<1>, C4<1>;
L_00000150d4457bc0 .functor AND 1, L_00000150d4457bc0/0/0, L_00000150d4457bc0/0/4, C4<1>, C4<1>;
L_00000150d4457c30/0/0 .functor AND 1, L_00000150d4876480, L_00000150d4877ce0, L_00000150d4876340, L_00000150d4877d80;
L_00000150d4457c30/0/4 .functor AND 1, L_00000150d4876200, L_00000150d4876fc0, C4<1>, C4<1>;
L_00000150d4457c30 .functor AND 1, L_00000150d4457c30/0/0, L_00000150d4457c30/0/4, C4<1>, C4<1>;
L_00000150d4457ca0/0/0 .functor AND 1, L_00000150d4876ac0, L_00000150d4877060, L_00000150d48776a0, L_00000150d4876d40;
L_00000150d4457ca0/0/4 .functor AND 1, L_00000150d48762a0, L_00000150d4876b60, C4<1>, C4<1>;
L_00000150d4457ca0 .functor AND 1, L_00000150d4457ca0/0/0, L_00000150d4457ca0/0/4, C4<1>, C4<1>;
L_00000150d4457290/0/0 .functor AND 1, L_00000150d4876a20, L_00000150d4877b00, L_00000150d4877740, L_00000150d4878780;
L_00000150d4457290/0/4 .functor AND 1, L_00000150d4876de0, L_00000150d4877ba0, C4<1>, C4<1>;
L_00000150d4457290 .functor AND 1, L_00000150d4457290/0/0, L_00000150d4457290/0/4, C4<1>, C4<1>;
L_00000150d4457300/0/0 .functor AND 1, L_00000150d4876ca0, L_00000150d48767a0, L_00000150d4877880, L_00000150d48763e0;
L_00000150d4457300/0/4 .functor AND 1, L_00000150d4877100, L_00000150d4876c00, C4<1>, C4<1>;
L_00000150d4457300 .functor AND 1, L_00000150d4457300/0/0, L_00000150d4457300/0/4, C4<1>, C4<1>;
L_00000150d4457370/0/0 .functor AND 1, L_00000150d48781e0, L_00000150d4878320, L_00000150d48760c0, L_00000150d4876e80;
L_00000150d4457370/0/4 .functor AND 1, L_00000150d4876520, L_00000150d48777e0, C4<1>, C4<1>;
L_00000150d4457370 .functor AND 1, L_00000150d4457370/0/0, L_00000150d4457370/0/4, C4<1>, C4<1>;
L_00000150d48d7e80/0/0 .functor AND 1, L_00000150d48765c0, L_00000150d48772e0, L_00000150d48783c0, L_00000150d48771a0;
L_00000150d48d7e80/0/4 .functor AND 1, L_00000150d4878000, L_00000150d4877240, C4<1>, C4<1>;
L_00000150d48d7e80 .functor AND 1, L_00000150d48d7e80/0/0, L_00000150d48d7e80/0/4, C4<1>, C4<1>;
L_00000150d48d70f0/0/0 .functor AND 1, L_00000150d4877c40, L_00000150d4877920, L_00000150d48774c0, L_00000150d4877380;
L_00000150d48d70f0/0/4 .functor AND 1, L_00000150d48780a0, L_00000150d4876660, C4<1>, C4<1>;
L_00000150d48d70f0 .functor AND 1, L_00000150d48d70f0/0/0, L_00000150d48d70f0/0/4, C4<1>, C4<1>;
L_00000150d48d7710/0/0 .functor AND 1, L_00000150d4877420, L_00000150d4877560, L_00000150d48786e0, L_00000150d4877600;
L_00000150d48d7710/0/4 .functor AND 1, L_00000150d48779c0, L_00000150d4876840, C4<1>, C4<1>;
L_00000150d48d7710 .functor AND 1, L_00000150d48d7710/0/0, L_00000150d48d7710/0/4, C4<1>, C4<1>;
L_00000150d48d7c50/0/0 .functor AND 1, L_00000150d4877ec0, L_00000150d4877e20, L_00000150d4877a60, L_00000150d4877f60;
L_00000150d48d7c50/0/4 .functor AND 1, L_00000150d4876700, L_00000150d4878460, C4<1>, C4<1>;
L_00000150d48d7c50 .functor AND 1, L_00000150d48d7c50/0/0, L_00000150d48d7c50/0/4, C4<1>, C4<1>;
L_00000150d48d7b00/0/0 .functor AND 1, L_00000150d4878140, L_00000150d4878500, L_00000150d48785a0, L_00000150d4878640;
L_00000150d48d7b00/0/4 .functor AND 1, L_00000150d4878820, L_00000150d48de040, C4<1>, C4<1>;
L_00000150d48d7b00 .functor AND 1, L_00000150d48d7b00/0/0, L_00000150d48d7b00/0/4, C4<1>, C4<1>;
L_00000150d48d7b70/0/0 .functor AND 1, L_00000150d48dd6e0, L_00000150d48deb80, L_00000150d48dca60, L_00000150d48dcec0;
L_00000150d48d7b70/0/4 .functor AND 1, L_00000150d48dc9c0, L_00000150d48deea0, C4<1>, C4<1>;
L_00000150d48d7b70 .functor AND 1, L_00000150d48d7b70/0/0, L_00000150d48d7b70/0/4, C4<1>, C4<1>;
L_00000150d48d76a0/0/0 .functor AND 1, L_00000150d48de680, L_00000150d48dd960, L_00000150d48dd780, L_00000150d48dd8c0;
L_00000150d48d76a0/0/4 .functor AND 1, L_00000150d48de220, L_00000150d48dcf60, C4<1>, C4<1>;
L_00000150d48d76a0 .functor AND 1, L_00000150d48d76a0/0/0, L_00000150d48d76a0/0/4, C4<1>, C4<1>;
L_00000150d48d72b0/0/0 .functor AND 1, L_00000150d48dd820, L_00000150d48de860, L_00000150d48deae0, L_00000150d48dd280;
L_00000150d48d72b0/0/4 .functor AND 1, L_00000150d48dd000, L_00000150d48dd460, C4<1>, C4<1>;
L_00000150d48d72b0 .functor AND 1, L_00000150d48d72b0/0/0, L_00000150d48d72b0/0/4, C4<1>, C4<1>;
L_00000150d48d7320/0/0 .functor AND 1, L_00000150d48dec20, L_00000150d48dd5a0, L_00000150d48de900, L_00000150d48dd320;
L_00000150d48d7320/0/4 .functor AND 1, L_00000150d48dc920, L_00000150d48dda00, C4<1>, C4<1>;
L_00000150d48d7320 .functor AND 1, L_00000150d48d7320/0/0, L_00000150d48d7320/0/4, C4<1>, C4<1>;
L_00000150d48d77f0/0/0 .functor AND 1, L_00000150d48ddd20, L_00000150d48dd500, L_00000150d48de9a0, L_00000150d48dd640;
L_00000150d48d77f0/0/4 .functor AND 1, L_00000150d48de720, L_00000150d48de400, C4<1>, C4<1>;
L_00000150d48d77f0 .functor AND 1, L_00000150d48d77f0/0/0, L_00000150d48d77f0/0/4, C4<1>, C4<1>;
L_00000150d48d7550/0/0 .functor AND 1, L_00000150d48ddaa0, L_00000150d48dea40, L_00000150d48decc0, L_00000150d48ddb40;
L_00000150d48d7550/0/4 .functor AND 1, L_00000150d48dd0a0, L_00000150d48dcb00, C4<1>, C4<1>;
L_00000150d48d7550 .functor AND 1, L_00000150d48d7550/0/0, L_00000150d48d7550/0/4, C4<1>, C4<1>;
L_00000150d48d7860/0/0 .functor AND 1, L_00000150d48dddc0, L_00000150d48dd140, L_00000150d48de4a0, L_00000150d48ded60;
L_00000150d48d7860/0/4 .functor AND 1, L_00000150d48ddbe0, L_00000150d48dd1e0, C4<1>, C4<1>;
L_00000150d48d7860 .functor AND 1, L_00000150d48d7860/0/0, L_00000150d48d7860/0/4, C4<1>, C4<1>;
L_00000150d48d7400/0/0 .functor AND 1, L_00000150d48dde60, L_00000150d48dcba0, L_00000150d48dcce0, L_00000150d48def40;
L_00000150d48d7400/0/4 .functor AND 1, L_00000150d48de0e0, L_00000150d48de2c0, C4<1>, C4<1>;
L_00000150d48d7400 .functor AND 1, L_00000150d48d7400/0/0, L_00000150d48d7400/0/4, C4<1>, C4<1>;
L_00000150d48d75c0/0/0 .functor AND 1, L_00000150d48dee00, L_00000150d48dcc40, L_00000150d48dd3c0, L_00000150d48dcd80;
L_00000150d48d75c0/0/4 .functor AND 1, L_00000150d48defe0, L_00000150d48ddc80, C4<1>, C4<1>;
L_00000150d48d75c0 .functor AND 1, L_00000150d48d75c0/0/0, L_00000150d48d75c0/0/4, C4<1>, C4<1>;
L_00000150d48d7e10/0/0 .functor AND 1, L_00000150d48ddf00, L_00000150d48ddfa0, L_00000150d48de180, L_00000150d48de360;
L_00000150d48d7e10/0/4 .functor AND 1, L_00000150d48de540, L_00000150d48dce20, C4<1>, C4<1>;
L_00000150d48d7e10 .functor AND 1, L_00000150d48d7e10/0/0, L_00000150d48d7e10/0/4, C4<1>, C4<1>;
L_00000150d48d7a90/0/0 .functor AND 1, L_00000150d48df080, L_00000150d48de5e0, L_00000150d48de7c0, L_00000150d48df6c0;
L_00000150d48d7a90/0/4 .functor AND 1, L_00000150d48dfc60, L_00000150d48df4e0, C4<1>, C4<1>;
L_00000150d48d7a90 .functor AND 1, L_00000150d48d7a90/0/0, L_00000150d48d7a90/0/4, C4<1>, C4<1>;
L_00000150d48d7470/0/0 .functor AND 1, L_00000150d48df440, L_00000150d48e00c0, L_00000150d48dff80, L_00000150d48dfbc0;
L_00000150d48d7470/0/4 .functor AND 1, L_00000150d48df940, L_00000150d48e0520, C4<1>, C4<1>;
L_00000150d48d7470 .functor AND 1, L_00000150d48d7470/0/0, L_00000150d48d7470/0/4, C4<1>, C4<1>;
L_00000150d48d7da0/0/0 .functor AND 1, L_00000150d48e07a0, L_00000150d48e17e0, L_00000150d48dfe40, L_00000150d48e0c00;
L_00000150d48d7da0/0/4 .functor AND 1, L_00000150d48dfee0, L_00000150d48df580, C4<1>, C4<1>;
L_00000150d48d7da0 .functor AND 1, L_00000150d48d7da0/0/0, L_00000150d48d7da0/0/4, C4<1>, C4<1>;
L_00000150d48d79b0/0/0 .functor AND 1, L_00000150d48e1880, L_00000150d48df620, L_00000150d48e08e0, L_00000150d48df1c0;
L_00000150d48d79b0/0/4 .functor AND 1, L_00000150d48df9e0, L_00000150d48e1380, C4<1>, C4<1>;
L_00000150d48d79b0 .functor AND 1, L_00000150d48d79b0/0/0, L_00000150d48d79b0/0/4, C4<1>, C4<1>;
L_00000150d48d7780/0/0 .functor AND 1, L_00000150d48e1420, L_00000150d48df120, L_00000150d48dfa80, L_00000150d48df260;
L_00000150d48d7780/0/4 .functor AND 1, L_00000150d48e0840, L_00000150d48e1560, C4<1>, C4<1>;
L_00000150d48d7780 .functor AND 1, L_00000150d48d7780/0/0, L_00000150d48d7780/0/4, C4<1>, C4<1>;
L_00000150d48d78d0/0/0 .functor AND 1, L_00000150d48e0700, L_00000150d48e1100, L_00000150d48df300, L_00000150d48e0fc0;
L_00000150d48d78d0/0/4 .functor AND 1, L_00000150d48e0020, L_00000150d48e05c0, C4<1>, C4<1>;
L_00000150d48d78d0 .functor AND 1, L_00000150d48d78d0/0/0, L_00000150d48d78d0/0/4, C4<1>, C4<1>;
L_00000150d48d7390/0/0 .functor AND 1, L_00000150d48e1740, L_00000150d48e02a0, L_00000150d48e0160, L_00000150d48df800;
L_00000150d48d7390/0/4 .functor AND 1, L_00000150d48e0de0, L_00000150d48e0200, C4<1>, C4<1>;
L_00000150d48d7390 .functor AND 1, L_00000150d48d7390/0/0, L_00000150d48d7390/0/4, C4<1>, C4<1>;
L_00000150d48d7a20/0/0 .functor AND 1, L_00000150d48dfd00, L_00000150d48e0340, L_00000150d48df760, L_00000150d48e14c0;
L_00000150d48d7a20/0/4 .functor AND 1, L_00000150d48e0ac0, L_00000150d48e03e0, C4<1>, C4<1>;
L_00000150d48d7a20 .functor AND 1, L_00000150d48d7a20/0/0, L_00000150d48d7a20/0/4, C4<1>, C4<1>;
L_00000150d48d7940/0/0 .functor AND 1, L_00000150d48e1600, L_00000150d48e0480, L_00000150d48dfda0, L_00000150d48e16a0;
L_00000150d48d7940/0/4 .functor AND 1, L_00000150d48df3a0, L_00000150d48df8a0, C4<1>, C4<1>;
L_00000150d48d7940 .functor AND 1, L_00000150d48d7940/0/0, L_00000150d48d7940/0/4, C4<1>, C4<1>;
L_00000150d48d7cc0/0/0 .functor AND 1, L_00000150d48e0660, L_00000150d48e1060, L_00000150d48dfb20, L_00000150d48e11a0;
L_00000150d48d7cc0/0/4 .functor AND 1, L_00000150d48e0980, L_00000150d48e0a20, C4<1>, C4<1>;
L_00000150d48d7cc0 .functor AND 1, L_00000150d48d7cc0/0/0, L_00000150d48d7cc0/0/4, C4<1>, C4<1>;
L_00000150d48d7d30/0/0 .functor AND 1, L_00000150d48e0e80, L_00000150d48e1240, L_00000150d48e0b60, L_00000150d48e0ca0;
L_00000150d48d7d30/0/4 .functor AND 1, L_00000150d48e0d40, L_00000150d48e0f20, C4<1>, C4<1>;
L_00000150d48d7d30 .functor AND 1, L_00000150d48d7d30/0/0, L_00000150d48d7d30/0/4, C4<1>, C4<1>;
L_00000150d48d7630/0/0 .functor AND 1, L_00000150d48e12e0, L_00000150d48e1a60, L_00000150d48e1b00, L_00000150d48e1ba0;
L_00000150d48d7630/0/4 .functor AND 1, L_00000150d48e19c0, L_00000150d48e1c40, C4<1>, C4<1>;
L_00000150d48d7630 .functor AND 1, L_00000150d48d7630/0/0, L_00000150d48d7630/0/4, C4<1>, C4<1>;
L_00000150d48d7be0/0/0 .functor AND 1, L_00000150d48e1ce0, L_00000150d48e1920, L_00000150d48e1f60, L_00000150d48e2000;
L_00000150d48d7be0/0/4 .functor AND 1, L_00000150d48e1d80, L_00000150d48e1e20, C4<1>, C4<1>;
L_00000150d48d7be0 .functor AND 1, L_00000150d48d7be0/0/0, L_00000150d48d7be0/0/4, C4<1>, C4<1>;
L_00000150d48d7ef0/0/0 .functor AND 1, L_00000150d48e1ec0, L_00000150d48dc7e0, L_00000150d48db480, L_00000150d48dc880;
L_00000150d48d7ef0/0/4 .functor AND 1, L_00000150d48db7a0, L_00000150d48da940, C4<1>, C4<1>;
L_00000150d48d7ef0 .functor AND 1, L_00000150d48d7ef0/0/0, L_00000150d48d7ef0/0/4, C4<1>, C4<1>;
L_00000150d48d74e0/0/0 .functor AND 1, L_00000150d48db8e0, L_00000150d48da3a0, L_00000150d48db160, L_00000150d48dac60;
L_00000150d48d74e0/0/4 .functor AND 1, L_00000150d48dae40, L_00000150d48dc380, C4<1>, C4<1>;
L_00000150d48d74e0 .functor AND 1, L_00000150d48d74e0/0/0, L_00000150d48d74e0/0/4, C4<1>, C4<1>;
L_00000150d48d7f60/0/0 .functor AND 1, L_00000150d48dc420, L_00000150d48da120, L_00000150d48da9e0, L_00000150d48da1c0;
L_00000150d48d7f60/0/4 .functor AND 1, L_00000150d48db840, L_00000150d48dc560, C4<1>, C4<1>;
L_00000150d48d7f60 .functor AND 1, L_00000150d48d7f60/0/0, L_00000150d48d7f60/0/4, C4<1>, C4<1>;
L_00000150d48d7fd0/0/0 .functor AND 1, L_00000150d48da260, L_00000150d48db020, L_00000150d48dbc00, L_00000150d48da620;
L_00000150d48d7fd0/0/4 .functor AND 1, L_00000150d48da760, L_00000150d48dc4c0, C4<1>, C4<1>;
L_00000150d48d7fd0 .functor AND 1, L_00000150d48d7fd0/0/0, L_00000150d48d7fd0/0/4, C4<1>, C4<1>;
L_00000150d48d7160/0/0 .functor AND 1, L_00000150d48da300, L_00000150d48da440, L_00000150d48db200, L_00000150d48dad00;
L_00000150d48d7160/0/4 .functor AND 1, L_00000150d48daee0, L_00000150d48dc600, C4<1>, C4<1>;
L_00000150d48d7160 .functor AND 1, L_00000150d48d7160/0/0, L_00000150d48d7160/0/4, C4<1>, C4<1>;
L_00000150d48d71d0/0/0 .functor AND 1, L_00000150d48dc6a0, L_00000150d48da4e0, L_00000150d48daa80, L_00000150d48da580;
L_00000150d48d71d0/0/4 .functor AND 1, L_00000150d48db980, L_00000150d48dc740, C4<1>, C4<1>;
L_00000150d48d71d0 .functor AND 1, L_00000150d48d71d0/0/0, L_00000150d48d71d0/0/4, C4<1>, C4<1>;
L_00000150d48d7240/0/0 .functor AND 1, L_00000150d48da6c0, L_00000150d48db0c0, L_00000150d48dbca0, L_00000150d48da800;
L_00000150d48d7240/0/4 .functor AND 1, L_00000150d48da8a0, L_00000150d48dab20, C4<1>, C4<1>;
L_00000150d48d7240 .functor AND 1, L_00000150d48d7240/0/0, L_00000150d48d7240/0/4, C4<1>, C4<1>;
L_00000150d48e76c0/0/0 .functor AND 1, L_00000150d48dba20, L_00000150d48db520, L_00000150d48dada0, L_00000150d48dc060;
L_00000150d48e76c0/0/4 .functor AND 1, L_00000150d48daf80, L_00000150d48dabc0, C4<1>, C4<1>;
L_00000150d48e76c0 .functor AND 1, L_00000150d48e76c0/0/0, L_00000150d48e76c0/0/4, C4<1>, C4<1>;
L_00000150d48e75e0/0/0 .functor AND 1, L_00000150d48db2a0, L_00000150d48db340, L_00000150d48db3e0, L_00000150d48db5c0;
L_00000150d48e75e0/0/4 .functor AND 1, L_00000150d48db660, L_00000150d48dbde0, C4<1>, C4<1>;
L_00000150d48e75e0 .functor AND 1, L_00000150d48e75e0/0/0, L_00000150d48e75e0/0/4, C4<1>, C4<1>;
L_00000150d48e72d0/0/0 .functor AND 1, L_00000150d48dbd40, L_00000150d48db700, L_00000150d48dbac0, L_00000150d48dbb60;
L_00000150d48e72d0/0/4 .functor AND 1, L_00000150d48dbe80, L_00000150d48dbf20, C4<1>, C4<1>;
L_00000150d48e72d0 .functor AND 1, L_00000150d48e72d0/0/0, L_00000150d48e72d0/0/4, C4<1>, C4<1>;
L_00000150d48e7420/0/0 .functor AND 1, L_00000150d48dbfc0, L_00000150d48dc100, L_00000150d48dc1a0, L_00000150d48dc240;
L_00000150d48e7420/0/4 .functor AND 1, L_00000150d48dc2e0, L_00000150d48e9fa0, C4<1>, C4<1>;
L_00000150d48e7420 .functor AND 1, L_00000150d48e7420/0/0, L_00000150d48e7420/0/4, C4<1>, C4<1>;
L_00000150d48e7180/0/0 .functor AND 1, L_00000150d48ea900, L_00000150d48ea180, L_00000150d48ea4a0, L_00000150d48ea860;
L_00000150d48e7180/0/4 .functor AND 1, L_00000150d48ea7c0, L_00000150d48eacc0, C4<1>, C4<1>;
L_00000150d48e7180 .functor AND 1, L_00000150d48e7180/0/0, L_00000150d48e7180/0/4, C4<1>, C4<1>;
L_00000150d48e7650 .functor OR 1, L_00000150d48eac20, L_00000150d48ea9a0, C4<0>, C4<0>;
L_00000150d48e7810 .functor OR 1, L_00000150d48ea220, L_00000150d48ea720, C4<0>, C4<0>;
L_00000150d48e77a0 .functor OR 1, L_00000150d48ec480, L_00000150d48eb120, C4<0>, C4<0>;
L_00000150d48e7c70 .functor OR 1, L_00000150d48eb3a0, L_00000150d48ebf80, C4<0>, C4<0>;
L_00000150d48e7960 .functor OR 1, L_00000150d48ec520, L_00000150d48eab80, C4<0>, C4<0>;
L_00000150d48e7ab0 .functor OR 1, L_00000150d48ea040, L_00000150d48ebda0, C4<0>, C4<0>;
L_00000150d48e7030 .functor OR 1, L_00000150d48eafe0, L_00000150d48eaa40, C4<0>, C4<0>;
L_00000150d48e70a0 .functor OR 1, L_00000150d48ead60, L_00000150d48eae00, C4<0>, C4<0>;
L_00000150d48e7730 .functor OR 1, L_00000150d48ea2c0, L_00000150d48eaae0, C4<0>, C4<0>;
L_00000150d48e7b20 .functor OR 1, L_00000150d48eaea0, L_00000150d48eb9e0, C4<0>, C4<0>;
L_00000150d48e7110 .functor OR 1, L_00000150d48eaf40, L_00000150d48ea360, C4<0>, C4<0>;
L_00000150d48e71f0 .functor OR 1, L_00000150d48e9dc0, L_00000150d48eb080, C4<0>, C4<0>;
L_00000150d48e6e70 .functor OR 1, L_00000150d48eb1c0, L_00000150d48eb260, C4<0>, C4<0>;
L_00000150d48e7880 .functor OR 1, L_00000150d48ea400, L_00000150d48ebd00, C4<0>, C4<0>;
L_00000150d48e6e00 .functor OR 1, L_00000150d48e9e60, L_00000150d48eb800, C4<0>, C4<0>;
L_00000150d48e6d90 .functor OR 1, L_00000150d48eb440, L_00000150d48eb8a0, C4<0>, C4<0>;
L_00000150d48e7b90 .functor OR 1, L_00000150d48ea540, L_00000150d48eb580, C4<0>, C4<0>;
L_00000150d48e6ee0 .functor OR 1, L_00000150d48ec020, L_00000150d48eb300, C4<0>, C4<0>;
L_00000150d48e6f50 .functor OR 1, L_00000150d48ebee0, L_00000150d48ec0c0, C4<0>, C4<0>;
L_00000150d48e6fc0 .functor OR 1, L_00000150d48ea5e0, L_00000150d48eb6c0, C4<0>, C4<0>;
L_00000150d48e7340 .functor OR 1, L_00000150d48ea680, L_00000150d48eb4e0, C4<0>, C4<0>;
L_00000150d48e73b0 .functor OR 1, L_00000150d48eb940, L_00000150d48ea0e0, C4<0>, C4<0>;
L_00000150d48e7c00 .functor OR 1, L_00000150d48ebe40, L_00000150d48eb760, C4<0>, C4<0>;
L_00000150d48e78f0 .functor XOR 1, L_00000150d48ec160, L_00000150d48eba80, C4<0>, C4<0>;
L_00000150d48e7260 .functor XOR 1, L_00000150d48ebb20, L_00000150d48ec200, C4<0>, C4<0>;
L_00000150d48e79d0 .functor XOR 1, L_00000150d48ebbc0, L_00000150d48ec2a0, C4<0>, C4<0>;
L_00000150d48e7a40 .functor XOR 1, L_00000150d48ebc60, L_00000150d48ec340, C4<0>, C4<0>;
L_00000150d48e7490 .functor XOR 1, L_00000150d48e9f00, L_00000150d48ed600, C4<0>, C4<0>;
L_00000150d48e7500 .functor XOR 1, L_00000150d48edce0, L_00000150d48ed240, C4<0>, C4<0>;
L_00000150d48e7570 .functor XOR 1, L_00000150d48ecd40, L_00000150d48ecac0, C4<0>, C4<0>;
L_00000150d48fd350 .functor XOR 1, L_00000150d48ecfc0, L_00000150d48ee500, C4<0>, C4<0>;
L_00000150d48fdac0 .functor XOR 1, L_00000150d48ed2e0, L_00000150d48eca20, C4<0>, C4<0>;
L_00000150d48fd270 .functor XOR 1, L_00000150d48ed060, L_00000150d48ed4c0, C4<0>, C4<0>;
L_00000150d48fd660 .functor XOR 1, L_00000150d48ed420, L_00000150d48ed100, C4<0>, C4<0>;
L_00000150d48fd120 .functor XOR 1, L_00000150d48ee460, L_00000150d48ed6a0, C4<0>, C4<0>;
L_00000150d48fd190 .functor XOR 1, L_00000150d48ed560, L_00000150d48ece80, C4<0>, C4<0>;
L_00000150d48fd820 .functor XOR 1, L_00000150d48ecb60, L_00000150d48edba0, C4<0>, C4<0>;
L_00000150d48fd200 .functor XOR 1, L_00000150d48ecc00, L_00000150d48ecca0, C4<0>, C4<0>;
L_00000150d48fda50 .functor XOR 1, L_00000150d48ed380, L_00000150d48ee820, C4<0>, C4<0>;
L_00000150d48fd3c0 .functor XOR 1, L_00000150d48ed9c0, L_00000150d48ee6e0, C4<0>, C4<0>;
L_00000150d48fdb30 .functor XOR 1, L_00000150d48eeb40, L_00000150d48ecde0, C4<0>, C4<0>;
L_00000150d48fd740 .functor XOR 1, L_00000150d48ecf20, L_00000150d48ed1a0, C4<0>, C4<0>;
L_00000150d48fd4a0 .functor XOR 1, L_00000150d48ed740, L_00000150d48ee0a0, C4<0>, C4<0>;
L_00000150d48fd2e0 .functor XOR 1, L_00000150d48ec840, L_00000150d48eebe0, C4<0>, C4<0>;
L_00000150d48fd510 .functor XOR 1, L_00000150d48ee140, L_00000150d48edd80, C4<0>, C4<0>;
L_00000150d48fd430 .functor XOR 1, L_00000150d48ec700, L_00000150d48ed7e0, C4<0>, C4<0>;
v00000150d4440880_0 .net "ANc", 22 0, L_00000150d48eda60;  1 drivers
v00000150d443fb60_0 .net "ANe", 22 0, v00000150d487d820_0;  1 drivers
v00000150d443f340_0 .net "Nc", 16 0, L_00000150d48edb00;  alias, 1 drivers
v00000150d443f480_0 .net *"_ivl_0", 31 0, L_00000150d487ddc0;  1 drivers
v00000150d4440920_0 .net *"_ivl_10", 0 0, L_00000150d4457d10;  1 drivers
v00000150d443f520_0 .net *"_ivl_100", 0 0, L_00000150d48763e0;  1 drivers
v00000150d44402e0_0 .net *"_ivl_102", 0 0, L_00000150d4877100;  1 drivers
v00000150d44409c0_0 .net *"_ivl_104", 0 0, L_00000150d4876c00;  1 drivers
v00000150d443f5c0_0 .net *"_ivl_105", 0 0, L_00000150d4457370;  1 drivers
v00000150d443fc00_0 .net *"_ivl_108", 0 0, L_00000150d48781e0;  1 drivers
v00000150d443fe80_0 .net *"_ivl_110", 0 0, L_00000150d4878320;  1 drivers
v00000150d4440ba0_0 .net *"_ivl_112", 0 0, L_00000150d48760c0;  1 drivers
v00000150d4441d20_0 .net *"_ivl_114", 0 0, L_00000150d4876e80;  1 drivers
v00000150d44411e0_0 .net *"_ivl_116", 0 0, L_00000150d4876520;  1 drivers
v00000150d4441fa0_0 .net *"_ivl_118", 0 0, L_00000150d48777e0;  1 drivers
v00000150d4441140_0 .net *"_ivl_119", 0 0, L_00000150d48d7e80;  1 drivers
v00000150d4441e60_0 .net *"_ivl_122", 0 0, L_00000150d48765c0;  1 drivers
v00000150d4441960_0 .net *"_ivl_124", 0 0, L_00000150d48772e0;  1 drivers
v00000150d44413c0_0 .net *"_ivl_126", 0 0, L_00000150d48783c0;  1 drivers
v00000150d4440c40_0 .net *"_ivl_128", 0 0, L_00000150d48771a0;  1 drivers
v00000150d4441a00_0 .net *"_ivl_13", 0 0, L_00000150d487d960;  1 drivers
v00000150d44415a0_0 .net *"_ivl_130", 0 0, L_00000150d4878000;  1 drivers
v00000150d4441aa0_0 .net *"_ivl_132", 0 0, L_00000150d4877240;  1 drivers
v00000150d44416e0_0 .net *"_ivl_133", 0 0, L_00000150d48d70f0;  1 drivers
v00000150d4441dc0_0 .net *"_ivl_136", 0 0, L_00000150d4877c40;  1 drivers
v00000150d4441be0_0 .net *"_ivl_138", 0 0, L_00000150d4877920;  1 drivers
v00000150d4440f60_0 .net *"_ivl_14", 0 0, L_00000150d4457530;  1 drivers
v00000150d4441000_0 .net *"_ivl_140", 0 0, L_00000150d48774c0;  1 drivers
v00000150d4442040_0 .net *"_ivl_142", 0 0, L_00000150d4877380;  1 drivers
v00000150d4441640_0 .net *"_ivl_144", 0 0, L_00000150d48780a0;  1 drivers
v00000150d44420e0_0 .net *"_ivl_146", 0 0, L_00000150d4876660;  1 drivers
v00000150d4442180_0 .net *"_ivl_147", 0 0, L_00000150d48d7710;  1 drivers
v00000150d4442220_0 .net *"_ivl_150", 0 0, L_00000150d4877420;  1 drivers
v00000150d44422c0_0 .net *"_ivl_152", 0 0, L_00000150d4877560;  1 drivers
v00000150d4441320_0 .net *"_ivl_154", 0 0, L_00000150d48786e0;  1 drivers
v00000150d4440ce0_0 .net *"_ivl_156", 0 0, L_00000150d4877600;  1 drivers
v00000150d4441460_0 .net *"_ivl_158", 0 0, L_00000150d48779c0;  1 drivers
v00000150d4441280_0 .net *"_ivl_160", 0 0, L_00000150d4876840;  1 drivers
v00000150d4441780_0 .net *"_ivl_161", 0 0, L_00000150d48d7c50;  1 drivers
v00000150d4440d80_0 .net *"_ivl_164", 0 0, L_00000150d4877ec0;  1 drivers
v00000150d4441c80_0 .net *"_ivl_166", 0 0, L_00000150d4877e20;  1 drivers
v00000150d4441500_0 .net *"_ivl_168", 0 0, L_00000150d4877a60;  1 drivers
v00000150d4441f00_0 .net *"_ivl_17", 0 0, L_00000150d487db40;  1 drivers
v00000150d4440e20_0 .net *"_ivl_170", 0 0, L_00000150d4877f60;  1 drivers
v00000150d4440ec0_0 .net *"_ivl_172", 0 0, L_00000150d4876700;  1 drivers
v00000150d44410a0_0 .net *"_ivl_174", 0 0, L_00000150d4878460;  1 drivers
v00000150d4441820_0 .net *"_ivl_175", 0 0, L_00000150d48d7b00;  1 drivers
v00000150d44418c0_0 .net *"_ivl_178", 0 0, L_00000150d4878140;  1 drivers
v00000150d4441b40_0 .net *"_ivl_18", 0 0, L_00000150d4457990;  1 drivers
v00000150d44334a0_0 .net *"_ivl_180", 0 0, L_00000150d4878500;  1 drivers
v00000150d4434940_0 .net *"_ivl_182", 0 0, L_00000150d48785a0;  1 drivers
v00000150d4434e40_0 .net *"_ivl_184", 0 0, L_00000150d4878640;  1 drivers
v00000150d4433c20_0 .net *"_ivl_186", 0 0, L_00000150d4878820;  1 drivers
v00000150d4433a40_0 .net *"_ivl_188", 0 0, L_00000150d48de040;  1 drivers
v00000150d43eecf0_0 .net *"_ivl_189", 0 0, L_00000150d48d7b70;  1 drivers
v00000150d43fb740_0 .net *"_ivl_192", 0 0, L_00000150d48dd6e0;  1 drivers
v00000150d4407f50_0 .net *"_ivl_194", 0 0, L_00000150d48deb80;  1 drivers
v00000150d4869fb0_0 .net *"_ivl_196", 0 0, L_00000150d48dca60;  1 drivers
v00000150d4869ab0_0 .net *"_ivl_198", 0 0, L_00000150d48dcec0;  1 drivers
v00000150d4868a70_0 .net *"_ivl_200", 0 0, L_00000150d48dc9c0;  1 drivers
v00000150d4868d90_0 .net *"_ivl_202", 0 0, L_00000150d48deea0;  1 drivers
v00000150d486a730_0 .net *"_ivl_203", 0 0, L_00000150d48d76a0;  1 drivers
v00000150d48684d0_0 .net *"_ivl_206", 0 0, L_00000150d48de680;  1 drivers
v00000150d4868570_0 .net *"_ivl_208", 0 0, L_00000150d48dd960;  1 drivers
v00000150d486a050_0 .net *"_ivl_21", 0 0, L_00000150d487dbe0;  1 drivers
v00000150d4869790_0 .net *"_ivl_210", 0 0, L_00000150d48dd780;  1 drivers
v00000150d4869830_0 .net *"_ivl_212", 0 0, L_00000150d48dd8c0;  1 drivers
v00000150d48698d0_0 .net *"_ivl_214", 0 0, L_00000150d48de220;  1 drivers
v00000150d4868bb0_0 .net *"_ivl_216", 0 0, L_00000150d48dcf60;  1 drivers
v00000150d486a690_0 .net *"_ivl_217", 0 0, L_00000150d48d72b0;  1 drivers
v00000150d4868610_0 .net *"_ivl_22", 0 0, L_00000150d44576f0;  1 drivers
v00000150d48686b0_0 .net *"_ivl_220", 0 0, L_00000150d48dd820;  1 drivers
v00000150d486a230_0 .net *"_ivl_222", 0 0, L_00000150d48de860;  1 drivers
v00000150d486a0f0_0 .net *"_ivl_224", 0 0, L_00000150d48deae0;  1 drivers
v00000150d486a190_0 .net *"_ivl_226", 0 0, L_00000150d48dd280;  1 drivers
v00000150d486a5f0_0 .net *"_ivl_228", 0 0, L_00000150d48dd000;  1 drivers
v00000150d48693d0_0 .net *"_ivl_230", 0 0, L_00000150d48dd460;  1 drivers
v00000150d4869150_0 .net *"_ivl_231", 0 0, L_00000150d48d7320;  1 drivers
v00000150d4869c90_0 .net *"_ivl_234", 0 0, L_00000150d48dec20;  1 drivers
v00000150d48691f0_0 .net *"_ivl_236", 0 0, L_00000150d48dd5a0;  1 drivers
v00000150d48681b0_0 .net *"_ivl_238", 0 0, L_00000150d48de900;  1 drivers
v00000150d486a2d0_0 .net *"_ivl_240", 0 0, L_00000150d48dd320;  1 drivers
v00000150d4868750_0 .net *"_ivl_242", 0 0, L_00000150d48dc920;  1 drivers
v00000150d48689d0_0 .net *"_ivl_244", 0 0, L_00000150d48dda00;  1 drivers
v00000150d48687f0_0 .net *"_ivl_245", 0 0, L_00000150d48d77f0;  1 drivers
v00000150d4869290_0 .net *"_ivl_248", 0 0, L_00000150d48ddd20;  1 drivers
v00000150d4869970_0 .net *"_ivl_25", 0 0, L_00000150d487de60;  1 drivers
v00000150d486a7d0_0 .net *"_ivl_250", 0 0, L_00000150d48dd500;  1 drivers
v00000150d4869470_0 .net *"_ivl_252", 0 0, L_00000150d48de9a0;  1 drivers
v00000150d486a370_0 .net *"_ivl_254", 0 0, L_00000150d48dd640;  1 drivers
v00000150d4868070_0 .net *"_ivl_256", 0 0, L_00000150d48de720;  1 drivers
v00000150d4869330_0 .net *"_ivl_258", 0 0, L_00000150d48de400;  1 drivers
v00000150d4869b50_0 .net *"_ivl_259", 0 0, L_00000150d48d7550;  1 drivers
v00000150d4868110_0 .net *"_ivl_26", 0 0, L_00000150d4457760;  1 drivers
v00000150d4868ed0_0 .net *"_ivl_262", 0 0, L_00000150d48ddaa0;  1 drivers
v00000150d4869010_0 .net *"_ivl_264", 0 0, L_00000150d48dea40;  1 drivers
v00000150d4869510_0 .net *"_ivl_266", 0 0, L_00000150d48decc0;  1 drivers
v00000150d4868e30_0 .net *"_ivl_268", 0 0, L_00000150d48ddb40;  1 drivers
v00000150d4869d30_0 .net *"_ivl_270", 0 0, L_00000150d48dd0a0;  1 drivers
v00000150d48695b0_0 .net *"_ivl_272", 0 0, L_00000150d48dcb00;  1 drivers
v00000150d486a410_0 .net *"_ivl_273", 0 0, L_00000150d48d7860;  1 drivers
v00000150d4869e70_0 .net *"_ivl_276", 0 0, L_00000150d48dddc0;  1 drivers
v00000150d4869650_0 .net *"_ivl_278", 0 0, L_00000150d48dd140;  1 drivers
v00000150d4868f70_0 .net *"_ivl_280", 0 0, L_00000150d48de4a0;  1 drivers
v00000150d486a4b0_0 .net *"_ivl_282", 0 0, L_00000150d48ded60;  1 drivers
v00000150d4869a10_0 .net *"_ivl_284", 0 0, L_00000150d48ddbe0;  1 drivers
v00000150d4868890_0 .net *"_ivl_286", 0 0, L_00000150d48dd1e0;  1 drivers
v00000150d4869bf0_0 .net *"_ivl_287", 0 0, L_00000150d48d7400;  1 drivers
v00000150d4869f10_0 .net *"_ivl_29", 0 0, L_00000150d487dd20;  1 drivers
v00000150d48696f0_0 .net *"_ivl_290", 0 0, L_00000150d48dde60;  1 drivers
v00000150d48690b0_0 .net *"_ivl_292", 0 0, L_00000150d48dcba0;  1 drivers
v00000150d4868250_0 .net *"_ivl_294", 0 0, L_00000150d48dcce0;  1 drivers
v00000150d4869dd0_0 .net *"_ivl_296", 0 0, L_00000150d48def40;  1 drivers
v00000150d486a550_0 .net *"_ivl_298", 0 0, L_00000150d48de0e0;  1 drivers
L_00000150d487f088 .functor BUFT 1, C4<000000000>, C4<0>, C4<0>, C4<0>;
v00000150d4868430_0 .net *"_ivl_3", 8 0, L_00000150d487f088;  1 drivers
v00000150d4868b10_0 .net *"_ivl_30", 0 0, L_00000150d4457a00;  1 drivers
v00000150d4868930_0 .net *"_ivl_300", 0 0, L_00000150d48de2c0;  1 drivers
v00000150d48682f0_0 .net *"_ivl_301", 0 0, L_00000150d48d75c0;  1 drivers
v00000150d4868390_0 .net *"_ivl_304", 0 0, L_00000150d48dee00;  1 drivers
v00000150d4868c50_0 .net *"_ivl_306", 0 0, L_00000150d48dcc40;  1 drivers
v00000150d4868cf0_0 .net *"_ivl_308", 0 0, L_00000150d48dd3c0;  1 drivers
v00000150d486ac30_0 .net *"_ivl_310", 0 0, L_00000150d48dcd80;  1 drivers
v00000150d486a910_0 .net *"_ivl_312", 0 0, L_00000150d48defe0;  1 drivers
v00000150d486b4f0_0 .net *"_ivl_314", 0 0, L_00000150d48ddc80;  1 drivers
v00000150d486bb30_0 .net *"_ivl_315", 0 0, L_00000150d48d7e10;  1 drivers
v00000150d486aa50_0 .net *"_ivl_318", 0 0, L_00000150d48ddf00;  1 drivers
v00000150d486aeb0_0 .net *"_ivl_320", 0 0, L_00000150d48ddfa0;  1 drivers
v00000150d486b810_0 .net *"_ivl_322", 0 0, L_00000150d48de180;  1 drivers
v00000150d486bd10_0 .net *"_ivl_324", 0 0, L_00000150d48de360;  1 drivers
v00000150d486acd0_0 .net *"_ivl_326", 0 0, L_00000150d48de540;  1 drivers
v00000150d486b310_0 .net *"_ivl_328", 0 0, L_00000150d48dce20;  1 drivers
v00000150d486b8b0_0 .net *"_ivl_329", 0 0, L_00000150d48d7a90;  1 drivers
v00000150d486aff0_0 .net *"_ivl_332", 0 0, L_00000150d48df080;  1 drivers
v00000150d486bdb0_0 .net *"_ivl_334", 0 0, L_00000150d48de5e0;  1 drivers
v00000150d486aaf0_0 .net *"_ivl_336", 0 0, L_00000150d48de7c0;  1 drivers
v00000150d486b770_0 .net *"_ivl_338", 0 0, L_00000150d48df6c0;  1 drivers
v00000150d486b950_0 .net *"_ivl_34", 0 0, L_00000150d487df00;  1 drivers
v00000150d486bc70_0 .net *"_ivl_340", 0 0, L_00000150d48dfc60;  1 drivers
v00000150d486ad70_0 .net *"_ivl_342", 0 0, L_00000150d48df4e0;  1 drivers
v00000150d486b090_0 .net *"_ivl_343", 0 0, L_00000150d48d7470;  1 drivers
v00000150d486b450_0 .net *"_ivl_346", 0 0, L_00000150d48df440;  1 drivers
v00000150d486a9b0_0 .net *"_ivl_348", 0 0, L_00000150d48e00c0;  1 drivers
v00000150d486be50_0 .net *"_ivl_35", 0 0, L_00000150d4457bc0;  1 drivers
v00000150d486b270_0 .net *"_ivl_350", 0 0, L_00000150d48dff80;  1 drivers
v00000150d486b3b0_0 .net *"_ivl_352", 0 0, L_00000150d48dfbc0;  1 drivers
v00000150d486bbd0_0 .net *"_ivl_354", 0 0, L_00000150d48df940;  1 drivers
v00000150d486bef0_0 .net *"_ivl_356", 0 0, L_00000150d48e0520;  1 drivers
v00000150d486b130_0 .net *"_ivl_357", 0 0, L_00000150d48d7da0;  1 drivers
v00000150d486b1d0_0 .net *"_ivl_360", 0 0, L_00000150d48e07a0;  1 drivers
v00000150d486ab90_0 .net *"_ivl_362", 0 0, L_00000150d48e17e0;  1 drivers
v00000150d486ae10_0 .net *"_ivl_364", 0 0, L_00000150d48dfe40;  1 drivers
v00000150d486b590_0 .net *"_ivl_366", 0 0, L_00000150d48e0c00;  1 drivers
v00000150d486b9f0_0 .net *"_ivl_368", 0 0, L_00000150d48dfee0;  1 drivers
v00000150d486af50_0 .net *"_ivl_370", 0 0, L_00000150d48df580;  1 drivers
v00000150d486a870_0 .net *"_ivl_371", 0 0, L_00000150d48d79b0;  1 drivers
v00000150d486b630_0 .net *"_ivl_374", 0 0, L_00000150d48e1880;  1 drivers
v00000150d486b6d0_0 .net *"_ivl_376", 0 0, L_00000150d48df620;  1 drivers
v00000150d486ba90_0 .net *"_ivl_378", 0 0, L_00000150d48e08e0;  1 drivers
v00000150d486d770_0 .net *"_ivl_38", 0 0, L_00000150d487d8c0;  1 drivers
v00000150d486df90_0 .net *"_ivl_380", 0 0, L_00000150d48df1c0;  1 drivers
v00000150d486d3b0_0 .net *"_ivl_382", 0 0, L_00000150d48df9e0;  1 drivers
v00000150d486d810_0 .net *"_ivl_384", 0 0, L_00000150d48e1380;  1 drivers
v00000150d486f750_0 .net *"_ivl_385", 0 0, L_00000150d48d7780;  1 drivers
v00000150d486dc70_0 .net *"_ivl_388", 0 0, L_00000150d48e1420;  1 drivers
v00000150d486f110_0 .net *"_ivl_390", 0 0, L_00000150d48df120;  1 drivers
v00000150d486e0d0_0 .net *"_ivl_392", 0 0, L_00000150d48dfa80;  1 drivers
v00000150d486d270_0 .net *"_ivl_394", 0 0, L_00000150d48df260;  1 drivers
v00000150d486e710_0 .net *"_ivl_396", 0 0, L_00000150d48e0840;  1 drivers
v00000150d486f7f0_0 .net *"_ivl_398", 0 0, L_00000150d48e1560;  1 drivers
v00000150d486eb70_0 .net *"_ivl_399", 0 0, L_00000150d48d78d0;  1 drivers
L_00000150d487f0d0 .functor BUFT 1, C4<00000000000000000000000000101111>, C4<0>, C4<0>, C4<0>;
v00000150d486e7b0_0 .net/2u *"_ivl_4", 31 0, L_00000150d487f0d0;  1 drivers
v00000150d486e670_0 .net *"_ivl_40", 0 0, L_00000150d4876980;  1 drivers
v00000150d486e850_0 .net *"_ivl_402", 0 0, L_00000150d48e0700;  1 drivers
v00000150d486dd10_0 .net *"_ivl_404", 0 0, L_00000150d48e1100;  1 drivers
v00000150d486d090_0 .net *"_ivl_406", 0 0, L_00000150d48df300;  1 drivers
v00000150d486d310_0 .net *"_ivl_408", 0 0, L_00000150d48e0fc0;  1 drivers
v00000150d486d130_0 .net *"_ivl_410", 0 0, L_00000150d48e0020;  1 drivers
v00000150d486f070_0 .net *"_ivl_412", 0 0, L_00000150d48e05c0;  1 drivers
v00000150d486d450_0 .net *"_ivl_413", 0 0, L_00000150d48d7390;  1 drivers
v00000150d486f250_0 .net *"_ivl_416", 0 0, L_00000150d48e1740;  1 drivers
v00000150d486d8b0_0 .net *"_ivl_418", 0 0, L_00000150d48e02a0;  1 drivers
v00000150d486def0_0 .net *"_ivl_42", 0 0, L_00000150d4878280;  1 drivers
v00000150d486f6b0_0 .net *"_ivl_420", 0 0, L_00000150d48e0160;  1 drivers
v00000150d486f570_0 .net *"_ivl_422", 0 0, L_00000150d48df800;  1 drivers
v00000150d486d9f0_0 .net *"_ivl_424", 0 0, L_00000150d48e0de0;  1 drivers
v00000150d486d4f0_0 .net *"_ivl_426", 0 0, L_00000150d48e0200;  1 drivers
v00000150d486d950_0 .net *"_ivl_427", 0 0, L_00000150d48d7a20;  1 drivers
v00000150d486d590_0 .net *"_ivl_430", 0 0, L_00000150d48dfd00;  1 drivers
v00000150d486d1d0_0 .net *"_ivl_432", 0 0, L_00000150d48e0340;  1 drivers
v00000150d486e030_0 .net *"_ivl_434", 0 0, L_00000150d48df760;  1 drivers
v00000150d486ddb0_0 .net *"_ivl_436", 0 0, L_00000150d48e14c0;  1 drivers
v00000150d486d6d0_0 .net *"_ivl_438", 0 0, L_00000150d48e0ac0;  1 drivers
v00000150d486d630_0 .net *"_ivl_44", 0 0, L_00000150d48768e0;  1 drivers
v00000150d486ef30_0 .net *"_ivl_440", 0 0, L_00000150d48e03e0;  1 drivers
v00000150d486e990_0 .net *"_ivl_441", 0 0, L_00000150d48d7940;  1 drivers
v00000150d486ec10_0 .net *"_ivl_444", 0 0, L_00000150d48e1600;  1 drivers
v00000150d486f1b0_0 .net *"_ivl_446", 0 0, L_00000150d48e0480;  1 drivers
v00000150d486e170_0 .net *"_ivl_448", 0 0, L_00000150d48dfda0;  1 drivers
v00000150d486f2f0_0 .net *"_ivl_450", 0 0, L_00000150d48e16a0;  1 drivers
v00000150d486f390_0 .net *"_ivl_452", 0 0, L_00000150d48df3a0;  1 drivers
v00000150d486efd0_0 .net *"_ivl_454", 0 0, L_00000150d48df8a0;  1 drivers
v00000150d486da90_0 .net *"_ivl_455", 0 0, L_00000150d48d7cc0;  1 drivers
v00000150d486db30_0 .net *"_ivl_458", 0 0, L_00000150d48e0660;  1 drivers
v00000150d486f430_0 .net *"_ivl_46", 0 0, L_00000150d4876f20;  1 drivers
v00000150d486dbd0_0 .net *"_ivl_460", 0 0, L_00000150d48e1060;  1 drivers
v00000150d486de50_0 .net *"_ivl_462", 0 0, L_00000150d48dfb20;  1 drivers
v00000150d486e210_0 .net *"_ivl_464", 0 0, L_00000150d48e11a0;  1 drivers
v00000150d486f4d0_0 .net *"_ivl_466", 0 0, L_00000150d48e0980;  1 drivers
v00000150d486ea30_0 .net *"_ivl_468", 0 0, L_00000150d48e0a20;  1 drivers
v00000150d486e2b0_0 .net *"_ivl_469", 0 0, L_00000150d48d7d30;  1 drivers
v00000150d486e8f0_0 .net *"_ivl_472", 0 0, L_00000150d48e0e80;  1 drivers
v00000150d486f610_0 .net *"_ivl_474", 0 0, L_00000150d48e1240;  1 drivers
v00000150d486e350_0 .net *"_ivl_476", 0 0, L_00000150d48e0b60;  1 drivers
v00000150d486e3f0_0 .net *"_ivl_478", 0 0, L_00000150d48e0ca0;  1 drivers
v00000150d486e490_0 .net *"_ivl_48", 0 0, L_00000150d4876160;  1 drivers
v00000150d486e530_0 .net *"_ivl_480", 0 0, L_00000150d48e0d40;  1 drivers
v00000150d486e5d0_0 .net *"_ivl_482", 0 0, L_00000150d48e0f20;  1 drivers
v00000150d486ead0_0 .net *"_ivl_483", 0 0, L_00000150d48d7630;  1 drivers
v00000150d486ecb0_0 .net *"_ivl_486", 0 0, L_00000150d48e12e0;  1 drivers
v00000150d486ed50_0 .net *"_ivl_488", 0 0, L_00000150d48e1a60;  1 drivers
v00000150d486edf0_0 .net *"_ivl_49", 0 0, L_00000150d4457c30;  1 drivers
v00000150d486ee90_0 .net *"_ivl_490", 0 0, L_00000150d48e1b00;  1 drivers
v00000150d4870e70_0 .net *"_ivl_492", 0 0, L_00000150d48e1ba0;  1 drivers
v00000150d486fed0_0 .net *"_ivl_494", 0 0, L_00000150d48e19c0;  1 drivers
v00000150d4870b50_0 .net *"_ivl_496", 0 0, L_00000150d48e1c40;  1 drivers
v00000150d48701f0_0 .net *"_ivl_497", 0 0, L_00000150d48d7be0;  1 drivers
v00000150d486f9d0_0 .net *"_ivl_500", 0 0, L_00000150d48e1ce0;  1 drivers
v00000150d4870510_0 .net *"_ivl_502", 0 0, L_00000150d48e1920;  1 drivers
v00000150d4870f10_0 .net *"_ivl_504", 0 0, L_00000150d48e1f60;  1 drivers
v00000150d4870830_0 .net *"_ivl_506", 0 0, L_00000150d48e2000;  1 drivers
v00000150d48705b0_0 .net *"_ivl_508", 0 0, L_00000150d48e1d80;  1 drivers
v00000150d4870650_0 .net *"_ivl_510", 0 0, L_00000150d48e1e20;  1 drivers
v00000150d48706f0_0 .net *"_ivl_511", 0 0, L_00000150d48d7ef0;  1 drivers
v00000150d486ff70_0 .net *"_ivl_514", 0 0, L_00000150d48e1ec0;  1 drivers
v00000150d486f890_0 .net *"_ivl_516", 0 0, L_00000150d48dc7e0;  1 drivers
v00000150d486fa70_0 .net *"_ivl_518", 0 0, L_00000150d48db480;  1 drivers
v00000150d486f930_0 .net *"_ivl_52", 0 0, L_00000150d4876480;  1 drivers
v00000150d4870d30_0 .net *"_ivl_520", 0 0, L_00000150d48dc880;  1 drivers
v00000150d486fc50_0 .net *"_ivl_522", 0 0, L_00000150d48db7a0;  1 drivers
v00000150d486fb10_0 .net *"_ivl_524", 0 0, L_00000150d48da940;  1 drivers
v00000150d4870010_0 .net *"_ivl_525", 0 0, L_00000150d48d74e0;  1 drivers
v00000150d48703d0_0 .net *"_ivl_528", 0 0, L_00000150d48db8e0;  1 drivers
v00000150d486fbb0_0 .net *"_ivl_530", 0 0, L_00000150d48da3a0;  1 drivers
v00000150d486fcf0_0 .net *"_ivl_532", 0 0, L_00000150d48db160;  1 drivers
v00000150d4870290_0 .net *"_ivl_534", 0 0, L_00000150d48dac60;  1 drivers
v00000150d48700b0_0 .net *"_ivl_536", 0 0, L_00000150d48dae40;  1 drivers
v00000150d4870330_0 .net *"_ivl_538", 0 0, L_00000150d48dc380;  1 drivers
v00000150d4870150_0 .net *"_ivl_539", 0 0, L_00000150d48d7f60;  1 drivers
v00000150d486fe30_0 .net *"_ivl_54", 0 0, L_00000150d4877ce0;  1 drivers
v00000150d4870790_0 .net *"_ivl_542", 0 0, L_00000150d48dc420;  1 drivers
v00000150d4870470_0 .net *"_ivl_544", 0 0, L_00000150d48da120;  1 drivers
v00000150d48708d0_0 .net *"_ivl_546", 0 0, L_00000150d48da9e0;  1 drivers
v00000150d486fd90_0 .net *"_ivl_548", 0 0, L_00000150d48da1c0;  1 drivers
v00000150d4870970_0 .net *"_ivl_550", 0 0, L_00000150d48db840;  1 drivers
v00000150d4870a10_0 .net *"_ivl_552", 0 0, L_00000150d48dc560;  1 drivers
v00000150d4870ab0_0 .net *"_ivl_553", 0 0, L_00000150d48d7fd0;  1 drivers
v00000150d4870bf0_0 .net *"_ivl_556", 0 0, L_00000150d48da260;  1 drivers
v00000150d4870c90_0 .net *"_ivl_558", 0 0, L_00000150d48db020;  1 drivers
v00000150d4870dd0_0 .net *"_ivl_56", 0 0, L_00000150d4876340;  1 drivers
v00000150d48741d0_0 .net *"_ivl_560", 0 0, L_00000150d48dbc00;  1 drivers
v00000150d4873ff0_0 .net *"_ivl_562", 0 0, L_00000150d48da620;  1 drivers
v00000150d48746d0_0 .net *"_ivl_564", 0 0, L_00000150d48da760;  1 drivers
v00000150d4872f10_0 .net *"_ivl_566", 0 0, L_00000150d48dc4c0;  1 drivers
v00000150d4873050_0 .net *"_ivl_567", 0 0, L_00000150d48d7160;  1 drivers
v00000150d4873230_0 .net *"_ivl_570", 0 0, L_00000150d48da300;  1 drivers
v00000150d4872dd0_0 .net *"_ivl_572", 0 0, L_00000150d48da440;  1 drivers
v00000150d4873d70_0 .net *"_ivl_574", 0 0, L_00000150d48db200;  1 drivers
v00000150d48732d0_0 .net *"_ivl_576", 0 0, L_00000150d48dad00;  1 drivers
v00000150d4874090_0 .net *"_ivl_578", 0 0, L_00000150d48daee0;  1 drivers
v00000150d4873eb0_0 .net *"_ivl_58", 0 0, L_00000150d4877d80;  1 drivers
v00000150d4873550_0 .net *"_ivl_580", 0 0, L_00000150d48dc600;  1 drivers
v00000150d4872e70_0 .net *"_ivl_581", 0 0, L_00000150d48d71d0;  1 drivers
v00000150d4874130_0 .net *"_ivl_584", 0 0, L_00000150d48dc6a0;  1 drivers
v00000150d4873a50_0 .net *"_ivl_586", 0 0, L_00000150d48da4e0;  1 drivers
v00000150d4872790_0 .net *"_ivl_588", 0 0, L_00000150d48daa80;  1 drivers
v00000150d4873af0_0 .net *"_ivl_590", 0 0, L_00000150d48da580;  1 drivers
v00000150d4873f50_0 .net *"_ivl_592", 0 0, L_00000150d48db980;  1 drivers
v00000150d48735f0_0 .net *"_ivl_594", 0 0, L_00000150d48dc740;  1 drivers
v00000150d48730f0_0 .net *"_ivl_595", 0 0, L_00000150d48d7240;  1 drivers
v00000150d4874770_0 .net *"_ivl_598", 0 0, L_00000150d48da6c0;  1 drivers
v00000150d4872650_0 .net *"_ivl_6", 31 0, L_00000150d487daa0;  1 drivers
v00000150d4873b90_0 .net *"_ivl_60", 0 0, L_00000150d4876200;  1 drivers
v00000150d4874270_0 .net *"_ivl_600", 0 0, L_00000150d48db0c0;  1 drivers
v00000150d48743b0_0 .net *"_ivl_602", 0 0, L_00000150d48dbca0;  1 drivers
v00000150d4872fb0_0 .net *"_ivl_604", 0 0, L_00000150d48da800;  1 drivers
v00000150d4873c30_0 .net *"_ivl_606", 0 0, L_00000150d48da8a0;  1 drivers
v00000150d4872970_0 .net *"_ivl_608", 0 0, L_00000150d48dab20;  1 drivers
v00000150d48737d0_0 .net *"_ivl_609", 0 0, L_00000150d48e76c0;  1 drivers
v00000150d4873690_0 .net *"_ivl_612", 0 0, L_00000150d48dba20;  1 drivers
v00000150d4874310_0 .net *"_ivl_614", 0 0, L_00000150d48db520;  1 drivers
v00000150d4873190_0 .net *"_ivl_616", 0 0, L_00000150d48dada0;  1 drivers
v00000150d48723d0_0 .net *"_ivl_618", 0 0, L_00000150d48dc060;  1 drivers
v00000150d4872470_0 .net *"_ivl_62", 0 0, L_00000150d4876fc0;  1 drivers
v00000150d4874450_0 .net *"_ivl_620", 0 0, L_00000150d48daf80;  1 drivers
v00000150d4873410_0 .net *"_ivl_622", 0 0, L_00000150d48dabc0;  1 drivers
v00000150d4874810_0 .net *"_ivl_623", 0 0, L_00000150d48e75e0;  1 drivers
v00000150d48744f0_0 .net *"_ivl_626", 0 0, L_00000150d48db2a0;  1 drivers
v00000150d4872830_0 .net *"_ivl_628", 0 0, L_00000150d48db340;  1 drivers
v00000150d48721f0_0 .net *"_ivl_63", 0 0, L_00000150d4457ca0;  1 drivers
v00000150d4873730_0 .net *"_ivl_630", 0 0, L_00000150d48db3e0;  1 drivers
v00000150d4874590_0 .net *"_ivl_632", 0 0, L_00000150d48db5c0;  1 drivers
v00000150d4872510_0 .net *"_ivl_634", 0 0, L_00000150d48db660;  1 drivers
v00000150d4872bf0_0 .net *"_ivl_636", 0 0, L_00000150d48dbde0;  1 drivers
v00000150d4873cd0_0 .net *"_ivl_637", 0 0, L_00000150d48e72d0;  1 drivers
v00000150d4874630_0 .net *"_ivl_640", 0 0, L_00000150d48dbd40;  1 drivers
v00000150d48728d0_0 .net *"_ivl_642", 0 0, L_00000150d48db700;  1 drivers
v00000150d4873370_0 .net *"_ivl_644", 0 0, L_00000150d48dbac0;  1 drivers
v00000150d4873e10_0 .net *"_ivl_646", 0 0, L_00000150d48dbb60;  1 drivers
v00000150d48734b0_0 .net *"_ivl_648", 0 0, L_00000150d48dbe80;  1 drivers
v00000150d48720b0_0 .net *"_ivl_650", 0 0, L_00000150d48dbf20;  1 drivers
v00000150d48725b0_0 .net *"_ivl_651", 0 0, L_00000150d48e7420;  1 drivers
v00000150d4872150_0 .net *"_ivl_654", 0 0, L_00000150d48dbfc0;  1 drivers
v00000150d4872290_0 .net *"_ivl_656", 0 0, L_00000150d48dc100;  1 drivers
v00000150d4872330_0 .net *"_ivl_658", 0 0, L_00000150d48dc1a0;  1 drivers
v00000150d4872a10_0 .net *"_ivl_66", 0 0, L_00000150d4876ac0;  1 drivers
v00000150d4873870_0 .net *"_ivl_660", 0 0, L_00000150d48dc240;  1 drivers
v00000150d4873910_0 .net *"_ivl_662", 0 0, L_00000150d48dc2e0;  1 drivers
v00000150d48726f0_0 .net *"_ivl_664", 0 0, L_00000150d48e9fa0;  1 drivers
v00000150d4872ab0_0 .net *"_ivl_665", 0 0, L_00000150d48e7180;  1 drivers
v00000150d48739b0_0 .net *"_ivl_669", 0 0, L_00000150d48ea900;  1 drivers
v00000150d4872b50_0 .net *"_ivl_671", 0 0, L_00000150d48ea180;  1 drivers
v00000150d4872c90_0 .net *"_ivl_673", 0 0, L_00000150d48ea4a0;  1 drivers
v00000150d4872d30_0 .net *"_ivl_675", 0 0, L_00000150d48ea860;  1 drivers
v00000150d4875990_0 .net *"_ivl_677", 0 0, L_00000150d48ea7c0;  1 drivers
v00000150d4875170_0 .net *"_ivl_679", 0 0, L_00000150d48eacc0;  1 drivers
v00000150d4875710_0 .net *"_ivl_68", 0 0, L_00000150d4877060;  1 drivers
v00000150d4874a90_0 .net *"_ivl_680", 0 0, L_00000150d48e7650;  1 drivers
v00000150d4874ef0_0 .net *"_ivl_683", 0 0, L_00000150d48eac20;  1 drivers
v00000150d4875d50_0 .net *"_ivl_685", 0 0, L_00000150d48ea9a0;  1 drivers
v00000150d48750d0_0 .net *"_ivl_686", 0 0, L_00000150d48e7810;  1 drivers
v00000150d48758f0_0 .net *"_ivl_689", 0 0, L_00000150d48ea220;  1 drivers
v00000150d4874db0_0 .net *"_ivl_691", 0 0, L_00000150d48ea720;  1 drivers
v00000150d4875030_0 .net *"_ivl_692", 0 0, L_00000150d48e77a0;  1 drivers
v00000150d4874b30_0 .net *"_ivl_695", 0 0, L_00000150d48ec480;  1 drivers
v00000150d48757b0_0 .net *"_ivl_697", 0 0, L_00000150d48eb120;  1 drivers
v00000150d4874e50_0 .net *"_ivl_698", 0 0, L_00000150d48e7c70;  1 drivers
v00000150d4875210_0 .net *"_ivl_70", 0 0, L_00000150d48776a0;  1 drivers
v00000150d4874f90_0 .net *"_ivl_701", 0 0, L_00000150d48eb3a0;  1 drivers
v00000150d48752b0_0 .net *"_ivl_703", 0 0, L_00000150d48ebf80;  1 drivers
v00000150d4875850_0 .net *"_ivl_704", 0 0, L_00000150d48e7960;  1 drivers
v00000150d4875350_0 .net *"_ivl_707", 0 0, L_00000150d48ec520;  1 drivers
v00000150d4875a30_0 .net *"_ivl_709", 0 0, L_00000150d48eab80;  1 drivers
v00000150d4875ad0_0 .net *"_ivl_710", 0 0, L_00000150d48e7ab0;  1 drivers
v00000150d4875b70_0 .net *"_ivl_713", 0 0, L_00000150d48ea040;  1 drivers
v00000150d48753f0_0 .net *"_ivl_715", 0 0, L_00000150d48ebda0;  1 drivers
v00000150d4875490_0 .net *"_ivl_716", 0 0, L_00000150d48e7030;  1 drivers
v00000150d4875f30_0 .net *"_ivl_719", 0 0, L_00000150d48eafe0;  1 drivers
v00000150d4874bd0_0 .net *"_ivl_72", 0 0, L_00000150d4876d40;  1 drivers
v00000150d4874c70_0 .net *"_ivl_721", 0 0, L_00000150d48eaa40;  1 drivers
v00000150d4875c10_0 .net *"_ivl_722", 0 0, L_00000150d48e70a0;  1 drivers
v00000150d48755d0_0 .net *"_ivl_725", 0 0, L_00000150d48ead60;  1 drivers
v00000150d4875670_0 .net *"_ivl_727", 0 0, L_00000150d48eae00;  1 drivers
v00000150d4875cb0_0 .net *"_ivl_728", 0 0, L_00000150d48e7730;  1 drivers
v00000150d4875530_0 .net *"_ivl_731", 0 0, L_00000150d48ea2c0;  1 drivers
v00000150d4875e90_0 .net *"_ivl_733", 0 0, L_00000150d48eaae0;  1 drivers
v00000150d4874d10_0 .net *"_ivl_734", 0 0, L_00000150d48e7b20;  1 drivers
v00000150d4875df0_0 .net *"_ivl_737", 0 0, L_00000150d48eaea0;  1 drivers
v00000150d48748b0_0 .net *"_ivl_739", 0 0, L_00000150d48eb9e0;  1 drivers
v00000150d4874950_0 .net *"_ivl_74", 0 0, L_00000150d48762a0;  1 drivers
v00000150d48749f0_0 .net *"_ivl_740", 0 0, L_00000150d48e7110;  1 drivers
v00000150d4878fa0_0 .net *"_ivl_743", 0 0, L_00000150d48eaf40;  1 drivers
v00000150d487ad00_0 .net *"_ivl_745", 0 0, L_00000150d48ea360;  1 drivers
v00000150d4878c80_0 .net *"_ivl_746", 0 0, L_00000150d48e71f0;  1 drivers
v00000150d4878e60_0 .net *"_ivl_749", 0 0, L_00000150d48e9dc0;  1 drivers
v00000150d487a580_0 .net *"_ivl_751", 0 0, L_00000150d48eb080;  1 drivers
v00000150d4879ae0_0 .net *"_ivl_752", 0 0, L_00000150d48e6e70;  1 drivers
v00000150d4879040_0 .net *"_ivl_755", 0 0, L_00000150d48eb1c0;  1 drivers
v00000150d4879680_0 .net *"_ivl_757", 0 0, L_00000150d48eb260;  1 drivers
v00000150d4879d60_0 .net *"_ivl_758", 0 0, L_00000150d48e7880;  1 drivers
v00000150d4878f00_0 .net *"_ivl_76", 0 0, L_00000150d4876b60;  1 drivers
v00000150d487a8a0_0 .net *"_ivl_761", 0 0, L_00000150d48ea400;  1 drivers
v00000150d4879720_0 .net *"_ivl_763", 0 0, L_00000150d48ebd00;  1 drivers
v00000150d487a760_0 .net *"_ivl_764", 0 0, L_00000150d48e6e00;  1 drivers
v00000150d4879360_0 .net *"_ivl_767", 0 0, L_00000150d48e9e60;  1 drivers
v00000150d487a620_0 .net *"_ivl_769", 0 0, L_00000150d48eb800;  1 drivers
v00000150d487a6c0_0 .net *"_ivl_77", 0 0, L_00000150d4457290;  1 drivers
v00000150d4879860_0 .net *"_ivl_770", 0 0, L_00000150d48e6d90;  1 drivers
v00000150d487a1c0_0 .net *"_ivl_773", 0 0, L_00000150d48eb440;  1 drivers
v00000150d4878d20_0 .net *"_ivl_775", 0 0, L_00000150d48eb8a0;  1 drivers
v00000150d4879400_0 .net *"_ivl_776", 0 0, L_00000150d48e7b90;  1 drivers
v00000150d487ada0_0 .net *"_ivl_779", 0 0, L_00000150d48ea540;  1 drivers
v00000150d48797c0_0 .net *"_ivl_781", 0 0, L_00000150d48eb580;  1 drivers
v00000150d487a4e0_0 .net *"_ivl_782", 0 0, L_00000150d48e6ee0;  1 drivers
v00000150d4879220_0 .net *"_ivl_785", 0 0, L_00000150d48ec020;  1 drivers
v00000150d48795e0_0 .net *"_ivl_787", 0 0, L_00000150d48eb300;  1 drivers
v00000150d4878dc0_0 .net *"_ivl_788", 0 0, L_00000150d48e6f50;  1 drivers
v00000150d487a300_0 .net *"_ivl_791", 0 0, L_00000150d48ebee0;  1 drivers
v00000150d48792c0_0 .net *"_ivl_793", 0 0, L_00000150d48ec0c0;  1 drivers
v00000150d4879900_0 .net *"_ivl_794", 0 0, L_00000150d48e6fc0;  1 drivers
v00000150d4879540_0 .net *"_ivl_797", 0 0, L_00000150d48ea5e0;  1 drivers
v00000150d48794a0_0 .net *"_ivl_799", 0 0, L_00000150d48eb6c0;  1 drivers
v00000150d48790e0_0 .net *"_ivl_80", 0 0, L_00000150d4876a20;  1 drivers
v00000150d487a800_0 .net *"_ivl_800", 0 0, L_00000150d48e7340;  1 drivers
v00000150d4879180_0 .net *"_ivl_803", 0 0, L_00000150d48ea680;  1 drivers
v00000150d48799a0_0 .net *"_ivl_805", 0 0, L_00000150d48eb4e0;  1 drivers
v00000150d4879b80_0 .net *"_ivl_806", 0 0, L_00000150d48e73b0;  1 drivers
v00000150d487af80_0 .net *"_ivl_809", 0 0, L_00000150d48eb940;  1 drivers
v00000150d4879c20_0 .net *"_ivl_811", 0 0, L_00000150d48ea0e0;  1 drivers
v00000150d4879a40_0 .net *"_ivl_812", 0 0, L_00000150d48e7c00;  1 drivers
v00000150d4879cc0_0 .net *"_ivl_816", 0 0, L_00000150d48ebe40;  1 drivers
v00000150d487aa80_0 .net *"_ivl_818", 0 0, L_00000150d48eb760;  1 drivers
v00000150d487a940_0 .net *"_ivl_819", 0 0, L_00000150d48e78f0;  1 drivers
v00000150d4879e00_0 .net *"_ivl_82", 0 0, L_00000150d4877b00;  1 drivers
v00000150d4879ea0_0 .net *"_ivl_822", 0 0, L_00000150d48ec160;  1 drivers
v00000150d4879f40_0 .net *"_ivl_824", 0 0, L_00000150d48eba80;  1 drivers
v00000150d4879fe0_0 .net *"_ivl_825", 0 0, L_00000150d48e7260;  1 drivers
v00000150d487a080_0 .net *"_ivl_828", 0 0, L_00000150d48ebb20;  1 drivers
v00000150d487a120_0 .net *"_ivl_830", 0 0, L_00000150d48ec200;  1 drivers
v00000150d487a9e0_0 .net *"_ivl_831", 0 0, L_00000150d48e79d0;  1 drivers
v00000150d487a260_0 .net *"_ivl_834", 0 0, L_00000150d48ebbc0;  1 drivers
v00000150d4878960_0 .net *"_ivl_836", 0 0, L_00000150d48ec2a0;  1 drivers
v00000150d487a3a0_0 .net *"_ivl_837", 0 0, L_00000150d48e7a40;  1 drivers
v00000150d487a440_0 .net *"_ivl_84", 0 0, L_00000150d4877740;  1 drivers
v00000150d487ae40_0 .net *"_ivl_840", 0 0, L_00000150d48ebc60;  1 drivers
v00000150d487ab20_0 .net *"_ivl_842", 0 0, L_00000150d48ec340;  1 drivers
v00000150d487abc0_0 .net *"_ivl_843", 0 0, L_00000150d48e7490;  1 drivers
v00000150d487ac60_0 .net *"_ivl_846", 0 0, L_00000150d48e9f00;  1 drivers
v00000150d487aee0_0 .net *"_ivl_848", 0 0, L_00000150d48ed600;  1 drivers
v00000150d487b020_0 .net *"_ivl_849", 0 0, L_00000150d48e7500;  1 drivers
v00000150d48788c0_0 .net *"_ivl_852", 0 0, L_00000150d48edce0;  1 drivers
v00000150d4878a00_0 .net *"_ivl_854", 0 0, L_00000150d48ed240;  1 drivers
v00000150d4878aa0_0 .net *"_ivl_855", 0 0, L_00000150d48e7570;  1 drivers
v00000150d4878b40_0 .net *"_ivl_858", 0 0, L_00000150d48ecd40;  1 drivers
v00000150d4878be0_0 .net *"_ivl_86", 0 0, L_00000150d4878780;  1 drivers
v00000150d487c7e0_0 .net *"_ivl_860", 0 0, L_00000150d48ecac0;  1 drivers
v00000150d487c6a0_0 .net *"_ivl_861", 0 0, L_00000150d48fd350;  1 drivers
v00000150d487d000_0 .net *"_ivl_864", 0 0, L_00000150d48ecfc0;  1 drivers
v00000150d487c100_0 .net *"_ivl_866", 0 0, L_00000150d48ee500;  1 drivers
v00000150d487b3e0_0 .net *"_ivl_867", 0 0, L_00000150d48fdac0;  1 drivers
v00000150d487b480_0 .net *"_ivl_870", 0 0, L_00000150d48ed2e0;  1 drivers
v00000150d487d0a0_0 .net *"_ivl_872", 0 0, L_00000150d48eca20;  1 drivers
v00000150d487c420_0 .net *"_ivl_873", 0 0, L_00000150d48fd270;  1 drivers
v00000150d487d6e0_0 .net *"_ivl_876", 0 0, L_00000150d48ed060;  1 drivers
v00000150d487d3c0_0 .net *"_ivl_878", 0 0, L_00000150d48ed4c0;  1 drivers
v00000150d487b7a0_0 .net *"_ivl_879", 0 0, L_00000150d48fd660;  1 drivers
v00000150d487b200_0 .net *"_ivl_88", 0 0, L_00000150d4876de0;  1 drivers
v00000150d487c740_0 .net *"_ivl_882", 0 0, L_00000150d48ed420;  1 drivers
v00000150d487d1e0_0 .net *"_ivl_884", 0 0, L_00000150d48ed100;  1 drivers
v00000150d487b520_0 .net *"_ivl_885", 0 0, L_00000150d48fd120;  1 drivers
v00000150d487bc00_0 .net *"_ivl_888", 0 0, L_00000150d48ee460;  1 drivers
v00000150d487cba0_0 .net *"_ivl_890", 0 0, L_00000150d48ed6a0;  1 drivers
v00000150d487d460_0 .net *"_ivl_891", 0 0, L_00000150d48fd190;  1 drivers
v00000150d487b840_0 .net *"_ivl_894", 0 0, L_00000150d48ed560;  1 drivers
v00000150d487c380_0 .net *"_ivl_896", 0 0, L_00000150d48ece80;  1 drivers
v00000150d487cce0_0 .net *"_ivl_897", 0 0, L_00000150d48fd820;  1 drivers
v00000150d487bde0_0 .net *"_ivl_90", 0 0, L_00000150d4877ba0;  1 drivers
v00000150d487d500_0 .net *"_ivl_900", 0 0, L_00000150d48ecb60;  1 drivers
v00000150d487b5c0_0 .net *"_ivl_902", 0 0, L_00000150d48edba0;  1 drivers
v00000150d487cb00_0 .net *"_ivl_903", 0 0, L_00000150d48fd200;  1 drivers
v00000150d487ce20_0 .net *"_ivl_906", 0 0, L_00000150d48ecc00;  1 drivers
v00000150d487d5a0_0 .net *"_ivl_908", 0 0, L_00000150d48ecca0;  1 drivers
v00000150d487b0c0_0 .net *"_ivl_909", 0 0, L_00000150d48fda50;  1 drivers
v00000150d487cf60_0 .net *"_ivl_91", 0 0, L_00000150d4457300;  1 drivers
v00000150d487c9c0_0 .net *"_ivl_912", 0 0, L_00000150d48ed380;  1 drivers
v00000150d487cc40_0 .net *"_ivl_914", 0 0, L_00000150d48ee820;  1 drivers
v00000150d487cec0_0 .net *"_ivl_915", 0 0, L_00000150d48fd3c0;  1 drivers
v00000150d487bca0_0 .net *"_ivl_918", 0 0, L_00000150d48ed9c0;  1 drivers
v00000150d487b160_0 .net *"_ivl_920", 0 0, L_00000150d48ee6e0;  1 drivers
v00000150d487b340_0 .net *"_ivl_921", 0 0, L_00000150d48fdb30;  1 drivers
v00000150d487c2e0_0 .net *"_ivl_924", 0 0, L_00000150d48eeb40;  1 drivers
v00000150d487be80_0 .net *"_ivl_926", 0 0, L_00000150d48ecde0;  1 drivers
v00000150d487c1a0_0 .net *"_ivl_927", 0 0, L_00000150d48fd740;  1 drivers
v00000150d487bf20_0 .net *"_ivl_930", 0 0, L_00000150d48ecf20;  1 drivers
v00000150d487d140_0 .net *"_ivl_932", 0 0, L_00000150d48ed1a0;  1 drivers
v00000150d487bfc0_0 .net *"_ivl_933", 0 0, L_00000150d48fd4a0;  1 drivers
v00000150d487b660_0 .net *"_ivl_936", 0 0, L_00000150d48ed740;  1 drivers
v00000150d487c060_0 .net *"_ivl_938", 0 0, L_00000150d48ee0a0;  1 drivers
v00000150d487c240_0 .net *"_ivl_939", 0 0, L_00000150d48fd2e0;  1 drivers
v00000150d487b8e0_0 .net *"_ivl_94", 0 0, L_00000150d4876ca0;  1 drivers
v00000150d487cd80_0 .net *"_ivl_942", 0 0, L_00000150d48ec840;  1 drivers
v00000150d487b980_0 .net *"_ivl_944", 0 0, L_00000150d48eebe0;  1 drivers
v00000150d487b700_0 .net *"_ivl_945", 0 0, L_00000150d48fd510;  1 drivers
v00000150d487c4c0_0 .net *"_ivl_948", 0 0, L_00000150d48ee140;  1 drivers
v00000150d487c560_0 .net *"_ivl_950", 0 0, L_00000150d48edd80;  1 drivers
v00000150d487b2a0_0 .net *"_ivl_951", 0 0, L_00000150d48fd430;  1 drivers
v00000150d487d640_0 .net *"_ivl_955", 0 0, L_00000150d48ec700;  1 drivers
v00000150d487c600_0 .net *"_ivl_957", 0 0, L_00000150d48ed7e0;  1 drivers
v00000150d487ba20_0 .net *"_ivl_958", 31 0, L_00000150d48ed880;  1 drivers
v00000150d487bd40_0 .net *"_ivl_96", 0 0, L_00000150d48767a0;  1 drivers
L_00000150d487f118 .functor BUFT 1, C4<000000000>, C4<0>, C4<0>, C4<0>;
v00000150d487c880_0 .net *"_ivl_961", 8 0, L_00000150d487f118;  1 drivers
L_00000150d487f160 .functor BUFT 1, C4<00000000000000000000000000101111>, C4<0>, C4<0>, C4<0>;
v00000150d487bac0_0 .net/2u *"_ivl_962", 31 0, L_00000150d487f160;  1 drivers
v00000150d487c920_0 .net *"_ivl_964", 31 0, L_00000150d48ed920;  1 drivers
v00000150d487ca60_0 .net *"_ivl_98", 0 0, L_00000150d4877880;  1 drivers
v00000150d487d280_0 .net "and_out", 45 0, L_00000150d48ec3e0;  1 drivers
v00000150d487bb60_0 .net "error_bit", 22 0, L_00000150d48eb620;  1 drivers
v00000150d487d320_0 .net "mod_tri", 5 0, L_00000150d487dfa0;  1 drivers
v00000150d487d780_0 .net "not_mod_tri", 5 0, L_00000150d487dc80;  1 drivers
L_00000150d487ddc0 .concat [ 23 9 0 0], v00000150d487d820_0, L_00000150d487f088;
L_00000150d487daa0 .arith/mod 32, L_00000150d487ddc0, L_00000150d487f0d0;
L_00000150d487dfa0 .part L_00000150d487daa0, 0, 6;
L_00000150d487d960 .part L_00000150d487dfa0, 0, 1;
L_00000150d487db40 .part L_00000150d487dfa0, 1, 1;
L_00000150d487dbe0 .part L_00000150d487dfa0, 2, 1;
L_00000150d487de60 .part L_00000150d487dfa0, 3, 1;
L_00000150d487dd20 .part L_00000150d487dfa0, 4, 1;
LS_00000150d487dc80_0_0 .concat8 [ 1 1 1 1], L_00000150d4457d10, L_00000150d4457530, L_00000150d4457990, L_00000150d44576f0;
LS_00000150d487dc80_0_4 .concat8 [ 1 1 0 0], L_00000150d4457760, L_00000150d4457a00;
L_00000150d487dc80 .concat8 [ 4 2 0 0], LS_00000150d487dc80_0_0, LS_00000150d487dc80_0_4;
L_00000150d487df00 .part L_00000150d487dfa0, 5, 1;
L_00000150d487d8c0 .part L_00000150d487dfa0, 0, 1;
L_00000150d4876980 .part L_00000150d487dc80, 1, 1;
L_00000150d4878280 .part L_00000150d487dc80, 2, 1;
L_00000150d48768e0 .part L_00000150d487dc80, 3, 1;
L_00000150d4876f20 .part L_00000150d487dc80, 4, 1;
L_00000150d4876160 .part L_00000150d487dc80, 5, 1;
L_00000150d4876480 .part L_00000150d487dc80, 0, 1;
L_00000150d4877ce0 .part L_00000150d487dfa0, 1, 1;
L_00000150d4876340 .part L_00000150d487dc80, 2, 1;
L_00000150d4877d80 .part L_00000150d487dc80, 3, 1;
L_00000150d4876200 .part L_00000150d487dc80, 4, 1;
L_00000150d4876fc0 .part L_00000150d487dc80, 5, 1;
L_00000150d4876ac0 .part L_00000150d487dfa0, 0, 1;
L_00000150d4877060 .part L_00000150d487dfa0, 1, 1;
L_00000150d48776a0 .part L_00000150d487dc80, 2, 1;
L_00000150d4876d40 .part L_00000150d487dc80, 3, 1;
L_00000150d48762a0 .part L_00000150d487dc80, 4, 1;
L_00000150d4876b60 .part L_00000150d487dc80, 5, 1;
L_00000150d4876a20 .part L_00000150d487dc80, 0, 1;
L_00000150d4877b00 .part L_00000150d487dc80, 1, 1;
L_00000150d4877740 .part L_00000150d487dfa0, 2, 1;
L_00000150d4878780 .part L_00000150d487dc80, 3, 1;
L_00000150d4876de0 .part L_00000150d487dc80, 4, 1;
L_00000150d4877ba0 .part L_00000150d487dc80, 5, 1;
L_00000150d4876ca0 .part L_00000150d487dfa0, 0, 1;
L_00000150d48767a0 .part L_00000150d487dc80, 1, 1;
L_00000150d4877880 .part L_00000150d487dfa0, 2, 1;
L_00000150d48763e0 .part L_00000150d487dc80, 3, 1;
L_00000150d4877100 .part L_00000150d487dc80, 4, 1;
L_00000150d4876c00 .part L_00000150d487dc80, 5, 1;
L_00000150d48781e0 .part L_00000150d487dc80, 0, 1;
L_00000150d4878320 .part L_00000150d487dfa0, 1, 1;
L_00000150d48760c0 .part L_00000150d487dfa0, 2, 1;
L_00000150d4876e80 .part L_00000150d487dc80, 3, 1;
L_00000150d4876520 .part L_00000150d487dc80, 4, 1;
L_00000150d48777e0 .part L_00000150d487dc80, 5, 1;
L_00000150d48765c0 .part L_00000150d487dfa0, 0, 1;
L_00000150d48772e0 .part L_00000150d487dfa0, 1, 1;
L_00000150d48783c0 .part L_00000150d487dfa0, 2, 1;
L_00000150d48771a0 .part L_00000150d487dc80, 3, 1;
L_00000150d4878000 .part L_00000150d487dc80, 4, 1;
L_00000150d4877240 .part L_00000150d487dc80, 5, 1;
L_00000150d4877c40 .part L_00000150d487dc80, 0, 1;
L_00000150d4877920 .part L_00000150d487dc80, 1, 1;
L_00000150d48774c0 .part L_00000150d487dc80, 2, 1;
L_00000150d4877380 .part L_00000150d487dfa0, 3, 1;
L_00000150d48780a0 .part L_00000150d487dc80, 4, 1;
L_00000150d4876660 .part L_00000150d487dc80, 5, 1;
L_00000150d4877420 .part L_00000150d487dfa0, 0, 1;
L_00000150d4877560 .part L_00000150d487dc80, 1, 1;
L_00000150d48786e0 .part L_00000150d487dc80, 2, 1;
L_00000150d4877600 .part L_00000150d487dfa0, 3, 1;
L_00000150d48779c0 .part L_00000150d487dc80, 4, 1;
L_00000150d4876840 .part L_00000150d487dc80, 5, 1;
L_00000150d4877ec0 .part L_00000150d487dc80, 0, 1;
L_00000150d4877e20 .part L_00000150d487dfa0, 1, 1;
L_00000150d4877a60 .part L_00000150d487dc80, 2, 1;
L_00000150d4877f60 .part L_00000150d487dfa0, 3, 1;
L_00000150d4876700 .part L_00000150d487dc80, 4, 1;
L_00000150d4878460 .part L_00000150d487dc80, 5, 1;
L_00000150d4878140 .part L_00000150d487dfa0, 0, 1;
L_00000150d4878500 .part L_00000150d487dfa0, 1, 1;
L_00000150d48785a0 .part L_00000150d487dc80, 2, 1;
L_00000150d4878640 .part L_00000150d487dfa0, 3, 1;
L_00000150d4878820 .part L_00000150d487dc80, 4, 1;
L_00000150d48de040 .part L_00000150d487dc80, 5, 1;
L_00000150d48dd6e0 .part L_00000150d487dc80, 0, 1;
L_00000150d48deb80 .part L_00000150d487dc80, 1, 1;
L_00000150d48dca60 .part L_00000150d487dfa0, 2, 1;
L_00000150d48dcec0 .part L_00000150d487dfa0, 3, 1;
L_00000150d48dc9c0 .part L_00000150d487dc80, 4, 1;
L_00000150d48deea0 .part L_00000150d487dc80, 5, 1;
L_00000150d48de680 .part L_00000150d487dfa0, 0, 1;
L_00000150d48dd960 .part L_00000150d487dc80, 1, 1;
L_00000150d48dd780 .part L_00000150d487dfa0, 2, 1;
L_00000150d48dd8c0 .part L_00000150d487dfa0, 3, 1;
L_00000150d48de220 .part L_00000150d487dc80, 4, 1;
L_00000150d48dcf60 .part L_00000150d487dc80, 5, 1;
L_00000150d48dd820 .part L_00000150d487dc80, 0, 1;
L_00000150d48de860 .part L_00000150d487dfa0, 1, 1;
L_00000150d48deae0 .part L_00000150d487dfa0, 2, 1;
L_00000150d48dd280 .part L_00000150d487dfa0, 3, 1;
L_00000150d48dd000 .part L_00000150d487dc80, 4, 1;
L_00000150d48dd460 .part L_00000150d487dc80, 5, 1;
L_00000150d48dec20 .part L_00000150d487dfa0, 0, 1;
L_00000150d48dd5a0 .part L_00000150d487dfa0, 1, 1;
L_00000150d48de900 .part L_00000150d487dfa0, 2, 1;
L_00000150d48dd320 .part L_00000150d487dfa0, 3, 1;
L_00000150d48dc920 .part L_00000150d487dc80, 4, 1;
L_00000150d48dda00 .part L_00000150d487dc80, 5, 1;
L_00000150d48ddd20 .part L_00000150d487dc80, 0, 1;
L_00000150d48dd500 .part L_00000150d487dc80, 1, 1;
L_00000150d48de9a0 .part L_00000150d487dc80, 2, 1;
L_00000150d48dd640 .part L_00000150d487dc80, 3, 1;
L_00000150d48de720 .part L_00000150d487dfa0, 4, 1;
L_00000150d48de400 .part L_00000150d487dc80, 5, 1;
L_00000150d48ddaa0 .part L_00000150d487dfa0, 0, 1;
L_00000150d48dea40 .part L_00000150d487dc80, 1, 1;
L_00000150d48decc0 .part L_00000150d487dc80, 2, 1;
L_00000150d48ddb40 .part L_00000150d487dc80, 3, 1;
L_00000150d48dd0a0 .part L_00000150d487dfa0, 4, 1;
L_00000150d48dcb00 .part L_00000150d487dc80, 5, 1;
L_00000150d48dddc0 .part L_00000150d487dc80, 0, 1;
L_00000150d48dd140 .part L_00000150d487dfa0, 1, 1;
L_00000150d48de4a0 .part L_00000150d487dc80, 2, 1;
L_00000150d48ded60 .part L_00000150d487dc80, 3, 1;
L_00000150d48ddbe0 .part L_00000150d487dfa0, 4, 1;
L_00000150d48dd1e0 .part L_00000150d487dc80, 5, 1;
L_00000150d48dde60 .part L_00000150d487dfa0, 0, 1;
L_00000150d48dcba0 .part L_00000150d487dfa0, 1, 1;
L_00000150d48dcce0 .part L_00000150d487dc80, 2, 1;
L_00000150d48def40 .part L_00000150d487dc80, 3, 1;
L_00000150d48de0e0 .part L_00000150d487dfa0, 4, 1;
L_00000150d48de2c0 .part L_00000150d487dc80, 5, 1;
L_00000150d48dee00 .part L_00000150d487dc80, 0, 1;
L_00000150d48dcc40 .part L_00000150d487dc80, 1, 1;
L_00000150d48dd3c0 .part L_00000150d487dfa0, 2, 1;
L_00000150d48dcd80 .part L_00000150d487dc80, 3, 1;
L_00000150d48defe0 .part L_00000150d487dfa0, 4, 1;
L_00000150d48ddc80 .part L_00000150d487dc80, 5, 1;
L_00000150d48ddf00 .part L_00000150d487dfa0, 0, 1;
L_00000150d48ddfa0 .part L_00000150d487dc80, 1, 1;
L_00000150d48de180 .part L_00000150d487dfa0, 2, 1;
L_00000150d48de360 .part L_00000150d487dc80, 3, 1;
L_00000150d48de540 .part L_00000150d487dfa0, 4, 1;
L_00000150d48dce20 .part L_00000150d487dc80, 5, 1;
L_00000150d48df080 .part L_00000150d487dc80, 0, 1;
L_00000150d48de5e0 .part L_00000150d487dfa0, 1, 1;
L_00000150d48de7c0 .part L_00000150d487dfa0, 2, 1;
L_00000150d48df6c0 .part L_00000150d487dc80, 3, 1;
L_00000150d48dfc60 .part L_00000150d487dfa0, 4, 1;
L_00000150d48df4e0 .part L_00000150d487dc80, 5, 1;
L_00000150d48df440 .part L_00000150d487dfa0, 0, 1;
L_00000150d48e00c0 .part L_00000150d487dfa0, 1, 1;
L_00000150d48dff80 .part L_00000150d487dfa0, 2, 1;
L_00000150d48dfbc0 .part L_00000150d487dc80, 3, 1;
L_00000150d48df940 .part L_00000150d487dfa0, 4, 1;
L_00000150d48e0520 .part L_00000150d487dc80, 5, 1;
L_00000150d48e07a0 .part L_00000150d487dc80, 0, 1;
L_00000150d48e17e0 .part L_00000150d487dc80, 1, 1;
L_00000150d48dfe40 .part L_00000150d487dc80, 2, 1;
L_00000150d48e0c00 .part L_00000150d487dfa0, 3, 1;
L_00000150d48dfee0 .part L_00000150d487dfa0, 4, 1;
L_00000150d48df580 .part L_00000150d487dc80, 5, 1;
L_00000150d48e1880 .part L_00000150d487dfa0, 0, 1;
L_00000150d48df620 .part L_00000150d487dc80, 1, 1;
L_00000150d48e08e0 .part L_00000150d487dc80, 2, 1;
L_00000150d48df1c0 .part L_00000150d487dfa0, 3, 1;
L_00000150d48df9e0 .part L_00000150d487dfa0, 4, 1;
L_00000150d48e1380 .part L_00000150d487dc80, 5, 1;
L_00000150d48e1420 .part L_00000150d487dc80, 0, 1;
L_00000150d48df120 .part L_00000150d487dfa0, 1, 1;
L_00000150d48dfa80 .part L_00000150d487dc80, 2, 1;
L_00000150d48df260 .part L_00000150d487dfa0, 3, 1;
L_00000150d48e0840 .part L_00000150d487dfa0, 4, 1;
L_00000150d48e1560 .part L_00000150d487dc80, 5, 1;
L_00000150d48e0700 .part L_00000150d487dfa0, 0, 1;
L_00000150d48e1100 .part L_00000150d487dfa0, 1, 1;
L_00000150d48df300 .part L_00000150d487dc80, 2, 1;
L_00000150d48e0fc0 .part L_00000150d487dfa0, 3, 1;
L_00000150d48e0020 .part L_00000150d487dfa0, 4, 1;
L_00000150d48e05c0 .part L_00000150d487dc80, 5, 1;
L_00000150d48e1740 .part L_00000150d487dc80, 0, 1;
L_00000150d48e02a0 .part L_00000150d487dc80, 1, 1;
L_00000150d48e0160 .part L_00000150d487dfa0, 2, 1;
L_00000150d48df800 .part L_00000150d487dfa0, 3, 1;
L_00000150d48e0de0 .part L_00000150d487dfa0, 4, 1;
L_00000150d48e0200 .part L_00000150d487dc80, 5, 1;
L_00000150d48dfd00 .part L_00000150d487dfa0, 0, 1;
L_00000150d48e0340 .part L_00000150d487dc80, 1, 1;
L_00000150d48df760 .part L_00000150d487dfa0, 2, 1;
L_00000150d48e14c0 .part L_00000150d487dfa0, 3, 1;
L_00000150d48e0ac0 .part L_00000150d487dfa0, 4, 1;
L_00000150d48e03e0 .part L_00000150d487dc80, 5, 1;
L_00000150d48e1600 .part L_00000150d487dc80, 0, 1;
L_00000150d48e0480 .part L_00000150d487dfa0, 1, 1;
L_00000150d48dfda0 .part L_00000150d487dfa0, 2, 1;
L_00000150d48e16a0 .part L_00000150d487dfa0, 3, 1;
L_00000150d48df3a0 .part L_00000150d487dfa0, 4, 1;
L_00000150d48df8a0 .part L_00000150d487dc80, 5, 1;
L_00000150d48e0660 .part L_00000150d487dfa0, 0, 1;
L_00000150d48e1060 .part L_00000150d487dfa0, 1, 1;
L_00000150d48dfb20 .part L_00000150d487dfa0, 2, 1;
L_00000150d48e11a0 .part L_00000150d487dfa0, 3, 1;
L_00000150d48e0980 .part L_00000150d487dfa0, 4, 1;
L_00000150d48e0a20 .part L_00000150d487dc80, 5, 1;
L_00000150d48e0e80 .part L_00000150d487dc80, 0, 1;
L_00000150d48e1240 .part L_00000150d487dc80, 1, 1;
L_00000150d48e0b60 .part L_00000150d487dc80, 2, 1;
L_00000150d48e0ca0 .part L_00000150d487dc80, 3, 1;
L_00000150d48e0d40 .part L_00000150d487dc80, 4, 1;
L_00000150d48e0f20 .part L_00000150d487dfa0, 5, 1;
L_00000150d48e12e0 .part L_00000150d487dfa0, 0, 1;
L_00000150d48e1a60 .part L_00000150d487dc80, 1, 1;
L_00000150d48e1b00 .part L_00000150d487dc80, 2, 1;
L_00000150d48e1ba0 .part L_00000150d487dc80, 3, 1;
L_00000150d48e19c0 .part L_00000150d487dc80, 4, 1;
L_00000150d48e1c40 .part L_00000150d487dfa0, 5, 1;
L_00000150d48e1ce0 .part L_00000150d487dc80, 0, 1;
L_00000150d48e1920 .part L_00000150d487dfa0, 1, 1;
L_00000150d48e1f60 .part L_00000150d487dc80, 2, 1;
L_00000150d48e2000 .part L_00000150d487dc80, 3, 1;
L_00000150d48e1d80 .part L_00000150d487dc80, 4, 1;
L_00000150d48e1e20 .part L_00000150d487dfa0, 5, 1;
L_00000150d48e1ec0 .part L_00000150d487dfa0, 0, 1;
L_00000150d48dc7e0 .part L_00000150d487dfa0, 1, 1;
L_00000150d48db480 .part L_00000150d487dc80, 2, 1;
L_00000150d48dc880 .part L_00000150d487dc80, 3, 1;
L_00000150d48db7a0 .part L_00000150d487dc80, 4, 1;
L_00000150d48da940 .part L_00000150d487dfa0, 5, 1;
L_00000150d48db8e0 .part L_00000150d487dc80, 0, 1;
L_00000150d48da3a0 .part L_00000150d487dc80, 1, 1;
L_00000150d48db160 .part L_00000150d487dfa0, 2, 1;
L_00000150d48dac60 .part L_00000150d487dc80, 3, 1;
L_00000150d48dae40 .part L_00000150d487dc80, 4, 1;
L_00000150d48dc380 .part L_00000150d487dfa0, 5, 1;
L_00000150d48dc420 .part L_00000150d487dfa0, 0, 1;
L_00000150d48da120 .part L_00000150d487dc80, 1, 1;
L_00000150d48da9e0 .part L_00000150d487dfa0, 2, 1;
L_00000150d48da1c0 .part L_00000150d487dc80, 3, 1;
L_00000150d48db840 .part L_00000150d487dc80, 4, 1;
L_00000150d48dc560 .part L_00000150d487dfa0, 5, 1;
L_00000150d48da260 .part L_00000150d487dc80, 0, 1;
L_00000150d48db020 .part L_00000150d487dfa0, 1, 1;
L_00000150d48dbc00 .part L_00000150d487dfa0, 2, 1;
L_00000150d48da620 .part L_00000150d487dc80, 3, 1;
L_00000150d48da760 .part L_00000150d487dc80, 4, 1;
L_00000150d48dc4c0 .part L_00000150d487dfa0, 5, 1;
L_00000150d48da300 .part L_00000150d487dfa0, 0, 1;
L_00000150d48da440 .part L_00000150d487dfa0, 1, 1;
L_00000150d48db200 .part L_00000150d487dfa0, 2, 1;
L_00000150d48dad00 .part L_00000150d487dc80, 3, 1;
L_00000150d48daee0 .part L_00000150d487dc80, 4, 1;
L_00000150d48dc600 .part L_00000150d487dfa0, 5, 1;
L_00000150d48dc6a0 .part L_00000150d487dc80, 0, 1;
L_00000150d48da4e0 .part L_00000150d487dc80, 1, 1;
L_00000150d48daa80 .part L_00000150d487dc80, 2, 1;
L_00000150d48da580 .part L_00000150d487dfa0, 3, 1;
L_00000150d48db980 .part L_00000150d487dc80, 4, 1;
L_00000150d48dc740 .part L_00000150d487dfa0, 5, 1;
L_00000150d48da6c0 .part L_00000150d487dfa0, 0, 1;
L_00000150d48db0c0 .part L_00000150d487dc80, 1, 1;
L_00000150d48dbca0 .part L_00000150d487dc80, 2, 1;
L_00000150d48da800 .part L_00000150d487dfa0, 3, 1;
L_00000150d48da8a0 .part L_00000150d487dc80, 4, 1;
L_00000150d48dab20 .part L_00000150d487dfa0, 5, 1;
L_00000150d48dba20 .part L_00000150d487dc80, 0, 1;
L_00000150d48db520 .part L_00000150d487dfa0, 1, 1;
L_00000150d48dada0 .part L_00000150d487dc80, 2, 1;
L_00000150d48dc060 .part L_00000150d487dfa0, 3, 1;
L_00000150d48daf80 .part L_00000150d487dc80, 4, 1;
L_00000150d48dabc0 .part L_00000150d487dfa0, 5, 1;
L_00000150d48db2a0 .part L_00000150d487dfa0, 0, 1;
L_00000150d48db340 .part L_00000150d487dfa0, 1, 1;
L_00000150d48db3e0 .part L_00000150d487dc80, 2, 1;
L_00000150d48db5c0 .part L_00000150d487dfa0, 3, 1;
L_00000150d48db660 .part L_00000150d487dc80, 4, 1;
L_00000150d48dbde0 .part L_00000150d487dfa0, 5, 1;
L_00000150d48dbd40 .part L_00000150d487dc80, 0, 1;
L_00000150d48db700 .part L_00000150d487dc80, 1, 1;
L_00000150d48dbac0 .part L_00000150d487dfa0, 2, 1;
L_00000150d48dbb60 .part L_00000150d487dfa0, 3, 1;
L_00000150d48dbe80 .part L_00000150d487dc80, 4, 1;
L_00000150d48dbf20 .part L_00000150d487dfa0, 5, 1;
L_00000150d48dbfc0 .part L_00000150d487dfa0, 0, 1;
L_00000150d48dc100 .part L_00000150d487dc80, 1, 1;
L_00000150d48dc1a0 .part L_00000150d487dfa0, 2, 1;
L_00000150d48dc240 .part L_00000150d487dfa0, 3, 1;
L_00000150d48dc2e0 .part L_00000150d487dc80, 4, 1;
L_00000150d48e9fa0 .part L_00000150d487dfa0, 5, 1;
LS_00000150d48ec3e0_0_0 .concat8 [ 1 1 1 1], L_00000150d4457bc0, L_00000150d4457c30, L_00000150d4457ca0, L_00000150d4457290;
LS_00000150d48ec3e0_0_4 .concat8 [ 1 1 1 1], L_00000150d4457300, L_00000150d4457370, L_00000150d48d7e80, L_00000150d48d70f0;
LS_00000150d48ec3e0_0_8 .concat8 [ 1 1 1 1], L_00000150d48d7710, L_00000150d48d7c50, L_00000150d48d7b00, L_00000150d48d7b70;
LS_00000150d48ec3e0_0_12 .concat8 [ 1 1 1 1], L_00000150d48d76a0, L_00000150d48d72b0, L_00000150d48d7320, L_00000150d48d77f0;
LS_00000150d48ec3e0_0_16 .concat8 [ 1 1 1 1], L_00000150d48d7550, L_00000150d48d7860, L_00000150d48d7400, L_00000150d48d75c0;
LS_00000150d48ec3e0_0_20 .concat8 [ 1 1 1 1], L_00000150d48d7e10, L_00000150d48d7a90, L_00000150d48d7470, L_00000150d48d7da0;
LS_00000150d48ec3e0_0_24 .concat8 [ 1 1 1 1], L_00000150d48d79b0, L_00000150d48d7780, L_00000150d48d78d0, L_00000150d48d7390;
LS_00000150d48ec3e0_0_28 .concat8 [ 1 1 1 1], L_00000150d48d7a20, L_00000150d48d7940, L_00000150d48d7cc0, L_00000150d48d7d30;
LS_00000150d48ec3e0_0_32 .concat8 [ 1 1 1 1], L_00000150d48d7630, L_00000150d48d7be0, L_00000150d48d7ef0, L_00000150d48d74e0;
LS_00000150d48ec3e0_0_36 .concat8 [ 1 1 1 1], L_00000150d48d7f60, L_00000150d48d7fd0, L_00000150d48d7160, L_00000150d48d71d0;
LS_00000150d48ec3e0_0_40 .concat8 [ 1 1 1 1], L_00000150d48d7240, L_00000150d48e76c0, L_00000150d48e75e0, L_00000150d48e72d0;
LS_00000150d48ec3e0_0_44 .concat8 [ 1 1 0 0], L_00000150d48e7420, L_00000150d48e7180;
LS_00000150d48ec3e0_1_0 .concat8 [ 4 4 4 4], LS_00000150d48ec3e0_0_0, LS_00000150d48ec3e0_0_4, LS_00000150d48ec3e0_0_8, LS_00000150d48ec3e0_0_12;
LS_00000150d48ec3e0_1_4 .concat8 [ 4 4 4 4], LS_00000150d48ec3e0_0_16, LS_00000150d48ec3e0_0_20, LS_00000150d48ec3e0_0_24, LS_00000150d48ec3e0_0_28;
LS_00000150d48ec3e0_1_8 .concat8 [ 4 4 4 2], LS_00000150d48ec3e0_0_32, LS_00000150d48ec3e0_0_36, LS_00000150d48ec3e0_0_40, LS_00000150d48ec3e0_0_44;
L_00000150d48ec3e0 .concat8 [ 16 16 14 0], LS_00000150d48ec3e0_1_0, LS_00000150d48ec3e0_1_4, LS_00000150d48ec3e0_1_8;
L_00000150d48ea900 .part L_00000150d487dc80, 0, 1;
L_00000150d48ea180 .part L_00000150d487dfa0, 1, 1;
L_00000150d48ea4a0 .part L_00000150d487dfa0, 2, 1;
L_00000150d48ea860 .part L_00000150d487dfa0, 3, 1;
L_00000150d48ea7c0 .part L_00000150d487dc80, 4, 1;
L_00000150d48eacc0 .part L_00000150d487dfa0, 5, 1;
L_00000150d48eac20 .part L_00000150d48ec3e0, 0, 1;
L_00000150d48ea9a0 .part L_00000150d48ec3e0, 45, 1;
L_00000150d48ea220 .part L_00000150d48ec3e0, 1, 1;
L_00000150d48ea720 .part L_00000150d48ec3e0, 44, 1;
L_00000150d48ec480 .part L_00000150d48ec3e0, 3, 1;
L_00000150d48eb120 .part L_00000150d48ec3e0, 42, 1;
L_00000150d48eb3a0 .part L_00000150d48ec3e0, 7, 1;
L_00000150d48ebf80 .part L_00000150d48ec3e0, 38, 1;
L_00000150d48ec520 .part L_00000150d48ec3e0, 15, 1;
L_00000150d48eab80 .part L_00000150d48ec3e0, 30, 1;
L_00000150d48ea040 .part L_00000150d48ec3e0, 14, 1;
L_00000150d48ebda0 .part L_00000150d48ec3e0, 31, 1;
L_00000150d48eafe0 .part L_00000150d48ec3e0, 16, 1;
L_00000150d48eaa40 .part L_00000150d48ec3e0, 29, 1;
L_00000150d48ead60 .part L_00000150d48ec3e0, 12, 1;
L_00000150d48eae00 .part L_00000150d48ec3e0, 33, 1;
L_00000150d48ea2c0 .part L_00000150d48ec3e0, 20, 1;
L_00000150d48eaae0 .part L_00000150d48ec3e0, 25, 1;
L_00000150d48eaea0 .part L_00000150d48ec3e0, 4, 1;
L_00000150d48eb9e0 .part L_00000150d48ec3e0, 41, 1;
L_00000150d48eaf40 .part L_00000150d48ec3e0, 9, 1;
L_00000150d48ea360 .part L_00000150d48ec3e0, 36, 1;
L_00000150d48e9dc0 .part L_00000150d48ec3e0, 19, 1;
L_00000150d48eb080 .part L_00000150d48ec3e0, 26, 1;
L_00000150d48eb1c0 .part L_00000150d48ec3e0, 6, 1;
L_00000150d48eb260 .part L_00000150d48ec3e0, 39, 1;
L_00000150d48ea400 .part L_00000150d48ec3e0, 13, 1;
L_00000150d48ebd00 .part L_00000150d48ec3e0, 32, 1;
L_00000150d48e9e60 .part L_00000150d48ec3e0, 18, 1;
L_00000150d48eb800 .part L_00000150d48ec3e0, 27, 1;
L_00000150d48eb440 .part L_00000150d48ec3e0, 8, 1;
L_00000150d48eb8a0 .part L_00000150d48ec3e0, 37, 1;
L_00000150d48ea540 .part L_00000150d48ec3e0, 17, 1;
L_00000150d48eb580 .part L_00000150d48ec3e0, 28, 1;
L_00000150d48ec020 .part L_00000150d48ec3e0, 10, 1;
L_00000150d48eb300 .part L_00000150d48ec3e0, 35, 1;
L_00000150d48ebee0 .part L_00000150d48ec3e0, 21, 1;
L_00000150d48ec0c0 .part L_00000150d48ec3e0, 24, 1;
L_00000150d48ea5e0 .part L_00000150d48ec3e0, 2, 1;
L_00000150d48eb6c0 .part L_00000150d48ec3e0, 43, 1;
L_00000150d48ea680 .part L_00000150d48ec3e0, 5, 1;
L_00000150d48eb4e0 .part L_00000150d48ec3e0, 40, 1;
L_00000150d48eb940 .part L_00000150d48ec3e0, 11, 1;
L_00000150d48ea0e0 .part L_00000150d48ec3e0, 34, 1;
LS_00000150d48eb620_0_0 .concat8 [ 1 1 1 1], L_00000150d48e7650, L_00000150d48e7810, L_00000150d48e77a0, L_00000150d48e7c70;
LS_00000150d48eb620_0_4 .concat8 [ 1 1 1 1], L_00000150d48e7960, L_00000150d48e7ab0, L_00000150d48e7030, L_00000150d48e70a0;
LS_00000150d48eb620_0_8 .concat8 [ 1 1 1 1], L_00000150d48e7730, L_00000150d48e7b20, L_00000150d48e7110, L_00000150d48e71f0;
LS_00000150d48eb620_0_12 .concat8 [ 1 1 1 1], L_00000150d48e6e70, L_00000150d48e7880, L_00000150d48e6e00, L_00000150d48e6d90;
LS_00000150d48eb620_0_16 .concat8 [ 1 1 1 1], L_00000150d48e7b90, L_00000150d48e6ee0, L_00000150d48e6f50, L_00000150d48e6fc0;
LS_00000150d48eb620_0_20 .concat8 [ 1 1 1 0], L_00000150d48e7340, L_00000150d48e73b0, L_00000150d48e7c00;
LS_00000150d48eb620_1_0 .concat8 [ 4 4 4 4], LS_00000150d48eb620_0_0, LS_00000150d48eb620_0_4, LS_00000150d48eb620_0_8, LS_00000150d48eb620_0_12;
LS_00000150d48eb620_1_4 .concat8 [ 4 3 0 0], LS_00000150d48eb620_0_16, LS_00000150d48eb620_0_20;
L_00000150d48eb620 .concat8 [ 16 7 0 0], LS_00000150d48eb620_1_0, LS_00000150d48eb620_1_4;
L_00000150d48ebe40 .part L_00000150d48ec3e0, 22, 1;
L_00000150d48eb760 .part L_00000150d48ec3e0, 23, 1;
L_00000150d48ec160 .part L_00000150d48eb620, 0, 1;
L_00000150d48eba80 .part v00000150d487d820_0, 0, 1;
L_00000150d48ebb20 .part L_00000150d48eb620, 1, 1;
L_00000150d48ec200 .part v00000150d487d820_0, 1, 1;
L_00000150d48ebbc0 .part L_00000150d48eb620, 2, 1;
L_00000150d48ec2a0 .part v00000150d487d820_0, 2, 1;
L_00000150d48ebc60 .part L_00000150d48eb620, 3, 1;
L_00000150d48ec340 .part v00000150d487d820_0, 3, 1;
L_00000150d48e9f00 .part L_00000150d48eb620, 4, 1;
L_00000150d48ed600 .part v00000150d487d820_0, 4, 1;
L_00000150d48edce0 .part L_00000150d48eb620, 5, 1;
L_00000150d48ed240 .part v00000150d487d820_0, 5, 1;
L_00000150d48ecd40 .part L_00000150d48eb620, 6, 1;
L_00000150d48ecac0 .part v00000150d487d820_0, 6, 1;
L_00000150d48ecfc0 .part L_00000150d48eb620, 7, 1;
L_00000150d48ee500 .part v00000150d487d820_0, 7, 1;
L_00000150d48ed2e0 .part L_00000150d48eb620, 8, 1;
L_00000150d48eca20 .part v00000150d487d820_0, 8, 1;
L_00000150d48ed060 .part L_00000150d48eb620, 9, 1;
L_00000150d48ed4c0 .part v00000150d487d820_0, 9, 1;
L_00000150d48ed420 .part L_00000150d48eb620, 10, 1;
L_00000150d48ed100 .part v00000150d487d820_0, 10, 1;
L_00000150d48ee460 .part L_00000150d48eb620, 11, 1;
L_00000150d48ed6a0 .part v00000150d487d820_0, 11, 1;
L_00000150d48ed560 .part L_00000150d48eb620, 12, 1;
L_00000150d48ece80 .part v00000150d487d820_0, 12, 1;
L_00000150d48ecb60 .part L_00000150d48eb620, 13, 1;
L_00000150d48edba0 .part v00000150d487d820_0, 13, 1;
L_00000150d48ecc00 .part L_00000150d48eb620, 14, 1;
L_00000150d48ecca0 .part v00000150d487d820_0, 14, 1;
L_00000150d48ed380 .part L_00000150d48eb620, 15, 1;
L_00000150d48ee820 .part v00000150d487d820_0, 15, 1;
L_00000150d48ed9c0 .part L_00000150d48eb620, 16, 1;
L_00000150d48ee6e0 .part v00000150d487d820_0, 16, 1;
L_00000150d48eeb40 .part L_00000150d48eb620, 17, 1;
L_00000150d48ecde0 .part v00000150d487d820_0, 17, 1;
L_00000150d48ecf20 .part L_00000150d48eb620, 18, 1;
L_00000150d48ed1a0 .part v00000150d487d820_0, 18, 1;
L_00000150d48ed740 .part L_00000150d48eb620, 19, 1;
L_00000150d48ee0a0 .part v00000150d487d820_0, 19, 1;
L_00000150d48ec840 .part L_00000150d48eb620, 20, 1;
L_00000150d48eebe0 .part v00000150d487d820_0, 20, 1;
L_00000150d48ee140 .part L_00000150d48eb620, 21, 1;
L_00000150d48edd80 .part v00000150d487d820_0, 21, 1;
LS_00000150d48eda60_0_0 .concat8 [ 1 1 1 1], L_00000150d48e78f0, L_00000150d48e7260, L_00000150d48e79d0, L_00000150d48e7a40;
LS_00000150d48eda60_0_4 .concat8 [ 1 1 1 1], L_00000150d48e7490, L_00000150d48e7500, L_00000150d48e7570, L_00000150d48fd350;
LS_00000150d48eda60_0_8 .concat8 [ 1 1 1 1], L_00000150d48fdac0, L_00000150d48fd270, L_00000150d48fd660, L_00000150d48fd120;
LS_00000150d48eda60_0_12 .concat8 [ 1 1 1 1], L_00000150d48fd190, L_00000150d48fd820, L_00000150d48fd200, L_00000150d48fda50;
LS_00000150d48eda60_0_16 .concat8 [ 1 1 1 1], L_00000150d48fd3c0, L_00000150d48fdb30, L_00000150d48fd740, L_00000150d48fd4a0;
LS_00000150d48eda60_0_20 .concat8 [ 1 1 1 0], L_00000150d48fd2e0, L_00000150d48fd510, L_00000150d48fd430;
LS_00000150d48eda60_1_0 .concat8 [ 4 4 4 4], LS_00000150d48eda60_0_0, LS_00000150d48eda60_0_4, LS_00000150d48eda60_0_8, LS_00000150d48eda60_0_12;
LS_00000150d48eda60_1_4 .concat8 [ 4 3 0 0], LS_00000150d48eda60_0_16, LS_00000150d48eda60_0_20;
L_00000150d48eda60 .concat8 [ 16 7 0 0], LS_00000150d48eda60_1_0, LS_00000150d48eda60_1_4;
L_00000150d48ec700 .part L_00000150d48eb620, 22, 1;
L_00000150d48ed7e0 .part v00000150d487d820_0, 22, 1;
L_00000150d48ed880 .concat [ 23 9 0 0], L_00000150d48eda60, L_00000150d487f118;
L_00000150d48ed920 .arith/div 32, L_00000150d48ed880, L_00000150d487f160;
L_00000150d48edb00 .part L_00000150d48ed920, 0, 17;
    .scope S_00000150d43d8b70;
T_0 ;
    %vpi_call 2 11 "$dumpfile", "./files/BER_20221007_1022/A47N1213.vcd" {0 0 0};
    %vpi_call 2 12 "$dumpvars", 32'sb00000000000000000000000000000000, S_00000150d43d8b70 {0 0 0};
    %pushi/vec4 57015, 0, 23;
    %store/vec4 v00000150d487d820_0, 0, 23;
    %delay 10, 0;
    %pushi/vec4 57019, 0, 23;
    %store/vec4 v00000150d487d820_0, 0, 23;
    %delay 10, 0;
    %pushi/vec4 57075, 0, 23;
    %store/vec4 v00000150d487d820_0, 0, 23;
    %delay 10, 0;
    %pushi/vec4 57267, 0, 23;
    %store/vec4 v00000150d487d820_0, 0, 23;
    %delay 10, 0;
    %pushi/vec4 65203, 0, 23;
    %store/vec4 v00000150d487d820_0, 0, 23;
    %delay 10, 0;
    %pushi/vec4 122547, 0, 23;
    %store/vec4 v00000150d487d820_0, 0, 23;
    %delay 10, 0;
    %pushi/vec4 188083, 0, 23;
    %store/vec4 v00000150d487d820_0, 0, 23;
    %delay 10, 0;
    %pushi/vec4 319155, 0, 23;
    %store/vec4 v00000150d487d820_0, 0, 23;
    %delay 10, 0;
    %pushi/vec4 581299, 0, 23;
    %store/vec4 v00000150d487d820_0, 0, 23;
    %delay 10, 0;
    %pushi/vec4 1105587, 0, 23;
    %store/vec4 v00000150d487d820_0, 0, 23;
    %delay 10, 0;
    %pushi/vec4 2154163, 0, 23;
    %store/vec4 v00000150d487d820_0, 0, 23;
    %delay 10, 0;
    %pushi/vec4 4251315, 0, 23;
    %store/vec4 v00000150d487d820_0, 0, 23;
    %delay 10, 0;
    %pushi/vec4 57010, 0, 23;
    %store/vec4 v00000150d487d820_0, 0, 23;
    %delay 10, 0;
    %pushi/vec4 57009, 0, 23;
    %store/vec4 v00000150d487d820_0, 0, 23;
    %delay 10, 0;
    %pushi/vec4 56995, 0, 23;
    %store/vec4 v00000150d487d820_0, 0, 23;
    %delay 10, 0;
    %pushi/vec4 56979, 0, 23;
    %store/vec4 v00000150d487d820_0, 0, 23;
    %delay 10, 0;
    %pushi/vec4 56883, 0, 23;
    %store/vec4 v00000150d487d820_0, 0, 23;
    %delay 10, 0;
    %pushi/vec4 56499, 0, 23;
    %store/vec4 v00000150d487d820_0, 0, 23;
    %delay 10, 0;
    %pushi/vec4 55987, 0, 23;
    %store/vec4 v00000150d487d820_0, 0, 23;
    %delay 10, 0;
    %pushi/vec4 54963, 0, 23;
    %store/vec4 v00000150d487d820_0, 0, 23;
    %delay 10, 0;
    %pushi/vec4 52915, 0, 23;
    %store/vec4 v00000150d487d820_0, 0, 23;
    %delay 10, 0;
    %pushi/vec4 40627, 0, 23;
    %store/vec4 v00000150d487d820_0, 0, 23;
    %delay 10, 0;
    %pushi/vec4 24243, 0, 23;
    %store/vec4 v00000150d487d820_0, 0, 23;
    %delay 10, 0;
    %vpi_call 2 37 "$finish" {0 0 0};
    %end;
    .thread T_0;
# The file index is used to find the file name in the following table.
:file_names 4;
    "N/A";
    "<interactive>";
    "./files/BER_20221007_1022/ANdecoder_BER_47_tb_for_N_1213.v";
    "./files/BER_20221007_1022/ANdecoder_BER_47_for_N_1213.v";
